BSS e0:06:e6:1d:2e:a1(on wlan0)
	TSF: 2235260060859 usec (25d, 20:54:20)
	freq: 2412
	beacon interval: 100 TUs
	capability: ESS Privacy ShortSlotTime (0x0411)
	signal: -76.00 dBm
	last seen: 0 ms ago
	SSID: DDW361131
	Supported rates: 1.0* 2.0* 5.5* 11.0* 18.0 24.0 36.0 54.0 
	DS Parameter set: channel 1
	ERP: <no flags>
	ERP D4.0: <no flags>
	Extended supported rates: 6.0 9.0 12.0 48.0 
	HT capabilities:
		Capabilities: 0x187c
			HT20
			SM Power Save disabled
			RX Greenfield
			RX HT20 SGI
			RX HT40 SGI
			No RX STBC
			Max AMSDU length: 7935 bytes
			DSSS/CCK HT40
		Maximum RX AMPDU length 65535 bytes (exponent: 0x003)
		Minimum RX AMPDU time spacing: 8 usec (0x06)
		HT RX MCS rate indexes supported: 0-15
		HT TX MCS rate indexes are undefined
	HT operation:
		 * primary channel: 1
		 * secondary channel offset: no secondary
		 * STA channel width: 20 MHz
		 * RIFS: 1
		 * HT protection: no
		 * non-GF present: 0
		 * OBSS non-GF present: 0
		 * dual beacon: 0
		 * dual CTS protection: 0
		 * STBC beacon: 0
		 * L-SIG TXOP Prot: 0
		 * PCO active: 0
		 * PCO phase: 0
	WPA:	 * Version: 1
		 * Group cipher: TKIP
		 * Pairwise ciphers: CCMP TKIP
		 * Authentication suites: PSK
		 * Capabilities: 16-PTKSA-RC (0x000c)
	WMM:	 * Parameter version 1
		 * u-APSD
		 * BE: CW 15-1023, AIFSN 3
		 * BK: CW 15-1023, AIFSN 7
		 * VI: CW 7-15, AIFSN 2, TXOP 3008 usec
		 * VO: CW 3-7, AIFSN 2, TXOP 1504 usec
BSS 20:e5:2a:82:be:f0(on wlan0)
	TSF: 1332108687519 usec (15d, 10:01:48)
	freq: 2412
	beacon interval: 100 TUs
	capability: ESS Privacy ShortPreamble ShortSlotTime (0x0431)
	signal: -83.00 dBm
	last seen: 0 ms ago
	Information elements from Probe Response frame:
	SSID: MightyOrbots
	Supported rates: 1.0* 2.0* 5.5* 11.0* 6.0 9.0 12.0 18.0 
	DS Parameter set: channel 1
	ERP: <no flags>
	RSN:	 * Version: 1
		 * Group cipher: TKIP
		 * Pairwise ciphers: CCMP TKIP
		 * Authentication suites: PSK
		 * Capabilities: (0x0000)
	Extended supported rates: 24.0 36.0 48.0 54.0 
	HT capabilities:
		Capabilities: 0x1ac
			HT20
			SM Power Save disabled
			RX HT20 SGI
			TX STBC
			RX STBC 1-stream
			Max AMSDU length: 3839 bytes
			No DSSS/CCK HT40
		Maximum RX AMPDU length 65535 bytes (exponent: 0x003)
		Minimum RX AMPDU time spacing: 8 usec (0x06)
		HT RX MCS rate indexes supported: 0-14
		HT TX MCS rate indexes are undefined
	HT operation:
		 * primary channel: 1
		 * secondary channel offset: no secondary
		 * STA channel width: 20 MHz
		 * RIFS: 1
		 * HT protection: no
		 * non-GF present: 0
		 * OBSS non-GF present: 0
		 * dual beacon: 0
		 * dual CTS protection: 0
		 * STBC beacon: 0
		 * L-SIG TXOP Prot: 0
		 * PCO active: 0
		 * PCO phase: 0
	Overlapping BSS scan params:
		 * passive dwell: 20 TUs
		 * active dwell: 10 TUs
		 * channel width trigger scan interval: 300 s
		 * scan passive total per channel: 200 TUs
		 * scan active total per channel: 20 TUs
		 * BSS width channel transition delay factor: 5
		 * OBSS Scan Activity Threshold: 0.25 %
	Extended capabilities: HT Information Exchange Supported
	WPA:	 * Version: 1
		 * Group cipher: TKIP
		 * Pairwise ciphers: CCMP TKIP
		 * Authentication suites: PSK
	WMM:	 * Parameter version 1
		 * BE: CW 15-1023, AIFSN 3
		 * BK: CW 15-1023, AIFSN 7
		 * VI: CW 7-15, AIFSN 2, TXOP 3008 usec
		 * VO: CW 3-7, AIFSN 2, TXOP 1504 usec
BSS 40:b7:f3:e5:e5:a0(on wlan0)
	TSF: 152358900453 usec (1d, 18:19:18)
	freq: 2437
	beacon interval: 100 TUs
	capability: ESS Privacy ShortSlotTime (0x0411)
	signal: -67.00 dBm
	last seen: 0 ms ago
	SSID: ATT848
	Supported rates: 1.0* 2.0* 5.5* 11.0* 18.0 24.0 36.0 54.0 
	DS Parameter set: channel 6
	ERP: <no flags>
	ERP D4.0: <no flags>
	RSN:	 * Version: 1
		 * Group cipher: TKIP
		 * Pairwise ciphers: CCMP TKIP
		 * Authentication suites: PSK
		 * Capabilities: 16-PTKSA-RC (0x000c)
	Extended supported rates: 6.0 9.0 12.0 48.0 
	HT capabilities:
		Capabilities: 0x187c
			HT20
			SM Power Save disabled
			RX Greenfield
			RX HT20 SGI
			RX HT40 SGI
			No RX STBC
			Max AMSDU length: 7935 bytes
			DSSS/CCK HT40
		Maximum RX AMPDU length 65535 bytes (exponent: 0x003)
		Minimum RX AMPDU time spacing: 8 usec (0x06)
		HT RX MCS rate indexes supported: 0-15
		HT TX MCS rate indexes are undefined
	HT operation:
		 * primary channel: 6
		 * secondary channel offset: no secondary
		 * STA channel width: 20 MHz
		 * RIFS: 1
		 * HT protection: no
		 * non-GF present: 0
		 * OBSS non-GF present: 0
		 * dual beacon: 0
		 * dual CTS protection: 0
		 * STBC beacon: 0
		 * L-SIG TXOP Prot: 0
		 * PCO active: 0
		 * PCO phase: 0
	Overlapping BSS scan params:
		 * passive dwell: 20 TUs
		 * active dwell: 10 TUs
		 * channel width trigger scan interval: 300 s
		 * scan passive total per channel: 200 TUs
		 * scan active total per channel: 20 TUs
		 * BSS width channel transition delay factor: 5
		 * OBSS Scan Activity Threshold: 0.25 %
	Extended capabilities: HT Information Exchange Supported
	WPA:	 * Version: 1
		 * Group cipher: TKIP
		 * Pairwise ciphers: CCMP TKIP
		 * Authentication suites: PSK
		 * Capabilities: 16-PTKSA-RC (0x000c)
	WMM:	 * Parameter version 1
		 * u-APSD
		 * BE: CW 15-1023, AIFSN 3
		 * BK: CW 15-1023, AIFSN 7
		 * VI: CW 7-15, AIFSN 2, TXOP 3008 usec
		 * VO: CW 3-7, AIFSN 2, TXOP 1504 usec
BSS e0:06:e6:1d:2e:a1(on wlan0)
	TSF: 2235262979008 usec (25d, 20:54:22)
	freq: 2412
	beacon interval: 100 TUs
	capability: ESS Privacy ShortSlotTime (0x0411)
	signal: -65.00 dBm
	last seen: 0 ms ago
	Information elements from Probe Response frame:
	SSID: DDW361131
	Supported rates: 1.0* 2.0* 5.5* 11.0* 18.0 24.0 36.0 54.0 
	DS Parameter set: channel 1
	ERP: <no flags>
	ERP D4.0: <no flags>
	Extended supported rates: 6.0 9.0 12.0 48.0 
	HT capabilities:
		Capabilities: 0x187c
			HT20
			SM Power Save disabled
			RX Greenfield
			RX HT20 SGI
			RX HT40 SGI
			No RX STBC
			Max AMSDU length: 7935 bytes
			DSSS/CCK HT40
		Maximum RX AMPDU length 65535 bytes (exponent: 0x003)
		Minimum RX AMPDU time spacing: 8 usec (0x06)
		HT RX MCS rate indexes supported: 0-15
		HT TX MCS rate indexes are undefined
	HT operation:
		 * primary channel: 1
		 * secondary channel offset: no secondary
		 * STA channel width: 20 MHz
		 * RIFS: 1
		 * HT protection: no
		 * non-GF present: 0
		 * OBSS non-GF present: 0
		 * dual beacon: 0
		 * dual CTS protection: 0
		 * STBC beacon: 0
		 * L-SIG TXOP Prot: 0
		 * PCO active: 0
		 * PCO phase: 0
	WPA:	 * Version: 1
		 * Group cipher: TKIP
		 * Pairwise ciphers: CCMP TKIP
		 * Authentication suites: PSK
		 * Capabilities: 16-PTKSA-RC (0x000c)
	WMM:	 * Parameter version 1
		 * u-APSD
		 * BE: CW 15-1023, AIFSN 3
		 * BK: CW 15-1023, AIFSN 7
		 * VI: CW 7-15, AIFSN 2, TXOP 3008 usec
		 * VO: CW 3-7, AIFSN 2, TXOP 1504 usec
BSS 20:e5:2a:82:be:f0(on wlan0)
	TSF: 1332111630173 usec (15d, 10:01:51)
	freq: 2412
	beacon interval: 100 TUs
	capability: ESS Privacy ShortPreamble ShortSlotTime (0x0431)
	signal: -76.00 dBm
	last seen: 0 ms ago
	Information elements from Probe Response frame:
	SSID: MightyOrbots
	Supported rates: 1.0* 2.0* 5.5* 11.0* 6.0 9.0 12.0 18.0 
	DS Parameter set: channel 1
	ERP: <no flags>
	RSN:	 * Version: 1
		 * Group cipher: TKIP
		 * Pairwise ciphers: CCMP TKIP
		 * Authentication suites: PSK
		 * Capabilities: (0x0000)
	Extended supported rates: 24.0 36.0 48.0 54.0 
	HT capabilities:
		Capabilities: 0x1ac
			HT20
			SM Power Save disabled
			RX HT20 SGI
			TX STBC
			RX STBC 1-stream
			Max AMSDU length: 3839 bytes
			No DSSS/CCK HT40
		Maximum RX AMPDU length 65535 bytes (exponent: 0x003)
		Minimum RX AMPDU time spacing: 8 usec (0x06)
		HT RX MCS rate indexes supported: 0-14
		HT TX MCS rate indexes are undefined
	HT operation:
		 * primary channel: 1
		 * secondary channel offset: no secondary
		 * STA channel width: 20 MHz
		 * RIFS: 1
		 * HT protection: no
		 * non-GF present: 0
		 * OBSS non-GF present: 0
		 * dual beacon: 0
		 * dual CTS protection: 0
		 * STBC beacon: 0
		 * L-SIG TXOP Prot: 0
		 * PCO active: 0
		 * PCO phase: 0
	Overlapping BSS scan params:
		 * passive dwell: 20 TUs
		 * active dwell: 10 TUs
		 * channel width trigger scan interval: 300 s
		 * scan passive total per channel: 200 TUs
		 * scan active total per channel: 20 TUs
		 * BSS width channel transition delay factor: 5
		 * OBSS Scan Activity Threshold: 0.25 %
	Extended capabilities: HT Information Exchange Supported
	WPA:	 * Version: 1
		 * Group cipher: TKIP
		 * Pairwise ciphers: CCMP TKIP
		 * Authentication suites: PSK
	WMM:	 * Parameter version 1
		 * BE: CW 15-1023, AIFSN 3
		 * BK: CW 15-1023, AIFSN 7
		 * VI: CW 7-15, AIFSN 2, TXOP 3008 usec
		 * VO: CW 3-7, AIFSN 2, TXOP 1504 usec
BSS 40:b7:f3:e5:e5:a0(on wlan0)
	TSF: 152361782914 usec (1d, 18:19:21)
	freq: 2437
	beacon interval: 100 TUs
	capability: ESS Privacy ShortSlotTime (0x0411)
	signal: -68.00 dBm
	last seen: 0 ms ago
	SSID: ATT848
	Supported rates: 1.0* 2.0* 5.5* 11.0* 18.0 24.0 36.0 54.0 
	DS Parameter set: channel 6
	ERP: <no flags>
	ERP D4.0: <no flags>
	RSN:	 * Version: 1
		 * Group cipher: TKIP
		 * Pairwise ciphers: CCMP TKIP
		 * Authentication suites: PSK
		 * Capabilities: 16-PTKSA-RC (0x000c)
	Extended supported rates: 6.0 9.0 12.0 48.0 
	HT capabilities:
		Capabilities: 0x187c
			HT20
			SM Power Save disabled
			RX Greenfield
			RX HT20 SGI
			RX HT40 SGI
			No RX STBC
			Max AMSDU length: 7935 bytes
			DSSS/CCK HT40
		Maximum RX AMPDU length 65535 bytes (exponent: 0x003)
		Minimum RX AMPDU time spacing: 8 usec (0x06)
		HT RX MCS rate indexes supported: 0-15
		HT TX MCS rate indexes are undefined
	HT operation:
		 * primary channel: 6
		 * secondary channel offset: no secondary
		 * STA channel width: 20 MHz
		 * RIFS: 1
		 * HT protection: no
		 * non-GF present: 0
		 * OBSS non-GF present: 0
		 * dual beacon: 0
		 * dual CTS protection: 0
		 * STBC beacon: 0
		 * L-SIG TXOP Prot: 0
		 * PCO active: 0
		 * PCO phase: 0
	Overlapping BSS scan params:
		 * passive dwell: 20 TUs
		 * active dwell: 10 TUs
		 * channel width trigger scan interval: 300 s
		 * scan passive total per channel: 200 TUs
		 * scan active total per channel: 20 TUs
		 * BSS width channel transition delay factor: 5
		 * OBSS Scan Activity Threshold: 0.25 %
	Extended capabilities: HT Information Exchange Supported
	WPA:	 * Version: 1
		 * Group cipher: TKIP
		 * Pairwise ciphers: CCMP TKIP
		 * Authentication suites: PSK
		 * Capabilities: 16-PTKSA-RC (0x000c)
	WMM:	 * Parameter version 1
		 * u-APSD
		 * BE: CW 15-1023, AIFSN 3
		 * BK: CW 15-1023, AIFSN 7
		 * VI: CW 7-15, AIFSN 2, TXOP 3008 usec
		 * VO: CW 3-7, AIFSN 2, TXOP 1504 usec
BSS 00:24:01:f6:58:48(on wlan0)
	TSF: 48079353 usec (0d, 00:00:48)
	freq: 2462
	beacon interval: 100 TUs
	capability: ESS Privacy ShortPreamble ShortSlotTime (0x0431)
	signal: -84.00 dBm
	last seen: 0 ms ago
	SSID: dlink
	Supported rates: 1.0* 2.0* 5.5* 11.0* 6.0 9.0 12.0 18.0 
	DS Parameter set: channel 11
	Country: US	Environment: Indoor/Outdoor
		Channels [1 - 11] @ 27 dBm
	Power constraint: 0 dB
	ERP: <no flags>
	Extended supported rates: 24.0 36.0 48.0 54.0 
	WMM:	 * Parameter version 1
		 * BE: CW 15-1023, AIFSN 3
		 * BK: CW 15-1023, AIFSN 7
		 * VI: CW 7-15, AIFSN 2, TXOP 3008 usec
		 * VO: CW 3-7, AIFSN 2, TXOP 1504 usec
	HT capabilities:
		Capabilities: 0x104c
			HT20
			SM Power Save disabled
			RX HT40 SGI
			No RX STBC
			Max AMSDU length: 3839 bytes
			DSSS/CCK HT40
		Maximum RX AMPDU length 65535 bytes (exponent: 0x003)
		Minimum RX AMPDU time spacing: 8 usec (0x06)
		HT RX MCS rate indexes supported: 0-15
		HT TX MCS rate indexes are undefined
	HT operation:
		 * primary channel: 11
		 * secondary channel offset: no secondary
		 * STA channel width: 20 MHz
		 * RIFS: 0
		 * HT protection: non-HT mixed
		 * non-GF present: 0
		 * OBSS non-GF present: 1
		 * dual beacon: 0
		 * dual CTS protection: 0
		 * STBC beacon: 0
		 * L-SIG TXOP Prot: 0
		 * PCO active: 0
		 * PCO phase: 0
	WPS:	 * Version: 1.0
		 * Wi-Fi Protected Setup State: 2 (Configured)
		 * Selected Registrar: 0x0
		 * Response Type: 3 (AP)
		 * UUID: 565aa949-67c1-4c0e-aa8f-f349e6f59311
		 * Manufacturer: D-Link
		 * Model: D-Link Router
		 * Model Number: DIR-615
		 * Serial Number: none
		 * Primary Device Type: 6-0050f204-1
		 * Device name: D-Link
		 * Config methods: Label, PBC
		 * RF Bands: 0x1
BSS e0:06:e6:1d:2e:a1(on wlan0)
	TSF: 2235265870317 usec (25d, 20:54:25)
	freq: 2412
	beacon interval: 100 TUs
	capability: ESS Privacy ShortSlotTime (0x0411)
	signal: -71.00 dBm
	last seen: 3 ms ago
	Information elements from Probe Response frame:
	SSID: DDW361131
	Supported rates: 1.0* 2.0* 5.5* 11.0* 18.0 24.0 36.0 54.0 
	DS Parameter set: channel 1
	ERP: <no flags>
	ERP D4.0: <no flags>
	Extended supported rates: 6.0 9.0 12.0 48.0 
	HT capabilities:
		Capabilities: 0x187c
			HT20
			SM Power Save disabled
			RX Greenfield
			RX HT20 SGI
			RX HT40 SGI
			No RX STBC
			Max AMSDU length: 7935 bytes
			DSSS/CCK HT40
		Maximum RX AMPDU length 65535 bytes (exponent: 0x003)
		Minimum RX AMPDU time spacing: 8 usec (0x06)
		HT RX MCS rate indexes supported: 0-15
		HT TX MCS rate indexes are undefined
	HT operation:
		 * primary channel: 1
		 * secondary channel offset: no secondary
		 * STA channel width: 20 MHz
		 * RIFS: 1
		 * HT protection: no
		 * non-GF present: 0
		 * OBSS non-GF present: 0
		 * dual beacon: 0
		 * dual CTS protection: 0
		 * STBC beacon: 0
		 * L-SIG TXOP Prot: 0
		 * PCO active: 0
		 * PCO phase: 0
	WPA:	 * Version: 1
		 * Group cipher: TKIP
		 * Pairwise ciphers: CCMP TKIP
		 * Authentication suites: PSK
		 * Capabilities: 16-PTKSA-RC (0x000c)
	WMM:	 * Parameter version 1
		 * u-APSD
		 * BE: CW 15-1023, AIFSN 3
		 * BK: CW 15-1023, AIFSN 7
		 * VI: CW 7-15, AIFSN 2, TXOP 3008 usec
		 * VO: CW 3-7, AIFSN 2, TXOP 1504 usec
BSS 20:e5:2a:82:be:f0(on wlan0)
	TSF: 1332114523828 usec (15d, 10:01:54)
	freq: 2412
	beacon interval: 100 TUs
	capability: ESS Privacy ShortPreamble ShortSlotTime (0x0431)
	signal: -75.00 dBm
	last seen: 3 ms ago
	Information elements from Probe Response frame:
	SSID: MightyOrbots
	Supported rates: 1.0* 2.0* 5.5* 11.0* 6.0 9.0 12.0 18.0 
	DS Parameter set: channel 1
	ERP: <no flags>
	RSN:	 * Version: 1
		 * Group cipher: TKIP
		 * Pairwise ciphers: CCMP TKIP
		 * Authentication suites: PSK
		 * Capabilities: (0x0000)
	Extended supported rates: 24.0 36.0 48.0 54.0 
	HT capabilities:
		Capabilities: 0x1ac
			HT20
			SM Power Save disabled
			RX HT20 SGI
			TX STBC
			RX STBC 1-stream
			Max AMSDU length: 3839 bytes
			No DSSS/CCK HT40
		Maximum RX AMPDU length 65535 bytes (exponent: 0x003)
		Minimum RX AMPDU time spacing: 8 usec (0x06)
		HT RX MCS rate indexes supported: 0-14
		HT TX MCS rate indexes are undefined
	HT operation:
		 * primary channel: 1
		 * secondary channel offset: no secondary
		 * STA channel width: 20 MHz
		 * RIFS: 1
		 * HT protection: no
		 * non-GF present: 0
		 * OBSS non-GF present: 0
		 * dual beacon: 0
		 * dual CTS protection: 0
		 * STBC beacon: 0
		 * L-SIG TXOP Prot: 0
		 * PCO active: 0
		 * PCO phase: 0
	Overlapping BSS scan params:
		 * passive dwell: 20 TUs
		 * active dwell: 10 TUs
		 * channel width trigger scan interval: 300 s
		 * scan passive total per channel: 200 TUs
		 * scan active total per channel: 20 TUs
		 * BSS width channel transition delay factor: 5
		 * OBSS Scan Activity Threshold: 0.25 %
	Extended capabilities: HT Information Exchange Supported
	WPA:	 * Version: 1
		 * Group cipher: TKIP
		 * Pairwise ciphers: CCMP TKIP
		 * Authentication suites: PSK
	WMM:	 * Parameter version 1
		 * BE: CW 15-1023, AIFSN 3
		 * BK: CW 15-1023, AIFSN 7
		 * VI: CW 7-15, AIFSN 2, TXOP 3008 usec
		 * VO: CW 3-7, AIFSN 2, TXOP 1504 usec
BSS 40:b7:f3:e5:e5:a0(on wlan0)
	TSF: 152364729445 usec (1d, 18:19:24)
	freq: 2437
	beacon interval: 100 TUs
	capability: ESS Privacy ShortSlotTime (0x0411)
	signal: -68.00 dBm
	last seen: 3 ms ago
	Information elements from Probe Response frame:
	SSID: ATT848
	Supported rates: 1.0* 2.0* 5.5* 11.0* 18.0 24.0 36.0 54.0 
	DS Parameter set: channel 6
	ERP: <no flags>
	ERP D4.0: <no flags>
	RSN:	 * Version: 1
		 * Group cipher: TKIP
		 * Pairwise ciphers: CCMP TKIP
		 * Authentication suites: PSK
		 * Capabilities: 16-PTKSA-RC (0x000c)
	Extended supported rates: 6.0 9.0 12.0 48.0 
	HT capabilities:
		Capabilities: 0x187c
			HT20
			SM Power Save disabled
			RX Greenfield
			RX HT20 SGI
			RX HT40 SGI
			No RX STBC
			Max AMSDU length: 7935 bytes
			DSSS/CCK HT40
		Maximum RX AMPDU length 65535 bytes (exponent: 0x003)
		Minimum RX AMPDU time spacing: 8 usec (0x06)
		HT RX MCS rate indexes supported: 0-15
		HT TX MCS rate indexes are undefined
	HT operation:
		 * primary channel: 6
		 * secondary channel offset: no secondary
		 * STA channel width: 20 MHz
		 * RIFS: 1
		 * HT protection: no
		 * non-GF present: 0
		 * OBSS non-GF present: 0
		 * dual beacon: 0
		 * dual CTS protection: 0
		 * STBC beacon: 0
		 * L-SIG TXOP Prot: 0
		 * PCO active: 0
		 * PCO phase: 0
	Overlapping BSS scan params:
		 * passive dwell: 20 TUs
		 * active dwell: 10 TUs
		 * channel width trigger scan interval: 300 s
		 * scan passive total per channel: 200 TUs
		 * scan active total per channel: 20 TUs
		 * BSS width channel transition delay factor: 5
		 * OBSS Scan Activity Threshold: 0.25 %
	Extended capabilities: HT Information Exchange Supported
	WPA:	 * Version: 1
		 * Group cipher: TKIP
		 * Pairwise ciphers: CCMP TKIP
		 * Authentication suites: PSK
		 * Capabilities: 16-PTKSA-RC (0x000c)
	WMM:	 * Parameter version 1
		 * u-APSD
		 * BE: CW 15-1023, AIFSN 3
		 * BK: CW 15-1023, AIFSN 7
		 * VI: CW 7-15, AIFSN 2, TXOP 3008 usec
		 * VO: CW 3-7, AIFSN 2, TXOP 1504 usec
BSS 00:24:01:f6:58:48(on wlan0)
	TSF: 48079353 usec (0d, 00:00:48)
	freq: 2462
	beacon interval: 100 TUs
	capability: ESS Privacy ShortPreamble SpectrumMgmt ShortSlotTime (0x0531)
	signal: -89.00 dBm
	last seen: 2740 ms ago
	Information elements from Probe Response frame:
	SSID: dlink
	Supported rates: 1.0* 2.0* 5.5* 11.0* 6.0 9.0 12.0 18.0 
	DS Parameter set: channel 11
	Country: US	Environment: Indoor/Outdoor
		Channels [1 - 11] @ 27 dBm
	Power constraint: 0 dB
	ERP: <no flags>
	Extended supported rates: 24.0 36.0 48.0 54.0 
	WMM:	 * Parameter version 1
		 * BE: CW 15-1023, AIFSN 3
		 * BK: CW 15-1023, AIFSN 7
		 * VI: CW 7-15, AIFSN 2, TXOP 3008 usec
		 * VO: CW 3-7, AIFSN 2, TXOP 1504 usec
	HT capabilities:
		Capabilities: 0x104c
			HT20
			SM Power Save disabled
			RX HT40 SGI
			No RX STBC
			Max AMSDU length: 3839 bytes
			DSSS/CCK HT40
		Maximum RX AMPDU length 65535 bytes (exponent: 0x003)
		Minimum RX AMPDU time spacing: 8 usec (0x06)
		HT RX MCS rate indexes supported: 0-15
		HT TX MCS rate indexes are undefined
	HT operation:
		 * primary channel: 11
		 * secondary channel offset: no secondary
		 * STA channel width: 20 MHz
		 * RIFS: 0
		 * HT protection: non-HT mixed
		 * non-GF present: 0
		 * OBSS non-GF present: 1
		 * dual beacon: 0
		 * dual CTS protection: 0
		 * STBC beacon: 0
		 * L-SIG TXOP Prot: 0
		 * PCO active: 0
		 * PCO phase: 0
	WPS:	 * Version: 1.0
		 * Wi-Fi Protected Setup State: 2 (Configured)
		 * Selected Registrar: 0x0
		 * Response Type: 3 (AP)
		 * UUID: 565aa949-67c1-4c0e-aa8f-f349e6f59311
		 * Manufacturer: D-Link
		 * Model: D-Link Router
		 * Model Number: DIR-615
		 * Serial Number: none
		 * Primary Device Type: 6-0050f204-1
		 * Device name: D-Link
		 * Config methods: Label, PBC
		 * RF Bands: 0x1
BSS e0:06:e6:1d:2e:a1(on wlan0)
	TSF: 2235268809375 usec (25d, 20:54:28)
	freq: 2412
	beacon interval: 100 TUs
	capability: ESS Privacy ShortSlotTime (0x0411)
	signal: -76.00 dBm
	last seen: 0 ms ago
	Information elements from Probe Response frame:
	SSID: DDW361131
	Supported rates: 1.0* 2.0* 5.5* 11.0* 18.0 24.0 36.0 54.0 
	DS Parameter set: channel 1
	ERP: <no flags>
	ERP D4.0: <no flags>
	Extended supported rates: 6.0 9.0 12.0 48.0 
	HT capabilities:
		Capabilities: 0x187c
			HT20
			SM Power Save disabled
			RX Greenfield
			RX HT20 SGI
			RX HT40 SGI
			No RX STBC
			Max AMSDU length: 7935 bytes
			DSSS/CCK HT40
		Maximum RX AMPDU length 65535 bytes (exponent: 0x003)
		Minimum RX AMPDU time spacing: 8 usec (0x06)
		HT RX MCS rate indexes supported: 0-15
		HT TX MCS rate indexes are undefined
	HT operation:
		 * primary channel: 1
		 * secondary channel offset: no secondary
		 * STA channel width: 20 MHz
		 * RIFS: 1
		 * HT protection: no
		 * non-GF present: 0
		 * OBSS non-GF present: 0
		 * dual beacon: 0
		 * dual CTS protection: 0
		 * STBC beacon: 0
		 * L-SIG TXOP Prot: 0
		 * PCO active: 0
		 * PCO phase: 0
	WPA:	 * Version: 1
		 * Group cipher: TKIP
		 * Pairwise ciphers: CCMP TKIP
		 * Authentication suites: PSK
		 * Capabilities: 16-PTKSA-RC (0x000c)
	WMM:	 * Parameter version 1
		 * u-APSD
		 * BE: CW 15-1023, AIFSN 3
		 * BK: CW 15-1023, AIFSN 7
		 * VI: CW 7-15, AIFSN 2, TXOP 3008 usec
		 * VO: CW 3-7, AIFSN 2, TXOP 1504 usec
BSS 20:e5:2a:82:be:f0(on wlan0)
	TSF: 1332117430821 usec (15d, 10:01:57)
	freq: 2412
	beacon interval: 100 TUs
	capability: ESS Privacy ShortPreamble ShortSlotTime (0x0431)
	signal: -67.00 dBm
	last seen: 0 ms ago
	Information elements from Probe Response frame:
	SSID: MightyOrbots
	Supported rates: 1.0* 2.0* 5.5* 11.0* 6.0 9.0 12.0 18.0 
	DS Parameter set: channel 1
	ERP: <no flags>
	RSN:	 * Version: 1
		 * Group cipher: TKIP
		 * Pairwise ciphers: CCMP TKIP
		 * Authentication suites: PSK
		 * Capabilities: (0x0000)
	Extended supported rates: 24.0 36.0 48.0 54.0 
	HT capabilities:
		Capabilities: 0x1ac
			HT20
			SM Power Save disabled
			RX HT20 SGI
			TX STBC
			RX STBC 1-stream
			Max AMSDU length: 3839 bytes
			No DSSS/CCK HT40
		Maximum RX AMPDU length 65535 bytes (exponent: 0x003)
		Minimum RX AMPDU time spacing: 8 usec (0x06)
		HT RX MCS rate indexes supported: 0-14
		HT TX MCS rate indexes are undefined
	HT operation:
		 * primary channel: 1
		 * secondary channel offset: no secondary
		 * STA channel width: 20 MHz
		 * RIFS: 1
		 * HT protection: no
		 * non-GF present: 0
		 * OBSS non-GF present: 0
		 * dual beacon: 0
		 * dual CTS protection: 0
		 * STBC beacon: 0
		 * L-SIG TXOP Prot: 0
		 * PCO active: 0
		 * PCO phase: 0
	Overlapping BSS scan params:
		 * passive dwell: 20 TUs
		 * active dwell: 10 TUs
		 * channel width trigger scan interval: 300 s
		 * scan passive total per channel: 200 TUs
		 * scan active total per channel: 20 TUs
		 * BSS width channel transition delay factor: 5
		 * OBSS Scan Activity Threshold: 0.25 %
	Extended capabilities: HT Information Exchange Supported
	WPA:	 * Version: 1
		 * Group cipher: TKIP
		 * Pairwise ciphers: CCMP TKIP
		 * Authentication suites: PSK
	WMM:	 * Parameter version 1
		 * BE: CW 15-1023, AIFSN 3
		 * BK: CW 15-1023, AIFSN 7
		 * VI: CW 7-15, AIFSN 2, TXOP 3008 usec
		 * VO: CW 3-7, AIFSN 2, TXOP 1504 usec
BSS 40:b7:f3:e5:e5:a0(on wlan0)
	TSF: 152367663637 usec (1d, 18:19:27)
	freq: 2437
	beacon interval: 100 TUs
	capability: ESS Privacy ShortSlotTime (0x0411)
	signal: -67.00 dBm
	last seen: 0 ms ago
	Information elements from Probe Response frame:
	SSID: ATT848
	Supported rates: 1.0* 2.0* 5.5* 11.0* 18.0 24.0 36.0 54.0 
	DS Parameter set: channel 6
	ERP: <no flags>
	ERP D4.0: <no flags>
	RSN:	 * Version: 1
		 * Group cipher: TKIP
		 * Pairwise ciphers: CCMP TKIP
		 * Authentication suites: PSK
		 * Capabilities: 16-PTKSA-RC (0x000c)
	Extended supported rates: 6.0 9.0 12.0 48.0 
	HT capabilities:
		Capabilities: 0x187c
			HT20
			SM Power Save disabled
			RX Greenfield
			RX HT20 SGI
			RX HT40 SGI
			No RX STBC
			Max AMSDU length: 7935 bytes
			DSSS/CCK HT40
		Maximum RX AMPDU length 65535 bytes (exponent: 0x003)
		Minimum RX AMPDU time spacing: 8 usec (0x06)
		HT RX MCS rate indexes supported: 0-15
		HT TX MCS rate indexes are undefined
	HT operation:
		 * primary channel: 6
		 * secondary channel offset: no secondary
		 * STA channel width: 20 MHz
		 * RIFS: 1
		 * HT protection: no
		 * non-GF present: 0
		 * OBSS non-GF present: 0
		 * dual beacon: 0
		 * dual CTS protection: 0
		 * STBC beacon: 0
		 * L-SIG TXOP Prot: 0
		 * PCO active: 0
		 * PCO phase: 0
	Overlapping BSS scan params:
		 * passive dwell: 20 TUs
		 * active dwell: 10 TUs
		 * channel width trigger scan interval: 300 s
		 * scan passive total per channel: 200 TUs
		 * scan active total per channel: 20 TUs
		 * BSS width channel transition delay factor: 5
		 * OBSS Scan Activity Threshold: 0.25 %
	Extended capabilities: HT Information Exchange Supported
	WPA:	 * Version: 1
		 * Group cipher: TKIP
		 * Pairwise ciphers: CCMP TKIP
		 * Authentication suites: PSK
		 * Capabilities: 16-PTKSA-RC (0x000c)
	WMM:	 * Parameter version 1
		 * u-APSD
		 * BE: CW 15-1023, AIFSN 3
		 * BK: CW 15-1023, AIFSN 7
		 * VI: CW 7-15, AIFSN 2, TXOP 3008 usec
		 * VO: CW 3-7, AIFSN 2, TXOP 1504 usec
BSS 00:24:01:f6:58:48(on wlan0)
	TSF: 48079353 usec (0d, 00:00:48)
	freq: 2462
	beacon interval: 100 TUs
	capability: ESS Privacy ShortPreamble SpectrumMgmt ShortSlotTime (0x0531)
	signal: -89.00 dBm
	last seen: 5673 ms ago
	Information elements from Probe Response frame:
	SSID: dlink
	Supported rates: 1.0* 2.0* 5.5* 11.0* 6.0 9.0 12.0 18.0 
	DS Parameter set: channel 11
	Country: US	Environment: Indoor/Outdoor
		Channels [1 - 11] @ 27 dBm
	Power constraint: 0 dB
	ERP: <no flags>
	Extended supported rates: 24.0 36.0 48.0 54.0 
	WMM:	 * Parameter version 1
		 * BE: CW 15-1023, AIFSN 3
		 * BK: CW 15-1023, AIFSN 7
		 * VI: CW 7-15, AIFSN 2, TXOP 3008 usec
		 * VO: CW 3-7, AIFSN 2, TXOP 1504 usec
	HT capabilities:
		Capabilities: 0x104c
			HT20
			SM Power Save disabled
			RX HT40 SGI
			No RX STBC
			Max AMSDU length: 3839 bytes
			DSSS/CCK HT40
		Maximum RX AMPDU length 65535 bytes (exponent: 0x003)
		Minimum RX AMPDU time spacing: 8 usec (0x06)
		HT RX MCS rate indexes supported: 0-15
		HT TX MCS rate indexes are undefined
	HT operation:
		 * primary channel: 11
		 * secondary channel offset: no secondary
		 * STA channel width: 20 MHz
		 * RIFS: 0
		 * HT protection: non-HT mixed
		 * non-GF present: 0
		 * OBSS non-GF present: 1
		 * dual beacon: 0
		 * dual CTS protection: 0
		 * STBC beacon: 0
		 * L-SIG TXOP Prot: 0
		 * PCO active: 0
		 * PCO phase: 0
	WPS:	 * Version: 1.0
		 * Wi-Fi Protected Setup State: 2 (Configured)
		 * Selected Registrar: 0x0
		 * Response Type: 3 (AP)
		 * UUID: 565aa949-67c1-4c0e-aa8f-f349e6f59311
		 * Manufacturer: D-Link
		 * Model: D-Link Router
		 * Model Number: DIR-615
		 * Serial Number: none
		 * Primary Device Type: 6-0050f204-1
		 * Device name: D-Link
		 * Config methods: Label, PBC
		 * RF Bands: 0x1
BSS e0:06:e6:1d:2e:a1(on wlan0)
	TSF: 2235271745780 usec (25d, 20:54:31)
	freq: 2412
	beacon interval: 100 TUs
	capability: ESS Privacy ShortSlotTime (0x0411)
	signal: -69.00 dBm
	last seen: 0 ms ago
	Information elements from Probe Response frame:
	SSID: DDW361131
	Supported rates: 1.0* 2.0* 5.5* 11.0* 18.0 24.0 36.0 54.0 
	DS Parameter set: channel 1
	ERP: <no flags>
	ERP D4.0: <no flags>
	Extended supported rates: 6.0 9.0 12.0 48.0 
	HT capabilities:
		Capabilities: 0x187c
			HT20
			SM Power Save disabled
			RX Greenfield
			RX HT20 SGI
			RX HT40 SGI
			No RX STBC
			Max AMSDU length: 7935 bytes
			DSSS/CCK HT40
		Maximum RX AMPDU length 65535 bytes (exponent: 0x003)
		Minimum RX AMPDU time spacing: 8 usec (0x06)
		HT RX MCS rate indexes supported: 0-15
		HT TX MCS rate indexes are undefined
	HT operation:
		 * primary channel: 1
		 * secondary channel offset: no secondary
		 * STA channel width: 20 MHz
		 * RIFS: 1
		 * HT protection: no
		 * non-GF present: 0
		 * OBSS non-GF present: 0
		 * dual beacon: 0
		 * dual CTS protection: 0
		 * STBC beacon: 0
		 * L-SIG TXOP Prot: 0
		 * PCO active: 0
		 * PCO phase: 0
	WPA:	 * Version: 1
		 * Group cipher: TKIP
		 * Pairwise ciphers: CCMP TKIP
		 * Authentication suites: PSK
		 * Capabilities: 16-PTKSA-RC (0x000c)
	WMM:	 * Parameter version 1
		 * u-APSD
		 * BE: CW 15-1023, AIFSN 3
		 * BK: CW 15-1023, AIFSN 7
		 * VI: CW 7-15, AIFSN 2, TXOP 3008 usec
		 * VO: CW 3-7, AIFSN 2, TXOP 1504 usec
BSS 20:e5:2a:82:be:f0(on wlan0)
	TSF: 1332120367174 usec (15d, 10:02:00)
	freq: 2412
	beacon interval: 100 TUs
	capability: ESS Privacy ShortPreamble ShortSlotTime (0x0431)
	signal: -77.00 dBm
	last seen: 0 ms ago
	Information elements from Probe Response frame:
	SSID: MightyOrbots
	Supported rates: 1.0* 2.0* 5.5* 11.0* 6.0 9.0 12.0 18.0 
	DS Parameter set: channel 1
	ERP: <no flags>
	RSN:	 * Version: 1
		 * Group cipher: TKIP
		 * Pairwise ciphers: CCMP TKIP
		 * Authentication suites: PSK
		 * Capabilities: (0x0000)
	Extended supported rates: 24.0 36.0 48.0 54.0 
	HT capabilities:
		Capabilities: 0x1ac
			HT20
			SM Power Save disabled
			RX HT20 SGI
			TX STBC
			RX STBC 1-stream
			Max AMSDU length: 3839 bytes
			No DSSS/CCK HT40
		Maximum RX AMPDU length 65535 bytes (exponent: 0x003)
		Minimum RX AMPDU time spacing: 8 usec (0x06)
		HT RX MCS rate indexes supported: 0-14
		HT TX MCS rate indexes are undefined
	HT operation:
		 * primary channel: 1
		 * secondary channel offset: no secondary
		 * STA channel width: 20 MHz
		 * RIFS: 1
		 * HT protection: no
		 * non-GF present: 0
		 * OBSS non-GF present: 0
		 * dual beacon: 0
		 * dual CTS protection: 0
		 * STBC beacon: 0
		 * L-SIG TXOP Prot: 0
		 * PCO active: 0
		 * PCO phase: 0
	Overlapping BSS scan params:
		 * passive dwell: 20 TUs
		 * active dwell: 10 TUs
		 * channel width trigger scan interval: 300 s
		 * scan passive total per channel: 200 TUs
		 * scan active total per channel: 20 TUs
		 * BSS width channel transition delay factor: 5
		 * OBSS Scan Activity Threshold: 0.25 %
	Extended capabilities: HT Information Exchange Supported
	WPA:	 * Version: 1
		 * Group cipher: TKIP
		 * Pairwise ciphers: CCMP TKIP
		 * Authentication suites: PSK
	WMM:	 * Parameter version 1
		 * BE: CW 15-1023, AIFSN 3
		 * BK: CW 15-1023, AIFSN 7
		 * VI: CW 7-15, AIFSN 2, TXOP 3008 usec
		 * VO: CW 3-7, AIFSN 2, TXOP 1504 usec
BSS 40:b7:f3:e5:e5:a0(on wlan0)
	TSF: 152370595817 usec (1d, 18:19:30)
	freq: 2437
	beacon interval: 100 TUs
	capability: ESS Privacy ShortSlotTime (0x0411)
	signal: -64.00 dBm
	last seen: 0 ms ago
	Information elements from Probe Response frame:
	SSID: ATT848
	Supported rates: 1.0* 2.0* 5.5* 11.0* 18.0 24.0 36.0 54.0 
	DS Parameter set: channel 6
	ERP: <no flags>
	ERP D4.0: <no flags>
	RSN:	 * Version: 1
		 * Group cipher: TKIP
		 * Pairwise ciphers: CCMP TKIP
		 * Authentication suites: PSK
		 * Capabilities: 16-PTKSA-RC (0x000c)
	Extended supported rates: 6.0 9.0 12.0 48.0 
	HT capabilities:
		Capabilities: 0x187c
			HT20
			SM Power Save disabled
			RX Greenfield
			RX HT20 SGI
			RX HT40 SGI
			No RX STBC
			Max AMSDU length: 7935 bytes
			DSSS/CCK HT40
		Maximum RX AMPDU length 65535 bytes (exponent: 0x003)
		Minimum RX AMPDU time spacing: 8 usec (0x06)
		HT RX MCS rate indexes supported: 0-15
		HT TX MCS rate indexes are undefined
	HT operation:
		 * primary channel: 6
		 * secondary channel offset: no secondary
		 * STA channel width: 20 MHz
		 * RIFS: 1
		 * HT protection: no
		 * non-GF present: 0
		 * OBSS non-GF present: 0
		 * dual beacon: 0
		 * dual CTS protection: 0
		 * STBC beacon: 0
		 * L-SIG TXOP Prot: 0
		 * PCO active: 0
		 * PCO phase: 0
	Overlapping BSS scan params:
		 * passive dwell: 20 TUs
		 * active dwell: 10 TUs
		 * channel width trigger scan interval: 300 s
		 * scan passive total per channel: 200 TUs
		 * scan active total per channel: 20 TUs
		 * BSS width channel transition delay factor: 5
		 * OBSS Scan Activity Threshold: 0.25 %
	Extended capabilities: HT Information Exchange Supported
	WPA:	 * Version: 1
		 * Group cipher: TKIP
		 * Pairwise ciphers: CCMP TKIP
		 * Authentication suites: PSK
		 * Capabilities: 16-PTKSA-RC (0x000c)
	WMM:	 * Parameter version 1
		 * u-APSD
		 * BE: CW 15-1023, AIFSN 3
		 * BK: CW 15-1023, AIFSN 7
		 * VI: CW 7-15, AIFSN 2, TXOP 3008 usec
		 * VO: CW 3-7, AIFSN 2, TXOP 1504 usec
BSS 00:24:01:f6:58:48(on wlan0)
	TSF: 48079353 usec (0d, 00:00:48)
	freq: 2462
	beacon interval: 100 TUs
	capability: ESS Privacy ShortPreamble SpectrumMgmt ShortSlotTime (0x0531)
	signal: -89.00 dBm
	last seen: 8610 ms ago
	Information elements from Probe Response frame:
	SSID: dlink
	Supported rates: 1.0* 2.0* 5.5* 11.0* 6.0 9.0 12.0 18.0 
	DS Parameter set: channel 11
	Country: US	Environment: Indoor/Outdoor
		Channels [1 - 11] @ 27 dBm
	Power constraint: 0 dB
	ERP: <no flags>
	Extended supported rates: 24.0 36.0 48.0 54.0 
	WMM:	 * Parameter version 1
		 * BE: CW 15-1023, AIFSN 3
		 * BK: CW 15-1023, AIFSN 7
		 * VI: CW 7-15, AIFSN 2, TXOP 3008 usec
		 * VO: CW 3-7, AIFSN 2, TXOP 1504 usec
	HT capabilities:
		Capabilities: 0x104c
			HT20
			SM Power Save disabled
			RX HT40 SGI
			No RX STBC
			Max AMSDU length: 3839 bytes
			DSSS/CCK HT40
		Maximum RX AMPDU length 65535 bytes (exponent: 0x003)
		Minimum RX AMPDU time spacing: 8 usec (0x06)
		HT RX MCS rate indexes supported: 0-15
		HT TX MCS rate indexes are undefined
	HT operation:
		 * primary channel: 11
		 * secondary channel offset: no secondary
		 * STA channel width: 20 MHz
		 * RIFS: 0
		 * HT protection: non-HT mixed
		 * non-GF present: 0
		 * OBSS non-GF present: 1
		 * dual beacon: 0
		 * dual CTS protection: 0
		 * STBC beacon: 0
		 * L-SIG TXOP Prot: 0
		 * PCO active: 0
		 * PCO phase: 0
	WPS:	 * Version: 1.0
		 * Wi-Fi Protected Setup State: 2 (Configured)
		 * Selected Registrar: 0x0
		 * Response Type: 3 (AP)
		 * UUID: 565aa949-67c1-4c0e-aa8f-f349e6f59311
		 * Manufacturer: D-Link
		 * Model: D-Link Router
		 * Model Number: DIR-615
		 * Serial Number: none
		 * Primary Device Type: 6-0050f204-1
		 * Device name: D-Link
		 * Config methods: Label, PBC
		 * RF Bands: 0x1
BSS 00:12:a9:14:6c:9c(on wlan0)
	TSF: 5317733580855 usec (61d, 13:08:53)
	freq: 2422
	beacon interval: 100 TUs
	capability: ESS Privacy ShortSlotTime (0x0411)
	signal: -85.00 dBm
	last seen: 2876 ms ago
	Information elements from Probe Response frame:
	SSID: \x00\x00\x00\x00\x00\x00\x00\x00\x00\x00\x00\x00\x00
	Supported rates: 1.0* 2.0* 5.5* 11.0* 6.0 12.0 24.0 36.0 
	DS Parameter set: channel 3
	TIM: DTIM Count 0 DTIM Period 1 Bitmap Control 0x0 Bitmap[0] 0x10
	Country: US	Environment: Indoor/Outdoor
		Channels [1 - 11] @ 27 dBm
	ERP: Barker_Preamble_Mode
	Extended supported rates: 9.0 18.0 48.0 54.0 
BSS e0:06:e6:1d:2e:a1(on wlan0)
	TSF: 2235274732558 usec (25d, 20:54:34)
	freq: 2412
	beacon interval: 100 TUs
	capability: ESS Privacy ShortSlotTime (0x0411)
	signal: -79.00 dBm
	last seen: 0 ms ago
	Information elements from Probe Response frame:
	SSID: DDW361131
	Supported rates: 1.0* 2.0* 5.5* 11.0* 18.0 24.0 36.0 54.0 
	DS Parameter set: channel 1
	ERP: <no flags>
	ERP D4.0: <no flags>
	Extended supported rates: 6.0 9.0 12.0 48.0 
	HT capabilities:
		Capabilities: 0x187c
			HT20
			SM Power Save disabled
			RX Greenfield
			RX HT20 SGI
			RX HT40 SGI
			No RX STBC
			Max AMSDU length: 7935 bytes
			DSSS/CCK HT40
		Maximum RX AMPDU length 65535 bytes (exponent: 0x003)
		Minimum RX AMPDU time spacing: 8 usec (0x06)
		HT RX MCS rate indexes supported: 0-15
		HT TX MCS rate indexes are undefined
	HT operation:
		 * primary channel: 1
		 * secondary channel offset: no secondary
		 * STA channel width: 20 MHz
		 * RIFS: 1
		 * HT protection: no
		 * non-GF present: 0
		 * OBSS non-GF present: 0
		 * dual beacon: 0
		 * dual CTS protection: 0
		 * STBC beacon: 0
		 * L-SIG TXOP Prot: 0
		 * PCO active: 0
		 * PCO phase: 0
	WPA:	 * Version: 1
		 * Group cipher: TKIP
		 * Pairwise ciphers: CCMP TKIP
		 * Authentication suites: PSK
		 * Capabilities: 16-PTKSA-RC (0x000c)
	WMM:	 * Parameter version 1
		 * u-APSD
		 * BE: CW 15-1023, AIFSN 3
		 * BK: CW 15-1023, AIFSN 7
		 * VI: CW 7-15, AIFSN 2, TXOP 3008 usec
		 * VO: CW 3-7, AIFSN 2, TXOP 1504 usec
BSS 20:e5:2a:82:be:f0(on wlan0)
	TSF: 1332123303826 usec (15d, 10:02:03)
	freq: 2412
	beacon interval: 100 TUs
	capability: ESS Privacy ShortPreamble ShortSlotTime (0x0431)
	signal: -74.00 dBm
	last seen: 0 ms ago
	Information elements from Probe Response frame:
	SSID: MightyOrbots
	Supported rates: 1.0* 2.0* 5.5* 11.0* 6.0 9.0 12.0 18.0 
	DS Parameter set: channel 1
	ERP: <no flags>
	RSN:	 * Version: 1
		 * Group cipher: TKIP
		 * Pairwise ciphers: CCMP TKIP
		 * Authentication suites: PSK
		 * Capabilities: (0x0000)
	Extended supported rates: 24.0 36.0 48.0 54.0 
	HT capabilities:
		Capabilities: 0x1ac
			HT20
			SM Power Save disabled
			RX HT20 SGI
			TX STBC
			RX STBC 1-stream
			Max AMSDU length: 3839 bytes
			No DSSS/CCK HT40
		Maximum RX AMPDU length 65535 bytes (exponent: 0x003)
		Minimum RX AMPDU time spacing: 8 usec (0x06)
		HT RX MCS rate indexes supported: 0-14
		HT TX MCS rate indexes are undefined
	HT operation:
		 * primary channel: 1
		 * secondary channel offset: no secondary
		 * STA channel width: 20 MHz
		 * RIFS: 1
		 * HT protection: no
		 * non-GF present: 0
		 * OBSS non-GF present: 0
		 * dual beacon: 0
		 * dual CTS protection: 0
		 * STBC beacon: 0
		 * L-SIG TXOP Prot: 0
		 * PCO active: 0
		 * PCO phase: 0
	Overlapping BSS scan params:
		 * passive dwell: 20 TUs
		 * active dwell: 10 TUs
		 * channel width trigger scan interval: 300 s
		 * scan passive total per channel: 200 TUs
		 * scan active total per channel: 20 TUs
		 * BSS width channel transition delay factor: 5
		 * OBSS Scan Activity Threshold: 0.25 %
	Extended capabilities: HT Information Exchange Supported
	WPA:	 * Version: 1
		 * Group cipher: TKIP
		 * Pairwise ciphers: CCMP TKIP
		 * Authentication suites: PSK
	WMM:	 * Parameter version 1
		 * BE: CW 15-1023, AIFSN 3
		 * BK: CW 15-1023, AIFSN 7
		 * VI: CW 7-15, AIFSN 2, TXOP 3008 usec
		 * VO: CW 3-7, AIFSN 2, TXOP 1504 usec
BSS 40:b7:f3:e5:e5:a0(on wlan0)
	TSF: 152373544761 usec (1d, 18:19:33)
	freq: 2437
	beacon interval: 100 TUs
	capability: ESS Privacy ShortSlotTime (0x0411)
	signal: -70.00 dBm
	last seen: 0 ms ago
	Information elements from Probe Response frame:
	SSID: ATT848
	Supported rates: 1.0* 2.0* 5.5* 11.0* 18.0 24.0 36.0 54.0 
	DS Parameter set: channel 6
	ERP: <no flags>
	ERP D4.0: <no flags>
	RSN:	 * Version: 1
		 * Group cipher: TKIP
		 * Pairwise ciphers: CCMP TKIP
		 * Authentication suites: PSK
		 * Capabilities: 16-PTKSA-RC (0x000c)
	Extended supported rates: 6.0 9.0 12.0 48.0 
	HT capabilities:
		Capabilities: 0x187c
			HT20
			SM Power Save disabled
			RX Greenfield
			RX HT20 SGI
			RX HT40 SGI
			No RX STBC
			Max AMSDU length: 7935 bytes
			DSSS/CCK HT40
		Maximum RX AMPDU length 65535 bytes (exponent: 0x003)
		Minimum RX AMPDU time spacing: 8 usec (0x06)
		HT RX MCS rate indexes supported: 0-15
		HT TX MCS rate indexes are undefined
	HT operation:
		 * primary channel: 6
		 * secondary channel offset: no secondary
		 * STA channel width: 20 MHz
		 * RIFS: 1
		 * HT protection: no
		 * non-GF present: 0
		 * OBSS non-GF present: 0
		 * dual beacon: 0
		 * dual CTS protection: 0
		 * STBC beacon: 0
		 * L-SIG TXOP Prot: 0
		 * PCO active: 0
		 * PCO phase: 0
	Overlapping BSS scan params:
		 * passive dwell: 20 TUs
		 * active dwell: 10 TUs
		 * channel width trigger scan interval: 300 s
		 * scan passive total per channel: 200 TUs
		 * scan active total per channel: 20 TUs
		 * BSS width channel transition delay factor: 5
		 * OBSS Scan Activity Threshold: 0.25 %
	Extended capabilities: HT Information Exchange Supported
	WPA:	 * Version: 1
		 * Group cipher: TKIP
		 * Pairwise ciphers: CCMP TKIP
		 * Authentication suites: PSK
		 * Capabilities: 16-PTKSA-RC (0x000c)
	WMM:	 * Parameter version 1
		 * u-APSD
		 * BE: CW 15-1023, AIFSN 3
		 * BK: CW 15-1023, AIFSN 7
		 * VI: CW 7-15, AIFSN 2, TXOP 3008 usec
		 * VO: CW 3-7, AIFSN 2, TXOP 1504 usec
BSS 00:24:01:f6:58:48(on wlan0)
	TSF: 48079353 usec (0d, 00:00:48)
	freq: 2462
	beacon interval: 100 TUs
	capability: ESS Privacy ShortPreamble SpectrumMgmt ShortSlotTime (0x0531)
	signal: -89.00 dBm
	last seen: 11550 ms ago
	Information elements from Probe Response frame:
	SSID: dlink
	Supported rates: 1.0* 2.0* 5.5* 11.0* 6.0 9.0 12.0 18.0 
	DS Parameter set: channel 11
	Country: US	Environment: Indoor/Outdoor
		Channels [1 - 11] @ 27 dBm
	Power constraint: 0 dB
	ERP: <no flags>
	Extended supported rates: 24.0 36.0 48.0 54.0 
	WMM:	 * Parameter version 1
		 * BE: CW 15-1023, AIFSN 3
		 * BK: CW 15-1023, AIFSN 7
		 * VI: CW 7-15, AIFSN 2, TXOP 3008 usec
		 * VO: CW 3-7, AIFSN 2, TXOP 1504 usec
	HT capabilities:
		Capabilities: 0x104c
			HT20
			SM Power Save disabled
			RX HT40 SGI
			No RX STBC
			Max AMSDU length: 3839 bytes
			DSSS/CCK HT40
		Maximum RX AMPDU length 65535 bytes (exponent: 0x003)
		Minimum RX AMPDU time spacing: 8 usec (0x06)
		HT RX MCS rate indexes supported: 0-15
		HT TX MCS rate indexes are undefined
	HT operation:
		 * primary channel: 11
		 * secondary channel offset: no secondary
		 * STA channel width: 20 MHz
		 * RIFS: 0
		 * HT protection: non-HT mixed
		 * non-GF present: 0
		 * OBSS non-GF present: 1
		 * dual beacon: 0
		 * dual CTS protection: 0
		 * STBC beacon: 0
		 * L-SIG TXOP Prot: 0
		 * PCO active: 0
		 * PCO phase: 0
	WPS:	 * Version: 1.0
		 * Wi-Fi Protected Setup State: 2 (Configured)
		 * Selected Registrar: 0x0
		 * Response Type: 3 (AP)
		 * UUID: 565aa949-67c1-4c0e-aa8f-f349e6f59311
		 * Manufacturer: D-Link
		 * Model: D-Link Router
		 * Model Number: DIR-615
		 * Serial Number: none
		 * Primary Device Type: 6-0050f204-1
		 * Device name: D-Link
		 * Config methods: Label, PBC
		 * RF Bands: 0x1
BSS 00:12:a9:14:6c:9c(on wlan0)
	TSF: 5317736550455 usec (61d, 13:08:56)
	freq: 2422
	beacon interval: 100 TUs
	capability: ESS Privacy ShortSlotTime (0x0411)
	signal: -79.00 dBm
	last seen: 2846 ms ago
	Information elements from Probe Response frame:
	SSID: \x00\x00\x00\x00\x00\x00\x00\x00\x00\x00\x00\x00\x00
	Supported rates: 1.0* 2.0* 5.5* 11.0* 6.0 12.0 24.0 36.0 
	DS Parameter set: channel 3
	TIM: DTIM Count 0 DTIM Period 1 Bitmap Control 0x0 Bitmap[0] 0x10
	Country: US	Environment: Indoor/Outdoor
		Channels [1 - 11] @ 27 dBm
	ERP: Barker_Preamble_Mode
	Extended supported rates: 9.0 18.0 48.0 54.0 
BSS e0:06:e6:1d:2e:a1(on wlan0)
	TSF: 2235277672485 usec (25d, 20:54:37)
	freq: 2412
	beacon interval: 100 TUs
	capability: ESS Privacy ShortSlotTime (0x0411)
	signal: -76.00 dBm
	last seen: 0 ms ago
	Information elements from Probe Response frame:
	SSID: DDW361131
	Supported rates: 1.0* 2.0* 5.5* 11.0* 18.0 24.0 36.0 54.0 
	DS Parameter set: channel 1
	ERP: <no flags>
	ERP D4.0: <no flags>
	Extended supported rates: 6.0 9.0 12.0 48.0 
	HT capabilities:
		Capabilities: 0x187c
			HT20
			SM Power Save disabled
			RX Greenfield
			RX HT20 SGI
			RX HT40 SGI
			No RX STBC
			Max AMSDU length: 7935 bytes
			DSSS/CCK HT40
		Maximum RX AMPDU length 65535 bytes (exponent: 0x003)
		Minimum RX AMPDU time spacing: 8 usec (0x06)
		HT RX MCS rate indexes supported: 0-15
		HT TX MCS rate indexes are undefined
	HT operation:
		 * primary channel: 1
		 * secondary channel offset: no secondary
		 * STA channel width: 20 MHz
		 * RIFS: 1
		 * HT protection: no
		 * non-GF present: 0
		 * OBSS non-GF present: 0
		 * dual beacon: 0
		 * dual CTS protection: 0
		 * STBC beacon: 0
		 * L-SIG TXOP Prot: 0
		 * PCO active: 0
		 * PCO phase: 0
	WPA:	 * Version: 1
		 * Group cipher: TKIP
		 * Pairwise ciphers: CCMP TKIP
		 * Authentication suites: PSK
		 * Capabilities: 16-PTKSA-RC (0x000c)
	WMM:	 * Parameter version 1
		 * u-APSD
		 * BE: CW 15-1023, AIFSN 3
		 * BK: CW 15-1023, AIFSN 7
		 * VI: CW 7-15, AIFSN 2, TXOP 3008 usec
		 * VO: CW 3-7, AIFSN 2, TXOP 1504 usec
BSS 20:e5:2a:82:be:f0(on wlan0)
	TSF: 1332126244263 usec (15d, 10:02:06)
	freq: 2412
	beacon interval: 100 TUs
	capability: ESS Privacy ShortPreamble ShortSlotTime (0x0431)
	signal: -78.00 dBm
	last seen: 0 ms ago
	Information elements from Probe Response frame:
	SSID: MightyOrbots
	Supported rates: 1.0* 2.0* 5.5* 11.0* 6.0 9.0 12.0 18.0 
	DS Parameter set: channel 1
	ERP: <no flags>
	RSN:	 * Version: 1
		 * Group cipher: TKIP
		 * Pairwise ciphers: CCMP TKIP
		 * Authentication suites: PSK
		 * Capabilities: (0x0000)
	Extended supported rates: 24.0 36.0 48.0 54.0 
	HT capabilities:
		Capabilities: 0x1ac
			HT20
			SM Power Save disabled
			RX HT20 SGI
			TX STBC
			RX STBC 1-stream
			Max AMSDU length: 3839 bytes
			No DSSS/CCK HT40
		Maximum RX AMPDU length 65535 bytes (exponent: 0x003)
		Minimum RX AMPDU time spacing: 8 usec (0x06)
		HT RX MCS rate indexes supported: 0-14
		HT TX MCS rate indexes are undefined
	HT operation:
		 * primary channel: 1
		 * secondary channel offset: no secondary
		 * STA channel width: 20 MHz
		 * RIFS: 1
		 * HT protection: no
		 * non-GF present: 0
		 * OBSS non-GF present: 0
		 * dual beacon: 0
		 * dual CTS protection: 0
		 * STBC beacon: 0
		 * L-SIG TXOP Prot: 0
		 * PCO active: 0
		 * PCO phase: 0
	Overlapping BSS scan params:
		 * passive dwell: 20 TUs
		 * active dwell: 10 TUs
		 * channel width trigger scan interval: 300 s
		 * scan passive total per channel: 200 TUs
		 * scan active total per channel: 20 TUs
		 * BSS width channel transition delay factor: 5
		 * OBSS Scan Activity Threshold: 0.25 %
	Extended capabilities: HT Information Exchange Supported
	WPA:	 * Version: 1
		 * Group cipher: TKIP
		 * Pairwise ciphers: CCMP TKIP
		 * Authentication suites: PSK
	WMM:	 * Parameter version 1
		 * BE: CW 15-1023, AIFSN 3
		 * BK: CW 15-1023, AIFSN 7
		 * VI: CW 7-15, AIFSN 2, TXOP 3008 usec
		 * VO: CW 3-7, AIFSN 2, TXOP 1504 usec
BSS 40:b7:f3:e5:e5:a0(on wlan0)
	TSF: 152376430263 usec (1d, 18:19:36)
	freq: 2437
	beacon interval: 100 TUs
	capability: ESS Privacy ShortSlotTime (0x0411)
	signal: -69.00 dBm
	last seen: 0 ms ago
	Information elements from Probe Response frame:
	SSID: ATT848
	Supported rates: 1.0* 2.0* 5.5* 11.0* 18.0 24.0 36.0 54.0 
	DS Parameter set: channel 6
	ERP: <no flags>
	ERP D4.0: <no flags>
	RSN:	 * Version: 1
		 * Group cipher: TKIP
		 * Pairwise ciphers: CCMP TKIP
		 * Authentication suites: PSK
		 * Capabilities: 16-PTKSA-RC (0x000c)
	Extended supported rates: 6.0 9.0 12.0 48.0 
	HT capabilities:
		Capabilities: 0x187c
			HT20
			SM Power Save disabled
			RX Greenfield
			RX HT20 SGI
			RX HT40 SGI
			No RX STBC
			Max AMSDU length: 7935 bytes
			DSSS/CCK HT40
		Maximum RX AMPDU length 65535 bytes (exponent: 0x003)
		Minimum RX AMPDU time spacing: 8 usec (0x06)
		HT RX MCS rate indexes supported: 0-15
		HT TX MCS rate indexes are undefined
	HT operation:
		 * primary channel: 6
		 * secondary channel offset: no secondary
		 * STA channel width: 20 MHz
		 * RIFS: 1
		 * HT protection: no
		 * non-GF present: 0
		 * OBSS non-GF present: 0
		 * dual beacon: 0
		 * dual CTS protection: 0
		 * STBC beacon: 0
		 * L-SIG TXOP Prot: 0
		 * PCO active: 0
		 * PCO phase: 0
	Overlapping BSS scan params:
		 * passive dwell: 20 TUs
		 * active dwell: 10 TUs
		 * channel width trigger scan interval: 300 s
		 * scan passive total per channel: 200 TUs
		 * scan active total per channel: 20 TUs
		 * BSS width channel transition delay factor: 5
		 * OBSS Scan Activity Threshold: 0.25 %
	Extended capabilities: HT Information Exchange Supported
	WPA:	 * Version: 1
		 * Group cipher: TKIP
		 * Pairwise ciphers: CCMP TKIP
		 * Authentication suites: PSK
		 * Capabilities: 16-PTKSA-RC (0x000c)
	WMM:	 * Parameter version 1
		 * u-APSD
		 * BE: CW 15-1023, AIFSN 3
		 * BK: CW 15-1023, AIFSN 7
		 * VI: CW 7-15, AIFSN 2, TXOP 3008 usec
		 * VO: CW 3-7, AIFSN 2, TXOP 1504 usec
BSS 00:24:01:f6:58:48(on wlan0)
	TSF: 48079353 usec (0d, 00:00:48)
	freq: 2462
	beacon interval: 100 TUs
	capability: ESS Privacy ShortPreamble SpectrumMgmt ShortSlotTime (0x0531)
	signal: -89.00 dBm
	last seen: 14446 ms ago
	Information elements from Probe Response frame:
	SSID: dlink
	Supported rates: 1.0* 2.0* 5.5* 11.0* 6.0 9.0 12.0 18.0 
	DS Parameter set: channel 11
	Country: US	Environment: Indoor/Outdoor
		Channels [1 - 11] @ 27 dBm
	Power constraint: 0 dB
	ERP: <no flags>
	Extended supported rates: 24.0 36.0 48.0 54.0 
	WMM:	 * Parameter version 1
		 * BE: CW 15-1023, AIFSN 3
		 * BK: CW 15-1023, AIFSN 7
		 * VI: CW 7-15, AIFSN 2, TXOP 3008 usec
		 * VO: CW 3-7, AIFSN 2, TXOP 1504 usec
	HT capabilities:
		Capabilities: 0x104c
			HT20
			SM Power Save disabled
			RX HT40 SGI
			No RX STBC
			Max AMSDU length: 3839 bytes
			DSSS/CCK HT40
		Maximum RX AMPDU length 65535 bytes (exponent: 0x003)
		Minimum RX AMPDU time spacing: 8 usec (0x06)
		HT RX MCS rate indexes supported: 0-15
		HT TX MCS rate indexes are undefined
	HT operation:
		 * primary channel: 11
		 * secondary channel offset: no secondary
		 * STA channel width: 20 MHz
		 * RIFS: 0
		 * HT protection: non-HT mixed
		 * non-GF present: 0
		 * OBSS non-GF present: 1
		 * dual beacon: 0
		 * dual CTS protection: 0
		 * STBC beacon: 0
		 * L-SIG TXOP Prot: 0
		 * PCO active: 0
		 * PCO phase: 0
	WPS:	 * Version: 1.0
		 * Wi-Fi Protected Setup State: 2 (Configured)
		 * Selected Registrar: 0x0
		 * Response Type: 3 (AP)
		 * UUID: 565aa949-67c1-4c0e-aa8f-f349e6f59311
		 * Manufacturer: D-Link
		 * Model: D-Link Router
		 * Model Number: DIR-615
		 * Serial Number: none
		 * Primary Device Type: 6-0050f204-1
		 * Device name: D-Link
		 * Config methods: Label, PBC
		 * RF Bands: 0x1
BSS 00:12:a9:14:6c:9c(on wlan0)
	TSF: 5317736550455 usec (61d, 13:08:56)
	freq: 2422
	beacon interval: 100 TUs
	capability: ESS Privacy ShortSlotTime (0x0411)
	signal: -79.00 dBm
	last seen: 5743 ms ago
	Information elements from Probe Response frame:
	SSID: \x00\x00\x00\x00\x00\x00\x00\x00\x00\x00\x00\x00\x00
	Supported rates: 1.0* 2.0* 5.5* 11.0* 6.0 12.0 24.0 36.0 
	DS Parameter set: channel 3
	TIM: DTIM Count 0 DTIM Period 1 Bitmap Control 0x0 Bitmap[0] 0x10
	Country: US	Environment: Indoor/Outdoor
		Channels [1 - 11] @ 27 dBm
	ERP: Barker_Preamble_Mode
	Extended supported rates: 9.0 18.0 48.0 54.0 
BSS e0:06:e6:1d:2e:a1(on wlan0)
	TSF: 2235280551498 usec (25d, 20:54:40)
	freq: 2412
	beacon interval: 100 TUs
	capability: ESS Privacy ShortSlotTime (0x0411)
	signal: -77.00 dBm
	last seen: 0 ms ago
	Information elements from Probe Response frame:
	SSID: DDW361131
	Supported rates: 1.0* 2.0* 5.5* 11.0* 18.0 24.0 36.0 54.0 
	DS Parameter set: channel 1
	ERP: <no flags>
	ERP D4.0: <no flags>
	Extended supported rates: 6.0 9.0 12.0 48.0 
	HT capabilities:
		Capabilities: 0x187c
			HT20
			SM Power Save disabled
			RX Greenfield
			RX HT20 SGI
			RX HT40 SGI
			No RX STBC
			Max AMSDU length: 7935 bytes
			DSSS/CCK HT40
		Maximum RX AMPDU length 65535 bytes (exponent: 0x003)
		Minimum RX AMPDU time spacing: 8 usec (0x06)
		HT RX MCS rate indexes supported: 0-15
		HT TX MCS rate indexes are undefined
	HT operation:
		 * primary channel: 1
		 * secondary channel offset: no secondary
		 * STA channel width: 20 MHz
		 * RIFS: 1
		 * HT protection: no
		 * non-GF present: 0
		 * OBSS non-GF present: 0
		 * dual beacon: 0
		 * dual CTS protection: 0
		 * STBC beacon: 0
		 * L-SIG TXOP Prot: 0
		 * PCO active: 0
		 * PCO phase: 0
	WPA:	 * Version: 1
		 * Group cipher: TKIP
		 * Pairwise ciphers: CCMP TKIP
		 * Authentication suites: PSK
		 * Capabilities: 16-PTKSA-RC (0x000c)
	WMM:	 * Parameter version 1
		 * u-APSD
		 * BE: CW 15-1023, AIFSN 3
		 * BK: CW 15-1023, AIFSN 7
		 * VI: CW 7-15, AIFSN 2, TXOP 3008 usec
		 * VO: CW 3-7, AIFSN 2, TXOP 1504 usec
BSS 20:e5:2a:82:be:f0(on wlan0)
	TSF: 1332129138239 usec (15d, 10:02:09)
	freq: 2412
	beacon interval: 100 TUs
	capability: ESS Privacy ShortPreamble ShortSlotTime (0x0431)
	signal: -81.00 dBm
	last seen: 0 ms ago
	Information elements from Probe Response frame:
	SSID: MightyOrbots
	Supported rates: 1.0* 2.0* 5.5* 11.0* 6.0 9.0 12.0 18.0 
	DS Parameter set: channel 1
	ERP: <no flags>
	RSN:	 * Version: 1
		 * Group cipher: TKIP
		 * Pairwise ciphers: CCMP TKIP
		 * Authentication suites: PSK
		 * Capabilities: (0x0000)
	Extended supported rates: 24.0 36.0 48.0 54.0 
	HT capabilities:
		Capabilities: 0x1ac
			HT20
			SM Power Save disabled
			RX HT20 SGI
			TX STBC
			RX STBC 1-stream
			Max AMSDU length: 3839 bytes
			No DSSS/CCK HT40
		Maximum RX AMPDU length 65535 bytes (exponent: 0x003)
		Minimum RX AMPDU time spacing: 8 usec (0x06)
		HT RX MCS rate indexes supported: 0-14
		HT TX MCS rate indexes are undefined
	HT operation:
		 * primary channel: 1
		 * secondary channel offset: no secondary
		 * STA channel width: 20 MHz
		 * RIFS: 1
		 * HT protection: no
		 * non-GF present: 0
		 * OBSS non-GF present: 0
		 * dual beacon: 0
		 * dual CTS protection: 0
		 * STBC beacon: 0
		 * L-SIG TXOP Prot: 0
		 * PCO active: 0
		 * PCO phase: 0
	Overlapping BSS scan params:
		 * passive dwell: 20 TUs
		 * active dwell: 10 TUs
		 * channel width trigger scan interval: 300 s
		 * scan passive total per channel: 200 TUs
		 * scan active total per channel: 20 TUs
		 * BSS width channel transition delay factor: 5
		 * OBSS Scan Activity Threshold: 0.25 %
	Extended capabilities: HT Information Exchange Supported
	WPA:	 * Version: 1
		 * Group cipher: TKIP
		 * Pairwise ciphers: CCMP TKIP
		 * Authentication suites: PSK
	WMM:	 * Parameter version 1
		 * BE: CW 15-1023, AIFSN 3
		 * BK: CW 15-1023, AIFSN 7
		 * VI: CW 7-15, AIFSN 2, TXOP 3008 usec
		 * VO: CW 3-7, AIFSN 2, TXOP 1504 usec
BSS 40:b7:f3:e5:e5:a0(on wlan0)
	TSF: 152379384104 usec (1d, 18:19:39)
	freq: 2437
	beacon interval: 100 TUs
	capability: ESS Privacy ShortSlotTime (0x0411)
	signal: -60.00 dBm
	last seen: 0 ms ago
	Information elements from Probe Response frame:
	SSID: ATT848
	Supported rates: 1.0* 2.0* 5.5* 11.0* 18.0 24.0 36.0 54.0 
	DS Parameter set: channel 6
	ERP: <no flags>
	ERP D4.0: <no flags>
	RSN:	 * Version: 1
		 * Group cipher: TKIP
		 * Pairwise ciphers: CCMP TKIP
		 * Authentication suites: PSK
		 * Capabilities: 16-PTKSA-RC (0x000c)
	Extended supported rates: 6.0 9.0 12.0 48.0 
	HT capabilities:
		Capabilities: 0x187c
			HT20
			SM Power Save disabled
			RX Greenfield
			RX HT20 SGI
			RX HT40 SGI
			No RX STBC
			Max AMSDU length: 7935 bytes
			DSSS/CCK HT40
		Maximum RX AMPDU length 65535 bytes (exponent: 0x003)
		Minimum RX AMPDU time spacing: 8 usec (0x06)
		HT RX MCS rate indexes supported: 0-15
		HT TX MCS rate indexes are undefined
	HT operation:
		 * primary channel: 6
		 * secondary channel offset: no secondary
		 * STA channel width: 20 MHz
		 * RIFS: 1
		 * HT protection: no
		 * non-GF present: 0
		 * OBSS non-GF present: 0
		 * dual beacon: 0
		 * dual CTS protection: 0
		 * STBC beacon: 0
		 * L-SIG TXOP Prot: 0
		 * PCO active: 0
		 * PCO phase: 0
	Overlapping BSS scan params:
		 * passive dwell: 20 TUs
		 * active dwell: 10 TUs
		 * channel width trigger scan interval: 300 s
		 * scan passive total per channel: 200 TUs
		 * scan active total per channel: 20 TUs
		 * BSS width channel transition delay factor: 5
		 * OBSS Scan Activity Threshold: 0.25 %
	Extended capabilities: HT Information Exchange Supported
	WPA:	 * Version: 1
		 * Group cipher: TKIP
		 * Pairwise ciphers: CCMP TKIP
		 * Authentication suites: PSK
		 * Capabilities: 16-PTKSA-RC (0x000c)
	WMM:	 * Parameter version 1
		 * u-APSD
		 * BE: CW 15-1023, AIFSN 3
		 * BK: CW 15-1023, AIFSN 7
		 * VI: CW 7-15, AIFSN 2, TXOP 3008 usec
		 * VO: CW 3-7, AIFSN 2, TXOP 1504 usec
BSS 00:24:01:f6:58:48(on wlan0)
	TSF: 65709129 usec (0d, 00:01:05)
	freq: 2462
	beacon interval: 100 TUs
	capability: ESS Privacy ShortPreamble ShortSlotTime (0x0431)
	signal: -79.00 dBm
	last seen: 0 ms ago
	Information elements from Probe Response frame:
	SSID: dlink
	Supported rates: 1.0* 2.0* 5.5* 11.0* 6.0 9.0 12.0 18.0 
	DS Parameter set: channel 11
	Country: US	Environment: Indoor/Outdoor
		Channels [1 - 11] @ 27 dBm
	Power constraint: 0 dB
	ERP: <no flags>
	Extended supported rates: 24.0 36.0 48.0 54.0 
	WMM:	 * Parameter version 1
		 * BE: CW 15-1023, AIFSN 3
		 * BK: CW 15-1023, AIFSN 7
		 * VI: CW 7-15, AIFSN 2, TXOP 3008 usec
		 * VO: CW 3-7, AIFSN 2, TXOP 1504 usec
	HT capabilities:
		Capabilities: 0x104c
			HT20
			SM Power Save disabled
			RX HT40 SGI
			No RX STBC
			Max AMSDU length: 3839 bytes
			DSSS/CCK HT40
		Maximum RX AMPDU length 65535 bytes (exponent: 0x003)
		Minimum RX AMPDU time spacing: 8 usec (0x06)
		HT RX MCS rate indexes supported: 0-15
		HT TX MCS rate indexes are undefined
	HT operation:
		 * primary channel: 11
		 * secondary channel offset: no secondary
		 * STA channel width: 20 MHz
		 * RIFS: 0
		 * HT protection: non-HT mixed
		 * non-GF present: 0
		 * OBSS non-GF present: 1
		 * dual beacon: 0
		 * dual CTS protection: 0
		 * STBC beacon: 0
		 * L-SIG TXOP Prot: 0
		 * PCO active: 0
		 * PCO phase: 0
	WPS:	 * Version: 1.0
		 * Wi-Fi Protected Setup State: 2 (Configured)
		 * Selected Registrar: 0x0
		 * Response Type: 3 (AP)
		 * UUID: 565aa949-67c1-4c0e-aa8f-f349e6f59311
		 * Manufacturer: D-Link
		 * Model: D-Link Router
		 * Model Number: DIR-615
		 * Serial Number: none
		 * Primary Device Type: 6-0050f204-1
		 * Device name: D-Link
		 * Config methods: Label, PBC
		 * RF Bands: 0x1
BSS 00:12:a9:14:6c:9c(on wlan0)
	TSF: 5317736550455 usec (61d, 13:08:56)
	freq: 2422
	beacon interval: 100 TUs
	capability: ESS Privacy ShortSlotTime (0x0411)
	signal: -79.00 dBm
	last seen: 8726 ms ago
	Information elements from Probe Response frame:
	SSID: \x00\x00\x00\x00\x00\x00\x00\x00\x00\x00\x00\x00\x00
	Supported rates: 1.0* 2.0* 5.5* 11.0* 6.0 12.0 24.0 36.0 
	DS Parameter set: channel 3
	TIM: DTIM Count 0 DTIM Period 1 Bitmap Control 0x0 Bitmap[0] 0x10
	Country: US	Environment: Indoor/Outdoor
		Channels [1 - 11] @ 27 dBm
	ERP: Barker_Preamble_Mode
	Extended supported rates: 9.0 18.0 48.0 54.0 
BSS e0:06:e6:1d:2e:a1(on wlan0)
	TSF: 2235283499573 usec (25d, 20:54:43)
	freq: 2412
	beacon interval: 100 TUs
	capability: ESS Privacy ShortSlotTime (0x0411)
	signal: -77.00 dBm
	last seen: 0 ms ago
	Information elements from Probe Response frame:
	SSID: DDW361131
	Supported rates: 1.0* 2.0* 5.5* 11.0* 18.0 24.0 36.0 54.0 
	DS Parameter set: channel 1
	ERP: <no flags>
	ERP D4.0: <no flags>
	Extended supported rates: 6.0 9.0 12.0 48.0 
	HT capabilities:
		Capabilities: 0x187c
			HT20
			SM Power Save disabled
			RX Greenfield
			RX HT20 SGI
			RX HT40 SGI
			No RX STBC
			Max AMSDU length: 7935 bytes
			DSSS/CCK HT40
		Maximum RX AMPDU length 65535 bytes (exponent: 0x003)
		Minimum RX AMPDU time spacing: 8 usec (0x06)
		HT RX MCS rate indexes supported: 0-15
		HT TX MCS rate indexes are undefined
	HT operation:
		 * primary channel: 1
		 * secondary channel offset: no secondary
		 * STA channel width: 20 MHz
		 * RIFS: 1
		 * HT protection: no
		 * non-GF present: 0
		 * OBSS non-GF present: 0
		 * dual beacon: 0
		 * dual CTS protection: 0
		 * STBC beacon: 0
		 * L-SIG TXOP Prot: 0
		 * PCO active: 0
		 * PCO phase: 0
	WPA:	 * Version: 1
		 * Group cipher: TKIP
		 * Pairwise ciphers: CCMP TKIP
		 * Authentication suites: PSK
		 * Capabilities: 16-PTKSA-RC (0x000c)
	WMM:	 * Parameter version 1
		 * u-APSD
		 * BE: CW 15-1023, AIFSN 3
		 * BK: CW 15-1023, AIFSN 7
		 * VI: CW 7-15, AIFSN 2, TXOP 3008 usec
		 * VO: CW 3-7, AIFSN 2, TXOP 1504 usec
BSS 20:e5:2a:82:be:f0(on wlan0)
	TSF: 1332132121275 usec (15d, 10:02:12)
	freq: 2412
	beacon interval: 100 TUs
	capability: ESS Privacy ShortPreamble ShortSlotTime (0x0431)
	signal: -76.00 dBm
	last seen: 0 ms ago
	Information elements from Probe Response frame:
	SSID: MightyOrbots
	Supported rates: 1.0* 2.0* 5.5* 11.0* 6.0 9.0 12.0 18.0 
	DS Parameter set: channel 1
	ERP: <no flags>
	RSN:	 * Version: 1
		 * Group cipher: TKIP
		 * Pairwise ciphers: CCMP TKIP
		 * Authentication suites: PSK
		 * Capabilities: (0x0000)
	Extended supported rates: 24.0 36.0 48.0 54.0 
	HT capabilities:
		Capabilities: 0x1ac
			HT20
			SM Power Save disabled
			RX HT20 SGI
			TX STBC
			RX STBC 1-stream
			Max AMSDU length: 3839 bytes
			No DSSS/CCK HT40
		Maximum RX AMPDU length 65535 bytes (exponent: 0x003)
		Minimum RX AMPDU time spacing: 8 usec (0x06)
		HT RX MCS rate indexes supported: 0-14
		HT TX MCS rate indexes are undefined
	HT operation:
		 * primary channel: 1
		 * secondary channel offset: no secondary
		 * STA channel width: 20 MHz
		 * RIFS: 1
		 * HT protection: no
		 * non-GF present: 0
		 * OBSS non-GF present: 0
		 * dual beacon: 0
		 * dual CTS protection: 0
		 * STBC beacon: 0
		 * L-SIG TXOP Prot: 0
		 * PCO active: 0
		 * PCO phase: 0
	Overlapping BSS scan params:
		 * passive dwell: 20 TUs
		 * active dwell: 10 TUs
		 * channel width trigger scan interval: 300 s
		 * scan passive total per channel: 200 TUs
		 * scan active total per channel: 20 TUs
		 * BSS width channel transition delay factor: 5
		 * OBSS Scan Activity Threshold: 0.25 %
	Extended capabilities: HT Information Exchange Supported
	WPA:	 * Version: 1
		 * Group cipher: TKIP
		 * Pairwise ciphers: CCMP TKIP
		 * Authentication suites: PSK
	WMM:	 * Parameter version 1
		 * BE: CW 15-1023, AIFSN 3
		 * BK: CW 15-1023, AIFSN 7
		 * VI: CW 7-15, AIFSN 2, TXOP 3008 usec
		 * VO: CW 3-7, AIFSN 2, TXOP 1504 usec
BSS 40:b7:f3:e5:e5:a0(on wlan0)
	TSF: 152382304384 usec (1d, 18:19:42)
	freq: 2437
	beacon interval: 100 TUs
	capability: ESS Privacy ShortSlotTime (0x0411)
	signal: -64.00 dBm
	last seen: 0 ms ago
	Information elements from Probe Response frame:
	SSID: ATT848
	Supported rates: 1.0* 2.0* 5.5* 11.0* 18.0 24.0 36.0 54.0 
	DS Parameter set: channel 6
	ERP: <no flags>
	ERP D4.0: <no flags>
	RSN:	 * Version: 1
		 * Group cipher: TKIP
		 * Pairwise ciphers: CCMP TKIP
		 * Authentication suites: PSK
		 * Capabilities: 16-PTKSA-RC (0x000c)
	Extended supported rates: 6.0 9.0 12.0 48.0 
	HT capabilities:
		Capabilities: 0x187c
			HT20
			SM Power Save disabled
			RX Greenfield
			RX HT20 SGI
			RX HT40 SGI
			No RX STBC
			Max AMSDU length: 7935 bytes
			DSSS/CCK HT40
		Maximum RX AMPDU length 65535 bytes (exponent: 0x003)
		Minimum RX AMPDU time spacing: 8 usec (0x06)
		HT RX MCS rate indexes supported: 0-15
		HT TX MCS rate indexes are undefined
	HT operation:
		 * primary channel: 6
		 * secondary channel offset: no secondary
		 * STA channel width: 20 MHz
		 * RIFS: 1
		 * HT protection: no
		 * non-GF present: 0
		 * OBSS non-GF present: 0
		 * dual beacon: 0
		 * dual CTS protection: 0
		 * STBC beacon: 0
		 * L-SIG TXOP Prot: 0
		 * PCO active: 0
		 * PCO phase: 0
	Overlapping BSS scan params:
		 * passive dwell: 20 TUs
		 * active dwell: 10 TUs
		 * channel width trigger scan interval: 300 s
		 * scan passive total per channel: 200 TUs
		 * scan active total per channel: 20 TUs
		 * BSS width channel transition delay factor: 5
		 * OBSS Scan Activity Threshold: 0.25 %
	Extended capabilities: HT Information Exchange Supported
	WPA:	 * Version: 1
		 * Group cipher: TKIP
		 * Pairwise ciphers: CCMP TKIP
		 * Authentication suites: PSK
		 * Capabilities: 16-PTKSA-RC (0x000c)
	WMM:	 * Parameter version 1
		 * u-APSD
		 * BE: CW 15-1023, AIFSN 3
		 * BK: CW 15-1023, AIFSN 7
		 * VI: CW 7-15, AIFSN 2, TXOP 3008 usec
		 * VO: CW 3-7, AIFSN 2, TXOP 1504 usec
BSS 00:24:01:f6:58:48(on wlan0)
	TSF: 65709129 usec (0d, 00:01:05)
	freq: 2462
	beacon interval: 100 TUs
	capability: ESS Privacy ShortPreamble ShortSlotTime (0x0431)
	signal: -79.00 dBm
	last seen: 2890 ms ago
	Information elements from Probe Response frame:
	SSID: dlink
	Supported rates: 1.0* 2.0* 5.5* 11.0* 6.0 9.0 12.0 18.0 
	DS Parameter set: channel 11
	Country: US	Environment: Indoor/Outdoor
		Channels [1 - 11] @ 27 dBm
	Power constraint: 0 dB
	ERP: <no flags>
	Extended supported rates: 24.0 36.0 48.0 54.0 
	WMM:	 * Parameter version 1
		 * BE: CW 15-1023, AIFSN 3
		 * BK: CW 15-1023, AIFSN 7
		 * VI: CW 7-15, AIFSN 2, TXOP 3008 usec
		 * VO: CW 3-7, AIFSN 2, TXOP 1504 usec
	HT capabilities:
		Capabilities: 0x104c
			HT20
			SM Power Save disabled
			RX HT40 SGI
			No RX STBC
			Max AMSDU length: 3839 bytes
			DSSS/CCK HT40
		Maximum RX AMPDU length 65535 bytes (exponent: 0x003)
		Minimum RX AMPDU time spacing: 8 usec (0x06)
		HT RX MCS rate indexes supported: 0-15
		HT TX MCS rate indexes are undefined
	HT operation:
		 * primary channel: 11
		 * secondary channel offset: no secondary
		 * STA channel width: 20 MHz
		 * RIFS: 0
		 * HT protection: non-HT mixed
		 * non-GF present: 0
		 * OBSS non-GF present: 1
		 * dual beacon: 0
		 * dual CTS protection: 0
		 * STBC beacon: 0
		 * L-SIG TXOP Prot: 0
		 * PCO active: 0
		 * PCO phase: 0
	WPS:	 * Version: 1.0
		 * Wi-Fi Protected Setup State: 2 (Configured)
		 * Selected Registrar: 0x0
		 * Response Type: 3 (AP)
		 * UUID: 565aa949-67c1-4c0e-aa8f-f349e6f59311
		 * Manufacturer: D-Link
		 * Model: D-Link Router
		 * Model Number: DIR-615
		 * Serial Number: none
		 * Primary Device Type: 6-0050f204-1
		 * Device name: D-Link
		 * Config methods: Label, PBC
		 * RF Bands: 0x1
BSS 00:12:a9:14:6c:9c(on wlan0)
	TSF: 5317745356855 usec (61d, 13:09:05)
	freq: 2422
	beacon interval: 100 TUs
	capability: ESS Privacy ShortSlotTime (0x0411)
	signal: -78.00 dBm
	last seen: 2810 ms ago
	Information elements from Probe Response frame:
	SSID: \x00\x00\x00\x00\x00\x00\x00\x00\x00\x00\x00\x00\x00
	Supported rates: 1.0* 2.0* 5.5* 11.0* 6.0 12.0 24.0 36.0 
	DS Parameter set: channel 3
	TIM: DTIM Count 0 DTIM Period 1 Bitmap Control 0x0 Bitmap[0] 0x10
	Country: US	Environment: Indoor/Outdoor
		Channels [1 - 11] @ 27 dBm
	ERP: Barker_Preamble_Mode
	Extended supported rates: 9.0 18.0 48.0 54.0 
BSS e0:06:e6:1d:2e:a1(on wlan0)
	TSF: 2235286438564 usec (25d, 20:54:46)
	freq: 2412
	beacon interval: 100 TUs
	capability: ESS Privacy ShortSlotTime (0x0411)
	signal: -83.00 dBm
	last seen: 0 ms ago
	Information elements from Probe Response frame:
	SSID: DDW361131
	Supported rates: 1.0* 2.0* 5.5* 11.0* 18.0 24.0 36.0 54.0 
	DS Parameter set: channel 1
	ERP: <no flags>
	ERP D4.0: <no flags>
	Extended supported rates: 6.0 9.0 12.0 48.0 
	HT capabilities:
		Capabilities: 0x187c
			HT20
			SM Power Save disabled
			RX Greenfield
			RX HT20 SGI
			RX HT40 SGI
			No RX STBC
			Max AMSDU length: 7935 bytes
			DSSS/CCK HT40
		Maximum RX AMPDU length 65535 bytes (exponent: 0x003)
		Minimum RX AMPDU time spacing: 8 usec (0x06)
		HT RX MCS rate indexes supported: 0-15
		HT TX MCS rate indexes are undefined
	HT operation:
		 * primary channel: 1
		 * secondary channel offset: no secondary
		 * STA channel width: 20 MHz
		 * RIFS: 1
		 * HT protection: no
		 * non-GF present: 0
		 * OBSS non-GF present: 0
		 * dual beacon: 0
		 * dual CTS protection: 0
		 * STBC beacon: 0
		 * L-SIG TXOP Prot: 0
		 * PCO active: 0
		 * PCO phase: 0
	WPA:	 * Version: 1
		 * Group cipher: TKIP
		 * Pairwise ciphers: CCMP TKIP
		 * Authentication suites: PSK
		 * Capabilities: 16-PTKSA-RC (0x000c)
	WMM:	 * Parameter version 1
		 * u-APSD
		 * BE: CW 15-1023, AIFSN 3
		 * BK: CW 15-1023, AIFSN 7
		 * VI: CW 7-15, AIFSN 2, TXOP 3008 usec
		 * VO: CW 3-7, AIFSN 2, TXOP 1504 usec
BSS 20:e5:2a:82:be:f0(on wlan0)
	TSF: 1332135012419 usec (15d, 10:02:15)
	freq: 2412
	beacon interval: 100 TUs
	capability: ESS Privacy ShortPreamble ShortSlotTime (0x0431)
	signal: -75.00 dBm
	last seen: 0 ms ago
	Information elements from Probe Response frame:
	SSID: MightyOrbots
	Supported rates: 1.0* 2.0* 5.5* 11.0* 6.0 9.0 12.0 18.0 
	DS Parameter set: channel 1
	ERP: <no flags>
	RSN:	 * Version: 1
		 * Group cipher: TKIP
		 * Pairwise ciphers: CCMP TKIP
		 * Authentication suites: PSK
		 * Capabilities: (0x0000)
	Extended supported rates: 24.0 36.0 48.0 54.0 
	HT capabilities:
		Capabilities: 0x1ac
			HT20
			SM Power Save disabled
			RX HT20 SGI
			TX STBC
			RX STBC 1-stream
			Max AMSDU length: 3839 bytes
			No DSSS/CCK HT40
		Maximum RX AMPDU length 65535 bytes (exponent: 0x003)
		Minimum RX AMPDU time spacing: 8 usec (0x06)
		HT RX MCS rate indexes supported: 0-14
		HT TX MCS rate indexes are undefined
	HT operation:
		 * primary channel: 1
		 * secondary channel offset: no secondary
		 * STA channel width: 20 MHz
		 * RIFS: 1
		 * HT protection: no
		 * non-GF present: 0
		 * OBSS non-GF present: 0
		 * dual beacon: 0
		 * dual CTS protection: 0
		 * STBC beacon: 0
		 * L-SIG TXOP Prot: 0
		 * PCO active: 0
		 * PCO phase: 0
	Overlapping BSS scan params:
		 * passive dwell: 20 TUs
		 * active dwell: 10 TUs
		 * channel width trigger scan interval: 300 s
		 * scan passive total per channel: 200 TUs
		 * scan active total per channel: 20 TUs
		 * BSS width channel transition delay factor: 5
		 * OBSS Scan Activity Threshold: 0.25 %
	Extended capabilities: HT Information Exchange Supported
	WPA:	 * Version: 1
		 * Group cipher: TKIP
		 * Pairwise ciphers: CCMP TKIP
		 * Authentication suites: PSK
	WMM:	 * Parameter version 1
		 * BE: CW 15-1023, AIFSN 3
		 * BK: CW 15-1023, AIFSN 7
		 * VI: CW 7-15, AIFSN 2, TXOP 3008 usec
		 * VO: CW 3-7, AIFSN 2, TXOP 1504 usec
BSS 40:b7:f3:e5:e5:a0(on wlan0)
	TSF: 152385257008 usec (1d, 18:19:45)
	freq: 2437
	beacon interval: 100 TUs
	capability: ESS Privacy ShortSlotTime (0x0411)
	signal: -56.00 dBm
	last seen: 0 ms ago
	Information elements from Probe Response frame:
	SSID: ATT848
	Supported rates: 1.0* 2.0* 5.5* 11.0* 18.0 24.0 36.0 54.0 
	DS Parameter set: channel 6
	ERP: <no flags>
	ERP D4.0: <no flags>
	RSN:	 * Version: 1
		 * Group cipher: TKIP
		 * Pairwise ciphers: CCMP TKIP
		 * Authentication suites: PSK
		 * Capabilities: 16-PTKSA-RC (0x000c)
	Extended supported rates: 6.0 9.0 12.0 48.0 
	HT capabilities:
		Capabilities: 0x187c
			HT20
			SM Power Save disabled
			RX Greenfield
			RX HT20 SGI
			RX HT40 SGI
			No RX STBC
			Max AMSDU length: 7935 bytes
			DSSS/CCK HT40
		Maximum RX AMPDU length 65535 bytes (exponent: 0x003)
		Minimum RX AMPDU time spacing: 8 usec (0x06)
		HT RX MCS rate indexes supported: 0-15
		HT TX MCS rate indexes are undefined
	HT operation:
		 * primary channel: 6
		 * secondary channel offset: no secondary
		 * STA channel width: 20 MHz
		 * RIFS: 1
		 * HT protection: no
		 * non-GF present: 0
		 * OBSS non-GF present: 0
		 * dual beacon: 0
		 * dual CTS protection: 0
		 * STBC beacon: 0
		 * L-SIG TXOP Prot: 0
		 * PCO active: 0
		 * PCO phase: 0
	Overlapping BSS scan params:
		 * passive dwell: 20 TUs
		 * active dwell: 10 TUs
		 * channel width trigger scan interval: 300 s
		 * scan passive total per channel: 200 TUs
		 * scan active total per channel: 20 TUs
		 * BSS width channel transition delay factor: 5
		 * OBSS Scan Activity Threshold: 0.25 %
	Extended capabilities: HT Information Exchange Supported
	WPA:	 * Version: 1
		 * Group cipher: TKIP
		 * Pairwise ciphers: CCMP TKIP
		 * Authentication suites: PSK
		 * Capabilities: 16-PTKSA-RC (0x000c)
	WMM:	 * Parameter version 1
		 * u-APSD
		 * BE: CW 15-1023, AIFSN 3
		 * BK: CW 15-1023, AIFSN 7
		 * VI: CW 7-15, AIFSN 2, TXOP 3008 usec
		 * VO: CW 3-7, AIFSN 2, TXOP 1504 usec
BSS 00:24:01:f6:58:48(on wlan0)
	TSF: 71563013 usec (0d, 00:01:11)
	freq: 2462
	beacon interval: 100 TUs
	capability: ESS Privacy ShortPreamble ShortSlotTime (0x0431)
	signal: -82.00 dBm
	last seen: 0 ms ago
	Information elements from Probe Response frame:
	SSID: dlink
	Supported rates: 1.0* 2.0* 5.5* 11.0* 6.0 9.0 12.0 18.0 
	DS Parameter set: channel 11
	Country: US	Environment: Indoor/Outdoor
		Channels [1 - 11] @ 27 dBm
	Power constraint: 0 dB
	ERP: <no flags>
	Extended supported rates: 24.0 36.0 48.0 54.0 
	WMM:	 * Parameter version 1
		 * BE: CW 15-1023, AIFSN 3
		 * BK: CW 15-1023, AIFSN 7
		 * VI: CW 7-15, AIFSN 2, TXOP 3008 usec
		 * VO: CW 3-7, AIFSN 2, TXOP 1504 usec
	HT capabilities:
		Capabilities: 0x104c
			HT20
			SM Power Save disabled
			RX HT40 SGI
			No RX STBC
			Max AMSDU length: 3839 bytes
			DSSS/CCK HT40
		Maximum RX AMPDU length 65535 bytes (exponent: 0x003)
		Minimum RX AMPDU time spacing: 8 usec (0x06)
		HT RX MCS rate indexes supported: 0-15
		HT TX MCS rate indexes are undefined
	HT operation:
		 * primary channel: 11
		 * secondary channel offset: no secondary
		 * STA channel width: 20 MHz
		 * RIFS: 0
		 * HT protection: non-HT mixed
		 * non-GF present: 0
		 * OBSS non-GF present: 1
		 * dual beacon: 0
		 * dual CTS protection: 0
		 * STBC beacon: 0
		 * L-SIG TXOP Prot: 0
		 * PCO active: 0
		 * PCO phase: 0
	WPS:	 * Version: 1.0
		 * Wi-Fi Protected Setup State: 2 (Configured)
		 * Selected Registrar: 0x0
		 * Response Type: 3 (AP)
		 * UUID: 565aa949-67c1-4c0e-aa8f-f349e6f59311
		 * Manufacturer: D-Link
		 * Model: D-Link Router
		 * Model Number: DIR-615
		 * Serial Number: none
		 * Primary Device Type: 6-0050f204-1
		 * Device name: D-Link
		 * Config methods: Label, PBC
		 * RF Bands: 0x1
BSS 00:12:a9:14:6c:9c(on wlan0)
	TSF: 5317748224055 usec (61d, 13:09:08)
	freq: 2422
	beacon interval: 100 TUs
	capability: ESS Privacy ShortSlotTime (0x0411)
	signal: -74.00 dBm
	last seen: 2906 ms ago
	Information elements from Probe Response frame:
	SSID: \x00\x00\x00\x00\x00\x00\x00\x00\x00\x00\x00\x00\x00
	Supported rates: 1.0* 2.0* 5.5* 11.0* 6.0 12.0 24.0 36.0 
	DS Parameter set: channel 3
	TIM: DTIM Count 0 DTIM Period 1 Bitmap Control 0x0 Bitmap[0] 0x10
	Country: US	Environment: Indoor/Outdoor
		Channels [1 - 11] @ 27 dBm
	ERP: Barker_Preamble_Mode
	Extended supported rates: 9.0 18.0 48.0 54.0 
BSS 00:12:a9:14:6c:e6(on wlan0)
	TSF: 4144744755255 usec (47d, 23:19:04)
	freq: 2422
	beacon interval: 100 TUs
	capability: ESS Privacy ShortSlotTime (0x0411)
	signal: -86.00 dBm
	last seen: 2883 ms ago
	Information elements from Probe Response frame:
	SSID: \x00\x00\x00\x00\x00\x00\x00\x00\x00\x00\x00\x00\x00
	Supported rates: 1.0* 2.0* 5.5* 11.0* 6.0 12.0 24.0 36.0 
	DS Parameter set: channel 3
	TIM: DTIM Count 0 DTIM Period 1 Bitmap Control 0x0 Bitmap[0] 0x20
	Country: US	Environment: Indoor/Outdoor
		Channels [1 - 11] @ 27 dBm
	ERP: Barker_Preamble_Mode
	Extended supported rates: 9.0 18.0 48.0 54.0 
