12:31:22.517600 2.0 Mb/s 2412 MHz 11b -63dB signal antenna 3 Retry 258us Probe Response (2WIRE210) [1.0* 2.0* 5.5* 6.0 9.0 11.0* 12.0 18.0 Mbit] CH: 1, PRIVACY
12:31:22.520968 1.0 Mb/s 2412 MHz 11b -87dB signal antenna 3 304us Probe Response (Mom's Network) [1.0* 2.0* 5.5* 11.0* 9.0 18.0 36.0 54.0 Mbit] CH: 1, PRIVACY
12:31:22.555326 2.0 Mb/s 2417 MHz 11b -64dB signal antenna 3 0us Beacon (2WIRE210) [1.0* 2.0* 5.5* 11.0* 6.0 9.0 12.0 18.0 Mbit] ESS CH: 1, PRIVACY
12:31:22.577142 1.0 Mb/s 2427 MHz 11b -83dB signal antenna 3 314us Probe Response (NETGEAR75) [1.0* 2.0* 5.5* 11.0* 6.0 9.0 12.0 18.0 Mbit] CH: 4, PRIVACY
12:31:22.583301 1.0 Mb/s 2427 MHz 11b -84dB signal antenna 3 Retry 314us Probe Response (NETGEAR75) [1.0* 2.0* 5.5* 11.0* 6.0 9.0 12.0 18.0 Mbit] CH: 4, PRIVACY
12:31:22.599988 2.0 Mb/s 2427 MHz 11b -83dB signal antenna 3 0us Beacon (2WIRE451) [1.0* 2.0* 5.5* 11.0* 6.0 9.0 12.0 18.0 Mbit] ESS CH: 4, PRIVACY
12:31:22.605009 1.0 Mb/s 2427 MHz 11b -82dB signal antenna 3 0us Beacon (NETGEAR75) [1.0* 2.0* 5.5* 11.0* 6.0 9.0 12.0 18.0 Mbit] ESS CH: 4, PRIVACY
12:31:22.625461 1.0 Mb/s 2437 MHz 11b -79dB signal antenna 3 314us Probe Response (Belkin_Enhanced_Wireless_EB602D) [1.0* 2.0* 5.5* 11.0* 18.0 24.0 36.0 54.0 Mbit] CH: 6, PRIVACY
12:31:22.635037 2.0 Mb/s 2442 MHz 11b -77dB signal antenna 3 0us Beacon (2WIRE936) [1.0* 2.0* 5.5* 11.0* 6.0 9.0 12.0 18.0 Mbit] ESS CH: 7, PRIVACY
12:31:22.647079 2.0 Mb/s 2447 MHz 11b -69dB signal antenna 3 258us Probe Response (2WIRE095) [1.0* 2.0* 5.5* 6.0 9.0 11.0* 12.0 18.0 Mbit] CH: 8, PRIVACY
12:31:22.685786 1.0 Mb/s 2462 MHz 11b -75dB signal antenna 3 304us Probe Response (Demetria Lynne) [1.0* 2.0* 5.5* 11.0* 9.0 18.0 36.0 54.0 Mbit] CH: 11, PRIVACY
12:31:22.689329 1.0 Mb/s 2462 MHz 11b -72dB signal antenna 3 304us Probe Response (Demetria Lynne) [1.0* 2.0* 5.5* 11.0* 9.0 18.0 36.0 54.0 Mbit] CH: 11, PRIVACY
12:31:22.692961 1.0 Mb/s 2462 MHz 11b -72dB signal antenna 3 304us Probe Response (Demetria Lynne) [1.0* 2.0* 5.5* 11.0* 9.0 18.0 36.0 54.0 Mbit] CH: 11, PRIVACY
12:31:22.693632 2.0 Mb/s 2462 MHz 11b -87dB signal antenna 3 0us Beacon (2WIRE475) [1.0* 2.0* 5.5* 11.0* 6.0 9.0 12.0 18.0 Mbit] ESS CH: 11, PRIVACY
12:31:22.699620 1.0 Mb/s 2462 MHz 11b -70dB signal antenna 3 0us Beacon (Demetria Lynne) [1.0* 2.0* 5.5* 11.0* 9.0 18.0 36.0 54.0 Mbit] ESS CH: 11, PRIVACY
12:31:22.708990 2.0 Mb/s 2462 MHz 11b -89dB signal antenna 3 0us Beacon (2WIRE628) [1.0* 2.0* 5.5* 11.0* 6.0 9.0 12.0 18.0 Mbit] ESS CH: 11, PRIVACY
12:31:25.159700 6.0 Mb/s 5785 MHz 11a -84dB signal antenna 3 0us Beacon (Cisco_261223DC) [6.0* 9.0 12.0* 18.0 24.0* 36.0 48.0 54.0 Mbit] ESS, PRIVACY
12:31:25.411177 1.0 Mb/s 2412 MHz 11b -79dB signal antenna 3 304us Probe Response (Mom's Network) [1.0* 2.0* 5.5* 11.0* 9.0 18.0 36.0 54.0 Mbit] CH: 1, PRIVACY
12:31:25.414673 1.0 Mb/s 2412 MHz 11b -78dB signal antenna 3 304us Probe Response (Mom's Network) [1.0* 2.0* 5.5* 11.0* 9.0 18.0 36.0 54.0 Mbit] CH: 1, PRIVACY
12:31:25.418015 1.0 Mb/s 2412 MHz 11b -80dB signal antenna 3 304us Probe Response (Mom's Network) [1.0* 2.0* 5.5* 11.0* 9.0 18.0 36.0 54.0 Mbit] CH: 1, PRIVACY
12:31:25.422551 2.0 Mb/s 2412 MHz 11b -65dB signal antenna 3 0us Beacon (2WIRE210) [1.0* 2.0* 5.5* 11.0* 6.0 9.0 12.0 18.0 Mbit] ESS CH: 1, PRIVACY
12:31:25.443792 2.0 Mb/s 2417 MHz 11b -68dB signal antenna 3 258us Probe Response (2WIRE210) [1.0* 2.0* 5.5* 6.0 9.0 11.0* 12.0 18.0 Mbit] CH: 1, PRIVACY
12:31:25.472626 1.0 Mb/s 2427 MHz 11b -80dB signal antenna 3 314us Probe Response (NETGEAR75) [1.0* 2.0* 5.5* 11.0* 6.0 9.0 12.0 18.0 Mbit] CH: 4, PRIVACY
12:31:25.516247 1.0 Mb/s 2432 MHz 11b -76dB signal antenna 3 0us Beacon (2135 0463) [1.0* 2.0* 5.5* 11.0* 22.0 Mbit] ESS CH: 6, PRIVACY
12:31:25.540224 1.0 Mb/s 2437 MHz 11b -83dB signal antenna 3 304us Probe Response (HP-Print-05-Deskjet 3510 series) [1.0 2.0 5.5 6.0 9.0 11.0 12.0 18.0 Mbit] CH: 6, PRIVACY
12:31:25.545993 1.0 Mb/s 2437 MHz 11b -79dB signal antenna 3 Retry 314us Probe Response (Belkin_Enhanced_Wireless_EB602D) [1.0* 2.0* 5.5* 11.0* 18.0 24.0 36.0 54.0 Mbit] CH: 6, PRIVACY
12:31:25.548768 1.0 Mb/s 2437 MHz 11b -80dB signal antenna 3 0us Beacon (Belkin_Enhanced_Wireless_EB602D) [1.0* 2.0* 5.5* 11.0* 18.0 24.0 36.0 54.0 Mbit] ESS CH: 6, PRIVACY
12:31:25.552252 1.0 Mb/s 2437 MHz 11b -87dB signal antenna 3 Retry 304us Probe Response (USAFulfilment) [1.0* 2.0* 5.5* 11.0* 9.0 18.0 36.0 54.0 Mbit] CH: 6, PRIVACY
12:31:25.555091 2.0 Mb/s 2437 MHz 11b -76dB signal antenna 3 Retry 260us Probe Response (2135 0463) [1.0* 2.0* 5.5* 11.0* 22.0 Mbit] CH: 6, PRIVACY
12:31:25.563689 1.0 Mb/s 2437 MHz 11b -87dB signal antenna 3 Retry 304us Probe Response (USAFulfilment) [1.0* 2.0* 5.5* 11.0* 9.0 18.0 36.0 54.0 Mbit] CH: 6, PRIVACY
12:31:25.573560 2.0 Mb/s 2442 MHz 11b -79dB signal antenna 3 258us Probe Response (2WIRE936) [1.0* 2.0* 5.5* 6.0 9.0 11.0* 12.0 18.0 Mbit] CH: 7, PRIVACY
12:31:25.574501 2.0 Mb/s 2442 MHz 11b -79dB signal antenna 3 Retry 258us Probe Response (2WIRE936) [1.0* 2.0* 5.5* 6.0 9.0 11.0* 12.0 18.0 Mbit] CH: 7, PRIVACY
12:31:25.575592 2.0 Mb/s 2442 MHz 11b -79dB signal antenna 3 Retry 258us Probe Response (2WIRE936) [1.0* 2.0* 5.5* 6.0 9.0 11.0* 12.0 18.0 Mbit] CH: 7, PRIVACY
12:31:25.604683 2.0 Mb/s 2442 MHz 11b -77dB signal antenna 3 0us Beacon (2WIRE936) [1.0* 2.0* 5.5* 11.0* 6.0 9.0 12.0 18.0 Mbit] ESS CH: 7, PRIVACY
12:31:25.647544 1.0 Mb/s 2462 MHz 11b -69dB signal antenna 3 304us Probe Response (Demetria Lynne) [1.0* 2.0* 5.5* 11.0* 9.0 18.0 36.0 54.0 Mbit] CH: 11, PRIVACY
12:31:25.653815 1.0 Mb/s 2462 MHz 11b -70dB signal antenna 3 304us Probe Response (Demetria Lynne) [1.0* 2.0* 5.5* 11.0* 9.0 18.0 36.0 54.0 Mbit] CH: 11, PRIVACY
12:31:25.657225 1.0 Mb/s 2462 MHz 11b -70dB signal antenna 3 304us Probe Response (Demetria Lynne) [1.0* 2.0* 5.5* 11.0* 9.0 18.0 36.0 54.0 Mbit] CH: 11, PRIVACY
12:31:25.669101 1.0 Mb/s 2462 MHz 11b -72dB signal antenna 3 0us Beacon (Demetria Lynne) [1.0* 2.0* 5.5* 11.0* 9.0 18.0 36.0 54.0 Mbit] ESS CH: 11, PRIVACY
12:31:28.081733 6.0 Mb/s 5785 MHz 11a -83dB signal antenna 3 0us Beacon (Cisco_7DE5120D) [6.0* 9.0 12.0* 18.0 24.0* 36.0 48.0 54.0 Mbit] ESS, PRIVACY
12:31:28.082781 6.0 Mb/s 5785 MHz 11a -80dB signal antenna 3 60us Probe Response (Cisco_261223DC) [6.0* 9.0 12.0* 18.0 24.0* 36.0 48.0 54.0 Mbit], PRIVACY
12:31:28.341670 2.0 Mb/s 2412 MHz 11b -75dB signal antenna 3 Retry 258us Probe Response (2WIRE210) [1.0* 2.0* 5.5* 6.0 9.0 11.0* 12.0 18.0 Mbit] CH: 1, PRIVACY
12:31:28.346494 1.0 Mb/s 2412 MHz 11b -79dB signal antenna 3 304us Probe Response (JAMES B) [1.0* 2.0* 5.5* 11.0* 9.0 18.0 36.0 54.0 Mbit] CH: 1, PRIVACY
12:31:28.349807 1.0 Mb/s 2412 MHz 11b -86dB signal antenna 3 304us Probe Response (Mom's Network) [1.0* 2.0* 5.5* 11.0* 9.0 18.0 36.0 54.0 Mbit] CH: 1, PRIVACY
12:31:28.426468 1.0 Mb/s 2427 MHz 11b -82dB signal antenna 3 Retry 314us Probe Response (NETGEAR75) [1.0* 2.0* 5.5* 11.0* 6.0 9.0 12.0 18.0 Mbit] CH: 4, PRIVACY
12:31:28.445893 1.0 Mb/s 2432 MHz 11b -86dB signal antenna 3 0us Beacon (NETGEAR75) [1.0* 2.0* 5.5* 11.0* 6.0 9.0 12.0 18.0 Mbit] ESS CH: 4, PRIVACY
12:31:28.452140 2.0 Mb/s 2437 MHz 11b -65dB signal antenna 3 258us Probe Response (2WIRE135) [1.0* 2.0* 5.5* 6.0 9.0 11.0* 12.0 18.0 Mbit] CH: 6, PRIVACY
12:31:28.459769 1.0 Mb/s 2437 MHz 11b -80dB signal antenna 3 Retry 314us Probe Response (Belkin_Enhanced_Wireless_EB602D) [1.0* 2.0* 5.5* 11.0* 18.0 24.0 36.0 54.0 Mbit] CH: 6, PRIVACY
12:31:28.485868 1.0 Mb/s 2442 MHz 11b -75dB signal antenna 3 0us Beacon (2135 0463) [1.0* 2.0* 5.5* 11.0* 22.0 Mbit] ESS CH: 6, PRIVACY
12:31:28.497906 1.0 Mb/s 2447 MHz 11b -84dB signal antenna 3 314us Probe Response (SCD_Cool) [1.0* 2.0* 5.5* 11.0* 18.0* 24.0* 36.0* 54.0* Mbit] CH: 8, PRIVACY
12:31:28.536154 1.0 Mb/s 2462 MHz 11b -75dB signal antenna 3 304us Probe Response (Demetria Lynne) [1.0* 2.0* 5.5* 11.0* 9.0 18.0 36.0 54.0 Mbit] CH: 11, PRIVACY
12:31:28.538877 1.0 Mb/s 2462 MHz 11b -73dB signal antenna 3 0us Beacon (Demetria Lynne) [1.0* 2.0* 5.5* 11.0* 9.0 18.0 36.0 54.0 Mbit] ESS CH: 11, PRIVACY
12:31:28.542416 1.0 Mb/s 2462 MHz 11b -73dB signal antenna 3 304us Probe Response (Demetria Lynne) [1.0* 2.0* 5.5* 11.0* 9.0 18.0 36.0 54.0 Mbit] CH: 11, PRIVACY
12:31:28.546062 1.0 Mb/s 2462 MHz 11b -77dB signal antenna 3 304us Probe Response (Demetria Lynne) [1.0* 2.0* 5.5* 11.0* 9.0 18.0 36.0 54.0 Mbit] CH: 11, PRIVACY
12:31:30.996545 6.0 Mb/s 5785 MHz 11a -80dB signal antenna 3 0us Beacon (Cisco_261223DC) [6.0* 9.0 12.0* 18.0 24.0* 36.0 48.0 54.0 Mbit] ESS, PRIVACY
12:31:30.997432 6.0 Mb/s 5785 MHz 11a -80dB signal antenna 3 60us Probe Response (Cisco_261223DC) [6.0* 9.0 12.0* 18.0 24.0* 36.0 48.0 54.0 Mbit], PRIVACY
12:31:31.254225 2.0 Mb/s 2412 MHz 11b -71dB signal antenna 3 258us Probe Response (2WIRE210) [1.0* 2.0* 5.5* 6.0 9.0 11.0* 12.0 18.0 Mbit] CH: 1, PRIVACY
12:31:31.262692 1.0 Mb/s 2412 MHz 11b -88dB signal antenna 3 304us Probe Response (Mom's Network) [1.0* 2.0* 5.5* 11.0* 9.0 18.0 36.0 54.0 Mbit] CH: 1, PRIVACY
12:31:31.279252 1.0 Mb/s 2412 MHz 11b -87dB signal antenna 3 0us Beacon (sonicwall) [1.0* 2.0* 5.5* 11.0* Mbit] ESS CH: 1, PRIVACY
12:31:31.316203 1.0 Mb/s 2427 MHz 11b -85dB signal antenna 3 314us Probe Response (NETGEAR75) [1.0* 2.0* 5.5* 11.0* 6.0 9.0 12.0 18.0 Mbit] CH: 4, PRIVACY
12:31:31.341634 2.0 Mb/s 2437 MHz 11b -69dB signal antenna 3 Retry 258us Probe Response (2WIRE135) [1.0* 2.0* 5.5* 6.0 9.0 11.0* 12.0 18.0 Mbit] CH: 6, PRIVACY
12:31:31.354659 1.0 Mb/s 2437 MHz 11b -78dB signal antenna 3 Retry 314us Probe Response (Belkin_Enhanced_Wireless_EB602D) [1.0* 2.0* 5.5* 11.0* 18.0 24.0 36.0 54.0 Mbit] CH: 6, PRIVACY
12:31:31.361919 1.0 Mb/s 2437 MHz 11b -88dB signal antenna 3 0us Beacon (HP-Print-05-Deskjet 3510 series) [1.0 2.0 5.5 6.0 9.0 11.0 12.0 18.0 Mbit] ESS CH: 6, PRIVACY
12:31:31.373914 2.0 Mb/s 2442 MHz 11b -82dB signal antenna 3 258us Probe Response (2WIRE936) [1.0* 2.0* 5.5* 6.0 9.0 11.0* 12.0 18.0 Mbit] CH: 7, PRIVACY
12:31:31.385241 1.0 Mb/s 2442 MHz 11b -79dB signal antenna 3 0us Beacon (Belkin_Enhanced_Wireless_EB602D) [1.0* 2.0* 5.5* 11.0* 18.0 24.0 36.0 54.0 Mbit] ESS CH: 6, PRIVACY
12:31:31.390123 2.0 Mb/s 2442 MHz 11b -70dB signal antenna 3 0us Beacon (2WIRE095) [1.0* 2.0* 5.5* 11.0* 6.0 9.0 12.0 18.0 Mbit] ESS CH: 8, PRIVACY
12:31:31.408901 2.0 Mb/s 2447 MHz 11b -68dB signal antenna 3 258us Probe Response (2WIRE095) [1.0* 2.0* 5.5* 6.0 9.0 11.0* 12.0 18.0 Mbit] CH: 8, PRIVACY
12:31:31.410405 2.0 Mb/s 2447 MHz 11b -67dB signal antenna 3 Retry 258us Probe Response (2WIRE095) [1.0* 2.0* 5.5* 6.0 9.0 11.0* 12.0 18.0 Mbit] CH: 8, PRIVACY
12:31:31.411885 2.0 Mb/s 2447 MHz 11b -66dB signal antenna 3 Retry 258us Probe Response (2WIRE095) [1.0* 2.0* 5.5* 6.0 9.0 11.0* 12.0 18.0 Mbit] CH: 8, PRIVACY
12:31:31.470360 1.0 Mb/s 2462 MHz 11b -72dB signal antenna 3 304us Probe Response (Demetria Lynne) [1.0* 2.0* 5.5* 11.0* 9.0 18.0 36.0 54.0 Mbit] CH: 11, PRIVACY
12:31:31.473939 1.0 Mb/s 2462 MHz 11b -75dB signal antenna 3 304us Probe Response (Demetria Lynne) [1.0* 2.0* 5.5* 11.0* 9.0 18.0 36.0 54.0 Mbit] CH: 11, PRIVACY
12:31:31.477592 1.0 Mb/s 2462 MHz 11b -73dB signal antenna 3 304us Probe Response (Demetria Lynne) [1.0* 2.0* 5.5* 11.0* 9.0 18.0 36.0 54.0 Mbit] CH: 11, PRIVACY
12:31:33.918572 6.0 Mb/s 5785 MHz 11a -87dB signal antenna 3 0us Beacon (Cisco_7DE5120D) [6.0* 9.0 12.0* 18.0 24.0* 36.0 48.0 54.0 Mbit] ESS, PRIVACY
12:31:33.919567 6.0 Mb/s 5785 MHz 11a -81dB signal antenna 3 60us Probe Response (Cisco_261223DC) [6.0* 9.0 12.0* 18.0 24.0* 36.0 48.0 54.0 Mbit], PRIVACY
12:31:34.219629 1.0 Mb/s 2427 MHz 11b -85dB signal antenna 3 314us Probe Response (NETGEAR75) [1.0* 2.0* 5.5* 11.0* 6.0 9.0 12.0 18.0 Mbit] CH: 4, PRIVACY
12:31:34.243982 2.0 Mb/s 2437 MHz 11b -65dB signal antenna 3 Retry 258us Probe Response (2WIRE135) [1.0* 2.0* 5.5* 6.0 9.0 11.0* 12.0 18.0 Mbit] CH: 6, PRIVACY
12:31:34.248065 1.0 Mb/s 2437 MHz 11b -79dB signal antenna 3 Retry 304us Probe Response (USAFulfilment) [1.0* 2.0* 5.5* 11.0* 9.0 18.0 36.0 54.0 Mbit] CH: 6, PRIVACY
12:31:34.255492 1.0 Mb/s 2437 MHz 11b -79dB signal antenna 3 Retry 304us Probe Response (USAFulfilment) [1.0* 2.0* 5.5* 11.0* 9.0 18.0 36.0 54.0 Mbit] CH: 6, PRIVACY
12:31:34.268810 1.0 Mb/s 2437 MHz 11b -86dB signal antenna 3 Retry 314us Probe Response (Belkin_Enhanced_Wireless_EB602D) [1.0* 2.0* 5.5* 11.0* 18.0 24.0 36.0 54.0 Mbit] CH: 6, PRIVACY
12:31:34.275779 1.0 Mb/s 2437 MHz 11b -80dB signal antenna 3 0us Beacon (USAFulfilment) [1.0* 2.0* 5.5* 11.0* 9.0 18.0 36.0 54.0 Mbit] ESS CH: 6, PRIVACY
12:31:34.281405 2.0 Mb/s 2442 MHz 11b -78dB signal antenna 3 258us Probe Response (2WIRE936) [1.0* 2.0* 5.5* 6.0 9.0 11.0* 12.0 18.0 Mbit] CH: 7, PRIVACY
12:31:34.282990 2.0 Mb/s 2442 MHz 11b -79dB signal antenna 3 Retry 258us Probe Response (2WIRE936) [1.0* 2.0* 5.5* 6.0 9.0 11.0* 12.0 18.0 Mbit] CH: 7, PRIVACY
12:31:34.308827 2.0 Mb/s 2442 MHz 11b -78dB signal antenna 3 0us Beacon (2WIRE936) [1.0* 2.0* 5.5* 11.0* 6.0 9.0 12.0 18.0 Mbit] ESS CH: 7, PRIVACY
12:31:34.353258 1.0 Mb/s 2462 MHz 11b -74dB signal antenna 3 304us Probe Response (Demetria Lynne) [1.0* 2.0* 5.5* 11.0* 9.0 18.0 36.0 54.0 Mbit] CH: 11, PRIVACY
12:31:34.356894 1.0 Mb/s 2462 MHz 11b -77dB signal antenna 3 304us Probe Response (Demetria Lynne) [1.0* 2.0* 5.5* 11.0* 9.0 18.0 36.0 54.0 Mbit] CH: 11, PRIVACY
12:31:34.360760 1.0 Mb/s 2462 MHz 11b -74dB signal antenna 3 304us Probe Response (Demetria Lynne) [1.0* 2.0* 5.5* 11.0* 9.0 18.0 36.0 54.0 Mbit] CH: 11, PRIVACY
12:31:34.363269 2.0 Mb/s 2462 MHz 11b -83dB signal antenna 3 Retry 258us Probe Response (2WIRE475) [1.0* 2.0* 5.5* 6.0 9.0 11.0* 12.0 18.0 Mbit] CH: 11, PRIVACY
12:31:34.366637 2.0 Mb/s 2462 MHz 11b -82dB signal antenna 3 0us Beacon (2WIRE475) [1.0* 2.0* 5.5* 11.0* 6.0 9.0 12.0 18.0 Mbit] ESS CH: 11, PRIVACY
12:31:34.373287 1.0 Mb/s 2462 MHz 11b -74dB signal antenna 3 0us Beacon (Demetria Lynne) [1.0* 2.0* 5.5* 11.0* 9.0 18.0 36.0 54.0 Mbit] ESS CH: 11, PRIVACY
12:31:34.382810 2.0 Mb/s 2462 MHz 11b -88dB signal antenna 3 0us Beacon (2WIRE628) [1.0* 2.0* 5.5* 11.0* 6.0 9.0 12.0 18.0 Mbit] ESS CH: 11, PRIVACY
12:31:36.785772 6.0 Mb/s 5785 MHz 11a -87dB signal antenna 3 0us Beacon (Cisco_7DE5120D) [6.0* 9.0 12.0* 18.0 24.0* 36.0 48.0 54.0 Mbit] ESS, PRIVACY
12:31:36.786966 6.0 Mb/s 5785 MHz 11a -77dB signal antenna 3 60us Probe Response (Cisco_261223DC) [6.0* 9.0 12.0* 18.0 24.0* 36.0 48.0 54.0 Mbit], PRIVACY
12:31:37.045227 2.0 Mb/s 2412 MHz 11b -66dB signal antenna 3 258us Probe Response (2WIRE210) [1.0* 2.0* 5.5* 6.0 9.0 11.0* 12.0 18.0 Mbit] CH: 1, PRIVACY
12:31:37.046706 2.0 Mb/s 2412 MHz 11b -65dB signal antenna 3 Retry 258us Probe Response (2WIRE210) [1.0* 2.0* 5.5* 6.0 9.0 11.0* 12.0 18.0 Mbit] CH: 1, PRIVACY
12:31:37.048313 2.0 Mb/s 2412 MHz 11b -66dB signal antenna 3 Retry 258us Probe Response (2WIRE210) [1.0* 2.0* 5.5* 6.0 9.0 11.0* 12.0 18.0 Mbit] CH: 1, PRIVACY
12:31:37.096213 2.0 Mb/s 2422 MHz 11b -75dB signal antenna 3 0us Beacon (2WIRE210) [1.0* 2.0* 5.5* 11.0* 6.0 9.0 12.0 18.0 Mbit] ESS CH: 1, PRIVACY
12:31:37.105151 1.0 Mb/s 2427 MHz 11b -75dB signal antenna 3 314us Probe Response (NETGEAR75) [1.0* 2.0* 5.5* 11.0* 6.0 9.0 12.0 18.0 Mbit] CH: 4, PRIVACY
12:31:37.118004 1.0 Mb/s 2432 MHz 11b -81dB signal antenna 3 314us Probe Response (Belkin_Enhanced_Wireless_EB602D) [1.0* 2.0* 5.5* 11.0* 18.0 24.0 36.0 54.0 Mbit] CH: 6, PRIVACY
12:31:37.120823 1.0 Mb/s 2432 MHz 11b -80dB signal antenna 3 0us Beacon (Belkin_Enhanced_Wireless_EB602D) [1.0* 2.0* 5.5* 11.0* 18.0 24.0 36.0 54.0 Mbit] ESS CH: 6, PRIVACY
12:31:37.125036 1.0 Mb/s 2432 MHz 11b -80dB signal antenna 3 Retry 314us Probe Response (Belkin_Enhanced_Wireless_EB602D) [1.0* 2.0* 5.5* 11.0* 18.0 24.0 36.0 54.0 Mbit] CH: 6, PRIVACY
12:31:37.133479 1.0 Mb/s 2432 MHz 11b -80dB signal antenna 3 Retry 314us Probe Response (Belkin_Enhanced_Wireless_EB602D) [1.0* 2.0* 5.5* 11.0* 18.0 24.0 36.0 54.0 Mbit] CH: 6, PRIVACY
12:31:37.141744 1.0 Mb/s 2432 MHz 11b -79dB signal antenna 3 0us Beacon (NETGEAR75) [1.0* 2.0* 5.5* 11.0* 6.0 9.0 12.0 18.0 Mbit] ESS CH: 4, PRIVACY
12:31:37.160692 1.0 Mb/s 2437 MHz 11b -81dB signal antenna 3 0us Beacon (ATT952) [1.0* 2.0* 5.5* 11.0* 18.0 24.0 36.0 54.0 Mbit] ESS CH: 6, PRIVACY
12:31:37.167156 1.0 Mb/s 2437 MHz 11b -78dB signal antenna 3 Retry 314us Probe Response (Belkin_Enhanced_Wireless_EB602D) [1.0* 2.0* 5.5* 11.0* 18.0 24.0 36.0 54.0 Mbit] CH: 6, PRIVACY
12:31:37.170526 1.0 Mb/s 2437 MHz 11b -80dB signal antenna 3 Retry 314us Probe Response (ATT952) [1.0* 2.0* 5.5* 11.0* 18.0 24.0 36.0 54.0 Mbit] CH: 6, PRIVACY
12:31:37.188867 1.0 Mb/s 2442 MHz 11b -77dB signal antenna 3 314us Probe Response (Belkin_Enhanced_Wireless_EB602D) [1.0* 2.0* 5.5* 11.0* 18.0 24.0 36.0 54.0 Mbit] CH: 6, PRIVACY
12:31:37.210022 1.0 Mb/s 2442 MHz 11b -78dB signal antenna 3 Retry 314us Probe Response (Belkin_Enhanced_Wireless_EB602D) [1.0* 2.0* 5.5* 11.0* 18.0 24.0 36.0 54.0 Mbit] CH: 6, PRIVACY
12:31:37.221931 2.0 Mb/s 2447 MHz 11b -68dB signal antenna 3 Retry 258us Probe Response (2WIRE095) [1.0* 2.0* 5.5* 6.0 9.0 11.0* 12.0 18.0 Mbit] CH: 8, PRIVACY
12:31:37.223965 2.0 Mb/s 2447 MHz 11b -69dB signal antenna 3 Retry 258us Probe Response (2WIRE095) [1.0* 2.0* 5.5* 6.0 9.0 11.0* 12.0 18.0 Mbit] CH: 8, PRIVACY
12:31:37.227008 2.0 Mb/s 2447 MHz 11b -69dB signal antenna 3 0us Beacon (2WIRE095) [1.0* 2.0* 5.5* 11.0* 6.0 9.0 12.0 18.0 Mbit] ESS CH: 8, PRIVACY
12:31:37.231773 2.0 Mb/s 2447 MHz 11b -80dB signal antenna 3 0us Beacon (2WIRE135) [1.0* 2.0* 5.5* 11.0* 6.0 9.0 12.0 18.0 Mbit] ESS CH: 6, PRIVACY
12:31:37.247837 1.0 Mb/s 2447 MHz 11b -86dB signal antenna 3 0us Beacon (SCD_Cool) [1.0* 2.0* 5.5* 11.0* 18.0* 24.0* 36.0* 54.0* Mbit] ESS CH: 8, PRIVACY
12:31:37.282196 1.0 Mb/s 2462 MHz 11b -73dB signal antenna 3 304us Probe Response (Demetria Lynne) [1.0* 2.0* 5.5* 11.0* 9.0 18.0 36.0 54.0 Mbit] CH: 11, PRIVACY
12:31:37.283071 6.0 Mb/s 2462 MHz 11g -88dB signal antenna 3 Retry 60us Probe Response (DIRECT-iaSCX-3400) [6.0* 9.0 12.0 18.0 24.0 36.0 48.0 54.0 Mbit] CH: 11, PRIVACY
12:31:37.287597 1.0 Mb/s 2462 MHz 11b -76dB signal antenna 3 304us Probe Response (Demetria Lynne) [1.0* 2.0* 5.5* 11.0* 9.0 18.0 36.0 54.0 Mbit] CH: 11, PRIVACY
12:31:37.291122 1.0 Mb/s 2462 MHz 11b -77dB signal antenna 3 304us Probe Response (Demetria Lynne) [1.0* 2.0* 5.5* 11.0* 9.0 18.0 36.0 54.0 Mbit] CH: 11, PRIVACY
12:31:39.803000 6.0 Mb/s 5785 MHz 11a -77dB signal antenna 3 0us Beacon (Cisco_261223DC) [6.0* 9.0 12.0* 18.0 24.0* 36.0 48.0 54.0 Mbit] ESS, PRIVACY
12:31:39.803912 6.0 Mb/s 5785 MHz 11a -77dB signal antenna 3 60us Probe Response (Cisco_261223DC) [6.0* 9.0 12.0* 18.0 24.0* 36.0 48.0 54.0 Mbit], PRIVACY
12:31:40.068215 1.0 Mb/s 2412 MHz 11b -86dB signal antenna 3 304us Probe Response (Mom's Network) [1.0* 2.0* 5.5* 11.0* 9.0 18.0 36.0 54.0 Mbit] CH: 1, PRIVACY
12:31:40.081288 1.0 Mb/s 2412 MHz 11b -86dB signal antenna 3 0us Beacon (zonetwl) [1.0* 2.0* 5.5* 11.0* 6.0 9.0 12.0 18.0 Mbit] ESS CH: 1, PRIVACY
12:31:40.085687 1.0 Mb/s 2412 MHz 11b -88dB signal antenna 3 0us Beacon (sonicwall) [1.0* 2.0* 5.5* 11.0* Mbit] ESS CH: 1, PRIVACY
12:31:40.094346 2.0 Mb/s 2417 MHz 11b -71dB signal antenna 3 258us Probe Response (2WIRE210) [1.0* 2.0* 5.5* 6.0 9.0 11.0* 12.0 18.0 Mbit] CH: 1, PRIVACY
12:31:40.144321 1.0 Mb/s 2427 MHz 11b -79dB signal antenna 3 314us Probe Response (NETGEAR75) [1.0* 2.0* 5.5* 11.0* 6.0 9.0 12.0 18.0 Mbit] CH: 4, PRIVACY
12:31:40.156576 1.0 Mb/s 2432 MHz 11b -80dB signal antenna 3 314us Probe Response (NETGEAR75) [1.0* 2.0* 5.5* 11.0* 6.0 9.0 12.0 18.0 Mbit] CH: 4, PRIVACY
12:31:40.173247 1.0 Mb/s 2437 MHz 11b -80dB signal antenna 3 314us Probe Response (ATT952) [1.0* 2.0* 5.5* 11.0* 18.0 24.0 36.0 54.0 Mbit] CH: 6, PRIVACY
12:31:40.179375 1.0 Mb/s 2437 MHz 11b -76dB signal antenna 3 Retry 314us Probe Response (Belkin_Enhanced_Wireless_EB602D) [1.0* 2.0* 5.5* 11.0* 18.0 24.0 36.0 54.0 Mbit] CH: 6, PRIVACY
12:31:40.191805 1.0 Mb/s 2437 MHz 11b -76dB signal antenna 3 0us Beacon (Belkin_Enhanced_Wireless_EB602D) [1.0* 2.0* 5.5* 11.0* 18.0 24.0 36.0 54.0 Mbit] ESS CH: 6, PRIVACY
12:31:40.196647 2.0 Mb/s 2437 MHz 11b -76dB signal antenna 3 0us Beacon (2WIRE095) [1.0* 2.0* 5.5* 11.0* 6.0 9.0 12.0 18.0 Mbit] ESS CH: 8, PRIVACY
12:31:40.201361 2.0 Mb/s 2437 MHz 11b -75dB signal antenna 3 0us Beacon (2WIRE135) [1.0* 2.0* 5.5* 11.0* 6.0 9.0 12.0 18.0 Mbit] ESS CH: 6, PRIVACY
12:31:40.214983 1.0 Mb/s 2442 MHz 11b -83dB signal antenna 3 0us Beacon (USAFulfilment) [1.0* 2.0* 5.5* 11.0* 9.0 18.0 36.0 54.0 Mbit] ESS CH: 6, PRIVACY
12:31:40.218387 2.0 Mb/s 2447 MHz 11b -73dB signal antenna 3 258us Probe Response (2WIRE095) [1.0* 2.0* 5.5* 6.0 9.0 11.0* 12.0 18.0 Mbit] CH: 8, PRIVACY
12:31:40.220498 2.0 Mb/s 2447 MHz 11b -72dB signal antenna 3 Retry 258us Probe Response (2WIRE095) [1.0* 2.0* 5.5* 6.0 9.0 11.0* 12.0 18.0 Mbit] CH: 8, PRIVACY
12:31:40.231805 1.0 Mb/s 2447 MHz 11b -87dB signal antenna 3 0us Beacon (SCD_Cool) [1.0* 2.0* 5.5* 11.0* 18.0* 24.0* 36.0* 54.0* Mbit] ESS CH: 8, PRIVACY
12:31:40.279803 1.0 Mb/s 2462 MHz 11b -72dB signal antenna 3 304us Probe Response (Demetria Lynne) [1.0* 2.0* 5.5* 11.0* 9.0 18.0 36.0 54.0 Mbit] CH: 11, PRIVACY
12:31:40.281145 2.0 Mb/s 2462 MHz 11b -83dB signal antenna 3 Retry 258us Probe Response (2WIRE475) [1.0* 2.0* 5.5* 6.0 9.0 11.0* 12.0 18.0 Mbit] CH: 11, PRIVACY
12:31:40.284746 1.0 Mb/s 2462 MHz 11b -73dB signal antenna 3 304us Probe Response (Demetria Lynne) [1.0* 2.0* 5.5* 11.0* 9.0 18.0 36.0 54.0 Mbit] CH: 11, PRIVACY
12:31:40.288238 1.0 Mb/s 2462 MHz 11b -73dB signal antenna 3 304us Probe Response (Demetria Lynne) [1.0* 2.0* 5.5* 11.0* 9.0 18.0 36.0 54.0 Mbit] CH: 11, PRIVACY
12:31:40.305872 2.0 Mb/s 2462 MHz 11b -83dB signal antenna 3 0us Beacon (2WIRE475) [1.0* 2.0* 5.5* 11.0* 6.0 9.0 12.0 18.0 Mbit] ESS CH: 11, PRIVACY
12:31:42.772603 6.0 Mb/s 5785 MHz 11a -79dB signal antenna 3 0us Beacon (Cisco_261223DC) [6.0* 9.0 12.0* 18.0 24.0* 36.0 48.0 54.0 Mbit] ESS, PRIVACY
12:31:42.773440 6.0 Mb/s 5785 MHz 11a -80dB signal antenna 3 60us Probe Response (Cisco_261223DC) [6.0* 9.0 12.0* 18.0 24.0* 36.0 48.0 54.0 Mbit], PRIVACY
12:31:43.031474 1.0 Mb/s 2412 MHz 11b -75dB signal antenna 3 304us Probe Response (JAMES B) [1.0* 2.0* 5.5* 11.0* 9.0 18.0 36.0 54.0 Mbit] CH: 1, PRIVACY
12:31:43.032347 2.0 Mb/s 2412 MHz 11b -71dB signal antenna 3 Retry 258us Probe Response (2WIRE210) [1.0* 2.0* 5.5* 6.0 9.0 11.0* 12.0 18.0 Mbit] CH: 1, PRIVACY
12:31:43.037830 1.0 Mb/s 2412 MHz 11b -77dB signal antenna 3 304us Probe Response (JAMES B) [1.0* 2.0* 5.5* 11.0* 9.0 18.0 36.0 54.0 Mbit] CH: 1, PRIVACY
12:31:43.050915 1.0 Mb/s 2412 MHz 11b -86dB signal antenna 3 0us Beacon (zonetwl) [1.0* 2.0* 5.5* 11.0* 6.0 9.0 12.0 18.0 Mbit] ESS CH: 1, PRIVACY
12:31:43.098098 1.0 Mb/s 2427 MHz 11b -80dB signal antenna 3 314us Probe Response (NETGEAR75) [1.0* 2.0* 5.5* 11.0* 6.0 9.0 12.0 18.0 Mbit] CH: 4, PRIVACY
12:31:43.120486 1.0 Mb/s 2437 MHz 11b -79dB signal antenna 3 314us Probe Response (ATT952) [1.0* 2.0* 5.5* 11.0* 18.0 24.0 36.0 54.0 Mbit] CH: 6, PRIVACY
12:31:43.131762 2.0 Mb/s 2442 MHz 11b -73dB signal antenna 3 258us Probe Response (2WIRE936) [1.0* 2.0* 5.5* 6.0 9.0 11.0* 12.0 18.0 Mbit] CH: 7, PRIVACY
12:31:43.143970 2.0 Mb/s 2447 MHz 11b -70dB signal antenna 3 258us Probe Response (2WIRE095) [1.0* 2.0* 5.5* 6.0 9.0 11.0* 12.0 18.0 Mbit] CH: 8, PRIVACY
12:31:43.179780 1.0 Mb/s 2457 MHz 11b -69dB signal antenna 3 0us Beacon (Demetria Lynne) [1.0* 2.0* 5.5* 11.0* 9.0 18.0 36.0 54.0 Mbit] ESS CH: 11, PRIVACY
12:31:43.185223 1.0 Mb/s 2462 MHz 11b -69dB signal antenna 3 304us Probe Response (Demetria Lynne) [1.0* 2.0* 5.5* 11.0* 9.0 18.0 36.0 54.0 Mbit] CH: 11, PRIVACY
12:31:43.188840 1.0 Mb/s 2462 MHz 11b -71dB signal antenna 3 304us Probe Response (Demetria Lynne) [1.0* 2.0* 5.5* 11.0* 9.0 18.0 36.0 54.0 Mbit] CH: 11, PRIVACY
12:31:43.192336 1.0 Mb/s 2462 MHz 11b -71dB signal antenna 3 304us Probe Response (Demetria Lynne) [1.0* 2.0* 5.5* 11.0* 9.0 18.0 36.0 54.0 Mbit] CH: 11, PRIVACY
12:31:45.639800 6.0 Mb/s 5785 MHz 11a -77dB signal antenna 3 0us Beacon (Cisco_261223DC) [6.0* 9.0 12.0* 18.0 24.0* 36.0 48.0 54.0 Mbit] ESS, PRIVACY
12:31:45.640881 6.0 Mb/s 5785 MHz 11a -77dB signal antenna 3 60us Probe Response (Cisco_261223DC) [6.0* 9.0 12.0* 18.0 24.0* 36.0 48.0 54.0 Mbit], PRIVACY
12:31:45.641529 6.0 Mb/s 5785 MHz 11a -84dB signal antenna 3 Retry 60us Probe Response (Cisco_7DE5120D) [6.0* 9.0 12.0* 18.0 24.0* 36.0 48.0 54.0 Mbit], PRIVACY
12:31:45.922502 1.0 Mb/s 2412 MHz 11b -88dB signal antenna 3 0us Beacon (sonicwall) [1.0* 2.0* 5.5* 11.0* Mbit] ESS CH: 1, PRIVACY
12:31:45.946192 1.0 Mb/s 2422 MHz 11b -79dB signal antenna 3 314us Probe Response (NETGEAR75) [1.0* 2.0* 5.5* 11.0* 6.0 9.0 12.0 18.0 Mbit] CH: 4, PRIVACY
12:31:45.981804 1.0 Mb/s 2427 MHz 11b -79dB signal antenna 3 314us Probe Response (NETGEAR75) [1.0* 2.0* 5.5* 11.0* 6.0 9.0 12.0 18.0 Mbit] CH: 4, PRIVACY
12:31:45.984049 2.0 Mb/s 2427 MHz 11b -76dB signal antenna 3 Retry 258us Probe Response (2WIRE451) [1.0* 2.0* 5.5* 6.0 9.0 11.0* 12.0 18.0 Mbit] CH: 4, PRIVACY
12:31:46.016824 1.0 Mb/s 2432 MHz 11b -81dB signal antenna 3 314us Probe Response (NETGEAR75) [1.0* 2.0* 5.5* 11.0* 6.0 9.0 12.0 18.0 Mbit] CH: 4, PRIVACY
12:31:46.029755 1.0 Mb/s 2437 MHz 11b -75dB signal antenna 3 314us Probe Response (Belkin_Enhanced_Wireless_EB602D) [1.0* 2.0* 5.5* 11.0* 18.0 24.0 36.0 54.0 Mbit] CH: 6, PRIVACY
12:31:46.032555 1.0 Mb/s 2437 MHz 11b -75dB signal antenna 3 0us Beacon (Belkin_Enhanced_Wireless_EB602D) [1.0* 2.0* 5.5* 11.0* 18.0 24.0 36.0 54.0 Mbit] ESS CH: 6, PRIVACY
12:31:46.033495 2.0 Mb/s 2437 MHz 11b -75dB signal antenna 3 0us Beacon (2WIRE095) [1.0* 2.0* 5.5* 11.0* 6.0 9.0 12.0 18.0 Mbit] ESS CH: 8, PRIVACY
12:31:46.038256 2.0 Mb/s 2437 MHz 11b -66dB signal antenna 3 0us Beacon (2WIRE135) [1.0* 2.0* 5.5* 11.0* 6.0 9.0 12.0 18.0 Mbit] ESS CH: 6, PRIVACY
12:31:46.054454 1.0 Mb/s 2437 MHz 11b -87dB signal antenna 3 0us Beacon (ATT316) [1.0* 2.0* 5.5* 11.0* 18.0 24.0 36.0 54.0 Mbit] ESS CH: 6, PRIVACY
12:31:46.068912 1.0 Mb/s 2442 MHz 11b -85dB signal antenna 3 0us Beacon (ATT952) [1.0* 2.0* 5.5* 11.0* 18.0 24.0 36.0 54.0 Mbit] ESS CH: 6, PRIVACY
12:31:46.074982 2.0 Mb/s 2447 MHz 11b -73dB signal antenna 3 258us Probe Response (2WIRE095) [1.0* 2.0* 5.5* 6.0 9.0 11.0* 12.0 18.0 Mbit] CH: 8, PRIVACY
12:31:46.115650 1.0 Mb/s 2462 MHz 11b -65dB signal antenna 3 304us Probe Response (Demetria Lynne) [1.0* 2.0* 5.5* 11.0* 9.0 18.0 36.0 54.0 Mbit] CH: 11, PRIVACY
12:31:46.119279 1.0 Mb/s 2462 MHz 11b -67dB signal antenna 3 304us Probe Response (Demetria Lynne) [1.0* 2.0* 5.5* 11.0* 9.0 18.0 36.0 54.0 Mbit] CH: 11, PRIVACY
12:31:46.122909 1.0 Mb/s 2462 MHz 11b -68dB signal antenna 3 304us Probe Response (Demetria Lynne) [1.0* 2.0* 5.5* 11.0* 9.0 18.0 36.0 54.0 Mbit] CH: 11, PRIVACY
12:31:46.124281 2.0 Mb/s 2462 MHz 11b -86dB signal antenna 3 Retry 258us Probe Response (2WIRE475) [1.0* 2.0* 5.5* 6.0 9.0 11.0* 12.0 18.0 Mbit] CH: 11, PRIVACY
12:31:46.142721 2.0 Mb/s 2462 MHz 11b -86dB signal antenna 3 0us Beacon (2WIRE475) [1.0* 2.0* 5.5* 11.0* 6.0 9.0 12.0 18.0 Mbit] ESS CH: 11, PRIVACY
12:31:48.561854 6.0 Mb/s 5785 MHz 11a -83dB signal antenna 3 0us Beacon (Cisco_7DE5120D) [6.0* 9.0 12.0* 18.0 24.0* 36.0 48.0 54.0 Mbit] ESS, PRIVACY
12:31:48.562863 6.0 Mb/s 5785 MHz 11a -82dB signal antenna 3 60us Probe Response (Cisco_261223DC) [6.0* 9.0 12.0* 18.0 24.0* 36.0 48.0 54.0 Mbit], PRIVACY
12:31:48.819343 1.0 Mb/s 2412 MHz 11b -82dB signal antenna 3 0us Beacon (Mom's Network) [1.0* 2.0* 5.5* 11.0* 9.0 18.0 36.0 54.0 Mbit] ESS CH: 1, PRIVACY
12:31:48.823424 2.0 Mb/s 2412 MHz 11b -69dB signal antenna 3 Retry 258us Probe Response (2WIRE210) [1.0* 2.0* 5.5* 6.0 9.0 11.0* 12.0 18.0 Mbit] CH: 1, PRIVACY
12:31:48.853656 2.0 Mb/s 2417 MHz 11b -67dB signal antenna 3 258us Probe Response (2WIRE210) [1.0* 2.0* 5.5* 6.0 9.0 11.0* 12.0 18.0 Mbit] CH: 1, PRIVACY
12:31:48.855407 2.0 Mb/s 2417 MHz 11b -69dB signal antenna 3 Retry 258us Probe Response (2WIRE210) [1.0* 2.0* 5.5* 6.0 9.0 11.0* 12.0 18.0 Mbit] CH: 1, PRIVACY
12:31:48.903461 1.0 Mb/s 2427 MHz 11b -78dB signal antenna 3 314us Probe Response (NETGEAR75) [1.0* 2.0* 5.5* 11.0* 6.0 9.0 12.0 18.0 Mbit] CH: 4, PRIVACY
12:31:48.926647 1.0 Mb/s 2437 MHz 11b -83dB signal antenna 3 314us Probe Response (ATT952) [1.0* 2.0* 5.5* 11.0* 18.0 24.0 36.0 54.0 Mbit] CH: 6, PRIVACY
12:31:48.931347 1.0 Mb/s 2437 MHz 11b -86dB signal antenna 3 0us Beacon (linksys) [1.0* 2.0* 5.5* 11.0* 18.0 24.0 36.0 54.0 Mbit] ESS CH: 6
12:31:48.936150 1.0 Mb/s 2437 MHz 11b -85dB signal antenna 3 0us Beacon (ATT952) [1.0* 2.0* 5.5* 11.0* 18.0 24.0 36.0 54.0 Mbit] ESS CH: 6, PRIVACY
12:31:48.973534 2.0 Mb/s 2447 MHz 11b -72dB signal antenna 3 258us Probe Response (2WIRE095) [1.0* 2.0* 5.5* 6.0 9.0 11.0* 12.0 18.0 Mbit] CH: 8, PRIVACY
12:31:49.012183 1.0 Mb/s 2462 MHz 11b -71dB signal antenna 3 304us Probe Response (Demetria Lynne) [1.0* 2.0* 5.5* 11.0* 9.0 18.0 36.0 54.0 Mbit] CH: 11, PRIVACY
12:31:49.016068 1.0 Mb/s 2462 MHz 11b -72dB signal antenna 3 304us Probe Response (Demetria Lynne) [1.0* 2.0* 5.5* 11.0* 9.0 18.0 36.0 54.0 Mbit] CH: 11, PRIVACY
12:31:49.018945 1.0 Mb/s 2462 MHz 11b -71dB signal antenna 3 0us Beacon (Demetria Lynne) [1.0* 2.0* 5.5* 11.0* 9.0 18.0 36.0 54.0 Mbit] ESS CH: 11, PRIVACY
12:31:49.022535 1.0 Mb/s 2462 MHz 11b -73dB signal antenna 3 304us Probe Response (Demetria Lynne) [1.0* 2.0* 5.5* 11.0* 9.0 18.0 36.0 54.0 Mbit] CH: 11, PRIVACY
12:31:49.024179 2.0 Mb/s 2462 MHz 11b -85dB signal antenna 3 Retry 258us Probe Response (2WIRE475) [1.0* 2.0* 5.5* 6.0 9.0 11.0* 12.0 18.0 Mbit] CH: 11, PRIVACY
12:31:49.026208 2.0 Mb/s 2462 MHz 11b -86dB signal antenna 3 0us Beacon (2WIRE628) [1.0* 2.0* 5.5* 11.0* 6.0 9.0 12.0 18.0 Mbit] ESS CH: 11, PRIVACY
12:31:51.476621 6.0 Mb/s 5785 MHz 11a -80dB signal antenna 3 0us Beacon (Cisco_261223DC) [6.0* 9.0 12.0* 18.0 24.0* 36.0 48.0 54.0 Mbit] ESS, PRIVACY
12:31:51.477707 6.0 Mb/s 5785 MHz 11a -78dB signal antenna 3 60us Probe Response (Cisco_261223DC) [6.0* 9.0 12.0* 18.0 24.0* 36.0 48.0 54.0 Mbit], PRIVACY
12:31:51.478305 6.0 Mb/s 5785 MHz 11a -83dB signal antenna 3 Retry 60us Probe Response (Cisco_7DE5120D) [6.0* 9.0 12.0* 18.0 24.0* 36.0 48.0 54.0 Mbit], PRIVACY
12:31:51.733157 2.0 Mb/s 2412 MHz 11b -65dB signal antenna 3 258us Probe Response (2WIRE210) [1.0* 2.0* 5.5* 6.0 9.0 11.0* 12.0 18.0 Mbit] CH: 1, PRIVACY
12:31:51.738314 1.0 Mb/s 2412 MHz 11b -81dB signal antenna 3 304us Probe Response (JAMES B) [1.0* 2.0* 5.5* 11.0* 9.0 18.0 36.0 54.0 Mbit] CH: 1, PRIVACY
12:31:51.739463 2.0 Mb/s 2412 MHz 11b -66dB signal antenna 3 0us Beacon (2WIRE210) [1.0* 2.0* 5.5* 11.0* 6.0 9.0 12.0 18.0 Mbit] ESS CH: 1, PRIVACY
12:31:51.784447 2.0 Mb/s 2422 MHz 11b -82dB signal antenna 3 0us Beacon (2WIRE451) [1.0* 2.0* 5.5* 11.0* 6.0 9.0 12.0 18.0 Mbit] ESS CH: 4, PRIVACY
12:31:51.817851 1.0 Mb/s 2427 MHz 11b -80dB signal antenna 3 314us Probe Response (NETGEAR75) [1.0* 2.0* 5.5* 11.0* 6.0 9.0 12.0 18.0 Mbit] CH: 4, PRIVACY
12:31:51.819480 2.0 Mb/s 2427 MHz 11b -78dB signal antenna 3 Retry 258us Probe Response (2WIRE451) [1.0* 2.0* 5.5* 6.0 9.0 11.0* 12.0 18.0 Mbit] CH: 4, PRIVACY
12:31:51.841979 2.0 Mb/s 2427 MHz 11b -77dB signal antenna 3 0us Beacon (2WIRE210) [1.0* 2.0* 5.5* 11.0* 6.0 9.0 12.0 18.0 Mbit] ESS CH: 1, PRIVACY
12:31:51.870144 1.0 Mb/s 2437 MHz 11b -77dB signal antenna 3 0us Beacon (Belkin_Enhanced_Wireless_EB602D) [1.0* 2.0* 5.5* 11.0* 18.0 24.0 36.0 54.0 Mbit] ESS CH: 6, PRIVACY
12:31:51.871548 2.0 Mb/s 2437 MHz 11b -67dB signal antenna 3 Retry 258us Probe Response (2WIRE135) [1.0* 2.0* 5.5* 6.0 9.0 11.0* 12.0 18.0 Mbit] CH: 6, PRIVACY
12:31:51.875065 2.0 Mb/s 2437 MHz 11b -66dB signal antenna 3 0us Beacon (2WIRE135) [1.0* 2.0* 5.5* 11.0* 6.0 9.0 12.0 18.0 Mbit] ESS CH: 6, PRIVACY
12:31:51.883037 1.0 Mb/s 2437 MHz 11b -76dB signal antenna 3 Retry 314us Probe Response (Belkin_Enhanced_Wireless_EB602D) [1.0* 2.0* 5.5* 11.0* 18.0 24.0 36.0 54.0 Mbit] CH: 6, PRIVACY
12:31:51.901956 1.0 Mb/s 2442 MHz 11b -77dB signal antenna 3 314us Probe Response (Belkin_Enhanced_Wireless_EB602D) [1.0* 2.0* 5.5* 11.0* 18.0 24.0 36.0 54.0 Mbit] CH: 6, PRIVACY
12:31:51.906101 1.0 Mb/s 2442 MHz 11b -76dB signal antenna 3 Retry 314us Probe Response (Belkin_Enhanced_Wireless_EB602D) [1.0* 2.0* 5.5* 11.0* 18.0 24.0 36.0 54.0 Mbit] CH: 6, PRIVACY
12:31:51.921881 2.0 Mb/s 2442 MHz 11b -74dB signal antenna 3 0us Beacon (2WIRE936) [1.0* 2.0* 5.5* 11.0* 6.0 9.0 12.0 18.0 Mbit] ESS CH: 7, PRIVACY
12:31:51.933617 2.0 Mb/s 2447 MHz 11b -73dB signal antenna 3 258us Probe Response (2WIRE095) [1.0* 2.0* 5.5* 6.0 9.0 11.0* 12.0 18.0 Mbit] CH: 8, PRIVACY
12:31:51.996275 1.0 Mb/s 2462 MHz 11b -66dB signal antenna 3 304us Probe Response (Demetria Lynne) [1.0* 2.0* 5.5* 11.0* 9.0 18.0 36.0 54.0 Mbit] CH: 11, PRIVACY
12:31:52.000222 1.0 Mb/s 2462 MHz 11b -66dB signal antenna 3 304us Probe Response (Demetria Lynne) [1.0* 2.0* 5.5* 11.0* 9.0 18.0 36.0 54.0 Mbit] CH: 11, PRIVACY
12:31:52.004220 1.0 Mb/s 2462 MHz 11b -68dB signal antenna 3 304us Probe Response (Demetria Lynne) [1.0* 2.0* 5.5* 11.0* 9.0 18.0 36.0 54.0 Mbit] CH: 11, PRIVACY
12:31:54.446253 6.0 Mb/s 5785 MHz 11a -80dB signal antenna 3 0us Beacon (Cisco_261223DC) [6.0* 9.0 12.0* 18.0 24.0* 36.0 48.0 54.0 Mbit] ESS, PRIVACY
12:31:54.447070 6.0 Mb/s 5785 MHz 11a -80dB signal antenna 3 60us Probe Response (Cisco_261223DC) [6.0* 9.0 12.0* 18.0 24.0* 36.0 48.0 54.0 Mbit], PRIVACY
12:31:54.709191 2.0 Mb/s 2412 MHz 11b -66dB signal antenna 3 0us Beacon (2WIRE210) [1.0* 2.0* 5.5* 11.0* 6.0 9.0 12.0 18.0 Mbit] ESS CH: 1, PRIVACY
12:31:54.788512 1.0 Mb/s 2427 MHz 11b -79dB signal antenna 3 314us Probe Response (NETGEAR75) [1.0* 2.0* 5.5* 11.0* 6.0 9.0 12.0 18.0 Mbit] CH: 4, PRIVACY
12:31:54.790490 2.0 Mb/s 2427 MHz 11b -75dB signal antenna 3 Retry 258us Probe Response (2WIRE135) [1.0* 2.0* 5.5* 6.0 9.0 11.0* 12.0 18.0 Mbit] CH: 6, PRIVACY
12:31:54.803092 1.0 Mb/s 2427 MHz 11b -78dB signal antenna 3 0us Beacon (2135 0463) [1.0* 2.0* 5.5* 11.0* 22.0 Mbit] ESS CH: 6, PRIVACY
12:31:54.834647 1.0 Mb/s 2432 MHz 11b -81dB signal antenna 3 Retry 314us Probe Response (Belkin_Enhanced_Wireless_EB602D) [1.0* 2.0* 5.5* 11.0* 18.0 24.0 36.0 54.0 Mbit] CH: 6, PRIVACY
12:31:54.837430 1.0 Mb/s 2432 MHz 11b -79dB signal antenna 3 0us Beacon (Belkin_Enhanced_Wireless_EB602D) [1.0* 2.0* 5.5* 11.0* 18.0 24.0 36.0 54.0 Mbit] ESS CH: 6, PRIVACY
12:31:54.858926 1.0 Mb/s 2437 MHz 11b -78dB signal antenna 3 314us Probe Response (Belkin_Enhanced_Wireless_EB602D) [1.0* 2.0* 5.5* 11.0* 18.0 24.0 36.0 54.0 Mbit] CH: 6, PRIVACY
12:31:54.863159 1.0 Mb/s 2437 MHz 11b -78dB signal antenna 3 Retry 314us Probe Response (Belkin_Enhanced_Wireless_EB602D) [1.0* 2.0* 5.5* 11.0* 18.0 24.0 36.0 54.0 Mbit] CH: 6, PRIVACY
12:31:54.869560 1.0 Mb/s 2437 MHz 11b -78dB signal antenna 3 Retry 314us Probe Response (Belkin_Enhanced_Wireless_EB602D) [1.0* 2.0* 5.5* 11.0* 18.0 24.0 36.0 54.0 Mbit] CH: 6, PRIVACY
12:31:54.870449 1.0 Mb/s 2437 MHz 11b -85dB signal antenna 3 0us Beacon (linksys) [1.0* 2.0* 5.5* 11.0* 18.0 24.0 36.0 54.0 Mbit] ESS CH: 6
12:31:54.878221 1.0 Mb/s 2437 MHz 11b -72dB signal antenna 3 Retry 316us Probe Response (2135 0463) [1.0* 2.0* 5.5* 11.0* 22.0 Mbit] CH: 6, PRIVACY
12:31:54.902395 1.0 Mb/s 2442 MHz 11b -77dB signal antenna 3 Retry 314us Probe Response (Belkin_Enhanced_Wireless_EB602D) [1.0* 2.0* 5.5* 11.0* 18.0 24.0 36.0 54.0 Mbit] CH: 6, PRIVACY
12:31:54.910875 1.0 Mb/s 2442 MHz 11b -76dB signal antenna 3 Retry 314us Probe Response (Belkin_Enhanced_Wireless_EB602D) [1.0* 2.0* 5.5* 11.0* 18.0 24.0 36.0 54.0 Mbit] CH: 6, PRIVACY
12:31:54.919395 1.0 Mb/s 2442 MHz 11b -77dB signal antenna 3 Retry 314us Probe Response (Belkin_Enhanced_Wireless_EB602D) [1.0* 2.0* 5.5* 11.0* 18.0 24.0 36.0 54.0 Mbit] CH: 6, PRIVACY
12:31:54.925993 2.0 Mb/s 2447 MHz 11b -74dB signal antenna 3 258us Probe Response (2WIRE095) [1.0* 2.0* 5.5* 6.0 9.0 11.0* 12.0 18.0 Mbit] CH: 8, PRIVACY
12:31:54.927531 2.0 Mb/s 2447 MHz 11b -74dB signal antenna 3 Retry 258us Probe Response (2WIRE095) [1.0* 2.0* 5.5* 6.0 9.0 11.0* 12.0 18.0 Mbit] CH: 8, PRIVACY
12:31:54.937658 1.0 Mb/s 2447 MHz 11b -79dB signal antenna 3 0us Beacon (Belkin_Enhanced_Wireless_EB602D) [1.0* 2.0* 5.5* 11.0* 18.0 24.0 36.0 54.0 Mbit] ESS CH: 6, PRIVACY
12:31:54.942424 2.0 Mb/s 2447 MHz 11b -73dB signal antenna 3 0us Beacon (2WIRE095) [1.0* 2.0* 5.5* 11.0* 6.0 9.0 12.0 18.0 Mbit] ESS CH: 8, PRIVACY
12:31:54.947099 2.0 Mb/s 2447 MHz 11b -75dB signal antenna 3 0us Beacon (2WIRE135) [1.0* 2.0* 5.5* 11.0* 6.0 9.0 12.0 18.0 Mbit] ESS CH: 6, PRIVACY
12:31:54.987275 1.0 Mb/s 2462 MHz 11b -71dB signal antenna 3 304us Probe Response (Demetria Lynne) [1.0* 2.0* 5.5* 11.0* 9.0 18.0 36.0 54.0 Mbit] CH: 11, PRIVACY
12:31:54.990955 1.0 Mb/s 2462 MHz 11b -71dB signal antenna 3 304us Probe Response (Demetria Lynne) [1.0* 2.0* 5.5* 11.0* 9.0 18.0 36.0 54.0 Mbit] CH: 11, PRIVACY
12:31:54.994500 1.0 Mb/s 2462 MHz 11b -70dB signal antenna 3 304us Probe Response (Demetria Lynne) [1.0* 2.0* 5.5* 11.0* 9.0 18.0 36.0 54.0 Mbit] CH: 11, PRIVACY
12:31:55.102452 6.0 Mb/s 5180 MHz 11a -85dB signal antenna 3 0us Beacon (Cisco_260222B7) [6.0* 9.0 12.0* 18.0 24.0* 36.0 48.0 54.0 Mbit] ESS, PRIVACY
12:31:55.103311 6.0 Mb/s 5180 MHz 11a -85dB signal antenna 3 60us Probe Response (Cisco_260222B7) [6.0* 9.0 12.0* 18.0 24.0* 36.0 48.0 54.0 Mbit], PRIVACY
12:31:57.415863 6.0 Mb/s 5785 MHz 11a -88dB signal antenna 3 0us Beacon (Cisco_261223DC) [6.0* 9.0 12.0* 18.0 24.0* 36.0 48.0 54.0 Mbit] ESS, PRIVACY
12:31:57.663081 1.0 Mb/s 2412 MHz 11b -82dB signal antenna 3 304us Probe Response (JAMES B) [1.0* 2.0* 5.5* 11.0* 9.0 18.0 36.0 54.0 Mbit] CH: 1, PRIVACY
12:31:57.669265 1.0 Mb/s 2412 MHz 11b -85dB signal antenna 3 304us Probe Response (JAMES B) [1.0* 2.0* 5.5* 11.0* 9.0 18.0 36.0 54.0 Mbit] CH: 1, PRIVACY
12:31:57.678794 2.0 Mb/s 2412 MHz 11b -75dB signal antenna 3 0us Beacon (2WIRE210) [1.0* 2.0* 5.5* 11.0* 6.0 9.0 12.0 18.0 Mbit] ESS CH: 1, PRIVACY
12:31:57.724405 1.0 Mb/s 2427 MHz 11b -75dB signal antenna 3 0us Beacon (NETGEAR75) [1.0* 2.0* 5.5* 11.0* 6.0 9.0 12.0 18.0 Mbit] ESS CH: 4, PRIVACY
12:31:57.728032 1.0 Mb/s 2427 MHz 11b -76dB signal antenna 3 314us Probe Response (NETGEAR75) [1.0* 2.0* 5.5* 11.0* 6.0 9.0 12.0 18.0 Mbit] CH: 4, PRIVACY
12:31:57.758411 1.0 Mb/s 2432 MHz 11b -79dB signal antenna 3 314us Probe Response (NETGEAR75) [1.0* 2.0* 5.5* 11.0* 6.0 9.0 12.0 18.0 Mbit] CH: 4, PRIVACY
12:31:57.762368 1.0 Mb/s 2432 MHz 11b -75dB signal antenna 3 Retry 314us Probe Response (NETGEAR75) [1.0* 2.0* 5.5* 11.0* 6.0 9.0 12.0 18.0 Mbit] CH: 4, PRIVACY
12:31:57.770814 1.0 Mb/s 2432 MHz 11b -84dB signal antenna 3 Retry 314us Probe Response (Belkin_Enhanced_Wireless_EB602D) [1.0* 2.0* 5.5* 11.0* 18.0 24.0 36.0 54.0 Mbit] CH: 6, PRIVACY
12:31:57.772580 1.0 Mb/s 2432 MHz 11b -74dB signal antenna 3 0us Beacon (2135 0463) [1.0* 2.0* 5.5* 11.0* 22.0 Mbit] ESS CH: 6, PRIVACY
12:31:57.792054 1.0 Mb/s 2437 MHz 11b -79dB signal antenna 3 314us Probe Response (ATT952) [1.0* 2.0* 5.5* 11.0* 18.0 24.0 36.0 54.0 Mbit] CH: 6, PRIVACY
12:31:57.804806 1.0 Mb/s 2437 MHz 11b -82dB signal antenna 3 Retry 314us Probe Response (Belkin_Enhanced_Wireless_EB602D) [1.0* 2.0* 5.5* 11.0* 18.0 24.0 36.0 54.0 Mbit] CH: 6, PRIVACY
12:31:57.809502 1.0 Mb/s 2437 MHz 11b -73dB signal antenna 3 Retry 316us Probe Response (2135 0463) [1.0* 2.0* 5.5* 11.0* 22.0 Mbit] CH: 6, PRIVACY
12:31:57.814322 2.0 Mb/s 2437 MHz 11b -79dB signal antenna 3 0us Beacon (2WIRE135) [1.0* 2.0* 5.5* 11.0* 6.0 9.0 12.0 18.0 Mbit] ESS CH: 6, PRIVACY
12:31:57.836755 1.0 Mb/s 2442 MHz 11b -77dB signal antenna 3 Retry 314us Probe Response (ATT952) [1.0* 2.0* 5.5* 11.0* 18.0 24.0 36.0 54.0 Mbit] CH: 6, PRIVACY
12:31:57.841110 1.0 Mb/s 2447 MHz 11b -80dB signal antenna 3 314us Probe Response (SCD_Cool) [1.0* 2.0* 5.5* 11.0* 18.0* 24.0* 36.0* 54.0* Mbit] CH: 8, PRIVACY
12:31:57.843232 2.0 Mb/s 2447 MHz 11b -77dB signal antenna 3 Retry 258us Probe Response (2WIRE095) [1.0* 2.0* 5.5* 6.0 9.0 11.0* 12.0 18.0 Mbit] CH: 8, PRIVACY
12:31:57.861221 2.0 Mb/s 2447 MHz 11b -72dB signal antenna 3 0us Beacon (2WIRE936) [1.0* 2.0* 5.5* 11.0* 6.0 9.0 12.0 18.0 Mbit] ESS CH: 7, PRIVACY
12:31:57.875102 2.0 Mb/s 2452 MHz 11b -87dB signal antenna 3 258us Probe Response (2WIRE542) [1.0* 2.0* 5.5* 6.0 9.0 11.0* 12.0 18.0 Mbit] CH: 9, PRIVACY
12:31:57.924486 1.0 Mb/s 2462 MHz 11b -76dB signal antenna 3 304us Probe Response (Demetria Lynne) [1.0* 2.0* 5.5* 11.0* 9.0 18.0 36.0 54.0 Mbit] CH: 11, PRIVACY
12:31:57.927211 1.0 Mb/s 2462 MHz 11b -74dB signal antenna 3 0us Beacon (Demetria Lynne) [1.0* 2.0* 5.5* 11.0* 9.0 18.0 36.0 54.0 Mbit] ESS CH: 11, PRIVACY
12:31:57.930819 1.0 Mb/s 2462 MHz 11b -76dB signal antenna 3 304us Probe Response (Demetria Lynne) [1.0* 2.0* 5.5* 11.0* 9.0 18.0 36.0 54.0 Mbit] CH: 11, PRIVACY
12:31:57.934317 1.0 Mb/s 2462 MHz 11b -73dB signal antenna 3 304us Probe Response (Demetria Lynne) [1.0* 2.0* 5.5* 11.0* 9.0 18.0 36.0 54.0 Mbit] CH: 11, PRIVACY
12:31:57.935151 2.0 Mb/s 2462 MHz 11b -84dB signal antenna 3 0us Beacon (2WIRE628) [1.0* 2.0* 5.5* 11.0* 6.0 9.0 12.0 18.0 Mbit] ESS CH: 11, PRIVACY
12:31:57.969681 6.0 Mb/s 5180 MHz 11a -86dB signal antenna 3 0us Beacon (Cisco_260222B7) [6.0* 9.0 12.0* 18.0 24.0* 36.0 48.0 54.0 Mbit] ESS, PRIVACY
12:32:00.283017 6.0 Mb/s 5785 MHz 11a -77dB signal antenna 3 0us Beacon (Cisco_261223DC) [6.0* 9.0 12.0* 18.0 24.0* 36.0 48.0 54.0 Mbit] ESS, PRIVACY
12:32:00.284121 6.0 Mb/s 5785 MHz 11a -78dB signal antenna 3 60us Probe Response (Cisco_261223DC) [6.0* 9.0 12.0* 18.0 24.0* 36.0 48.0 54.0 Mbit], PRIVACY
12:32:00.542186 2.0 Mb/s 2412 MHz 11b -65dB signal antenna 3 Retry 258us Probe Response (2WIRE210) [1.0* 2.0* 5.5* 6.0 9.0 11.0* 12.0 18.0 Mbit] CH: 1, PRIVACY
12:32:00.544835 1.0 Mb/s 2412 MHz 11b -81dB signal antenna 3 Retry 314us Probe Response (ATT1537) [1.0* 2.0* 5.5* 11.0* 6.0 9.0 12.0 18.0 Mbit] CH: 1, PRIVACY
12:32:00.545942 2.0 Mb/s 2412 MHz 11b -67dB signal antenna 3 0us Beacon (2WIRE210) [1.0* 2.0* 5.5* 11.0* 6.0 9.0 12.0 18.0 Mbit] ESS CH: 1, PRIVACY
12:32:00.549332 1.0 Mb/s 2412 MHz 11b -88dB signal antenna 3 304us Probe Response (Mom's Network) [1.0* 2.0* 5.5* 11.0* 9.0 18.0 36.0 54.0 Mbit] CH: 1, PRIVACY
12:32:00.561121 1.0 Mb/s 2412 MHz 11b -86dB signal antenna 3 0us Beacon (zonetwl) [1.0* 2.0* 5.5* 11.0* 6.0 9.0 12.0 18.0 Mbit] ESS CH: 1, PRIVACY
12:32:00.590669 1.0 Mb/s 2422 MHz 11b -83dB signal antenna 3 314us Probe Response (NETGEAR75) [1.0* 2.0* 5.5* 11.0* 6.0 9.0 12.0 18.0 Mbit] CH: 4, PRIVACY
12:32:00.603447 1.0 Mb/s 2427 MHz 11b -78dB signal antenna 3 Retry 314us Probe Response (NETGEAR75) [1.0* 2.0* 5.5* 11.0* 6.0 9.0 12.0 18.0 Mbit] CH: 4, PRIVACY
12:32:00.609796 1.0 Mb/s 2427 MHz 11b -82dB signal antenna 3 0us Beacon (ATT952) [1.0* 2.0* 5.5* 11.0* 18.0 24.0 36.0 54.0 Mbit] ESS CH: 6, PRIVACY
12:32:00.637841 1.0 Mb/s 2432 MHz 11b -81dB signal antenna 3 314us Probe Response (NETGEAR75) [1.0* 2.0* 5.5* 11.0* 6.0 9.0 12.0 18.0 Mbit] CH: 4, PRIVACY
12:32:00.644608 1.0 Mb/s 2432 MHz 11b -81dB signal antenna 3 Retry 314us Probe Response (NETGEAR75) [1.0* 2.0* 5.5* 11.0* 6.0 9.0 12.0 18.0 Mbit] CH: 4, PRIVACY
12:32:00.671428 1.0 Mb/s 2437 MHz 11b -77dB signal antenna 3 314us Probe Response (ATT952) [1.0* 2.0* 5.5* 11.0* 18.0 24.0 36.0 54.0 Mbit] CH: 6, PRIVACY
12:32:00.672949 2.0 Mb/s 2437 MHz 11b -77dB signal antenna 3 Retry 258us Probe Response (2WIRE135) [1.0* 2.0* 5.5* 6.0 9.0 11.0* 12.0 18.0 Mbit] CH: 6, PRIVACY
12:32:00.674160 2.0 Mb/s 2437 MHz 11b -77dB signal antenna 3 Retry 258us Probe Response (2WIRE135) [1.0* 2.0* 5.5* 6.0 9.0 11.0* 12.0 18.0 Mbit] CH: 6, PRIVACY
12:32:00.684620 1.0 Mb/s 2437 MHz 11b -85dB signal antenna 3 Retry 314us Probe Response (Belkin_Enhanced_Wireless_EB602D) [1.0* 2.0* 5.5* 11.0* 18.0 24.0 36.0 54.0 Mbit] CH: 6, PRIVACY
12:32:00.695101 1.0 Mb/s 2437 MHz 11b -87dB signal antenna 3 0us Beacon (USAFulfilment) [1.0* 2.0* 5.5* 11.0* 9.0 18.0 36.0 54.0 Mbit] ESS CH: 6, PRIVACY
12:32:00.757426 1.0 Mb/s 2462 MHz 11b -89dB signal antenna 3 304us Probe Response (Demetria Lynne) [1.0* 2.0* 5.5* 11.0* 9.0 18.0 36.0 54.0 Mbit] CH: 11, PRIVACY
12:32:00.761013 1.0 Mb/s 2462 MHz 11b -77dB signal antenna 3 304us Probe Response (Demetria Lynne) [1.0* 2.0* 5.5* 11.0* 9.0 18.0 36.0 54.0 Mbit] CH: 11, PRIVACY
12:32:00.765408 1.0 Mb/s 2462 MHz 11b -79dB signal antenna 3 304us Probe Response (Demetria Lynne) [1.0* 2.0* 5.5* 11.0* 9.0 18.0 36.0 54.0 Mbit] CH: 11, PRIVACY
12:32:00.768096 6.0 Mb/s 2462 MHz 11g -81dB signal antenna 3 Retry 60us Probe Response (DIRECT-iaSCX-3400) [6.0* 9.0 12.0 18.0 24.0 36.0 48.0 54.0 Mbit] CH: 11, PRIVACY
12:32:00.770211 2.0 Mb/s 2462 MHz 11b -88dB signal antenna 3 Retry 258us Probe Response (2WIRE475) [1.0* 2.0* 5.5* 6.0 9.0 11.0* 12.0 18.0 Mbit] CH: 11, PRIVACY
12:32:00.786032 2.0 Mb/s 2462 MHz 11b -87dB signal antenna 3 0us Beacon (2WIRE475) [1.0* 2.0* 5.5* 11.0* 6.0 9.0 12.0 18.0 Mbit] ESS CH: 11, PRIVACY
12:32:03.252624 6.0 Mb/s 5785 MHz 11a -80dB signal antenna 3 0us Beacon (Cisco_261223DC) [6.0* 9.0 12.0* 18.0 24.0* 36.0 48.0 54.0 Mbit] ESS, PRIVACY
12:32:03.253487 6.0 Mb/s 5785 MHz 11a -81dB signal antenna 3 60us Probe Response (Cisco_261223DC) [6.0* 9.0 12.0* 18.0 24.0* 36.0 48.0 54.0 Mbit], PRIVACY
12:32:03.513463 1.0 Mb/s 2412 MHz 11b -86dB signal antenna 3 304us Probe Response (Mom's Network) [1.0* 2.0* 5.5* 11.0* 9.0 18.0 36.0 54.0 Mbit] CH: 1, PRIVACY
12:32:03.515643 2.0 Mb/s 2412 MHz 11b -74dB signal antenna 3 0us Beacon (2WIRE210) [1.0* 2.0* 5.5* 11.0* 6.0 9.0 12.0 18.0 Mbit] ESS CH: 1, PRIVACY
12:32:03.519844 1.0 Mb/s 2412 MHz 11b -82dB signal antenna 3 Retry 314us Probe Response (ATT1537) [1.0* 2.0* 5.5* 11.0* 6.0 9.0 12.0 18.0 Mbit] CH: 1, PRIVACY
12:32:03.521182 1.0 Mb/s 2412 MHz 11b -88dB signal antenna 3 320us Probe Response (sonicwall) [1.0* 2.0* 5.5* 11.0* Mbit] CH: 1, PRIVACY
12:32:03.530613 1.0 Mb/s 2412 MHz 11b -81dB signal antenna 3 0us Beacon (zonetwl) [1.0* 2.0* 5.5* 11.0* 6.0 9.0 12.0 18.0 Mbit] ESS CH: 1, PRIVACY
12:32:03.573189 1.0 Mb/s 2427 MHz 11b -79dB signal antenna 3 314us Probe Response (NETGEAR75) [1.0* 2.0* 5.5* 11.0* 6.0 9.0 12.0 18.0 Mbit] CH: 4, PRIVACY
12:32:03.579316 1.0 Mb/s 2427 MHz 11b -78dB signal antenna 3 0us Beacon (ATT952) [1.0* 2.0* 5.5* 11.0* 18.0 24.0 36.0 54.0 Mbit] ESS CH: 6, PRIVACY
12:32:03.607993 1.0 Mb/s 2432 MHz 11b -77dB signal antenna 3 314us Probe Response (NETGEAR75) [1.0* 2.0* 5.5* 11.0* 6.0 9.0 12.0 18.0 Mbit] CH: 4, PRIVACY
12:32:03.620626 1.0 Mb/s 2432 MHz 11b -80dB signal antenna 3 Retry 314us Probe Response (Belkin_Enhanced_Wireless_EB602D) [1.0* 2.0* 5.5* 11.0* 18.0 24.0 36.0 54.0 Mbit] CH: 6, PRIVACY
12:32:03.629252 1.0 Mb/s 2432 MHz 11b -80dB signal antenna 3 Retry 314us Probe Response (Belkin_Enhanced_Wireless_EB602D) [1.0* 2.0* 5.5* 11.0* 18.0 24.0 36.0 54.0 Mbit] CH: 6, PRIVACY
12:32:03.641690 1.0 Mb/s 2437 MHz 11b -72dB signal antenna 3 314us Probe Response (ATT952) [1.0* 2.0* 5.5* 11.0* 18.0 24.0 36.0 54.0 Mbit] CH: 6, PRIVACY
12:32:03.646313 1.0 Mb/s 2437 MHz 11b -78dB signal antenna 3 314us Probe Response (Belkin_Enhanced_Wireless_EB602D) [1.0* 2.0* 5.5* 11.0* 18.0 24.0 36.0 54.0 Mbit] CH: 6, PRIVACY
12:32:03.647652 1.0 Mb/s 2437 MHz 11b -83dB signal antenna 3 Retry 314us Probe Response (linksys) [1.0* 2.0* 5.5* 11.0* 18.0 24.0 36.0 54.0 Mbit] CH: 6
12:32:03.657545 1.0 Mb/s 2437 MHz 11b -85dB signal antenna 3 Retry 304us Probe Response (USAFulfilment) [1.0* 2.0* 5.5* 11.0* 9.0 18.0 36.0 54.0 Mbit] CH: 6, PRIVACY
12:32:03.661731 1.0 Mb/s 2437 MHz 11b -85dB signal antenna 3 Retry 304us Probe Response (USAFulfilment) [1.0* 2.0* 5.5* 11.0* 9.0 18.0 36.0 54.0 Mbit] CH: 6, PRIVACY
12:32:03.665300 1.0 Mb/s 2437 MHz 11b -84dB signal antenna 3 Retry 304us Probe Response (USAFulfilment) [1.0* 2.0* 5.5* 11.0* 9.0 18.0 36.0 54.0 Mbit] CH: 6, PRIVACY
12:32:03.672093 1.0 Mb/s 2437 MHz 11b -84dB signal antenna 3 Retry 304us Probe Response (USAFulfilment) [1.0* 2.0* 5.5* 11.0* 9.0 18.0 36.0 54.0 Mbit] CH: 6, PRIVACY
12:32:03.675537 2.0 Mb/s 2442 MHz 11b -71dB signal antenna 3 258us Probe Response (2WIRE936) [1.0* 2.0* 5.5* 6.0 9.0 11.0* 12.0 18.0 Mbit] CH: 7, PRIVACY
12:32:03.677207 2.0 Mb/s 2442 MHz 11b -75dB signal antenna 3 Retry 258us Probe Response (2WIRE936) [1.0* 2.0* 5.5* 6.0 9.0 11.0* 12.0 18.0 Mbit] CH: 7, PRIVACY
12:32:03.679250 2.0 Mb/s 2442 MHz 11b -71dB signal antenna 3 Retry 258us Probe Response (2WIRE936) [1.0* 2.0* 5.5* 6.0 9.0 11.0* 12.0 18.0 Mbit] CH: 7, PRIVACY
12:32:03.689097 1.0 Mb/s 2442 MHz 11b -75dB signal antenna 3 Retry 314us Probe Response (ATT952) [1.0* 2.0* 5.5* 11.0* 18.0 24.0 36.0 54.0 Mbit] CH: 6, PRIVACY
12:32:03.695049 1.0 Mb/s 2442 MHz 11b -75dB signal antenna 3 Retry 314us Probe Response (ATT952) [1.0* 2.0* 5.5* 11.0* 18.0 24.0 36.0 54.0 Mbit] CH: 6, PRIVACY
12:32:03.698036 2.0 Mb/s 2442 MHz 11b -73dB signal antenna 3 0us Beacon (2WIRE936) [1.0* 2.0* 5.5* 11.0* 6.0 9.0 12.0 18.0 Mbit] ESS CH: 7, PRIVACY
12:32:03.711455 1.0 Mb/s 2447 MHz 11b -79dB signal antenna 3 314us Probe Response (SCD_Cool) [1.0* 2.0* 5.5* 11.0* 18.0* 24.0* 36.0* 54.0* Mbit] CH: 8, PRIVACY
12:32:03.718637 1.0 Mb/s 2447 MHz 11b -79dB signal antenna 3 Retry 314us Probe Response (SCD_Cool) [1.0* 2.0* 5.5* 11.0* 18.0* 24.0* 36.0* 54.0* Mbit] CH: 8, PRIVACY
12:32:03.796353 1.0 Mb/s 2462 MHz 11b -86dB signal antenna 3 304us Probe Response (bmb102010) [1.0* 2.0* 5.5* 11.0* 9.0 18.0 36.0 54.0 Mbit] CH: 11, PRIVACY
12:32:03.803284 1.0 Mb/s 2462 MHz 11b -78dB signal antenna 3 304us Probe Response (Demetria Lynne) [1.0* 2.0* 5.5* 11.0* 9.0 18.0 36.0 54.0 Mbit] CH: 11, PRIVACY
12:32:03.803770 6.0 Mb/s 2462 MHz 11g -83dB signal antenna 3 Retry 60us Probe Response (DIRECT-iaSCX-3400) [6.0* 9.0 12.0 18.0 24.0 36.0 48.0 54.0 Mbit] CH: 11, PRIVACY
12:32:03.817470 6.0 Mb/s 2462 MHz 11g -83dB signal antenna 3 0us Beacon (DIRECT-iaSCX-3400) [6.0* 9.0 12.0 18.0 24.0 36.0 48.0 54.0 Mbit] ESS CH: 11, PRIVACY
12:32:03.908910 6.0 Mb/s 5180 MHz 11a -89dB signal antenna 3 0us Beacon (Cisco_260222B7) [6.0* 9.0 12.0* 18.0 24.0* 36.0 48.0 54.0 Mbit] ESS, PRIVACY
12:32:06.222230 6.0 Mb/s 5785 MHz 11a -88dB signal antenna 3 0us Beacon (Cisco_261223DC) [6.0* 9.0 12.0* 18.0 24.0* 36.0 48.0 54.0 Mbit] ESS, PRIVACY
12:32:06.469635 1.0 Mb/s 2412 MHz 11b -85dB signal antenna 3 304us Probe Response (Mom's Network) [1.0* 2.0* 5.5* 11.0* 9.0 18.0 36.0 54.0 Mbit] CH: 1, PRIVACY
12:32:06.472933 1.0 Mb/s 2412 MHz 11b -84dB signal antenna 3 304us Probe Response (Mom's Network) [1.0* 2.0* 5.5* 11.0* 9.0 18.0 36.0 54.0 Mbit] CH: 1, PRIVACY
12:32:06.476357 1.0 Mb/s 2412 MHz 11b -84dB signal antenna 3 304us Probe Response (Mom's Network) [1.0* 2.0* 5.5* 11.0* 9.0 18.0 36.0 54.0 Mbit] CH: 1, PRIVACY
12:32:06.485328 2.0 Mb/s 2412 MHz 11b -77dB signal antenna 3 0us Beacon (2WIRE210) [1.0* 2.0* 5.5* 11.0* 6.0 9.0 12.0 18.0 Mbit] ESS CH: 1, PRIVACY
12:32:06.517280 1.0 Mb/s 2422 MHz 11b -84dB signal antenna 3 314us Probe Response (NETGEAR75) [1.0* 2.0* 5.5* 11.0* 6.0 9.0 12.0 18.0 Mbit] CH: 4, PRIVACY
12:32:06.520841 1.0 Mb/s 2422 MHz 11b -85dB signal antenna 3 Retry 314us Probe Response (NETGEAR75) [1.0* 2.0* 5.5* 11.0* 6.0 9.0 12.0 18.0 Mbit] CH: 4, PRIVACY
12:32:06.527617 1.0 Mb/s 2422 MHz 11b -85dB signal antenna 3 Retry 314us Probe Response (NETGEAR75) [1.0* 2.0* 5.5* 11.0* 6.0 9.0 12.0 18.0 Mbit] CH: 4, PRIVACY
12:32:06.553747 1.0 Mb/s 2427 MHz 11b -85dB signal antenna 3 314us Probe Response (NETGEAR75) [1.0* 2.0* 5.5* 11.0* 6.0 9.0 12.0 18.0 Mbit] CH: 4, PRIVACY
12:32:06.577037 1.0 Mb/s 2437 MHz 11b -82dB signal antenna 3 314us Probe Response (ATT952) [1.0* 2.0* 5.5* 11.0* 18.0 24.0 36.0 54.0 Mbit] CH: 6, PRIVACY
12:32:06.583248 1.0 Mb/s 2437 MHz 11b -79dB signal antenna 3 Retry 314us Probe Response (Belkin_Enhanced_Wireless_EB602D) [1.0* 2.0* 5.5* 11.0* 18.0 24.0 36.0 54.0 Mbit] CH: 6, PRIVACY
12:32:06.585539 1.0 Mb/s 2437 MHz 11b -80dB signal antenna 3 0us Beacon (2135 0463) [1.0* 2.0* 5.5* 11.0* 22.0 Mbit] ESS CH: 6, PRIVACY
12:32:06.589837 1.0 Mb/s 2437 MHz 11b -86dB signal antenna 3 Retry 304us Probe Response (USAFulfilment) [1.0* 2.0* 5.5* 11.0* 9.0 18.0 36.0 54.0 Mbit] CH: 6, PRIVACY
12:32:06.633526 1.0 Mb/s 2442 MHz 11b -82dB signal antenna 3 Retry 314us Probe Response (Belkin_Enhanced_Wireless_EB602D) [1.0* 2.0* 5.5* 11.0* 18.0 24.0 36.0 54.0 Mbit] CH: 6, PRIVACY
12:32:06.643240 1.0 Mb/s 2442 MHz 11b -82dB signal antenna 3 Retry 314us Probe Response (Belkin_Enhanced_Wireless_EB602D) [1.0* 2.0* 5.5* 11.0* 18.0 24.0 36.0 54.0 Mbit] CH: 6, PRIVACY
12:32:06.669222 1.0 Mb/s 2452 MHz 11b -84dB signal antenna 3 Retry 314us Probe Response (SCD_Cool) [1.0* 2.0* 5.5* 11.0* 18.0* 24.0* 36.0* 54.0* Mbit] CH: 8, PRIVACY
12:32:06.686830 1.0 Mb/s 2462 MHz 11b -78dB signal antenna 3 304us Probe Response (Demetria Lynne) [1.0* 2.0* 5.5* 11.0* 9.0 18.0 36.0 54.0 Mbit] CH: 11, PRIVACY
12:32:06.690397 1.0 Mb/s 2462 MHz 11b -77dB signal antenna 3 304us Probe Response (Demetria Lynne) [1.0* 2.0* 5.5* 11.0* 9.0 18.0 36.0 54.0 Mbit] CH: 11, PRIVACY
12:32:06.693989 1.0 Mb/s 2462 MHz 11b -75dB signal antenna 3 304us Probe Response (Demetria Lynne) [1.0* 2.0* 5.5* 11.0* 9.0 18.0 36.0 54.0 Mbit] CH: 11, PRIVACY
12:32:06.694530 6.0 Mb/s 2462 MHz 11g -81dB signal antenna 3 Retry 60us Probe Response (DIRECT-iaSCX-3400) [6.0* 9.0 12.0 18.0 24.0 36.0 48.0 54.0 Mbit] CH: 11, PRIVACY
12:32:06.699729 1.0 Mb/s 2462 MHz 11b -88dB signal antenna 3 0us Beacon (bmb102010) [1.0* 2.0* 5.5* 11.0* 9.0 18.0 36.0 54.0 Mbit] ESS CH: 11, PRIVACY
12:32:09.191787 6.0 Mb/s 5785 MHz 11a -84dB signal antenna 3 0us Beacon (Cisco_261223DC) [6.0* 9.0 12.0* 18.0 24.0* 36.0 48.0 54.0 Mbit] ESS, PRIVACY
12:32:09.192875 6.0 Mb/s 5785 MHz 11a -84dB signal antenna 3 60us Probe Response (Cisco_261223DC) [6.0* 9.0 12.0* 18.0 24.0* 36.0 48.0 54.0 Mbit], PRIVACY
12:32:09.451507 2.0 Mb/s 2412 MHz 11b -79dB signal antenna 3 Retry 258us Probe Response (2WIRE210) [1.0* 2.0* 5.5* 6.0 9.0 11.0* 12.0 18.0 Mbit] CH: 1, PRIVACY
12:32:09.454841 2.0 Mb/s 2412 MHz 11b -78dB signal antenna 3 0us Beacon (2WIRE210) [1.0* 2.0* 5.5* 11.0* 6.0 9.0 12.0 18.0 Mbit] ESS CH: 1, PRIVACY
12:32:09.469782 1.0 Mb/s 2412 MHz 11b -84dB signal antenna 3 0us Beacon (zonetwl) [1.0* 2.0* 5.5* 11.0* 6.0 9.0 12.0 18.0 Mbit] ESS CH: 1, PRIVACY
12:32:09.499240 6.0 Mb/s 2422 MHz 11g -86dB signal antenna 3 Retry 60us Probe Response (TWCWiFi) [6.0* 9.0 12.0* 18.0 24.0* 36.0 48.0 54.0 Mbit] CH: 3
12:32:09.501161 6.0 Mb/s 2422 MHz 11g -86dB signal antenna 3 Retry 60us Probe Response (CableWiFi) [6.0* 9.0 12.0* 18.0 24.0* 36.0 48.0 54.0 Mbit] CH: 3
12:32:09.502367 6.0 Mb/s 2422 MHz 11g -86dB signal antenna 3 Retry 60us Probe Response (CableWiFi) [6.0* 9.0 12.0* 18.0 24.0* 36.0 48.0 54.0 Mbit] CH: 3
12:32:09.502841 6.0 Mb/s 2422 MHz 11g -87dB signal antenna 3 Retry 60us Probe Response (CableWiFi) [6.0* 9.0 12.0* 18.0 24.0* 36.0 48.0 54.0 Mbit] CH: 3
12:32:09.504390 6.0 Mb/s 2422 MHz 11g -86dB signal antenna 3 Retry 60us Probe Response (CableWiFi) [6.0* 9.0 12.0* 18.0 24.0* 36.0 48.0 54.0 Mbit] CH: 3
12:32:09.504782 6.0 Mb/s 2422 MHz 11g -88dB signal antenna 3 Retry 60us Probe Response (CableWiFi) [6.0* 9.0 12.0* 18.0 24.0* 36.0 48.0 54.0 Mbit] CH: 3
12:32:09.505419 6.0 Mb/s 2422 MHz 11g -86dB signal antenna 3 Retry 60us Probe Response (CableWiFi) [6.0* 9.0 12.0* 18.0 24.0* 36.0 48.0 54.0 Mbit] CH: 3
12:32:09.534994 1.0 Mb/s 2427 MHz 11b -82dB signal antenna 3 314us Probe Response (NETGEAR75) [1.0* 2.0* 5.5* 11.0* 6.0 9.0 12.0 18.0 Mbit] CH: 4, PRIVACY
12:32:09.560852 1.0 Mb/s 2437 MHz 11b -73dB signal antenna 3 314us Probe Response (ATT952) [1.0* 2.0* 5.5* 11.0* 18.0 24.0 36.0 54.0 Mbit] CH: 6, PRIVACY
12:32:09.562618 2.0 Mb/s 2437 MHz 11b -82dB signal antenna 3 Retry 258us Probe Response (2WIRE135) [1.0* 2.0* 5.5* 6.0 9.0 11.0* 12.0 18.0 Mbit] CH: 6, PRIVACY
12:32:09.571124 1.0 Mb/s 2437 MHz 11b -88dB signal antenna 3 Retry 314us Probe Response (Belkin_Enhanced_Wireless_EB602D) [1.0* 2.0* 5.5* 11.0* 18.0 24.0 36.0 54.0 Mbit] CH: 6, PRIVACY
12:32:09.581008 1.0 Mb/s 2437 MHz 11b -88dB signal antenna 3 0us Beacon (Belkin_Enhanced_Wireless_EB602D) [1.0* 2.0* 5.5* 11.0* 18.0 24.0 36.0 54.0 Mbit] ESS CH: 6, PRIVACY
12:32:09.592626 2.0 Mb/s 2442 MHz 11b -75dB signal antenna 3 258us Probe Response (2WIRE936) [1.0* 2.0* 5.5* 6.0 9.0 11.0* 12.0 18.0 Mbit] CH: 7, PRIVACY
12:32:09.605177 2.0 Mb/s 2447 MHz 11b -75dB signal antenna 3 258us Probe Response (2WIRE095) [1.0* 2.0* 5.5* 6.0 9.0 11.0* 12.0 18.0 Mbit] CH: 8, PRIVACY
12:32:09.643658 1.0 Mb/s 2462 MHz 11b -90dB signal antenna 3 304us Probe Response (bmb102010) [1.0* 2.0* 5.5* 11.0* 9.0 18.0 36.0 54.0 Mbit] CH: 11, PRIVACY
12:32:09.644041 6.0 Mb/s 2462 MHz 11g -83dB signal antenna 3 60us Probe Response (DIRECT-iaSCX-3400) [6.0* 9.0 12.0 18.0 24.0 36.0 48.0 54.0 Mbit] CH: 11, PRIVACY
12:32:09.647483 1.0 Mb/s 2462 MHz 11b -80dB signal antenna 3 304us Probe Response (Demetria Lynne) [1.0* 2.0* 5.5* 11.0* 9.0 18.0 36.0 54.0 Mbit] CH: 11, PRIVACY
12:32:09.651129 1.0 Mb/s 2462 MHz 11b -79dB signal antenna 3 304us Probe Response (Demetria Lynne) [1.0* 2.0* 5.5* 11.0* 9.0 18.0 36.0 54.0 Mbit] CH: 11, PRIVACY
12:32:09.654246 6.0 Mb/s 2462 MHz 11g -84dB signal antenna 3 0us Beacon (DIRECT-iaSCX-3400) [6.0* 9.0 12.0 18.0 24.0 36.0 48.0 54.0 Mbit] ESS CH: 11, PRIVACY
12:32:09.669344 1.0 Mb/s 2462 MHz 11b -86dB signal antenna 3 0us Beacon (bmb102010) [1.0* 2.0* 5.5* 11.0* 9.0 18.0 36.0 54.0 Mbit] ESS CH: 11, PRIVACY
12:32:12.161485 6.0 Mb/s 5785 MHz 11a -86dB signal antenna 3 0us Beacon (Cisco_261223DC) [6.0* 9.0 12.0* 18.0 24.0* 36.0 48.0 54.0 Mbit] ESS, PRIVACY
12:32:12.408854 1.0 Mb/s 2412 MHz 11b -87dB signal antenna 3 304us Probe Response (Mom's Network) [1.0* 2.0* 5.5* 11.0* 9.0 18.0 36.0 54.0 Mbit] CH: 1, PRIVACY
12:32:12.424590 2.0 Mb/s 2412 MHz 11b -82dB signal antenna 3 0us Beacon (2WIRE210) [1.0* 2.0* 5.5* 11.0* 6.0 9.0 12.0 18.0 Mbit] ESS CH: 1, PRIVACY
12:32:12.458871 6.0 Mb/s 2422 MHz 11g -87dB signal antenna 3 0us Beacon (CableWiFi) [6.0* 9.0 12.0* 18.0 24.0* 36.0 48.0 54.0 Mbit] ESS CH: 3
12:32:12.470136 1.0 Mb/s 2427 MHz 11b -86dB signal antenna 3 0us Beacon (NETGEAR75) [1.0* 2.0* 5.5* 11.0* 6.0 9.0 12.0 18.0 Mbit] ESS CH: 4, PRIVACY
12:32:12.488268 1.0 Mb/s 2432 MHz 11b -79dB signal antenna 3 0us Beacon (ATT952) [1.0* 2.0* 5.5* 11.0* 18.0 24.0 36.0 54.0 Mbit] ESS CH: 6, PRIVACY
12:32:12.494950 1.0 Mb/s 2437 MHz 11b -84dB signal antenna 3 314us Probe Response (Belkin_Enhanced_Wireless_EB602D) [1.0* 2.0* 5.5* 11.0* 18.0 24.0 36.0 54.0 Mbit] CH: 6, PRIVACY
12:32:12.504697 2.0 Mb/s 2442 MHz 11b -75dB signal antenna 3 0us Beacon (2WIRE936) [1.0* 2.0* 5.5* 11.0* 6.0 9.0 12.0 18.0 Mbit] ESS CH: 7, PRIVACY
12:32:12.517490 1.0 Mb/s 2447 MHz 11b -84dB signal antenna 3 314us Probe Response (SCD_Cool) [1.0* 2.0* 5.5* 11.0* 18.0* 24.0* 36.0* 54.0* Mbit] CH: 8, PRIVACY
12:32:12.555047 1.0 Mb/s 2462 MHz 11b -86dB signal antenna 3 304us Probe Response (bmb102010) [1.0* 2.0* 5.5* 11.0* 9.0 18.0 36.0 54.0 Mbit] CH: 11, PRIVACY
12:32:12.555369 6.0 Mb/s 2462 MHz 11g -83dB signal antenna 3 60us Probe Response (DIRECT-iaSCX-3400) [6.0* 9.0 12.0 18.0 24.0 36.0 48.0 54.0 Mbit] CH: 11, PRIVACY
12:32:12.562409 1.0 Mb/s 2462 MHz 11b -78dB signal antenna 3 304us Probe Response (Demetria Lynne) [1.0* 2.0* 5.5* 11.0* 9.0 18.0 36.0 54.0 Mbit] CH: 11, PRIVACY
12:32:12.568710 1.0 Mb/s 2462 MHz 11b -78dB signal antenna 3 0us Beacon (Demetria Lynne) [1.0* 2.0* 5.5* 11.0* 9.0 18.0 36.0 54.0 Mbit] ESS CH: 11, PRIVACY
12:32:12.578572 2.0 Mb/s 2462 MHz 11b -80dB signal antenna 3 0us Beacon (2WIRE628) [1.0* 2.0* 5.5* 11.0* 6.0 9.0 12.0 18.0 Mbit] ESS CH: 11, PRIVACY
12:32:15.028669 6.0 Mb/s 5785 MHz 11a -82dB signal antenna 3 0us Beacon (Cisco_261223DC) [6.0* 9.0 12.0* 18.0 24.0* 36.0 48.0 54.0 Mbit] ESS, PRIVACY
12:32:15.029753 6.0 Mb/s 5785 MHz 11a -81dB signal antenna 3 60us Probe Response (Cisco_261223DC) [6.0* 9.0 12.0* 18.0 24.0* 36.0 48.0 54.0 Mbit], PRIVACY
12:32:15.286970 2.0 Mb/s 2412 MHz 11b -77dB signal antenna 3 258us Probe Response (2WIRE210) [1.0* 2.0* 5.5* 6.0 9.0 11.0* 12.0 18.0 Mbit] CH: 1, PRIVACY
12:32:15.292024 1.0 Mb/s 2412 MHz 11b -81dB signal antenna 3 304us Probe Response (JAMES B) [1.0* 2.0* 5.5* 11.0* 9.0 18.0 36.0 54.0 Mbit] CH: 1, PRIVACY
12:32:15.295557 1.0 Mb/s 2412 MHz 11b -82dB signal antenna 3 304us Probe Response (Mom's Network) [1.0* 2.0* 5.5* 11.0* 9.0 18.0 36.0 54.0 Mbit] CH: 1, PRIVACY
12:32:15.306514 1.0 Mb/s 2412 MHz 11b -86dB signal antenna 3 0us Beacon (zonetwl) [1.0* 2.0* 5.5* 11.0* 6.0 9.0 12.0 18.0 Mbit] ESS CH: 1, PRIVACY
12:32:15.347200 1.0 Mb/s 2422 MHz 11b -83dB signal antenna 3 0us Beacon (NETGEAR75) [1.0* 2.0* 5.5* 11.0* 6.0 9.0 12.0 18.0 Mbit] ESS CH: 4, PRIVACY
12:32:15.351012 1.0 Mb/s 2422 MHz 11b -82dB signal antenna 3 Retry 314us Probe Response (NETGEAR75) [1.0* 2.0* 5.5* 11.0* 6.0 9.0 12.0 18.0 Mbit] CH: 4, PRIVACY
12:32:15.371493 1.0 Mb/s 2427 MHz 11b -81dB signal antenna 3 314us Probe Response (NETGEAR75) [1.0* 2.0* 5.5* 11.0* 6.0 9.0 12.0 18.0 Mbit] CH: 4, PRIVACY
12:32:15.397625 1.0 Mb/s 2437 MHz 11b -82dB signal antenna 3 314us Probe Response (ATT952) [1.0* 2.0* 5.5* 11.0* 18.0 24.0 36.0 54.0 Mbit] CH: 6, PRIVACY
12:32:15.403768 1.0 Mb/s 2437 MHz 11b -82dB signal antenna 3 Retry 314us Probe Response (Belkin_Enhanced_Wireless_EB602D) [1.0* 2.0* 5.5* 11.0* 18.0 24.0 36.0 54.0 Mbit] CH: 6, PRIVACY
12:32:15.418079 1.0 Mb/s 2437 MHz 11b -80dB signal antenna 3 0us Beacon (Belkin_Enhanced_Wireless_EB602D) [1.0* 2.0* 5.5* 11.0* 18.0 24.0 36.0 54.0 Mbit] ESS CH: 6, PRIVACY
12:32:15.447833 1.0 Mb/s 2447 MHz 11b -81dB signal antenna 3 0us Beacon (SCD_Cool) [1.0* 2.0* 5.5* 11.0* 18.0* 24.0* 36.0* 54.0* Mbit] ESS CH: 8, PRIVACY
12:32:15.480120 1.0 Mb/s 2462 MHz 11b -72dB signal antenna 3 304us Probe Response (Demetria Lynne) [1.0* 2.0* 5.5* 11.0* 9.0 18.0 36.0 54.0 Mbit] CH: 11, PRIVACY
12:32:15.480494 6.0 Mb/s 2462 MHz 11g -79dB signal antenna 3 60us Probe Response (DIRECT-iaSCX-3400) [6.0* 9.0 12.0 18.0 24.0 36.0 48.0 54.0 Mbit] CH: 11, PRIVACY
12:32:15.484169 1.0 Mb/s 2462 MHz 11b -71dB signal antenna 3 304us Probe Response (Demetria Lynne) [1.0* 2.0* 5.5* 11.0* 9.0 18.0 36.0 54.0 Mbit] CH: 11, PRIVACY
12:32:15.487750 1.0 Mb/s 2462 MHz 11b -73dB signal antenna 3 304us Probe Response (Demetria Lynne) [1.0* 2.0* 5.5* 11.0* 9.0 18.0 36.0 54.0 Mbit] CH: 11, PRIVACY
12:32:15.489083 2.0 Mb/s 2462 MHz 11b -88dB signal antenna 3 Retry 258us Probe Response (2WIRE475) [1.0* 2.0* 5.5* 6.0 9.0 11.0* 12.0 18.0 Mbit] CH: 11, PRIVACY
12:32:15.490883 6.0 Mb/s 2462 MHz 11g -78dB signal antenna 3 0us Beacon (DIRECT-iaSCX-3400) [6.0* 9.0 12.0 18.0 24.0 36.0 48.0 54.0 Mbit] ESS CH: 11, PRIVACY
12:32:15.506252 1.0 Mb/s 2462 MHz 11b -87dB signal antenna 3 0us Beacon (bmb102010) [1.0* 2.0* 5.5* 11.0* 9.0 18.0 36.0 54.0 Mbit] ESS CH: 11, PRIVACY
12:32:17.950849 6.0 Mb/s 5785 MHz 11a -90dB signal antenna 3 0us Beacon (Cisco_7DE5120D) [6.0* 9.0 12.0* 18.0 24.0* 36.0 48.0 54.0 Mbit] ESS, PRIVACY
12:32:17.951728 6.0 Mb/s 5785 MHz 11a -77dB signal antenna 3 60us Probe Response (Cisco_261223DC) [6.0* 9.0 12.0* 18.0 24.0* 36.0 48.0 54.0 Mbit], PRIVACY
12:32:18.210814 2.0 Mb/s 2412 MHz 11b -77dB signal antenna 3 258us Probe Response (2WIRE210) [1.0* 2.0* 5.5* 6.0 9.0 11.0* 12.0 18.0 Mbit] CH: 1, PRIVACY
12:32:18.281090 1.0 Mb/s 2432 MHz 11b -76dB signal antenna 3 314us Probe Response (ATT952) [1.0* 2.0* 5.5* 11.0* 18.0 24.0 36.0 54.0 Mbit] CH: 6, PRIVACY
12:32:18.283510 1.0 Mb/s 2432 MHz 11b -77dB signal antenna 3 Retry 314us Probe Response (ATT952) [1.0* 2.0* 5.5* 11.0* 18.0 24.0 36.0 54.0 Mbit] CH: 6, PRIVACY
12:32:18.294509 2.0 Mb/s 2432 MHz 11b -75dB signal antenna 3 0us Beacon (2WIRE135) [1.0* 2.0* 5.5* 11.0* 6.0 9.0 12.0 18.0 Mbit] ESS CH: 6, PRIVACY
12:32:18.315925 1.0 Mb/s 2437 MHz 11b -74dB signal antenna 3 314us Probe Response (ATT952) [1.0* 2.0* 5.5* 11.0* 18.0 24.0 36.0 54.0 Mbit] CH: 6, PRIVACY
12:32:18.318124 2.0 Mb/s 2437 MHz 11b -72dB signal antenna 3 Retry 258us Probe Response (2WIRE135) [1.0* 2.0* 5.5* 6.0 9.0 11.0* 12.0 18.0 Mbit] CH: 6, PRIVACY
12:32:18.321685 1.0 Mb/s 2437 MHz 11b -77dB signal antenna 3 Retry 304us Probe Response (USAFulfilment) [1.0* 2.0* 5.5* 11.0* 9.0 18.0 36.0 54.0 Mbit] CH: 6, PRIVACY
12:32:18.322092 5.5 Mb/s 2437 MHz 11b -77dB signal antenna 3 Retry 224us Probe Response (2135 0463) [1.0* 2.0* 5.5* 11.0* 22.0 Mbit] CH: 6, PRIVACY
12:32:18.329012 1.0 Mb/s 2437 MHz 11b -76dB signal antenna 3 Retry 316us Probe Response (2135 0463) [1.0* 2.0* 5.5* 11.0* 22.0 Mbit] CH: 6, PRIVACY
12:32:18.341557 2.0 Mb/s 2437 MHz 11b -71dB signal antenna 3 0us Beacon (2WIRE936) [1.0* 2.0* 5.5* 11.0* 6.0 9.0 12.0 18.0 Mbit] ESS CH: 7, PRIVACY
12:32:18.350774 1.0 Mb/s 2442 MHz 11b -79dB signal antenna 3 314us Probe Response (SCD_Cool) [1.0* 2.0* 5.5* 11.0* 18.0* 24.0* 36.0* 54.0* Mbit] CH: 8, PRIVACY
12:32:18.355398 1.0 Mb/s 2442 MHz 11b -77dB signal antenna 3 0us Beacon (2135 0463) [1.0* 2.0* 5.5* 11.0* 22.0 Mbit] ESS CH: 6, PRIVACY
12:32:18.365099 1.0 Mb/s 2442 MHz 11b -85dB signal antenna 3 Retry 314us Probe Response (linksys) [1.0* 2.0* 5.5* 11.0* 18.0 24.0 36.0 54.0 Mbit] CH: 6
12:32:18.366397 1.0 Mb/s 2442 MHz 11b -86dB signal antenna 3 Retry 314us Probe Response (linksys) [1.0* 2.0* 5.5* 11.0* 18.0 24.0 36.0 54.0 Mbit] CH: 6
12:32:18.367660 1.0 Mb/s 2442 MHz 11b -86dB signal antenna 3 Retry 314us Probe Response (linksys) [1.0* 2.0* 5.5* 11.0* 18.0 24.0 36.0 54.0 Mbit] CH: 6
12:32:18.384768 2.0 Mb/s 2447 MHz 11b -73dB signal antenna 3 258us Probe Response (2WIRE095) [1.0* 2.0* 5.5* 6.0 9.0 11.0* 12.0 18.0 Mbit] CH: 8, PRIVACY
12:32:18.386374 2.0 Mb/s 2447 MHz 11b -74dB signal antenna 3 Retry 258us Probe Response (2WIRE095) [1.0* 2.0* 5.5* 6.0 9.0 11.0* 12.0 18.0 Mbit] CH: 8, PRIVACY
12:32:18.392312 2.0 Mb/s 2447 MHz 11b -73dB signal antenna 3 0us Beacon (2WIRE095) [1.0* 2.0* 5.5* 11.0* 6.0 9.0 12.0 18.0 Mbit] ESS CH: 8, PRIVACY
12:32:18.410404 1.0 Mb/s 2447 MHz 11b -81dB signal antenna 3 0us Beacon (USAFulfilment) [1.0* 2.0* 5.5* 11.0* 9.0 18.0 36.0 54.0 Mbit] ESS CH: 6, PRIVACY
12:32:18.447703 1.0 Mb/s 2462 MHz 11b -83dB signal antenna 3 304us Probe Response (Demetria Lynne) [1.0* 2.0* 5.5* 11.0* 9.0 18.0 36.0 54.0 Mbit] CH: 11, PRIVACY
12:32:18.451296 1.0 Mb/s 2462 MHz 11b -80dB signal antenna 3 304us Probe Response (Demetria Lynne) [1.0* 2.0* 5.5* 11.0* 9.0 18.0 36.0 54.0 Mbit] CH: 11, PRIVACY
12:32:18.454956 1.0 Mb/s 2462 MHz 11b -81dB signal antenna 3 304us Probe Response (Demetria Lynne) [1.0* 2.0* 5.5* 11.0* 9.0 18.0 36.0 54.0 Mbit] CH: 11, PRIVACY
12:32:18.475858 1.0 Mb/s 2462 MHz 11b -91dB signal antenna 3 0us Beacon (bmb102010) [1.0* 2.0* 5.5* 11.0* 9.0 18.0 36.0 54.0 Mbit] ESS CH: 11, PRIVACY
12:32:18.552242 6.0 Mb/s 5180 MHz 11a -87dB signal antenna 3 0us Beacon (Cisco_260222B7) [6.0* 9.0 12.0* 18.0 24.0* 36.0 48.0 54.0 Mbit] ESS, PRIVACY
12:32:20.865428 6.0 Mb/s 5785 MHz 11a -81dB signal antenna 3 0us Beacon (Cisco_261223DC) [6.0* 9.0 12.0* 18.0 24.0* 36.0 48.0 54.0 Mbit] ESS, PRIVACY
12:32:21.112111 6.0 Mb/s 5180 MHz 11a -88dB signal antenna 3 0us Beacon (Cisco_260222B7) [6.0* 9.0 12.0* 18.0 24.0* 36.0 48.0 54.0 Mbit] ESS, PRIVACY

