12:46:35.456042 6.0 Mb/s 5180 MHz 11a -87dB signal antenna 3 0us Beacon (kcmsdguest) [6.0* 9.0 12.0* 18.0 24.0* 36.0 48.0 54.0 Mbit] ESS CH: 36
12:46:35.456479 6.0 Mb/s 5180 MHz 11a -87dB signal antenna 3 0us Beacon [6.0* 9.0 12.0* 18.0 24.0* 36.0 48.0 54.0 Mbit] IBSS CH: 36, PRIVACY
12:46:35.456808 6.0 Mb/s 5180 MHz 11a -87dB signal antenna 3 0us Beacon (kcmsdwireless) [6.0* 9.0 12.0* 18.0 24.0* 36.0 48.0 54.0 Mbit] ESS CH: 36, PRIVACY
12:46:35.558453 6.0 Mb/s 5180 MHz 11a -88dB signal antenna 3 0us Beacon (kcmsdguest) [6.0* 9.0 12.0* 18.0 24.0* 36.0 48.0 54.0 Mbit] ESS CH: 36
12:46:35.558891 6.0 Mb/s 5180 MHz 11a -88dB signal antenna 3 0us Beacon [6.0* 9.0 12.0* 18.0 24.0* 36.0 48.0 54.0 Mbit] IBSS CH: 36, PRIVACY
12:46:35.559220 6.0 Mb/s 5180 MHz 11a -87dB signal antenna 3 0us Beacon (kcmsdwireless) [6.0* 9.0 12.0* 18.0 24.0* 36.0 48.0 54.0 Mbit] ESS CH: 36, PRIVACY
12:46:35.590448 24.0 Mb/s 5180 MHz 11a -82dB signal antenna 3 0us Acknowledgment RA:d8:c7:c8:c4:79:0b 
12:46:35.592226 24.0 Mb/s 5180 MHz 11a -83dB signal antenna 3 0us Acknowledgment RA:d8:c7:c8:c4:79:0b 
12:46:35.603751 6.0 Mb/s 5180 MHz 11a -89dB signal antenna 3 WEP Encrypted 0us Data IV:6c270 Pad 0 KeyID 0
12:46:35.617513 6.0 Mb/s 5180 MHz 11a -87dB signal antenna 3 WEP Encrypted 0us Data IV:6c271 Pad 0 KeyID 0
12:46:35.617793 6.0 Mb/s 5180 MHz 11a -85dB signal antenna 3 WEP Encrypted 0us Data IV:6c272 Pad 0 KeyID 0
12:46:35.617968 6.0 Mb/s 5180 MHz 11a -87dB signal antenna 3 WEP Encrypted 0us Data IV:6c273 Pad 0 KeyID 0
12:46:35.650834 6.0 Mb/s 5180 MHz 11a -87dB signal antenna 3 WEP Encrypted 0us Data IV:6c274 Pad 0 KeyID 0
12:46:35.651007 6.0 Mb/s 5180 MHz 11a -88dB signal antenna 3 WEP Encrypted 0us Data IV:6c275 Pad 0 KeyID 0
12:46:35.651245 6.0 Mb/s 5180 MHz 11a -87dB signal antenna 3 WEP Encrypted 0us Data IV:6c276 Pad 0 KeyID 0
12:46:35.651610 6.0 Mb/s 5180 MHz 11a -87dB signal antenna 3 WEP Encrypted 0us Data IV:6c277 Pad 0 KeyID 0
12:46:35.651746 6.0 Mb/s 5180 MHz 11a -87dB signal antenna 3 WEP Encrypted 0us Data IV:6c278 Pad 0 KeyID 0
12:46:35.652021 6.0 Mb/s 5180 MHz 11a -88dB signal antenna 3 WEP Encrypted 0us Data IV:6c279 Pad 0 KeyID 0
12:46:35.652296 6.0 Mb/s 5180 MHz 11a -87dB signal antenna 3 WEP Encrypted 0us Data IV:6c27a Pad 0 KeyID 0
12:46:35.652706 6.0 Mb/s 5180 MHz 11a -87dB signal antenna 3 WEP Encrypted 0us Data IV:6c27b Pad 0 KeyID 0
12:46:35.652724 6.0 Mb/s 5180 MHz 11a -87dB signal antenna 3 WEP Encrypted 0us Data IV:6c27c Pad 0 KeyID 0
12:46:35.652798 6.0 Mb/s 5180 MHz 11a -86dB signal antenna 3 WEP Encrypted 0us Data IV:6c27d Pad 0 KeyID 0
12:46:35.660841 6.0 Mb/s 5180 MHz 11a -86dB signal antenna 3 0us Beacon (kcmsdguest) [6.0* 9.0 12.0* 18.0 24.0* 36.0 48.0 54.0 Mbit] ESS CH: 36
12:46:35.661633 6.0 Mb/s 5180 MHz 11a -87dB signal antenna 3 0us Beacon (kcmsdwireless) [6.0* 9.0 12.0* 18.0 24.0* 36.0 48.0 54.0 Mbit] ESS CH: 36, PRIVACY
12:46:35.683699 6.0 Mb/s 5180 MHz 11a -88dB signal antenna 3 WEP Encrypted 0us Data IV:6c27e Pad 0 KeyID 0
12:46:35.683877 6.0 Mb/s 5180 MHz 11a -88dB signal antenna 3 WEP Encrypted 0us Data IV:6c27f Pad 0 KeyID 0
12:46:35.684511 6.0 Mb/s 5180 MHz 11a -87dB signal antenna 3 WEP Encrypted 0us Data IV:6c280 Pad 0 KeyID 0
12:46:35.699603 6.0 Mb/s 5180 MHz 11a -87dB signal antenna 3 WEP Encrypted 0us Data IV:6c281 Pad 0 KeyID 0
12:46:35.763284 6.0 Mb/s 5180 MHz 11a -88dB signal antenna 3 0us Beacon (kcmsdguest) [6.0* 9.0 12.0* 18.0 24.0* 36.0 48.0 54.0 Mbit] ESS CH: 36
12:46:35.763685 6.0 Mb/s 5180 MHz 11a -87dB signal antenna 3 0us Beacon [6.0* 9.0 12.0* 18.0 24.0* 36.0 48.0 54.0 Mbit] IBSS CH: 36, PRIVACY
12:46:35.763986 6.0 Mb/s 5180 MHz 11a -87dB signal antenna 3 0us Beacon (kcmsdwireless) [6.0* 9.0 12.0* 18.0 24.0* 36.0 48.0 54.0 Mbit] ESS CH: 36, PRIVACY
12:46:35.845817 6.0 Mb/s 5180 MHz 11a -87dB signal antenna 3 WEP Encrypted 0us Data IV:6c282 Pad 0 KeyID 0
12:46:35.847795 6.0 Mb/s 5180 MHz 11a -87dB signal antenna 3 WEP Encrypted 0us Data IV:6c283 Pad 0 KeyID 0
12:46:35.865652 6.0 Mb/s 5180 MHz 11a -86dB signal antenna 3 0us Beacon (kcmsdguest) [6.0* 9.0 12.0* 18.0 24.0* 36.0 48.0 54.0 Mbit] ESS CH: 36
12:46:35.866083 6.0 Mb/s 5180 MHz 11a -87dB signal antenna 3 0us Beacon [6.0* 9.0 12.0* 18.0 24.0* 36.0 48.0 54.0 Mbit] IBSS CH: 36, PRIVACY
12:46:35.866386 6.0 Mb/s 5180 MHz 11a -86dB signal antenna 3 0us Beacon (kcmsdwireless) [6.0* 9.0 12.0* 18.0 24.0* 36.0 48.0 54.0 Mbit] ESS CH: 36, PRIVACY
12:46:35.899275 6.0 Mb/s 5180 MHz 11a -86dB signal antenna 3 WEP Encrypted 0us Data IV:6c284 Pad 0 KeyID 0
12:46:35.968057 6.0 Mb/s 5180 MHz 11a -87dB signal antenna 3 0us Beacon (kcmsdguest) [6.0* 9.0 12.0* 18.0 24.0* 36.0 48.0 54.0 Mbit] ESS CH: 36
12:46:35.968491 6.0 Mb/s 5180 MHz 11a -86dB signal antenna 3 0us Beacon [6.0* 9.0 12.0* 18.0 24.0* 36.0 48.0 54.0 Mbit] IBSS CH: 36, PRIVACY
12:46:35.968789 6.0 Mb/s 5180 MHz 11a -87dB signal antenna 3 0us Beacon (kcmsdwireless) [6.0* 9.0 12.0* 18.0 24.0* 36.0 48.0 54.0 Mbit] ESS CH: 36, PRIVACY
12:46:35.993687 6.0 Mb/s 5180 MHz 11a -86dB signal antenna 3 WEP Encrypted 0us Data IV:6c285 Pad 0 KeyID 0
12:46:36.070447 6.0 Mb/s 5180 MHz 11a -85dB signal antenna 3 0us Beacon (kcmsdguest) [6.0* 9.0 12.0* 18.0 24.0* 36.0 48.0 54.0 Mbit] ESS CH: 36
12:46:36.070898 6.0 Mb/s 5180 MHz 11a -85dB signal antenna 3 0us Beacon [6.0* 9.0 12.0* 18.0 24.0* 36.0 48.0 54.0 Mbit] IBSS CH: 36, PRIVACY
12:46:36.071205 6.0 Mb/s 5180 MHz 11a -87dB signal antenna 3 0us Beacon (kcmsdwireless) [6.0* 9.0 12.0* 18.0 24.0* 36.0 48.0 54.0 Mbit] ESS CH: 36, PRIVACY
12:46:36.172892 6.0 Mb/s 5180 MHz 11a -86dB signal antenna 3 0us Beacon (kcmsdguest) [6.0* 9.0 12.0* 18.0 24.0* 36.0 48.0 54.0 Mbit] ESS CH: 36
12:46:36.173300 6.0 Mb/s 5180 MHz 11a -87dB signal antenna 3 0us Beacon [6.0* 9.0 12.0* 18.0 24.0* 36.0 48.0 54.0 Mbit] IBSS CH: 36, PRIVACY
12:46:36.173609 6.0 Mb/s 5180 MHz 11a -88dB signal antenna 3 0us Beacon (kcmsdwireless) [6.0* 9.0 12.0* 18.0 24.0* 36.0 48.0 54.0 Mbit] ESS CH: 36, PRIVACY
12:46:36.178608 6.0 Mb/s 5180 MHz 11a -87dB signal antenna 3 WEP Encrypted 0us Data IV:6c286 Pad 0 KeyID 0
12:46:36.187033 6.0 Mb/s 5180 MHz 11a -87dB signal antenna 3 WEP Encrypted 0us Data IV:6c287 Pad 0 KeyID 0
12:46:36.197484 6.0 Mb/s 5180 MHz 11a -86dB signal antenna 3 WEP Encrypted 0us Data IV:6c288 Pad 0 KeyID 0
12:46:36.275251 6.0 Mb/s 5180 MHz 11a -86dB signal antenna 3 0us Beacon (kcmsdguest) [6.0* 9.0 12.0* 18.0 24.0* 36.0 48.0 54.0 Mbit] ESS CH: 36
12:46:36.275693 6.0 Mb/s 5180 MHz 11a -87dB signal antenna 3 0us Beacon [6.0* 9.0 12.0* 18.0 24.0* 36.0 48.0 54.0 Mbit] IBSS CH: 36, PRIVACY
12:46:36.276019 6.0 Mb/s 5180 MHz 11a -86dB signal antenna 3 0us Beacon (kcmsdwireless) [6.0* 9.0 12.0* 18.0 24.0* 36.0 48.0 54.0 Mbit] ESS CH: 36, PRIVACY
12:46:36.353945 6.0 Mb/s 5180 MHz 11a -87dB signal antenna 3 WEP Encrypted 0us Data IV:6c28b Pad 0 KeyID 0
12:46:36.377650 6.0 Mb/s 5180 MHz 11a -87dB signal antenna 3 0us Beacon (kcmsdguest) [6.0* 9.0 12.0* 18.0 24.0* 36.0 48.0 54.0 Mbit] ESS CH: 36
12:46:36.378104 6.0 Mb/s 5180 MHz 11a -86dB signal antenna 3 0us Beacon [6.0* 9.0 12.0* 18.0 24.0* 36.0 48.0 54.0 Mbit] IBSS CH: 36, PRIVACY
12:46:36.378415 6.0 Mb/s 5180 MHz 11a -87dB signal antenna 3 0us Beacon (kcmsdwireless) [6.0* 9.0 12.0* 18.0 24.0* 36.0 48.0 54.0 Mbit] ESS CH: 36, PRIVACY
12:46:36.402700 1.0 Mb/s 2412 MHz 11b -81dB signal antenna 3 314us Probe Response (kcmsdguest) [1.0* 2.0* 5.5 6.0 9.0 11.0 12.0 18.0 Mbit] CH: 1, PRIVACY
12:46:36.405050 1.0 Mb/s 2412 MHz 11b -78dB signal antenna 3 314us Probe Response (kcmsdguest) [1.0* 2.0* 5.5 6.0 9.0 11.0 12.0 18.0 Mbit] CH: 1, PRIVACY
12:46:36.406152 1.0 Mb/s 2412 MHz 11b -81dB signal antenna 3 314us Probe Response (kcmsdwireless) [1.0* 2.0* 5.5 6.0 9.0 11.0 12.0 18.0 Mbit] CH: 1, PRIVACY
12:46:36.417913 1.0 Mb/s 2412 MHz 11b -81dB signal antenna 3 0us Beacon (kcmsdguest) [1.0* 2.0* 5.5 11.0 6.0 9.0 12.0 18.0 Mbit] ESS CH: 1, PRIVACY
12:46:36.418832 1.0 Mb/s 2412 MHz 11b -81dB signal antenna 3 0us Beacon (kcmsdwireless) [1.0* 2.0* 5.5 11.0 6.0 9.0 12.0 18.0 Mbit] ESS CH: 1, PRIVACY
12:46:36.429522 1.0 Mb/s 2412 MHz 11b -84dB signal antenna 3 0us Beacon (kcmsdguest) [1.0* 2.0* 5.5 11.0 6.0 9.0 12.0 18.0 Mbit] ESS CH: 1, PRIVACY
12:46:36.471577 1.0 Mb/s 2422 MHz 11b -89dB signal antenna 3 0us Beacon (kcmsdwireless) [1.0* 2.0* 5.5 11.0 6.0 9.0 12.0 18.0 Mbit] ESS CH: 1, PRIVACY
12:46:36.528313 1.0 Mb/s 2437 MHz 11b -71dB signal antenna 3 0us Beacon (kcmsdwireless) [1.0* 2.0* 5.5 11.0 6.0 9.0 12.0 18.0 Mbit] ESS CH: 6, PRIVACY
12:46:36.548143 1.0 Mb/s 2437 MHz 11b -73dB signal antenna 3 314us Probe Response (kcmsdguest) [1.0* 2.0* 5.5 6.0 9.0 11.0 12.0 18.0 Mbit] CH: 6, PRIVACY
12:46:36.549292 1.0 Mb/s 2437 MHz 11b -72dB signal antenna 3 314us Probe Response (kcmsdwireless) [1.0* 2.0* 5.5 6.0 9.0 11.0 12.0 18.0 Mbit] CH: 6, PRIVACY
12:46:36.554980 1.0 Mb/s 2437 MHz 11b -91dB signal antenna 3 0us Beacon (kcmsdwireless) [1.0* 2.0* 5.5 11.0 6.0 9.0 12.0 18.0 Mbit] ESS CH: 6, PRIVACY
12:46:36.564479 1.0 Mb/s 2442 MHz 11b -74dB signal antenna 3 314us Probe Response (kcmsdguest) [1.0* 2.0* 5.5 6.0 9.0 11.0 12.0 18.0 Mbit] CH: 6, PRIVACY
12:46:36.605530 1.0 Mb/s 2457 MHz 11b -73dB signal antenna 3 314us Probe Response (kcmsdwireless) [1.0* 2.0* 5.5 6.0 9.0 11.0 12.0 18.0 Mbit] CH: 11, PRIVACY
12:46:36.613389 1.0 Mb/s 2462 MHz 11b -72dB signal antenna 3 314us Probe Response (kcmsdguest) [1.0* 2.0* 5.5 6.0 9.0 11.0 12.0 18.0 Mbit] CH: 11, PRIVACY
12:46:36.614494 1.0 Mb/s 2462 MHz 11b -70dB signal antenna 3 314us Probe Response (kcmsdwireless) [1.0* 2.0* 5.5 6.0 9.0 11.0 12.0 18.0 Mbit] CH: 11, PRIVACY
12:46:36.619365 1.0 Mb/s 2462 MHz 11b -88dB signal antenna 3 0us Beacon (   HOME NETWORK99) [1.0* 2.0* 5.5* 11.0* 6.0 12.0 24.0 36.0 Mbit] ESS CH: 11, PRIVACY
12:46:36.684872 6.0 Mb/s 5180 MHz 11a -86dB signal antenna 3 0us Beacon (kcmsdguest) [6.0* 9.0 12.0* 18.0 24.0* 36.0 48.0 54.0 Mbit] ESS CH: 36
12:46:36.685311 6.0 Mb/s 5180 MHz 11a -87dB signal antenna 3 0us Beacon [6.0* 9.0 12.0* 18.0 24.0* 36.0 48.0 54.0 Mbit] IBSS CH: 36, PRIVACY
12:46:36.685566 6.0 Mb/s 5180 MHz 11a -86dB signal antenna 3 0us Beacon (kcmsdwireless) [6.0* 9.0 12.0* 18.0 24.0* 36.0 48.0 54.0 Mbit] ESS CH: 36, PRIVACY
12:46:36.686515 6.0 Mb/s 5180 MHz 11a -86dB signal antenna 3 60us Probe Response (kcmsdguest) [6.0* 9.0 12.0* 18.0 24.0* 36.0 48.0 54.0 Mbit] CH: 36
12:46:36.686893 6.0 Mb/s 5180 MHz 11a -88dB signal antenna 3 60us Probe Response (kcmsdwireless) [6.0* 9.0 12.0* 18.0 24.0* 36.0 48.0 54.0 Mbit] CH: 36, PRIVACY
12:46:36.844268 6.0 Mb/s 5220 MHz 11a -81dB signal antenna 3 0us Beacon (kcmsdguest) [6.0* 9.0 12.0* 18.0 24.0* 36.0 48.0 54.0 Mbit] ESS CH: 44, PRIVACY
12:46:36.844369 6.0 Mb/s 5220 MHz 11a -83dB signal antenna 3 0us Beacon (kcmsdwireless) [6.0* 9.0 12.0* 18.0 24.0* 36.0 48.0 54.0 Mbit] ESS CH: 44, PRIVACY
12:46:36.851006 6.0 Mb/s 5220 MHz 11a -82dB signal antenna 3 60us Probe Response (kcmsdguest) [6.0* 9.0 12.0* 18.0 24.0* 36.0 48.0 54.0 Mbit] CH: 44, PRIVACY
12:46:36.851056 6.0 Mb/s 5220 MHz 11a -82dB signal antenna 3 60us Probe Response (kcmsdwireless) [6.0* 9.0 12.0* 18.0 24.0* 36.0 48.0 54.0 Mbit] CH: 44, PRIVACY
12:46:36.915293 6.0 Mb/s 5240 MHz 11a -70dB signal antenna 3 0us Beacon (kcmsdguest) [6.0* 9.0 12.0* 18.0 24.0* 36.0 48.0 54.0 Mbit] ESS CH: 48, PRIVACY
12:46:36.915351 6.0 Mb/s 5240 MHz 11a -70dB signal antenna 3 0us Beacon (kcmsdwireless) [6.0* 9.0 12.0* 18.0 24.0* 36.0 48.0 54.0 Mbit] ESS CH: 48, PRIVACY
12:46:36.916254 6.0 Mb/s 5240 MHz 11a -70dB signal antenna 3 60us Probe Response (kcmsdguest) [6.0* 9.0 12.0* 18.0 24.0* 36.0 48.0 54.0 Mbit] CH: 48, PRIVACY
12:46:36.916426 6.0 Mb/s 5240 MHz 11a -70dB signal antenna 3 60us Probe Response (kcmsdwireless) [6.0* 9.0 12.0* 18.0 24.0* 36.0 48.0 54.0 Mbit] CH: 48, PRIVACY
12:46:36.916634 6.0 Mb/s 5240 MHz 11a -85dB signal antenna 3 60us Probe Response (kcmsdwireless) [6.0* 9.0 12.0* 18.0 24.0* 36.0 48.0 54.0 Mbit] CH: 48, PRIVACY
12:46:36.919019 6.0 Mb/s 5240 MHz 11a -85dB signal antenna 3 0us Beacon (kcmsdguest) [6.0* 9.0 12.0* 18.0 24.0* 36.0 48.0 54.0 Mbit] ESS CH: 48, PRIVACY
12:46:36.928265 6.0 Mb/s 5240 MHz 11a -85dB signal antenna 3 0us Beacon (kcmsdwireless) [6.0* 9.0 12.0* 18.0 24.0* 36.0 48.0 54.0 Mbit] ESS CH: 48, PRIVACY
12:46:38.706109 6.0 Mb/s 5745 MHz 11a -86dB signal antenna 3 0us Beacon (kcmsdguest) [6.0* 9.0 12.0* 18.0 24.0* 36.0 48.0 54.0 Mbit] ESS CH: 149, PRIVACY
12:46:38.706258 6.0 Mb/s 5745 MHz 11a -87dB signal antenna 3 0us Beacon (kcmsdwireless) [6.0* 9.0 12.0* 18.0 24.0* 36.0 48.0 54.0 Mbit] ESS CH: 149, PRIVACY
12:46:38.707144 6.0 Mb/s 5745 MHz 11a -88dB signal antenna 3 60us Probe Response (kcmsdguest) [6.0* 9.0 12.0* 18.0 24.0* 36.0 48.0 54.0 Mbit] CH: 149, PRIVACY
12:46:38.707313 6.0 Mb/s 5745 MHz 11a -87dB signal antenna 3 60us Probe Response (kcmsdwireless) [6.0* 9.0 12.0* 18.0 24.0* 36.0 48.0 54.0 Mbit] CH: 149, PRIVACY
12:46:38.797247 6.0 Mb/s 5765 MHz 11a -81dB signal antenna 3 0us Beacon (kcmsdguest) [6.0* 9.0 12.0* 18.0 24.0* 36.0 48.0 54.0 Mbit] ESS CH: 153, PRIVACY
12:46:38.798335 6.0 Mb/s 5765 MHz 11a -80dB signal antenna 3 0us Beacon (kcmsdwireless) [6.0* 9.0 12.0* 18.0 24.0* 36.0 48.0 54.0 Mbit] ESS CH: 153, PRIVACY
12:46:38.798367 6.0 Mb/s 5765 MHz 11a -80dB signal antenna 3 60us Probe Response (kcmsdguest) [6.0* 9.0 12.0* 18.0 24.0* 36.0 48.0 54.0 Mbit] CH: 153, PRIVACY
12:46:38.798468 6.0 Mb/s 5765 MHz 11a -81dB signal antenna 3 60us Probe Response (kcmsdwireless) [6.0* 9.0 12.0* 18.0 24.0* 36.0 48.0 54.0 Mbit] CH: 153, PRIVACY
12:46:38.930756 6.0 Mb/s 5785 MHz 11a -86dB signal antenna 3 0us Beacon (kcmsdguest) [6.0* 9.0 12.0* 18.0 24.0* 36.0 48.0 54.0 Mbit] ESS CH: 157, PRIVACY
12:46:38.930808 6.0 Mb/s 5785 MHz 11a -85dB signal antenna 3 0us Beacon (kcmsdwireless) [6.0* 9.0 12.0* 18.0 24.0* 36.0 48.0 54.0 Mbit] ESS CH: 157, PRIVACY
12:46:38.931900 6.0 Mb/s 5785 MHz 11a -84dB signal antenna 3 60us Probe Response (kcmsdguest) [6.0* 9.0 12.0* 18.0 24.0* 36.0 48.0 54.0 Mbit] CH: 157, PRIVACY
12:46:38.932010 6.0 Mb/s 5785 MHz 11a -84dB signal antenna 3 60us Probe Response (kcmsdwireless) [6.0* 9.0 12.0* 18.0 24.0* 36.0 48.0 54.0 Mbit] CH: 157, PRIVACY
12:46:39.191621 1.0 Mb/s 2412 MHz 11b -82dB signal antenna 3 314us Probe Response (kcmsdwireless) [1.0* 2.0* 5.5 6.0 9.0 11.0 12.0 18.0 Mbit] CH: 1, PRIVACY
12:46:39.192824 1.0 Mb/s 2412 MHz 11b -83dB signal antenna 3 314us Probe Response (kcmsdwireless) [1.0* 2.0* 5.5 6.0 9.0 11.0 12.0 18.0 Mbit] CH: 1, PRIVACY
12:46:39.196053 1.0 Mb/s 2412 MHz 11b -85dB signal antenna 3 0us Beacon (kcmsdwireless) [1.0* 2.0* 5.5 11.0 6.0 9.0 12.0 18.0 Mbit] ESS CH: 1, PRIVACY
12:46:39.197206 1.0 Mb/s 2412 MHz 11b -86dB signal antenna 3 314us Probe Response (kcmsdwireless) [1.0* 2.0* 5.5 6.0 9.0 11.0 12.0 18.0 Mbit] CH: 1, PRIVACY
12:46:39.205279 1.0 Mb/s 2412 MHz 11b -86dB signal antenna 3 0us Beacon (kcmsdguest) [1.0* 2.0* 5.5 11.0 6.0 9.0 12.0 18.0 Mbit] ESS CH: 1
12:46:39.207314 1.0 Mb/s 2412 MHz 11b -83dB signal antenna 3 0us Beacon (kcmsdwireless) [1.0* 2.0* 5.5 11.0 6.0 9.0 12.0 18.0 Mbit] ESS CH: 1, PRIVACY
12:46:39.226443 1.0 Mb/s 2417 MHz 11b -81dB signal antenna 3 314us Probe Response (kcmsdwireless) [1.0* 2.0* 5.5 6.0 9.0 11.0 12.0 18.0 Mbit] CH: 1, PRIVACY
12:46:39.286907 1.0 Mb/s 2432 MHz 11b -69dB signal antenna 3 314us Probe Response (kcmsdguest) [1.0* 2.0* 5.5 6.0 9.0 11.0 12.0 18.0 Mbit] CH: 6, PRIVACY
12:46:39.292039 1.0 Mb/s 2432 MHz 11b -69dB signal antenna 3 0us Beacon (kcmsdguest) [1.0* 2.0* 5.5 11.0 6.0 9.0 12.0 18.0 Mbit] ESS CH: 6, PRIVACY
12:46:39.323281 1.0 Mb/s 2437 MHz 11b -80dB signal antenna 3 314us Probe Response (ATT312) [1.0* 2.0* 5.5* 11.0* 18.0 24.0 36.0 54.0 Mbit] CH: 6, PRIVACY
12:46:39.325722 1.0 Mb/s 2437 MHz 11b -69dB signal antenna 3 314us Probe Response (kcmsdguest) [1.0* 2.0* 5.5 6.0 9.0 11.0 12.0 18.0 Mbit] CH: 6, PRIVACY
12:46:39.326861 1.0 Mb/s 2437 MHz 11b -71dB signal antenna 3 314us Probe Response (kcmsdwireless) [1.0* 2.0* 5.5 6.0 9.0 11.0 12.0 18.0 Mbit] CH: 6, PRIVACY
12:46:39.328069 1.0 Mb/s 2437 MHz 11b -83dB signal antenna 3 0us Beacon () [1.0* 2.0* 5.5* 11.0* 6.0 12.0 24.0 36.0 Mbit] ESS CH: 8, PRIVACY
12:46:39.395202 1.0 Mb/s 2457 MHz 11b -74dB signal antenna 3 314us Probe Response (kcmsdguest) [1.0* 2.0* 5.5 6.0 9.0 11.0 12.0 18.0 Mbit] CH: 11, PRIVACY
12:46:39.409740 1.0 Mb/s 2457 MHz 11b -82dB signal antenna 3 0us Beacon (kcmsdguest) [1.0* 2.0* 5.5 11.0 6.0 9.0 12.0 18.0 Mbit] ESS CH: 11
12:46:39.429104 1.0 Mb/s 2462 MHz 11b -84dB signal antenna 3 0us Beacon (kcmsdwireless) [1.0* 2.0* 5.5 11.0 6.0 9.0 12.0 18.0 Mbit] ESS CH: 11, PRIVACY
12:46:39.432930 1.0 Mb/s 2462 MHz 11b -74dB signal antenna 3 314us Probe Response (kcmsdguest) [1.0* 2.0* 5.5 6.0 9.0 11.0 12.0 18.0 Mbit] CH: 11, PRIVACY
12:46:39.435291 1.0 Mb/s 2462 MHz 11b -72dB signal antenna 3 0us Beacon (kcmsdguest) [1.0* 2.0* 5.5 11.0 6.0 9.0 12.0 18.0 Mbit] ESS CH: 11, PRIVACY
12:46:39.436198 1.0 Mb/s 2462 MHz 11b -74dB signal antenna 3 0us Beacon (kcmsdwireless) [1.0* 2.0* 5.5 11.0 6.0 9.0 12.0 18.0 Mbit] ESS CH: 11, PRIVACY
12:46:39.438589 1.0 Mb/s 2462 MHz 11b -72dB signal antenna 3 314us Probe Response (kcmsdguest) [1.0* 2.0* 5.5 6.0 9.0 11.0 12.0 18.0 Mbit] CH: 11, PRIVACY
12:46:39.439709 1.0 Mb/s 2462 MHz 11b -73dB signal antenna 3 314us Probe Response (kcmsdwireless) [1.0* 2.0* 5.5 6.0 9.0 11.0 12.0 18.0 Mbit] CH: 11, PRIVACY
12:46:39.451293 1.0 Mb/s 2462 MHz 11b -85dB signal antenna 3 0us Beacon (kcmsdguest) [1.0* 2.0* 5.5 11.0 6.0 9.0 12.0 18.0 Mbit] ESS CH: 11, PRIVACY
12:46:39.452197 1.0 Mb/s 2462 MHz 11b -86dB signal antenna 3 0us Beacon (kcmsdwireless) [1.0* 2.0* 5.5 11.0 6.0 9.0 12.0 18.0 Mbit] ESS CH: 11, PRIVACY
12:46:39.552119 6.0 Mb/s 5180 MHz 11a -87dB signal antenna 3 0us Beacon (kcmsdguest) [6.0* 9.0 12.0* 18.0 24.0* 36.0 48.0 54.0 Mbit] ESS CH: 36
12:46:39.552559 6.0 Mb/s 5180 MHz 11a -85dB signal antenna 3 0us Beacon [6.0* 9.0 12.0* 18.0 24.0* 36.0 48.0 54.0 Mbit] IBSS CH: 36, PRIVACY
12:46:39.552875 6.0 Mb/s 5180 MHz 11a -87dB signal antenna 3 0us Beacon (kcmsdwireless) [6.0* 9.0 12.0* 18.0 24.0* 36.0 48.0 54.0 Mbit] ESS CH: 36, PRIVACY
12:46:39.711449 6.0 Mb/s 5220 MHz 11a -82dB signal antenna 3 0us Beacon (kcmsdguest) [6.0* 9.0 12.0* 18.0 24.0* 36.0 48.0 54.0 Mbit] ESS CH: 44, PRIVACY
12:46:39.718979 6.0 Mb/s 5220 MHz 11a -81dB signal antenna 3 0us Beacon (kcmsdwireless) [6.0* 9.0 12.0* 18.0 24.0* 36.0 48.0 54.0 Mbit] ESS CH: 44, PRIVACY
12:46:39.719019 6.0 Mb/s 5220 MHz 11a -83dB signal antenna 3 60us Probe Response (kcmsdguest) [6.0* 9.0 12.0* 18.0 24.0* 36.0 48.0 54.0 Mbit] CH: 44, PRIVACY
12:46:39.719124 6.0 Mb/s 5220 MHz 11a -82dB signal antenna 3 60us Probe Response (kcmsdwireless) [6.0* 9.0 12.0* 18.0 24.0* 36.0 48.0 54.0 Mbit] CH: 44, PRIVACY
12:46:39.782513 6.0 Mb/s 5240 MHz 11a -70dB signal antenna 3 0us Beacon (kcmsdguest) [6.0* 9.0 12.0* 18.0 24.0* 36.0 48.0 54.0 Mbit] ESS CH: 48, PRIVACY
12:46:39.783956 6.0 Mb/s 5240 MHz 11a -70dB signal antenna 3 0us Beacon (kcmsdwireless) [6.0* 9.0 12.0* 18.0 24.0* 36.0 48.0 54.0 Mbit] ESS CH: 48, PRIVACY
12:46:39.783986 6.0 Mb/s 5240 MHz 11a -70dB signal antenna 3 60us Probe Response (kcmsdwireless) [6.0* 9.0 12.0* 18.0 24.0* 36.0 48.0 54.0 Mbit] CH: 48, PRIVACY
12:46:39.786224 6.0 Mb/s 5240 MHz 11a -86dB signal antenna 3 0us Beacon (kcmsdguest) [6.0* 9.0 12.0* 18.0 24.0* 36.0 48.0 54.0 Mbit] ESS CH: 48, PRIVACY
12:46:39.786324 6.0 Mb/s 5240 MHz 11a -86dB signal antenna 3 0us Beacon (kcmsdwireless) [6.0* 9.0 12.0* 18.0 24.0* 36.0 48.0 54.0 Mbit] ESS CH: 48, PRIVACY
12:46:41.573456 6.0 Mb/s 5745 MHz 11a -84dB signal antenna 3 0us Beacon (kcmsdguest) [6.0* 9.0 12.0* 18.0 24.0* 36.0 48.0 54.0 Mbit] ESS CH: 149, PRIVACY
12:46:41.573509 6.0 Mb/s 5745 MHz 11a -85dB signal antenna 3 0us Beacon (kcmsdwireless) [6.0* 9.0 12.0* 18.0 24.0* 36.0 48.0 54.0 Mbit] ESS CH: 149, PRIVACY
12:46:41.574501 6.0 Mb/s 5745 MHz 11a -85dB signal antenna 3 60us Probe Response (kcmsdguest) [6.0* 9.0 12.0* 18.0 24.0* 36.0 48.0 54.0 Mbit] CH: 149, PRIVACY
12:46:41.574735 6.0 Mb/s 5745 MHz 11a -85dB signal antenna 3 60us Probe Response (kcmsdwireless) [6.0* 9.0 12.0* 18.0 24.0* 36.0 48.0 54.0 Mbit] CH: 149, PRIVACY
12:46:41.664548 6.0 Mb/s 5765 MHz 11a -83dB signal antenna 3 0us Beacon (kcmsdguest) [6.0* 9.0 12.0* 18.0 24.0* 36.0 48.0 54.0 Mbit] ESS CH: 153, PRIVACY
12:46:41.664582 6.0 Mb/s 5765 MHz 11a -82dB signal antenna 3 0us Beacon (kcmsdwireless) [6.0* 9.0 12.0* 18.0 24.0* 36.0 48.0 54.0 Mbit] ESS CH: 153, PRIVACY
12:46:41.665373 6.0 Mb/s 5765 MHz 11a -82dB signal antenna 3 60us Probe Response (kcmsdguest) [6.0* 9.0 12.0* 18.0 24.0* 36.0 48.0 54.0 Mbit] CH: 153, PRIVACY
12:46:41.665456 6.0 Mb/s 5765 MHz 11a -83dB signal antenna 3 60us Probe Response (kcmsdwireless) [6.0* 9.0 12.0* 18.0 24.0* 36.0 48.0 54.0 Mbit] CH: 153, PRIVACY
12:46:41.695579 6.0 Mb/s 5785 MHz 11a -85dB signal antenna 3 0us Beacon (kcmsdguest) [6.0* 9.0 12.0* 18.0 24.0* 36.0 48.0 54.0 Mbit] ESS CH: 157, PRIVACY
12:46:41.695683 6.0 Mb/s 5785 MHz 11a -85dB signal antenna 3 0us Beacon (kcmsdwireless) [6.0* 9.0 12.0* 18.0 24.0* 36.0 48.0 54.0 Mbit] ESS CH: 157, PRIVACY
12:46:41.696499 6.0 Mb/s 5785 MHz 11a -85dB signal antenna 3 60us Probe Response (kcmsdguest) [6.0* 9.0 12.0* 18.0 24.0* 36.0 48.0 54.0 Mbit] CH: 157, PRIVACY
12:46:41.696614 6.0 Mb/s 5785 MHz 11a -85dB signal antenna 3 60us Probe Response (kcmsdwireless) [6.0* 9.0 12.0* 18.0 24.0* 36.0 48.0 54.0 Mbit] CH: 157, PRIVACY
12:46:41.803833 6.0 Mb/s 5805 MHz 11a -80dB signal antenna 3 0us Beacon (kcmsdguest) [6.0* 9.0 12.0* 18.0 24.0* 36.0 48.0 54.0 Mbit] ESS CH: 161, PRIVACY
12:46:41.804711 6.0 Mb/s 5805 MHz 11a -82dB signal antenna 3 0us Beacon (kcmsdwireless) [6.0* 9.0 12.0* 18.0 24.0* 36.0 48.0 54.0 Mbit] ESS CH: 161, PRIVACY
12:46:41.804742 6.0 Mb/s 5805 MHz 11a -81dB signal antenna 3 60us Probe Response (kcmsdguest) [6.0* 9.0 12.0* 18.0 24.0* 36.0 48.0 54.0 Mbit] CH: 161, PRIVACY
12:46:41.804944 6.0 Mb/s 5805 MHz 11a -82dB signal antenna 3 60us Probe Response (kcmsdwireless) [6.0* 9.0 12.0* 18.0 24.0* 36.0 48.0 54.0 Mbit] CH: 161, PRIVACY
12:46:41.947441 1.0 Mb/s 2412 MHz 11b -87dB signal antenna 3 0us Beacon (kcmsdguest) [1.0* 2.0* 5.5 11.0 6.0 9.0 12.0 18.0 Mbit] ESS CH: 1, PRIVACY
12:46:41.948434 1.0 Mb/s 2412 MHz 11b -87dB signal antenna 3 0us Beacon (kcmsdwireless) [1.0* 2.0* 5.5 11.0 6.0 9.0 12.0 18.0 Mbit] ESS CH: 1, PRIVACY
12:46:41.952156 1.0 Mb/s 2412 MHz 11b -80dB signal antenna 3 314us Probe Response (kcmsdguest) [1.0* 2.0* 5.5 6.0 9.0 11.0 12.0 18.0 Mbit] CH: 1, PRIVACY
12:46:41.953312 1.0 Mb/s 2412 MHz 11b -76dB signal antenna 3 314us Probe Response (kcmsdwireless) [1.0* 2.0* 5.5 6.0 9.0 11.0 12.0 18.0 Mbit] CH: 1, PRIVACY
12:46:41.959182 1.0 Mb/s 2412 MHz 11b -78dB signal antenna 3 0us Beacon (kcmsdguest) [1.0* 2.0* 5.5 11.0 6.0 9.0 12.0 18.0 Mbit] ESS CH: 1, PRIVACY
12:46:41.960074 1.0 Mb/s 2412 MHz 11b -79dB signal antenna 3 0us Beacon (kcmsdwireless) [1.0* 2.0* 5.5 11.0 6.0 9.0 12.0 18.0 Mbit] ESS CH: 1, PRIVACY
12:46:41.965416 1.0 Mb/s 2412 MHz 11b -87dB signal antenna 3 0us Beacon (ATT952) [1.0* 2.0* 5.5* 11.0* 18.0 24.0 36.0 54.0 Mbit] ESS CH: 1, PRIVACY
12:46:41.972119 1.0 Mb/s 2412 MHz 11b -88dB signal antenna 3 0us Beacon (kcmsdwireless) [1.0* 2.0* 5.5 11.0 6.0 9.0 12.0 18.0 Mbit] ESS CH: 1, PRIVACY
12:46:41.983994 1.0 Mb/s 2417 MHz 11b -78dB signal antenna 3 314us Probe Response (kcmsdguest) [1.0* 2.0* 5.5 6.0 9.0 11.0 12.0 18.0 Mbit] CH: 1, PRIVACY
12:46:41.985040 1.0 Mb/s 2417 MHz 11b -79dB signal antenna 3 314us Probe Response (kcmsdwireless) [1.0* 2.0* 5.5 6.0 9.0 11.0 12.0 18.0 Mbit] CH: 1, PRIVACY
12:46:42.049116 6.0 Mb/s 2422 MHz 11g -88dB signal antenna 3 0us Beacon (TWCWiFi) [6.0* 9.0 12.0* 18.0 24.0* 36.0 48.0 54.0 Mbit] ESS CH: 3
12:46:42.056855 1.0 Mb/s 2427 MHz 11b -78dB signal antenna 3 0us Beacon (kcmsdguest) [1.0* 2.0* 5.5 11.0 6.0 9.0 12.0 18.0 Mbit] ESS CH: 6, PRIVACY
12:46:42.123897 1.0 Mb/s 2437 MHz 11b -73dB signal antenna 3 314us Probe Response (kcmsdguest) [1.0* 2.0* 5.5 6.0 9.0 11.0 12.0 18.0 Mbit] CH: 6, PRIVACY
12:46:42.125023 1.0 Mb/s 2437 MHz 11b -75dB signal antenna 3 314us Probe Response (kcmsdwireless) [1.0* 2.0* 5.5 6.0 9.0 11.0 12.0 18.0 Mbit] CH: 6, PRIVACY
12:46:42.149397 1.0 Mb/s 2437 MHz 11b -81dB signal antenna 3 0us Beacon (ATT312) [1.0* 2.0* 5.5* 11.0* 18.0 24.0 36.0 54.0 Mbit] ESS CH: 6, PRIVACY
12:46:42.159224 1.0 Mb/s 2442 MHz 11b -74dB signal antenna 3 0us Beacon (kcmsdguest) [1.0* 2.0* 5.5 11.0 6.0 9.0 12.0 18.0 Mbit] ESS CH: 6, PRIVACY
12:46:42.220666 1.0 Mb/s 2457 MHz 11b -76dB signal antenna 3 314us Probe Response (kcmsdguest) [1.0* 2.0* 5.5 6.0 9.0 11.0 12.0 18.0 Mbit] CH: 11, PRIVACY
12:46:42.234641 1.0 Mb/s 2457 MHz 11b -85dB signal antenna 3 0us Beacon (kcmsdwireless) [1.0* 2.0* 5.5 11.0 6.0 9.0 12.0 18.0 Mbit] ESS CH: 11, PRIVACY
12:46:42.246743 1.0 Mb/s 2457 MHz 11b -74dB signal antenna 3 0us Beacon (kcmsdwireless) [1.0* 2.0* 5.5 11.0 6.0 9.0 12.0 18.0 Mbit] ESS CH: 11, PRIVACY
12:46:42.252917 1.0 Mb/s 2462 MHz 11b -73dB signal antenna 3 314us Probe Response (kcmsdguest) [1.0* 2.0* 5.5 6.0 9.0 11.0 12.0 18.0 Mbit] CH: 11, PRIVACY
12:46:42.254035 1.0 Mb/s 2462 MHz 11b -73dB signal antenna 3 314us Probe Response (kcmsdwireless) [1.0* 2.0* 5.5 6.0 9.0 11.0 12.0 18.0 Mbit] CH: 11, PRIVACY
12:46:42.255175 1.0 Mb/s 2462 MHz 11b -82dB signal antenna 3 314us Probe Response (kcmsdwireless) [1.0* 2.0* 5.5 6.0 9.0 11.0 12.0 18.0 Mbit] CH: 11, PRIVACY
12:46:42.257322 1.0 Mb/s 2462 MHz 11b -87dB signal antenna 3 314us Probe Response (kcmsdwireless) [1.0* 2.0* 5.5 6.0 9.0 11.0 12.0 18.0 Mbit] CH: 11, PRIVACY
12:46:42.275164 1.0 Mb/s 2462 MHz 11b -90dB signal antenna 3 0us Beacon (Vine Street Freenet) [1.0* 2.0* 5.5* 11.0* 6.0 9.0 12.0 18.0 Mbit] ESS CH: 11
12:46:42.279062 1.0 Mb/s 2462 MHz 11b -86dB signal antenna 3 0us Beacon (kcmsdwireless) [1.0* 2.0* 5.5 11.0 6.0 9.0 12.0 18.0 Mbit] ESS CH: 11, PRIVACY
12:46:42.554012 6.0 Mb/s 5220 MHz 11a -83dB signal antenna 3 0us Beacon (ctcco.com.Sheraton-BTH) [6.0* 9.0 12.0* 18.0 24.0* 36.0 48.0 54.0 Mbit] ESS CH: 44, PRIVACY
12:46:42.554952 6.0 Mb/s 5220 MHz 11a -78dB signal antenna 3 60us Probe Response (kcmsdwireless) [6.0* 9.0 12.0* 18.0 24.0* 36.0 48.0 54.0 Mbit] CH: 44, PRIVACY
12:46:42.555542 6.0 Mb/s 5220 MHz 11a -83dB signal antenna 3 Retry 60us Probe Response (ctcco.com.Sheraton-BTH) [6.0* 9.0 12.0* 18.0 24.0* 36.0 48.0 54.0 Mbit] CH: 44, PRIVACY
12:46:42.649726 6.0 Mb/s 5240 MHz 11a -69dB signal antenna 3 0us Beacon (kcmsdguest) [6.0* 9.0 12.0* 18.0 24.0* 36.0 48.0 54.0 Mbit] ESS CH: 48, PRIVACY
12:46:42.651314 6.0 Mb/s 5240 MHz 11a -69dB signal antenna 3 0us Beacon (kcmsdwireless) [6.0* 9.0 12.0* 18.0 24.0* 36.0 48.0 54.0 Mbit] ESS CH: 48, PRIVACY
12:46:42.651437 6.0 Mb/s 5240 MHz 11a -68dB signal antenna 3 60us Probe Response (kcmsdguest) [6.0* 9.0 12.0* 18.0 24.0* 36.0 48.0 54.0 Mbit] CH: 48, PRIVACY
12:46:42.653608 6.0 Mb/s 5240 MHz 11a -69dB signal antenna 3 60us Probe Response (kcmsdwireless) [6.0* 9.0 12.0* 18.0 24.0* 36.0 48.0 54.0 Mbit] CH: 48, PRIVACY
12:46:42.653659 6.0 Mb/s 5240 MHz 11a -89dB signal antenna 3 0us Beacon (kcmsdwireless) [6.0* 9.0 12.0* 18.0 24.0* 36.0 48.0 54.0 Mbit] ESS CH: 48, PRIVACY
12:46:44.531699 6.0 Mb/s 5765 MHz 11a -84dB signal antenna 3 0us Beacon (kcmsdguest) [6.0* 9.0 12.0* 18.0 24.0* 36.0 48.0 54.0 Mbit] ESS CH: 153, PRIVACY
12:46:44.532750 6.0 Mb/s 5765 MHz 11a -84dB signal antenna 3 0us Beacon (kcmsdwireless) [6.0* 9.0 12.0* 18.0 24.0* 36.0 48.0 54.0 Mbit] ESS CH: 153, PRIVACY
12:46:44.532790 6.0 Mb/s 5765 MHz 11a -82dB signal antenna 3 60us Probe Response (kcmsdguest) [6.0* 9.0 12.0* 18.0 24.0* 36.0 48.0 54.0 Mbit] CH: 153, PRIVACY
12:46:44.532893 6.0 Mb/s 5765 MHz 11a -83dB signal antenna 3 60us Probe Response (kcmsdwireless) [6.0* 9.0 12.0* 18.0 24.0* 36.0 48.0 54.0 Mbit] CH: 153, PRIVACY
12:46:44.562958 6.0 Mb/s 5785 MHz 11a -88dB signal antenna 3 0us Beacon (kcmsdwireless) [6.0* 9.0 12.0* 18.0 24.0* 36.0 48.0 54.0 Mbit] ESS CH: 157, PRIVACY
12:46:44.587872 6.0 Mb/s 5805 MHz 11a -83dB signal antenna 3 0us Beacon (kcmsdguest) [6.0* 9.0 12.0* 18.0 24.0* 36.0 48.0 54.0 Mbit] ESS CH: 161, PRIVACY
12:46:44.587936 6.0 Mb/s 5805 MHz 11a -82dB signal antenna 3 0us Beacon (kcmsdwireless) [6.0* 9.0 12.0* 18.0 24.0* 36.0 48.0 54.0 Mbit] ESS CH: 161, PRIVACY
12:46:44.588910 6.0 Mb/s 5805 MHz 11a -84dB signal antenna 3 60us Probe Response (kcmsdguest) [6.0* 9.0 12.0* 18.0 24.0* 36.0 48.0 54.0 Mbit] CH: 161, PRIVACY
12:46:44.589020 6.0 Mb/s 5805 MHz 11a -83dB signal antenna 3 60us Probe Response (kcmsdwireless) [6.0* 9.0 12.0* 18.0 24.0* 36.0 48.0 54.0 Mbit] CH: 161, PRIVACY
12:46:44.589459 6.0 Mb/s 5805 MHz 11a -81dB signal antenna 3 60us Probe Response (kcmsdguest) [6.0* 9.0 12.0* 18.0 24.0* 36.0 48.0 54.0 Mbit] CH: 161, PRIVACY
12:46:44.589659 6.0 Mb/s 5805 MHz 11a -81dB signal antenna 3 60us Probe Response (kcmsdwireless) [6.0* 9.0 12.0* 18.0 24.0* 36.0 48.0 54.0 Mbit] CH: 161, PRIVACY
12:46:44.734186 1.0 Mb/s 2412 MHz 11b -83dB signal antenna 3 314us Probe Response (kcmsdguest) [1.0* 2.0* 5.5 6.0 9.0 11.0 12.0 18.0 Mbit] CH: 1, PRIVACY
12:46:44.736104 1.0 Mb/s 2412 MHz 11b -83dB signal antenna 3 314us Probe Response (kcmsdwireless) [1.0* 2.0* 5.5 6.0 9.0 11.0 12.0 18.0 Mbit] CH: 1, PRIVACY
12:46:44.737392 1.0 Mb/s 2412 MHz 11b -85dB signal antenna 3 314us Probe Response (kcmsdwireless) [1.0* 2.0* 5.5 6.0 9.0 11.0 12.0 18.0 Mbit] CH: 1, PRIVACY
12:46:44.744478 1.0 Mb/s 2412 MHz 11b -89dB signal antenna 3 314us Probe Response (kcmsdguest) [1.0* 2.0* 5.5 6.0 9.0 11.0 12.0 18.0 Mbit] CH: 1
12:46:44.765074 1.0 Mb/s 2412 MHz 11b -82dB signal antenna 3 0us Beacon (kcmsdguest) [1.0* 2.0* 5.5 11.0 6.0 9.0 12.0 18.0 Mbit] ESS CH: 1, PRIVACY
12:46:44.766008 1.0 Mb/s 2412 MHz 11b -83dB signal antenna 3 0us Beacon (kcmsdwireless) [1.0* 2.0* 5.5 11.0 6.0 9.0 12.0 18.0 Mbit] ESS CH: 1, PRIVACY
12:46:44.808711 1.0 Mb/s 2432 MHz 11b -77dB signal antenna 3 314us Probe Response (kcmsdguest) [1.0* 2.0* 5.5 6.0 9.0 11.0 12.0 18.0 Mbit] CH: 6, PRIVACY
12:46:44.821697 1.0 Mb/s 2437 MHz 11b -78dB signal antenna 3 0us Beacon (kcmsdguest) [1.0* 2.0* 5.5 11.0 6.0 9.0 12.0 18.0 Mbit] ESS CH: 6, PRIVACY
12:46:44.822618 1.0 Mb/s 2437 MHz 11b -81dB signal antenna 3 0us Beacon (kcmsdwireless) [1.0* 2.0* 5.5 11.0 6.0 9.0 12.0 18.0 Mbit] ESS CH: 6, PRIVACY
12:46:44.824982 1.0 Mb/s 2437 MHz 11b -81dB signal antenna 3 314us Probe Response (kcmsdguest) [1.0* 2.0* 5.5 6.0 9.0 11.0 12.0 18.0 Mbit] CH: 6, PRIVACY
12:46:44.826177 1.0 Mb/s 2437 MHz 11b -81dB signal antenna 3 314us Probe Response (kcmsdwireless) [1.0* 2.0* 5.5 6.0 9.0 11.0 12.0 18.0 Mbit] CH: 6, PRIVACY
12:46:44.908497 1.0 Mb/s 2457 MHz 11b -80dB signal antenna 3 0us Beacon (kcmsdguest) [1.0* 2.0* 5.5 11.0 6.0 9.0 12.0 18.0 Mbit] ESS CH: 11, PRIVACY
12:46:44.909388 1.0 Mb/s 2457 MHz 11b -81dB signal antenna 3 0us Beacon (kcmsdwireless) [1.0* 2.0* 5.5 11.0 6.0 9.0 12.0 18.0 Mbit] ESS CH: 11, PRIVACY
12:46:44.910493 1.0 Mb/s 2457 MHz 11b -80dB signal antenna 3 314us Probe Response (kcmsdwireless) [1.0* 2.0* 5.5 6.0 9.0 11.0 12.0 18.0 Mbit] CH: 11, PRIVACY
12:46:44.931953 1.0 Mb/s 2462 MHz 11b -81dB signal antenna 3 314us Probe Response (kcmsdguest) [1.0* 2.0* 5.5 6.0 9.0 11.0 12.0 18.0 Mbit] CH: 11, PRIVACY
12:46:44.939435 1.0 Mb/s 2462 MHz 11b -85dB signal antenna 3 0us Beacon (kcmsdguest) [1.0* 2.0* 5.5 11.0 6.0 9.0 12.0 18.0 Mbit] ESS CH: 11
12:46:44.941511 1.0 Mb/s 2462 MHz 11b -81dB signal antenna 3 0us Beacon (kcmsdwireless) [1.0* 2.0* 5.5 11.0 6.0 9.0 12.0 18.0 Mbit] ESS CH: 11, PRIVACY
12:46:44.979442 6.0 Mb/s 5180 MHz 11a -87dB signal antenna 3 0us Beacon (kcmsdguest) [6.0* 9.0 12.0* 18.0 24.0* 36.0 48.0 54.0 Mbit] ESS CH: 36
12:46:44.979824 6.0 Mb/s 5180 MHz 11a -87dB signal antenna 3 0us Beacon [6.0* 9.0 12.0* 18.0 24.0* 36.0 48.0 54.0 Mbit] IBSS CH: 36, PRIVACY
12:46:44.980091 6.0 Mb/s 5180 MHz 11a -87dB signal antenna 3 0us Beacon (kcmsdwireless) [6.0* 9.0 12.0* 18.0 24.0* 36.0 48.0 54.0 Mbit] ESS CH: 36, PRIVACY
12:46:45.122201 6.0 Mb/s 5220 MHz 11a -87dB signal antenna 3 0us Beacon (ctcco.com.Sheraton-BTH) [6.0* 9.0 12.0* 18.0 24.0* 36.0 48.0 54.0 Mbit] ESS CH: 44, PRIVACY
12:46:45.122911 6.0 Mb/s 5220 MHz 11a -87dB signal antenna 3 60us Probe Response (kcmsdguest) [6.0* 9.0 12.0* 18.0 24.0* 36.0 48.0 54.0 Mbit] CH: 44, PRIVACY
12:46:45.123010 6.0 Mb/s 5220 MHz 11a -86dB signal antenna 3 60us Probe Response (kcmsdwireless) [6.0* 9.0 12.0* 18.0 24.0* 36.0 48.0 54.0 Mbit] CH: 44, PRIVACY
12:46:45.138711 6.0 Mb/s 5220 MHz 11a -87dB signal antenna 3 0us Beacon (kcmsdguest) [6.0* 9.0 12.0* 18.0 24.0* 36.0 48.0 54.0 Mbit] ESS CH: 44, PRIVACY
12:46:45.138771 6.0 Mb/s 5220 MHz 11a -87dB signal antenna 3 0us Beacon (kcmsdwireless) [6.0* 9.0 12.0* 18.0 24.0* 36.0 48.0 54.0 Mbit] ESS CH: 44, PRIVACY
12:46:45.209749 6.0 Mb/s 5240 MHz 11a -78dB signal antenna 3 0us Beacon (kcmsdguest) [6.0* 9.0 12.0* 18.0 24.0* 36.0 48.0 54.0 Mbit] ESS CH: 48, PRIVACY
12:46:45.211249 6.0 Mb/s 5240 MHz 11a -78dB signal antenna 3 0us Beacon (kcmsdwireless) [6.0* 9.0 12.0* 18.0 24.0* 36.0 48.0 54.0 Mbit] ESS CH: 48, PRIVACY
12:46:45.211293 6.0 Mb/s 5240 MHz 11a -78dB signal antenna 3 60us Probe Response (kcmsdguest) [6.0* 9.0 12.0* 18.0 24.0* 36.0 48.0 54.0 Mbit] CH: 48, PRIVACY
12:46:45.220538 6.0 Mb/s 5240 MHz 11a -78dB signal antenna 3 60us Probe Response (kcmsdwireless) [6.0* 9.0 12.0* 18.0 24.0* 36.0 48.0 54.0 Mbit] CH: 48, PRIVACY
12:46:47.000670 6.0 Mb/s 5745 MHz 11a -86dB signal antenna 3 0us Beacon (kcmsdguest) [6.0* 9.0 12.0* 18.0 24.0* 36.0 48.0 54.0 Mbit] ESS CH: 149, PRIVACY
12:46:47.009919 6.0 Mb/s 5745 MHz 11a -86dB signal antenna 3 0us Beacon (kcmsdwireless) [6.0* 9.0 12.0* 18.0 24.0* 36.0 48.0 54.0 Mbit] ESS CH: 149, PRIVACY
12:46:47.091732 6.0 Mb/s 5765 MHz 11a -86dB signal antenna 3 0us Beacon (kcmsdguest) [6.0* 9.0 12.0* 18.0 24.0* 36.0 48.0 54.0 Mbit] ESS CH: 153, PRIVACY
12:46:47.091788 6.0 Mb/s 5765 MHz 11a -88dB signal antenna 3 0us Beacon (kcmsdwireless) [6.0* 9.0 12.0* 18.0 24.0* 36.0 48.0 54.0 Mbit] ESS CH: 153, PRIVACY
12:46:47.092615 6.0 Mb/s 5765 MHz 11a -87dB signal antenna 3 60us Probe Response (kcmsdguest) [6.0* 9.0 12.0* 18.0 24.0* 36.0 48.0 54.0 Mbit] CH: 153, PRIVACY
12:46:47.092714 6.0 Mb/s 5765 MHz 11a -89dB signal antenna 3 60us Probe Response (kcmsdwireless) [6.0* 9.0 12.0* 18.0 24.0* 36.0 48.0 54.0 Mbit] CH: 153, PRIVACY
12:46:47.122814 6.0 Mb/s 5785 MHz 11a -90dB signal antenna 3 0us Beacon (kcmsdguest) [6.0* 9.0 12.0* 18.0 24.0* 36.0 48.0 54.0 Mbit] ESS CH: 157, PRIVACY
12:46:47.123845 6.0 Mb/s 5785 MHz 11a -88dB signal antenna 3 0us Beacon (kcmsdwireless) [6.0* 9.0 12.0* 18.0 24.0* 36.0 48.0 54.0 Mbit] ESS CH: 157, PRIVACY
12:46:47.123864 6.0 Mb/s 5785 MHz 11a -89dB signal antenna 3 60us Probe Response (kcmsdwireless) [6.0* 9.0 12.0* 18.0 24.0* 36.0 48.0 54.0 Mbit] CH: 157, PRIVACY
12:46:47.147865 6.0 Mb/s 5805 MHz 11a -83dB signal antenna 3 0us Beacon (kcmsdguest) [6.0* 9.0 12.0* 18.0 24.0* 36.0 48.0 54.0 Mbit] ESS CH: 161, PRIVACY
12:46:47.149567 6.0 Mb/s 5805 MHz 11a -84dB signal antenna 3 0us Beacon (kcmsdwireless) [6.0* 9.0 12.0* 18.0 24.0* 36.0 48.0 54.0 Mbit] ESS CH: 161, PRIVACY
12:46:47.149587 6.0 Mb/s 5805 MHz 11a -80dB signal antenna 3 60us Probe Response (kcmsdguest) [6.0* 9.0 12.0* 18.0 24.0* 36.0 48.0 54.0 Mbit] CH: 161, PRIVACY
12:46:47.149659 6.0 Mb/s 5805 MHz 11a -81dB signal antenna 3 60us Probe Response (kcmsdwireless) [6.0* 9.0 12.0* 18.0 24.0* 36.0 48.0 54.0 Mbit] CH: 161, PRIVACY
12:46:47.150095 6.0 Mb/s 5805 MHz 11a -83dB signal antenna 3 60us Probe Response (kcmsdguest) [6.0* 9.0 12.0* 18.0 24.0* 36.0 48.0 54.0 Mbit] CH: 161, PRIVACY
12:46:47.150290 6.0 Mb/s 5805 MHz 11a -82dB signal antenna 3 60us Probe Response (kcmsdwireless) [6.0* 9.0 12.0* 18.0 24.0* 36.0 48.0 54.0 Mbit] CH: 161, PRIVACY
12:46:47.293871 1.0 Mb/s 2412 MHz 11b -81dB signal antenna 3 314us Probe Response (kcmsdguest) [1.0* 2.0* 5.5 6.0 9.0 11.0 12.0 18.0 Mbit] CH: 1, PRIVACY
12:46:47.297172 1.0 Mb/s 2412 MHz 11b -87dB signal antenna 3 314us Probe Response (kcmsdwireless) [1.0* 2.0* 5.5 6.0 9.0 11.0 12.0 18.0 Mbit] CH: 1, PRIVACY
12:46:47.325056 1.0 Mb/s 2412 MHz 11b -87dB signal antenna 3 0us Beacon (kcmsdguest) [1.0* 2.0* 5.5 11.0 6.0 9.0 12.0 18.0 Mbit] ESS CH: 1, PRIVACY
12:46:47.365407 1.0 Mb/s 2432 MHz 11b -83dB signal antenna 3 314us Probe Response (kcmsdwireless) [1.0* 2.0* 5.5* 11.0* 6.0 12.0 24.0 36.0 Mbit] CH: 5, PRIVACY
12:46:47.381673 1.0 Mb/s 2437 MHz 11b -77dB signal antenna 3 0us Beacon (kcmsdguest) [1.0* 2.0* 5.5 11.0 6.0 9.0 12.0 18.0 Mbit] ESS CH: 6, PRIVACY
12:46:47.382694 1.0 Mb/s 2437 MHz 11b -75dB signal antenna 3 0us Beacon (kcmsdwireless) [1.0* 2.0* 5.5 11.0 6.0 9.0 12.0 18.0 Mbit] ESS CH: 6, PRIVACY
12:46:47.450920 1.0 Mb/s 2457 MHz 11b -82dB signal antenna 3 314us Probe Response (kcmsdguest) [1.0* 2.0* 5.5 6.0 9.0 11.0 12.0 18.0 Mbit] CH: 11, PRIVACY
12:46:47.452013 1.0 Mb/s 2457 MHz 11b -83dB signal antenna 3 314us Probe Response (kcmsdwireless) [1.0* 2.0* 5.5 6.0 9.0 11.0 12.0 18.0 Mbit] CH: 11, PRIVACY
12:46:47.469147 1.0 Mb/s 2457 MHz 11b -82dB signal antenna 3 0us Beacon (kcmsdwireless) [1.0* 2.0* 5.5 11.0 6.0 9.0 12.0 18.0 Mbit] ESS CH: 11, PRIVACY
12:46:47.485645 1.0 Mb/s 2462 MHz 11b -82dB signal antenna 3 314us Probe Response (kcmsdguest) [1.0* 2.0* 5.5 6.0 9.0 11.0 12.0 18.0 Mbit] CH: 11, PRIVACY
12:46:47.488065 1.0 Mb/s 2462 MHz 11b -85dB signal antenna 3 314us Probe Response (kcmsdguest) [1.0* 2.0* 5.5 6.0 9.0 11.0 12.0 18.0 Mbit] CH: 11, PRIVACY
12:46:47.489169 1.0 Mb/s 2462 MHz 11b -87dB signal antenna 3 314us Probe Response (kcmsdwireless) [1.0* 2.0* 5.5 6.0 9.0 11.0 12.0 18.0 Mbit] CH: 11, PRIVACY
12:46:47.499469 1.0 Mb/s 2462 MHz 11b -84dB signal antenna 3 0us Beacon (kcmsdguest) [1.0* 2.0* 5.5 11.0 6.0 9.0 12.0 18.0 Mbit] ESS CH: 11
12:46:47.501442 1.0 Mb/s 2462 MHz 11b -84dB signal antenna 3 0us Beacon (kcmsdwireless) [1.0* 2.0* 5.5 11.0 6.0 9.0 12.0 18.0 Mbit] ESS CH: 11, PRIVACY
12:46:47.776442 6.0 Mb/s 5220 MHz 11a -88dB signal antenna 3 0us Beacon (ctcco.com.Sheraton-BTH) [6.0* 9.0 12.0* 18.0 24.0* 36.0 48.0 54.0 Mbit] ESS CH: 44, PRIVACY
12:46:47.777551 6.0 Mb/s 5220 MHz 11a -81dB signal antenna 3 60us Probe Response (kcmsdguest) [6.0* 9.0 12.0* 18.0 24.0* 36.0 48.0 54.0 Mbit] CH: 44, PRIVACY
12:46:47.777745 6.0 Mb/s 5220 MHz 11a -82dB signal antenna 3 60us Probe Response (kcmsdwireless) [6.0* 9.0 12.0* 18.0 24.0* 36.0 48.0 54.0 Mbit] CH: 44, PRIVACY
12:46:47.872173 6.0 Mb/s 5240 MHz 11a -75dB signal antenna 3 0us Beacon (kcmsdguest) [6.0* 9.0 12.0* 18.0 24.0* 36.0 48.0 54.0 Mbit] ESS CH: 48, PRIVACY
12:46:47.873227 6.0 Mb/s 5240 MHz 11a -75dB signal antenna 3 0us Beacon (kcmsdwireless) [6.0* 9.0 12.0* 18.0 24.0* 36.0 48.0 54.0 Mbit] ESS CH: 48, PRIVACY
12:46:47.873262 6.0 Mb/s 5240 MHz 11a -76dB signal antenna 3 60us Probe Response (kcmsdguest) [6.0* 9.0 12.0* 18.0 24.0* 36.0 48.0 54.0 Mbit] CH: 48, PRIVACY
12:46:47.873391 6.0 Mb/s 5240 MHz 11a -76dB signal antenna 3 60us Probe Response (kcmsdwireless) [6.0* 9.0 12.0* 18.0 24.0* 36.0 48.0 54.0 Mbit] CH: 48, PRIVACY
12:46:49.663122 6.0 Mb/s 5745 MHz 11a -87dB signal antenna 3 0us Beacon (kcmsdguest) [6.0* 9.0 12.0* 18.0 24.0* 36.0 48.0 54.0 Mbit] ESS CH: 149, PRIVACY
12:46:49.663153 6.0 Mb/s 5745 MHz 11a -87dB signal antenna 3 0us Beacon (kcmsdwireless) [6.0* 9.0 12.0* 18.0 24.0* 36.0 48.0 54.0 Mbit] ESS CH: 149, PRIVACY
12:46:49.664082 6.0 Mb/s 5745 MHz 11a -86dB signal antenna 3 60us Probe Response (kcmsdguest) [6.0* 9.0 12.0* 18.0 24.0* 36.0 48.0 54.0 Mbit] CH: 149, PRIVACY
12:46:49.664263 6.0 Mb/s 5745 MHz 11a -87dB signal antenna 3 60us Probe Response (kcmsdwireless) [6.0* 9.0 12.0* 18.0 24.0* 36.0 48.0 54.0 Mbit] CH: 149, PRIVACY
12:46:49.754151 6.0 Mb/s 5765 MHz 11a -84dB signal antenna 3 0us Beacon (kcmsdguest) [6.0* 9.0 12.0* 18.0 24.0* 36.0 48.0 54.0 Mbit] ESS CH: 153, PRIVACY
12:46:49.754260 6.0 Mb/s 5765 MHz 11a -83dB signal antenna 3 0us Beacon (kcmsdwireless) [6.0* 9.0 12.0* 18.0 24.0* 36.0 48.0 54.0 Mbit] ESS CH: 153, PRIVACY
12:46:49.755123 6.0 Mb/s 5765 MHz 11a -84dB signal antenna 3 60us Probe Response (kcmsdguest) [6.0* 9.0 12.0* 18.0 24.0* 36.0 48.0 54.0 Mbit] CH: 153, PRIVACY
12:46:49.755216 6.0 Mb/s 5765 MHz 11a -83dB signal antenna 3 60us Probe Response (kcmsdwireless) [6.0* 9.0 12.0* 18.0 24.0* 36.0 48.0 54.0 Mbit] CH: 153, PRIVACY
12:46:49.887636 6.0 Mb/s 5785 MHz 11a -86dB signal antenna 3 0us Beacon (kcmsdguest) [6.0* 9.0 12.0* 18.0 24.0* 36.0 48.0 54.0 Mbit] ESS CH: 157, PRIVACY
12:46:49.888735 6.0 Mb/s 5785 MHz 11a -87dB signal antenna 3 0us Beacon (kcmsdwireless) [6.0* 9.0 12.0* 18.0 24.0* 36.0 48.0 54.0 Mbit] ESS CH: 157, PRIVACY
12:46:49.888771 6.0 Mb/s 5785 MHz 11a -85dB signal antenna 3 60us Probe Response (kcmsdguest) [6.0* 9.0 12.0* 18.0 24.0* 36.0 48.0 54.0 Mbit] CH: 157, PRIVACY
12:46:49.897967 6.0 Mb/s 5785 MHz 11a -85dB signal antenna 3 60us Probe Response (kcmsdwireless) [6.0* 9.0 12.0* 18.0 24.0* 36.0 48.0 54.0 Mbit] CH: 157, PRIVACY
12:46:49.912686 6.0 Mb/s 5805 MHz 11a -85dB signal antenna 3 0us Beacon (kcmsdguest) [6.0* 9.0 12.0* 18.0 24.0* 36.0 48.0 54.0 Mbit] ESS CH: 161, PRIVACY
12:46:49.915838 6.0 Mb/s 5805 MHz 11a -86dB signal antenna 3 0us Beacon (kcmsdwireless) [6.0* 9.0 12.0* 18.0 24.0* 36.0 48.0 54.0 Mbit] ESS CH: 161, PRIVACY
12:46:49.915875 6.0 Mb/s 5805 MHz 11a -83dB signal antenna 3 60us Probe Response (kcmsdguest) [6.0* 9.0 12.0* 18.0 24.0* 36.0 48.0 54.0 Mbit] CH: 161, PRIVACY
12:46:49.916023 6.0 Mb/s 5805 MHz 11a -85dB signal antenna 3 60us Probe Response (kcmsdwireless) [6.0* 9.0 12.0* 18.0 24.0* 36.0 48.0 54.0 Mbit] CH: 161, PRIVACY
12:46:49.916452 6.0 Mb/s 5805 MHz 11a -85dB signal antenna 3 60us Probe Response (kcmsdguest) [6.0* 9.0 12.0* 18.0 24.0* 36.0 48.0 54.0 Mbit] CH: 161, PRIVACY
12:46:49.916540 6.0 Mb/s 5805 MHz 11a -86dB signal antenna 3 60us Probe Response (kcmsdwireless) [6.0* 9.0 12.0* 18.0 24.0* 36.0 48.0 54.0 Mbit] CH: 161, PRIVACY
12:46:50.071481 1.0 Mb/s 2412 MHz 11b -82dB signal antenna 3 314us Probe Response (kcmsdguest) [1.0* 2.0* 5.5 6.0 9.0 11.0 12.0 18.0 Mbit] CH: 1, PRIVACY
12:46:50.072712 1.0 Mb/s 2412 MHz 11b -85dB signal antenna 3 314us Probe Response (kcmsdwireless) [1.0* 2.0* 5.5 6.0 9.0 11.0 12.0 18.0 Mbit] CH: 1, PRIVACY
12:46:50.075141 1.0 Mb/s 2412 MHz 11b -83dB signal antenna 3 314us Probe Response (kcmsdguest) [1.0* 2.0* 5.5 6.0 9.0 11.0 12.0 18.0 Mbit] CH: 1, PRIVACY
12:46:50.076181 1.0 Mb/s 2412 MHz 11b -84dB signal antenna 3 314us Probe Response (kcmsdwireless) [1.0* 2.0* 5.5 6.0 9.0 11.0 12.0 18.0 Mbit] CH: 1, PRIVACY
12:46:50.082398 1.0 Mb/s 2412 MHz 11b -88dB signal antenna 3 314us Probe Response (kcmsdguest) [1.0* 2.0* 5.5 6.0 9.0 11.0 12.0 18.0 Mbit] CH: 1, PRIVACY
12:46:50.089860 1.0 Mb/s 2412 MHz 11b -87dB signal antenna 3 0us Beacon (kcmsdguest) [1.0* 2.0* 5.5 11.0 6.0 9.0 12.0 18.0 Mbit] ESS CH: 1, PRIVACY
12:46:50.147544 1.0 Mb/s 2427 MHz 11b -84dB signal antenna 3 0us Beacon (kcmsdwireless) [1.0* 2.0* 5.5 11.0 6.0 9.0 12.0 18.0 Mbit] ESS CH: 6, PRIVACY
12:46:50.188693 1.0 Mb/s 2437 MHz 11b -79dB signal antenna 3 314us Probe Response (kcmsdguest) [1.0* 2.0* 5.5 6.0 9.0 11.0 12.0 18.0 Mbit] CH: 6, PRIVACY
12:46:50.189815 1.0 Mb/s 2437 MHz 11b -78dB signal antenna 3 314us Probe Response (kcmsdwireless) [1.0* 2.0* 5.5 6.0 9.0 11.0 12.0 18.0 Mbit] CH: 6, PRIVACY
12:46:50.261159 1.0 Mb/s 2457 MHz 11b -80dB signal antenna 3 314us Probe Response (kcmsdwireless) [1.0* 2.0* 5.5 6.0 9.0 11.0 12.0 18.0 Mbit] CH: 11, PRIVACY
12:46:50.296762 1.0 Mb/s 2462 MHz 11b -77dB signal antenna 3 314us Probe Response (kcmsdguest) [1.0* 2.0* 5.5 6.0 9.0 11.0 12.0 18.0 Mbit] CH: 11, PRIVACY
12:46:50.297897 1.0 Mb/s 2462 MHz 11b -79dB signal antenna 3 314us Probe Response (kcmsdwireless) [1.0* 2.0* 5.5 6.0 9.0 11.0 12.0 18.0 Mbit] CH: 11, PRIVACY
12:46:50.300254 1.0 Mb/s 2462 MHz 11b -83dB signal antenna 3 314us Probe Response (kcmsdwireless) [1.0* 2.0* 5.5 6.0 9.0 11.0 12.0 18.0 Mbit] CH: 11, PRIVACY
12:46:50.305797 1.0 Mb/s 2462 MHz 11b -86dB signal antenna 3 0us Beacon (kcmsdguest) [1.0* 2.0* 5.5 11.0 6.0 9.0 12.0 18.0 Mbit] ESS CH: 11, PRIVACY
12:46:50.306624 1.0 Mb/s 2462 MHz 11b -86dB signal antenna 3 0us Beacon (kcmsdwireless) [1.0* 2.0* 5.5 11.0 6.0 9.0 12.0 18.0 Mbit] ESS CH: 11, PRIVACY
12:46:50.323373 1.0 Mb/s 2462 MHz 11b -88dB signal antenna 3 0us Beacon (kcmsdguest) [1.0* 2.0* 5.5 11.0 6.0 9.0 12.0 18.0 Mbit] ESS CH: 11, PRIVACY
12:46:50.324268 1.0 Mb/s 2462 MHz 11b -89dB signal antenna 3 0us Beacon (kcmsdwireless) [1.0* 2.0* 5.5 11.0 6.0 9.0 12.0 18.0 Mbit] ESS CH: 11, PRIVACY
12:46:50.406733 6.0 Mb/s 5180 MHz 11a -88dB signal antenna 3 0us Beacon (kcmsdguest) [6.0* 9.0 12.0* 18.0 24.0* 36.0 48.0 54.0 Mbit] ESS CH: 36
12:46:50.407128 6.0 Mb/s 5180 MHz 11a -88dB signal antenna 3 0us Beacon [6.0* 9.0 12.0* 18.0 24.0* 36.0 48.0 54.0 Mbit] IBSS CH: 36, PRIVACY
12:46:50.407396 6.0 Mb/s 5180 MHz 11a -87dB signal antenna 3 0us Beacon (kcmsdwireless) [6.0* 9.0 12.0* 18.0 24.0* 36.0 48.0 54.0 Mbit] ESS CH: 36, PRIVACY
12:46:50.565938 6.0 Mb/s 5220 MHz 11a -83dB signal antenna 3 0us Beacon (kcmsdguest) [6.0* 9.0 12.0* 18.0 24.0* 36.0 48.0 54.0 Mbit] ESS CH: 44, PRIVACY
12:46:50.567070 6.0 Mb/s 5220 MHz 11a -83dB signal antenna 3 0us Beacon (kcmsdwireless) [6.0* 9.0 12.0* 18.0 24.0* 36.0 48.0 54.0 Mbit] ESS CH: 44, PRIVACY
12:46:50.567111 6.0 Mb/s 5220 MHz 11a -87dB signal antenna 3 60us Probe Response (ctcco.com.Sheraton-BTH) [6.0* 9.0 12.0* 18.0 24.0* 36.0 48.0 54.0 Mbit] CH: 44, PRIVACY
12:46:50.637000 6.0 Mb/s 5240 MHz 11a -82dB signal antenna 3 0us Beacon (kcmsdguest) [6.0* 9.0 12.0* 18.0 24.0* 36.0 48.0 54.0 Mbit] ESS CH: 48, PRIVACY
12:46:50.637125 6.0 Mb/s 5240 MHz 11a -81dB signal antenna 3 0us Beacon (kcmsdwireless) [6.0* 9.0 12.0* 18.0 24.0* 36.0 48.0 54.0 Mbit] ESS CH: 48, PRIVACY
12:46:50.638109 6.0 Mb/s 5240 MHz 11a -82dB signal antenna 3 60us Probe Response (kcmsdguest) [6.0* 9.0 12.0* 18.0 24.0* 36.0 48.0 54.0 Mbit] CH: 48, PRIVACY
12:46:50.638214 6.0 Mb/s 5240 MHz 11a -81dB signal antenna 3 60us Probe Response (kcmsdwireless) [6.0* 9.0 12.0* 18.0 24.0* 36.0 48.0 54.0 Mbit] CH: 48, PRIVACY
12:46:52.427876 6.0 Mb/s 5745 MHz 11a -87dB signal antenna 3 0us Beacon (kcmsdguest) [6.0* 9.0 12.0* 18.0 24.0* 36.0 48.0 54.0 Mbit] ESS CH: 149, PRIVACY
12:46:52.429563 6.0 Mb/s 5745 MHz 11a -86dB signal antenna 3 0us Beacon (kcmsdwireless) [6.0* 9.0 12.0* 18.0 24.0* 36.0 48.0 54.0 Mbit] ESS CH: 149, PRIVACY
12:46:52.429617 6.0 Mb/s 5745 MHz 11a -86dB signal antenna 3 60us Probe Response (kcmsdguest) [6.0* 9.0 12.0* 18.0 24.0* 36.0 48.0 54.0 Mbit] CH: 149, PRIVACY
12:46:52.429725 6.0 Mb/s 5745 MHz 11a -86dB signal antenna 3 60us Probe Response (kcmsdwireless) [6.0* 9.0 12.0* 18.0 24.0* 36.0 48.0 54.0 Mbit] CH: 149, PRIVACY
12:46:52.518986 6.0 Mb/s 5765 MHz 11a -86dB signal antenna 3 0us Beacon (kcmsdguest) [6.0* 9.0 12.0* 18.0 24.0* 36.0 48.0 54.0 Mbit] ESS CH: 153, PRIVACY
12:46:52.519048 6.0 Mb/s 5765 MHz 11a -86dB signal antenna 3 0us Beacon (kcmsdwireless) [6.0* 9.0 12.0* 18.0 24.0* 36.0 48.0 54.0 Mbit] ESS CH: 153, PRIVACY
12:46:52.519771 6.0 Mb/s 5765 MHz 11a -86dB signal antenna 3 60us Probe Response (kcmsdguest) [6.0* 9.0 12.0* 18.0 24.0* 36.0 48.0 54.0 Mbit] CH: 153, PRIVACY
12:46:52.520005 6.0 Mb/s 5765 MHz 11a -87dB signal antenna 3 60us Probe Response (kcmsdwireless) [6.0* 9.0 12.0* 18.0 24.0* 36.0 48.0 54.0 Mbit] CH: 153, PRIVACY
12:46:52.550068 6.0 Mb/s 5785 MHz 11a -86dB signal antenna 3 0us Beacon (kcmsdguest) [6.0* 9.0 12.0* 18.0 24.0* 36.0 48.0 54.0 Mbit] ESS CH: 157, PRIVACY
12:46:52.550130 6.0 Mb/s 5785 MHz 11a -87dB signal antenna 3 0us Beacon (kcmsdwireless) [6.0* 9.0 12.0* 18.0 24.0* 36.0 48.0 54.0 Mbit] ESS CH: 157, PRIVACY
12:46:52.575104 6.0 Mb/s 5805 MHz 11a -88dB signal antenna 3 0us Beacon (kcmsdguest) [6.0* 9.0 12.0* 18.0 24.0* 36.0 48.0 54.0 Mbit] ESS CH: 161, PRIVACY
12:46:52.576425 6.0 Mb/s 5805 MHz 11a -88dB signal antenna 3 0us Beacon (kcmsdwireless) [6.0* 9.0 12.0* 18.0 24.0* 36.0 48.0 54.0 Mbit] ESS CH: 161, PRIVACY
12:46:52.576456 6.0 Mb/s 5805 MHz 11a -90dB signal antenna 3 60us Probe Response (kcmsdwireless) [6.0* 9.0 12.0* 18.0 24.0* 36.0 48.0 54.0 Mbit] CH: 161, PRIVACY
12:46:52.729589 1.0 Mb/s 2412 MHz 11b -79dB signal antenna 3 314us Probe Response (kcmsdguest) [1.0* 2.0* 5.5 6.0 9.0 11.0 12.0 18.0 Mbit] CH: 1, PRIVACY
12:46:52.732021 1.0 Mb/s 2412 MHz 11b -82dB signal antenna 3 314us Probe Response (kcmsdguest) [1.0* 2.0* 5.5 6.0 9.0 11.0 12.0 18.0 Mbit] CH: 1, PRIVACY
12:46:52.733117 1.0 Mb/s 2412 MHz 11b -85dB signal antenna 3 314us Probe Response (kcmsdwireless) [1.0* 2.0* 5.5 6.0 9.0 11.0 12.0 18.0 Mbit] CH: 1, PRIVACY
12:46:52.734273 1.0 Mb/s 2412 MHz 11b -81dB signal antenna 3 314us Probe Response (kcmsdwireless) [1.0* 2.0* 5.5 6.0 9.0 11.0 12.0 18.0 Mbit] CH: 1, PRIVACY
12:46:52.737612 1.0 Mb/s 2412 MHz 11b -86dB signal antenna 3 314us Probe Response (kcmsdwireless) [1.0* 2.0* 5.5 6.0 9.0 11.0 12.0 18.0 Mbit] CH: 1, PRIVACY
12:46:52.752315 1.0 Mb/s 2412 MHz 11b -86dB signal antenna 3 0us Beacon (kcmsdguest) [1.0* 2.0* 5.5 11.0 6.0 9.0 12.0 18.0 Mbit] ESS CH: 1, PRIVACY
12:46:52.799030 1.0 Mb/s 2432 MHz 11b -86dB signal antenna 3 0us Beacon (ATT312) [1.0* 2.0* 5.5* 11.0* 18.0 24.0 36.0 54.0 Mbit] ESS CH: 6, PRIVACY
12:46:52.808895 1.0 Mb/s 2432 MHz 11b -75dB signal antenna 3 0us Beacon (kcmsdguest) [1.0* 2.0* 5.5 11.0 6.0 9.0 12.0 18.0 Mbit] ESS CH: 6, PRIVACY
12:46:52.809764 1.0 Mb/s 2432 MHz 11b -75dB signal antenna 3 0us Beacon (kcmsdwireless) [1.0* 2.0* 5.5 11.0 6.0 9.0 12.0 18.0 Mbit] ESS CH: 6, PRIVACY
12:46:52.830391 1.0 Mb/s 2437 MHz 11b -78dB signal antenna 3 314us Probe Response (ATT312) [1.0* 2.0* 5.5* 11.0* 18.0 24.0 36.0 54.0 Mbit] CH: 6, PRIVACY
12:46:52.832810 1.0 Mb/s 2437 MHz 11b -74dB signal antenna 3 314us Probe Response (kcmsdguest) [1.0* 2.0* 5.5 6.0 9.0 11.0 12.0 18.0 Mbit] CH: 6, PRIVACY
12:46:52.833917 1.0 Mb/s 2437 MHz 11b -75dB signal antenna 3 314us Probe Response (kcmsdwireless) [1.0* 2.0* 5.5 6.0 9.0 11.0 12.0 18.0 Mbit] CH: 6, PRIVACY
12:46:52.865505 1.0 Mb/s 2442 MHz 11b -73dB signal antenna 3 314us Probe Response (kcmsdguest) [1.0* 2.0* 5.5 6.0 9.0 11.0 12.0 18.0 Mbit] CH: 6, PRIVACY
12:46:52.866607 1.0 Mb/s 2442 MHz 11b -75dB signal antenna 3 314us Probe Response (kcmsdwireless) [1.0* 2.0* 5.5 6.0 9.0 11.0 12.0 18.0 Mbit] CH: 6, PRIVACY
12:46:52.933561 1.0 Mb/s 2457 MHz 11b -79dB signal antenna 3 314us Probe Response (kcmsdguest) [1.0* 2.0* 5.5 6.0 9.0 11.0 12.0 18.0 Mbit] CH: 11, PRIVACY
12:46:52.936990 1.0 Mb/s 2457 MHz 11b -85dB signal antenna 3 314us Probe Response (kcmsdguest) [1.0* 2.0* 5.5 6.0 9.0 11.0 12.0 18.0 Mbit] CH: 11
12:46:52.964173 1.0 Mb/s 2462 MHz 11b -83dB signal antenna 3 314us Probe Response (kcmsdguest) [1.0* 2.0* 5.5 6.0 9.0 11.0 12.0 18.0 Mbit] CH: 11, PRIVACY
12:46:52.965304 1.0 Mb/s 2462 MHz 11b -82dB signal antenna 3 314us Probe Response (kcmsdwireless) [1.0* 2.0* 5.5 6.0 9.0 11.0 12.0 18.0 Mbit] CH: 11, PRIVACY
12:46:52.970352 1.0 Mb/s 2462 MHz 11b -90dB signal antenna 3 0us Beacon (kcmsdwireless) [1.0* 2.0* 5.5 11.0 6.0 9.0 12.0 18.0 Mbit] ESS CH: 11, PRIVACY
12:46:52.985824 1.0 Mb/s 2462 MHz 11b -85dB signal antenna 3 0us Beacon (kcmsdguest) [1.0* 2.0* 5.5 11.0 6.0 9.0 12.0 18.0 Mbit] ESS CH: 11, PRIVACY
12:46:52.986717 1.0 Mb/s 2462 MHz 11b -86dB signal antenna 3 0us Beacon (kcmsdwireless) [1.0* 2.0* 5.5 11.0 6.0 9.0 12.0 18.0 Mbit] ESS CH: 11, PRIVACY
12:46:53.228423 6.0 Mb/s 5220 MHz 11a -83dB signal antenna 3 0us Beacon (kcmsdguest) [6.0* 9.0 12.0* 18.0 24.0* 36.0 48.0 54.0 Mbit] ESS CH: 44, PRIVACY
12:46:53.228472 6.0 Mb/s 5220 MHz 11a -83dB signal antenna 3 0us Beacon (kcmsdwireless) [6.0* 9.0 12.0* 18.0 24.0* 36.0 48.0 54.0 Mbit] ESS CH: 44, PRIVACY
12:46:53.229319 6.0 Mb/s 5220 MHz 11a -83dB signal antenna 3 60us Probe Response (kcmsdguest) [6.0* 9.0 12.0* 18.0 24.0* 36.0 48.0 54.0 Mbit] CH: 44, PRIVACY
12:46:53.229410 6.0 Mb/s 5220 MHz 11a -83dB signal antenna 3 60us Probe Response (kcmsdwireless) [6.0* 9.0 12.0* 18.0 24.0* 36.0 48.0 54.0 Mbit] CH: 44, PRIVACY
12:46:53.299422 6.0 Mb/s 5240 MHz 11a -78dB signal antenna 3 0us Beacon (kcmsdguest) [6.0* 9.0 12.0* 18.0 24.0* 36.0 48.0 54.0 Mbit] ESS CH: 48, PRIVACY
12:46:53.299560 6.0 Mb/s 5240 MHz 11a -77dB signal antenna 3 0us Beacon (kcmsdwireless) [6.0* 9.0 12.0* 18.0 24.0* 36.0 48.0 54.0 Mbit] ESS CH: 48, PRIVACY
12:46:53.300965 6.0 Mb/s 5240 MHz 11a -77dB signal antenna 3 60us Probe Response (kcmsdguest) [6.0* 9.0 12.0* 18.0 24.0* 36.0 48.0 54.0 Mbit] CH: 48, PRIVACY
12:46:53.301085 6.0 Mb/s 5240 MHz 11a -76dB signal antenna 3 60us Probe Response (kcmsdwireless) [6.0* 9.0 12.0* 18.0 24.0* 36.0 48.0 54.0 Mbit] CH: 48, PRIVACY
12:46:55.090456 6.0 Mb/s 5745 MHz 11a -88dB signal antenna 3 0us Beacon (kcmsdwireless) [6.0* 9.0 12.0* 18.0 24.0* 36.0 48.0 54.0 Mbit] ESS CH: 149, PRIVACY
12:46:55.181437 6.0 Mb/s 5765 MHz 11a -87dB signal antenna 3 0us Beacon (kcmsdguest) [6.0* 9.0 12.0* 18.0 24.0* 36.0 48.0 54.0 Mbit] ESS CH: 153, PRIVACY
12:46:55.181478 6.0 Mb/s 5765 MHz 11a -87dB signal antenna 3 0us Beacon (kcmsdwireless) [6.0* 9.0 12.0* 18.0 24.0* 36.0 48.0 54.0 Mbit] ESS CH: 153, PRIVACY
12:46:55.182513 6.0 Mb/s 5765 MHz 11a -87dB signal antenna 3 60us Probe Response (kcmsdguest) [6.0* 9.0 12.0* 18.0 24.0* 36.0 48.0 54.0 Mbit] CH: 153, PRIVACY
12:46:55.182593 6.0 Mb/s 5765 MHz 11a -87dB signal antenna 3 60us Probe Response (kcmsdwireless) [6.0* 9.0 12.0* 18.0 24.0* 36.0 48.0 54.0 Mbit] CH: 153, PRIVACY
12:46:55.212495 6.0 Mb/s 5785 MHz 11a -88dB signal antenna 3 0us Beacon (kcmsdguest) [6.0* 9.0 12.0* 18.0 24.0* 36.0 48.0 54.0 Mbit] ESS CH: 157, PRIVACY
12:46:55.212603 6.0 Mb/s 5785 MHz 11a -87dB signal antenna 3 0us Beacon (kcmsdwireless) [6.0* 9.0 12.0* 18.0 24.0* 36.0 48.0 54.0 Mbit] ESS CH: 157, PRIVACY
12:46:55.237525 6.0 Mb/s 5805 MHz 11a -86dB signal antenna 3 0us Beacon (kcmsdguest) [6.0* 9.0 12.0* 18.0 24.0* 36.0 48.0 54.0 Mbit] ESS CH: 161, PRIVACY
12:46:55.237678 6.0 Mb/s 5805 MHz 11a -87dB signal antenna 3 0us Beacon (kcmsdwireless) [6.0* 9.0 12.0* 18.0 24.0* 36.0 48.0 54.0 Mbit] ESS CH: 161, PRIVACY
12:46:55.238906 6.0 Mb/s 5805 MHz 11a -86dB signal antenna 3 60us Probe Response (kcmsdguest) [6.0* 9.0 12.0* 18.0 24.0* 36.0 48.0 54.0 Mbit] CH: 161, PRIVACY
12:46:55.238997 6.0 Mb/s 5805 MHz 11a -86dB signal antenna 3 60us Probe Response (kcmsdwireless) [6.0* 9.0 12.0* 18.0 24.0* 36.0 48.0 54.0 Mbit] CH: 161, PRIVACY
12:46:55.239429 6.0 Mb/s 5805 MHz 11a -87dB signal antenna 3 60us Probe Response (kcmsdguest) [6.0* 9.0 12.0* 18.0 24.0* 36.0 48.0 54.0 Mbit] CH: 161, PRIVACY
12:46:55.239624 6.0 Mb/s 5805 MHz 11a -87dB signal antenna 3 60us Probe Response (kcmsdwireless) [6.0* 9.0 12.0* 18.0 24.0* 36.0 48.0 54.0 Mbit] CH: 161, PRIVACY
12:46:55.384550 1.0 Mb/s 2412 MHz 11b -85dB signal antenna 3 314us Probe Response (kcmsdguest) [1.0* 2.0* 5.5 6.0 9.0 11.0 12.0 18.0 Mbit] CH: 1, PRIVACY
12:46:55.386967 1.0 Mb/s 2412 MHz 11b -81dB signal antenna 3 314us Probe Response (kcmsdguest) [1.0* 2.0* 5.5 6.0 9.0 11.0 12.0 18.0 Mbit] CH: 1, PRIVACY
12:46:55.388132 1.0 Mb/s 2412 MHz 11b -84dB signal antenna 3 314us Probe Response (kcmsdwireless) [1.0* 2.0* 5.5 6.0 9.0 11.0 12.0 18.0 Mbit] CH: 1, PRIVACY
12:46:55.389256 1.0 Mb/s 2412 MHz 11b -86dB signal antenna 3 314us Probe Response (kcmsdwireless) [1.0* 2.0* 5.5 6.0 9.0 11.0 12.0 18.0 Mbit] CH: 1, PRIVACY
12:46:55.391839 1.0 Mb/s 2412 MHz 11b -86dB signal antenna 3 314us Probe Response (kcmsdguest) [1.0* 2.0* 5.5 6.0 9.0 11.0 12.0 18.0 Mbit] CH: 1
12:46:55.394078 1.0 Mb/s 2412 MHz 11b -85dB signal antenna 3 314us Probe Response (kcmsdwireless) [1.0* 2.0* 5.5 6.0 9.0 11.0 12.0 18.0 Mbit] CH: 1, PRIVACY
12:46:55.414736 1.0 Mb/s 2412 MHz 11b -81dB signal antenna 3 0us Beacon (kcmsdguest) [1.0* 2.0* 5.5 11.0 6.0 9.0 12.0 18.0 Mbit] ESS CH: 1, PRIVACY
12:46:55.415709 1.0 Mb/s 2412 MHz 11b -78dB signal antenna 3 0us Beacon (kcmsdwireless) [1.0* 2.0* 5.5 11.0 6.0 9.0 12.0 18.0 Mbit] ESS CH: 1, PRIVACY
12:46:55.417479 1.0 Mb/s 2412 MHz 11b -88dB signal antenna 3 0us Beacon (kcmsdwireless) [1.0* 2.0* 5.5 11.0 6.0 9.0 12.0 18.0 Mbit] ESS CH: 1, PRIVACY
12:46:55.422845 1.0 Mb/s 2417 MHz 11b -82dB signal antenna 3 314us Probe Response (kcmsdwireless) [1.0* 2.0* 5.5 6.0 9.0 11.0 12.0 18.0 Mbit] CH: 1, PRIVACY
12:46:55.464402 6.0 Mb/s 2422 MHz 11g -89dB signal antenna 3 0us Beacon (CableWiFi) [6.0* 9.0 12.0* 18.0 24.0* 36.0 48.0 54.0 Mbit] ESS CH: 3
12:46:55.472212 1.0 Mb/s 2427 MHz 11b -80dB signal antenna 3 0us Beacon (kcmsdwireless) [1.0* 2.0* 5.5 11.0 6.0 9.0 12.0 18.0 Mbit] ESS CH: 6, PRIVACY
12:46:55.504114 1.0 Mb/s 2432 MHz 11b -76dB signal antenna 3 314us Probe Response (kcmsdguest) [1.0* 2.0* 5.5 6.0 9.0 11.0 12.0 18.0 Mbit] CH: 6, PRIVACY
12:46:55.505230 1.0 Mb/s 2432 MHz 11b -77dB signal antenna 3 314us Probe Response (kcmsdwireless) [1.0* 2.0* 5.5 6.0 9.0 11.0 12.0 18.0 Mbit] CH: 6, PRIVACY
12:46:55.507029 1.0 Mb/s 2432 MHz 11b -86dB signal antenna 3 Retry 314us Probe Response (kcmsdwireless) [1.0* 2.0* 5.5* 11.0* 6.0 12.0 24.0 36.0 Mbit] CH: 5, PRIVACY
12:46:55.539057 1.0 Mb/s 2437 MHz 11b -78dB signal antenna 3 314us Probe Response (kcmsdguest) [1.0* 2.0* 5.5 6.0 9.0 11.0 12.0 18.0 Mbit] CH: 6, PRIVACY
12:46:55.540148 1.0 Mb/s 2437 MHz 11b -78dB signal antenna 3 314us Probe Response (kcmsdwireless) [1.0* 2.0* 5.5 6.0 9.0 11.0 12.0 18.0 Mbit] CH: 6, PRIVACY
12:46:55.563839 1.0 Mb/s 2437 MHz 11b -84dB signal antenna 3 0us Beacon (ATT312) [1.0* 2.0* 5.5* 11.0* 18.0 24.0 36.0 54.0 Mbit] ESS CH: 6, PRIVACY
12:46:55.609763 1.0 Mb/s 2457 MHz 11b -83dB signal antenna 3 0us Beacon () [1.0* 2.0* 5.5* 11.0* 6.0 12.0 24.0 36.0 Mbit] ESS CH: 8, PRIVACY
12:46:55.614727 1.0 Mb/s 2457 MHz 11b -82dB signal antenna 3 0us Beacon (kcmsdguest) [1.0* 2.0* 5.5 11.0 6.0 9.0 12.0 18.0 Mbit] ESS CH: 11, PRIVACY
12:46:55.625230 1.0 Mb/s 2457 MHz 11b -77dB signal antenna 3 314us Probe Response (kcmsdguest) [1.0* 2.0* 5.5 6.0 9.0 11.0 12.0 18.0 Mbit] CH: 11, PRIVACY
12:46:55.626310 1.0 Mb/s 2457 MHz 11b -75dB signal antenna 3 314us Probe Response (kcmsdwireless) [1.0* 2.0* 5.5 6.0 9.0 11.0 12.0 18.0 Mbit] CH: 11, PRIVACY
12:46:55.645695 1.0 Mb/s 2462 MHz 11b -76dB signal antenna 3 314us Probe Response (kcmsdguest) [1.0* 2.0* 5.5 6.0 9.0 11.0 12.0 18.0 Mbit] CH: 11, PRIVACY
12:46:55.646990 1.0 Mb/s 2462 MHz 11b -74dB signal antenna 3 314us Probe Response (kcmsdwireless) [1.0* 2.0* 5.5 6.0 9.0 11.0 12.0 18.0 Mbit] CH: 11, PRIVACY
12:46:55.650310 1.0 Mb/s 2462 MHz 11b -83dB signal antenna 3 0us Beacon (kcmsdwireless) [1.0* 2.0* 5.5 11.0 6.0 9.0 12.0 18.0 Mbit] ESS CH: 11, PRIVACY
12:46:55.651420 1.0 Mb/s 2462 MHz 11b -84dB signal antenna 3 314us Probe Response (kcmsdwireless) [1.0* 2.0* 5.5 6.0 9.0 11.0 12.0 18.0 Mbit] CH: 11, PRIVACY
12:46:55.660248 1.0 Mb/s 2462 MHz 11b -77dB signal antenna 3 0us Beacon (kcmsdguest) [1.0* 2.0* 5.5 11.0 6.0 9.0 12.0 18.0 Mbit] ESS CH: 11, PRIVACY
12:46:55.663215 1.0 Mb/s 2462 MHz 11b -77dB signal antenna 3 0us Beacon (kcmsdwireless) [1.0* 2.0* 5.5 11.0 6.0 9.0 12.0 18.0 Mbit] ESS CH: 11, PRIVACY
12:46:55.732084 6.0 Mb/s 5180 MHz 11a -90dB signal antenna 3 0us Beacon [6.0* 9.0 12.0* 18.0 24.0* 36.0 48.0 54.0 Mbit] IBSS CH: 36, PRIVACY
12:46:55.890821 6.0 Mb/s 5220 MHz 11a -86dB signal antenna 3 0us Beacon (kcmsdguest) [6.0* 9.0 12.0* 18.0 24.0* 36.0 48.0 54.0 Mbit] ESS CH: 44, PRIVACY
12:46:55.890859 6.0 Mb/s 5220 MHz 11a -86dB signal antenna 3 0us Beacon (kcmsdwireless) [6.0* 9.0 12.0* 18.0 24.0* 36.0 48.0 54.0 Mbit] ESS CH: 44, PRIVACY
12:46:55.891741 6.0 Mb/s 5220 MHz 11a -86dB signal antenna 3 60us Probe Response (kcmsdguest) [6.0* 9.0 12.0* 18.0 24.0* 36.0 48.0 54.0 Mbit] CH: 44, PRIVACY
12:46:55.891881 6.0 Mb/s 5220 MHz 11a -85dB signal antenna 3 60us Probe Response (kcmsdwireless) [6.0* 9.0 12.0* 18.0 24.0* 36.0 48.0 54.0 Mbit] CH: 44, PRIVACY
12:46:55.961850 6.0 Mb/s 5240 MHz 11a -76dB signal antenna 3 0us Beacon (kcmsdguest) [6.0* 9.0 12.0* 18.0 24.0* 36.0 48.0 54.0 Mbit] ESS CH: 48, PRIVACY
12:46:55.963334 6.0 Mb/s 5240 MHz 11a -77dB signal antenna 3 0us Beacon (kcmsdwireless) [6.0* 9.0 12.0* 18.0 24.0* 36.0 48.0 54.0 Mbit] ESS CH: 48, PRIVACY
12:46:55.963387 6.0 Mb/s 5240 MHz 11a -86dB signal antenna 3 60us Probe Response (kcmsdguest) [6.0* 9.0 12.0* 18.0 24.0* 36.0 48.0 54.0 Mbit] CH: 48, PRIVACY
12:46:55.963501 6.0 Mb/s 5240 MHz 11a -86dB signal antenna 3 60us Probe Response (kcmsdwireless) [6.0* 9.0 12.0* 18.0 24.0* 36.0 48.0 54.0 Mbit] CH: 48, PRIVACY
12:46:55.963913 6.0 Mb/s 5240 MHz 11a -77dB signal antenna 3 60us Probe Response (kcmsdguest) [6.0* 9.0 12.0* 18.0 24.0* 36.0 48.0 54.0 Mbit] CH: 48, PRIVACY
12:46:55.964006 6.0 Mb/s 5240 MHz 11a -77dB signal antenna 3 60us Probe Response (kcmsdwireless) [6.0* 9.0 12.0* 18.0 24.0* 36.0 48.0 54.0 Mbit] CH: 48, PRIVACY
12:46:55.965432 6.0 Mb/s 5240 MHz 11a -87dB signal antenna 3 0us Beacon (kcmsdguest) [6.0* 9.0 12.0* 18.0 24.0* 36.0 48.0 54.0 Mbit] ESS CH: 48, PRIVACY
12:46:55.974644 6.0 Mb/s 5240 MHz 11a -86dB signal antenna 3 0us Beacon (kcmsdwireless) [6.0* 9.0 12.0* 18.0 24.0* 36.0 48.0 54.0 Mbit] ESS CH: 48, PRIVACY
12:46:57.752748 6.0 Mb/s 5745 MHz 11a -86dB signal antenna 3 0us Beacon (kcmsdguest) [6.0* 9.0 12.0* 18.0 24.0* 36.0 48.0 54.0 Mbit] ESS CH: 149, PRIVACY
12:46:57.752794 6.0 Mb/s 5745 MHz 11a -87dB signal antenna 3 0us Beacon (kcmsdwireless) [6.0* 9.0 12.0* 18.0 24.0* 36.0 48.0 54.0 Mbit] ESS CH: 149, PRIVACY
12:46:57.843832 6.0 Mb/s 5765 MHz 11a -89dB signal antenna 3 0us Beacon (kcmsdguest) [6.0* 9.0 12.0* 18.0 24.0* 36.0 48.0 54.0 Mbit] ESS CH: 153, PRIVACY
12:46:57.844740 6.0 Mb/s 5765 MHz 11a -89dB signal antenna 3 0us Beacon (kcmsdwireless) [6.0* 9.0 12.0* 18.0 24.0* 36.0 48.0 54.0 Mbit] ESS CH: 153, PRIVACY
12:46:57.844794 6.0 Mb/s 5765 MHz 11a -89dB signal antenna 3 60us Probe Response (kcmsdguest) [6.0* 9.0 12.0* 18.0 24.0* 36.0 48.0 54.0 Mbit] CH: 153, PRIVACY
12:46:57.844897 6.0 Mb/s 5765 MHz 11a -89dB signal antenna 3 60us Probe Response (kcmsdwireless) [6.0* 9.0 12.0* 18.0 24.0* 36.0 48.0 54.0 Mbit] CH: 153, PRIVACY
12:46:57.875065 6.0 Mb/s 5785 MHz 11a -89dB signal antenna 3 0us Beacon (kcmsdwireless) [6.0* 9.0 12.0* 18.0 24.0* 36.0 48.0 54.0 Mbit] ESS CH: 157, PRIVACY
12:46:57.900145 6.0 Mb/s 5805 MHz 11a -88dB signal antenna 3 0us Beacon (kcmsdwireless) [6.0* 9.0 12.0* 18.0 24.0* 36.0 48.0 54.0 Mbit] ESS CH: 161, PRIVACY
12:46:57.901081 6.0 Mb/s 5805 MHz 11a -86dB signal antenna 3 60us Probe Response (kcmsdguest) [6.0* 9.0 12.0* 18.0 24.0* 36.0 48.0 54.0 Mbit] CH: 161, PRIVACY
12:46:57.901430 6.0 Mb/s 5805 MHz 11a -83dB signal antenna 3 60us Probe Response (kcmsdguest) [6.0* 9.0 12.0* 18.0 24.0* 36.0 48.0 54.0 Mbit] CH: 161, PRIVACY
12:46:57.901612 6.0 Mb/s 5805 MHz 11a -83dB signal antenna 3 60us Probe Response (kcmsdwireless) [6.0* 9.0 12.0* 18.0 24.0* 36.0 48.0 54.0 Mbit] CH: 161, PRIVACY
12:46:58.045959 1.0 Mb/s 2412 MHz 11b -81dB signal antenna 3 314us Probe Response (kcmsdguest) [1.0* 2.0* 5.5 6.0 9.0 11.0 12.0 18.0 Mbit] CH: 1, PRIVACY
12:46:58.047044 1.0 Mb/s 2412 MHz 11b -79dB signal antenna 3 314us Probe Response (kcmsdwireless) [1.0* 2.0* 5.5 6.0 9.0 11.0 12.0 18.0 Mbit] CH: 1, PRIVACY
12:46:58.077154 1.0 Mb/s 2412 MHz 11b -85dB signal antenna 3 0us Beacon (kcmsdguest) [1.0* 2.0* 5.5 11.0 6.0 9.0 12.0 18.0 Mbit] ESS CH: 1, PRIVACY
12:46:58.081673 1.0 Mb/s 2417 MHz 11b -80dB signal antenna 3 314us Probe Response (kcmsdguest) [1.0* 2.0* 5.5 6.0 9.0 11.0 12.0 18.0 Mbit] CH: 1, PRIVACY
12:46:58.117433 1.0 Mb/s 2432 MHz 11b -87dB signal antenna 3 314us Probe Response (kcmsdwireless) [1.0* 2.0* 5.5* 11.0* 6.0 12.0 24.0 36.0 Mbit] CH: 5, PRIVACY
12:46:58.133724 1.0 Mb/s 2437 MHz 11b -82dB signal antenna 3 0us Beacon (kcmsdguest) [1.0* 2.0* 5.5 11.0 6.0 9.0 12.0 18.0 Mbit] ESS CH: 6, PRIVACY
12:46:58.134582 1.0 Mb/s 2437 MHz 11b -81dB signal antenna 3 0us Beacon (kcmsdwireless) [1.0* 2.0* 5.5 11.0 6.0 9.0 12.0 18.0 Mbit] ESS CH: 6, PRIVACY
12:46:58.225428 1.0 Mb/s 2452 MHz 11b -78dB signal antenna 3 314us Probe Response (kcmsdguest) [1.0* 2.0* 5.5 6.0 9.0 11.0 12.0 18.0 Mbit] CH: 11, PRIVACY
12:46:58.240817 1.0 Mb/s 2457 MHz 11b -75dB signal antenna 3 314us Probe Response (kcmsdguest) [1.0* 2.0* 5.5 6.0 9.0 11.0 12.0 18.0 Mbit] CH: 11, PRIVACY
12:46:58.249657 1.0 Mb/s 2462 MHz 11b -84dB signal antenna 3 314us Probe Response (kcmsdguest) [1.0* 2.0* 5.5 6.0 9.0 11.0 12.0 18.0 Mbit] CH: 11, PRIVACY
12:46:58.250770 1.0 Mb/s 2462 MHz 11b -87dB signal antenna 3 314us Probe Response (kcmsdwireless) [1.0* 2.0* 5.5 6.0 9.0 11.0 12.0 18.0 Mbit] CH: 11, PRIVACY
12:46:58.252818 1.0 Mb/s 2462 MHz 11b -85dB signal antenna 3 0us Beacon (kcmsdguest) [1.0* 2.0* 5.5 11.0 6.0 9.0 12.0 18.0 Mbit] ESS CH: 11
12:46:58.254919 1.0 Mb/s 2462 MHz 11b -90dB signal antenna 3 0us Beacon (kcmsdwireless) [1.0* 2.0* 5.5 11.0 6.0 9.0 12.0 18.0 Mbit] ESS CH: 11, PRIVACY
12:46:58.269364 1.0 Mb/s 2462 MHz 11b -87dB signal antenna 3 0us Beacon (kcmsdguest) [1.0* 2.0* 5.5 11.0 6.0 9.0 12.0 18.0 Mbit] ESS CH: 11, PRIVACY
12:46:58.270237 1.0 Mb/s 2462 MHz 11b -88dB signal antenna 3 0us Beacon (kcmsdwireless) [1.0* 2.0* 5.5 11.0 6.0 9.0 12.0 18.0 Mbit] ESS CH: 11, PRIVACY
12:46:58.275868 1.0 Mb/s 2462 MHz 11b -84dB signal antenna 3 0us Beacon (kcmsdguest) [1.0* 2.0* 5.5 11.0 6.0 9.0 12.0 18.0 Mbit] ESS CH: 11, PRIVACY
12:46:58.276784 1.0 Mb/s 2462 MHz 11b -84dB signal antenna 3 0us Beacon (kcmsdwireless) [1.0* 2.0* 5.5 11.0 6.0 9.0 12.0 18.0 Mbit] ESS CH: 11, PRIVACY
12:46:58.291658 6.0 Mb/s 5180 MHz 11a -89dB signal antenna 3 0us Beacon (kcmsdguest) [6.0* 9.0 12.0* 18.0 24.0* 36.0 48.0 54.0 Mbit] ESS CH: 36
12:46:58.292051 6.0 Mb/s 5180 MHz 11a -89dB signal antenna 3 0us Beacon [6.0* 9.0 12.0* 18.0 24.0* 36.0 48.0 54.0 Mbit] IBSS CH: 36, PRIVACY
12:46:58.450847 6.0 Mb/s 5220 MHz 11a -86dB signal antenna 3 0us Beacon (kcmsdguest) [6.0* 9.0 12.0* 18.0 24.0* 36.0 48.0 54.0 Mbit] ESS CH: 44, PRIVACY
12:46:58.450903 6.0 Mb/s 5220 MHz 11a -85dB signal antenna 3 0us Beacon (kcmsdwireless) [6.0* 9.0 12.0* 18.0 24.0* 36.0 48.0 54.0 Mbit] ESS CH: 44, PRIVACY
12:46:58.451819 6.0 Mb/s 5220 MHz 11a -84dB signal antenna 3 60us Probe Response (kcmsdguest) [6.0* 9.0 12.0* 18.0 24.0* 36.0 48.0 54.0 Mbit] CH: 44, PRIVACY
12:46:58.451918 6.0 Mb/s 5220 MHz 11a -85dB signal antenna 3 60us Probe Response (kcmsdwireless) [6.0* 9.0 12.0* 18.0 24.0* 36.0 48.0 54.0 Mbit] CH: 44, PRIVACY
12:46:58.521871 6.0 Mb/s 5240 MHz 11a -77dB signal antenna 3 0us Beacon (kcmsdguest) [6.0* 9.0 12.0* 18.0 24.0* 36.0 48.0 54.0 Mbit] ESS CH: 48, PRIVACY
12:46:58.522014 6.0 Mb/s 5240 MHz 11a -78dB signal antenna 3 0us Beacon (kcmsdwireless) [6.0* 9.0 12.0* 18.0 24.0* 36.0 48.0 54.0 Mbit] ESS CH: 48, PRIVACY
12:46:58.525573 6.0 Mb/s 5240 MHz 11a -85dB signal antenna 3 0us Beacon (kcmsdguest) [6.0* 9.0 12.0* 18.0 24.0* 36.0 48.0 54.0 Mbit] ESS CH: 48, PRIVACY
12:46:58.525981 6.0 Mb/s 5240 MHz 11a -78dB signal antenna 3 60us Probe Response (kcmsdguest) [6.0* 9.0 12.0* 18.0 24.0* 36.0 48.0 54.0 Mbit] CH: 48, PRIVACY
12:46:58.528602 6.0 Mb/s 5240 MHz 11a -85dB signal antenna 3 60us Probe Response (kcmsdwireless) [6.0* 9.0 12.0* 18.0 24.0* 36.0 48.0 54.0 Mbit] CH: 48, PRIVACY
12:47:00.403844 6.0 Mb/s 5765 MHz 11a -88dB signal antenna 3 0us Beacon (kcmsdguest) [6.0* 9.0 12.0* 18.0 24.0* 36.0 48.0 54.0 Mbit] ESS CH: 153, PRIVACY
12:47:00.403962 6.0 Mb/s 5765 MHz 11a -88dB signal antenna 3 0us Beacon (kcmsdwireless) [6.0* 9.0 12.0* 18.0 24.0* 36.0 48.0 54.0 Mbit] ESS CH: 153, PRIVACY
12:47:00.404782 6.0 Mb/s 5765 MHz 11a -87dB signal antenna 3 60us Probe Response (kcmsdguest) [6.0* 9.0 12.0* 18.0 24.0* 36.0 48.0 54.0 Mbit] CH: 153, PRIVACY
12:47:00.404858 6.0 Mb/s 5765 MHz 11a -88dB signal antenna 3 60us Probe Response (kcmsdwireless) [6.0* 9.0 12.0* 18.0 24.0* 36.0 48.0 54.0 Mbit] CH: 153, PRIVACY
12:47:00.434921 6.0 Mb/s 5785 MHz 11a -87dB signal antenna 3 0us Beacon (kcmsdguest) [6.0* 9.0 12.0* 18.0 24.0* 36.0 48.0 54.0 Mbit] ESS CH: 157, PRIVACY
12:47:00.444235 6.0 Mb/s 5785 MHz 11a -90dB signal antenna 3 0us Beacon (kcmsdwireless) [6.0* 9.0 12.0* 18.0 24.0* 36.0 48.0 54.0 Mbit] ESS CH: 157, PRIVACY
12:47:00.459972 6.0 Mb/s 5805 MHz 11a -89dB signal antenna 3 0us Beacon (kcmsdguest) [6.0* 9.0 12.0* 18.0 24.0* 36.0 48.0 54.0 Mbit] ESS CH: 161, PRIVACY
12:47:00.461208 6.0 Mb/s 5805 MHz 11a -82dB signal antenna 3 60us Probe Response (kcmsdguest) [6.0* 9.0 12.0* 18.0 24.0* 36.0 48.0 54.0 Mbit] CH: 161, PRIVACY
12:47:00.461311 6.0 Mb/s 5805 MHz 11a -82dB signal antenna 3 60us Probe Response (kcmsdwireless) [6.0* 9.0 12.0* 18.0 24.0* 36.0 48.0 54.0 Mbit] CH: 161, PRIVACY
12:47:00.606778 1.0 Mb/s 2412 MHz 11b -85dB signal antenna 3 314us Probe Response (kcmsdguest) [1.0* 2.0* 5.5 6.0 9.0 11.0 12.0 18.0 Mbit] CH: 1, PRIVACY
12:47:00.607817 1.0 Mb/s 2412 MHz 11b -84dB signal antenna 3 314us Probe Response (kcmsdwireless) [1.0* 2.0* 5.5 6.0 9.0 11.0 12.0 18.0 Mbit] CH: 1, PRIVACY
12:47:00.693712 1.0 Mb/s 2437 MHz 11b -79dB signal antenna 3 0us Beacon (kcmsdguest) [1.0* 2.0* 5.5 11.0 6.0 9.0 12.0 18.0 Mbit] ESS CH: 6, PRIVACY
12:47:00.694589 1.0 Mb/s 2437 MHz 11b -80dB signal antenna 3 0us Beacon (kcmsdwireless) [1.0* 2.0* 5.5 11.0 6.0 9.0 12.0 18.0 Mbit] ESS CH: 6, PRIVACY
12:47:00.762027 1.0 Mb/s 2457 MHz 11b -74dB signal antenna 3 314us Probe Response (kcmsdguest) [1.0* 2.0* 5.5 6.0 9.0 11.0 12.0 18.0 Mbit] CH: 11, PRIVACY
12:47:00.765374 1.0 Mb/s 2457 MHz 11b -74dB signal antenna 3 314us Probe Response (kcmsdwireless) [1.0* 2.0* 5.5 6.0 9.0 11.0 12.0 18.0 Mbit] CH: 11, PRIVACY
12:47:00.780282 1.0 Mb/s 2457 MHz 11b -73dB signal antenna 3 0us Beacon (kcmsdguest) [1.0* 2.0* 5.5 11.0 6.0 9.0 12.0 18.0 Mbit] ESS CH: 11, PRIVACY
12:47:00.781148 1.0 Mb/s 2457 MHz 11b -75dB signal antenna 3 0us Beacon (kcmsdwireless) [1.0* 2.0* 5.5 11.0 6.0 9.0 12.0 18.0 Mbit] ESS CH: 11, PRIVACY
12:47:00.796810 1.0 Mb/s 2462 MHz 11b -81dB signal antenna 3 314us Probe Response (kcmsdguest) [1.0* 2.0* 5.5 6.0 9.0 11.0 12.0 18.0 Mbit] CH: 11, PRIVACY
12:47:00.797959 1.0 Mb/s 2462 MHz 11b -80dB signal antenna 3 314us Probe Response (kcmsdwireless) [1.0* 2.0* 5.5 6.0 9.0 11.0 12.0 18.0 Mbit] CH: 11, PRIVACY
12:47:00.815594 1.0 Mb/s 2462 MHz 11b -84dB signal antenna 3 0us Beacon (kcmsdwireless) [1.0* 2.0* 5.5 11.0 6.0 9.0 12.0 18.0 Mbit] ESS CH: 11, PRIVACY
12:47:01.184290 6.0 Mb/s 5240 MHz 11a -76dB signal antenna 3 0us Beacon (kcmsdguest) [6.0* 9.0 12.0* 18.0 24.0* 36.0 48.0 54.0 Mbit] ESS CH: 48, PRIVACY
12:47:01.185452 6.0 Mb/s 5240 MHz 11a -76dB signal antenna 3 0us Beacon (kcmsdwireless) [6.0* 9.0 12.0* 18.0 24.0* 36.0 48.0 54.0 Mbit] ESS CH: 48, PRIVACY
12:47:01.185487 6.0 Mb/s 5240 MHz 11a -76dB signal antenna 3 60us Probe Response (kcmsdguest) [6.0* 9.0 12.0* 18.0 24.0* 36.0 48.0 54.0 Mbit] CH: 48, PRIVACY
12:47:01.185589 6.0 Mb/s 5240 MHz 11a -76dB signal antenna 3 60us Probe Response (kcmsdwireless) [6.0* 9.0 12.0* 18.0 24.0* 36.0 48.0 54.0 Mbit] CH: 48, PRIVACY
12:47:02.975291 6.0 Mb/s 5745 MHz 11a -90dB signal antenna 3 0us Beacon (kcmsdwireless) [6.0* 9.0 12.0* 18.0 24.0* 36.0 48.0 54.0 Mbit] ESS CH: 149, PRIVACY
12:47:03.066284 6.0 Mb/s 5765 MHz 11a -80dB signal antenna 3 0us Beacon (kcmsdguest) [6.0* 9.0 12.0* 18.0 24.0* 36.0 48.0 54.0 Mbit] ESS CH: 153, PRIVACY
12:47:03.066353 6.0 Mb/s 5765 MHz 11a -81dB signal antenna 3 0us Beacon (kcmsdwireless) [6.0* 9.0 12.0* 18.0 24.0* 36.0 48.0 54.0 Mbit] ESS CH: 153, PRIVACY
12:47:03.067434 6.0 Mb/s 5765 MHz 11a -80dB signal antenna 3 60us Probe Response (kcmsdguest) [6.0* 9.0 12.0* 18.0 24.0* 36.0 48.0 54.0 Mbit] CH: 153, PRIVACY
12:47:03.067569 6.0 Mb/s 5765 MHz 11a -79dB signal antenna 3 60us Probe Response (kcmsdwireless) [6.0* 9.0 12.0* 18.0 24.0* 36.0 48.0 54.0 Mbit] CH: 153, PRIVACY
12:47:03.097357 6.0 Mb/s 5785 MHz 11a -88dB signal antenna 3 0us Beacon (kcmsdguest) [6.0* 9.0 12.0* 18.0 24.0* 36.0 48.0 54.0 Mbit] ESS CH: 157, PRIVACY
12:47:03.097429 6.0 Mb/s 5785 MHz 11a -87dB signal antenna 3 0us Beacon (kcmsdwireless) [6.0* 9.0 12.0* 18.0 24.0* 36.0 48.0 54.0 Mbit] ESS CH: 157, PRIVACY
12:47:03.122439 6.0 Mb/s 5805 MHz 11a -88dB signal antenna 3 0us Beacon (kcmsdguest) [6.0* 9.0 12.0* 18.0 24.0* 36.0 48.0 54.0 Mbit] ESS CH: 161, PRIVACY
12:47:03.122515 6.0 Mb/s 5805 MHz 11a -87dB signal antenna 3 0us Beacon (kcmsdwireless) [6.0* 9.0 12.0* 18.0 24.0* 36.0 48.0 54.0 Mbit] ESS CH: 161, PRIVACY
12:47:03.124327 6.0 Mb/s 5805 MHz 11a -83dB signal antenna 3 60us Probe Response (kcmsdguest) [6.0* 9.0 12.0* 18.0 24.0* 36.0 48.0 54.0 Mbit] CH: 161, PRIVACY
12:47:03.124473 6.0 Mb/s 5805 MHz 11a -84dB signal antenna 3 60us Probe Response (kcmsdwireless) [6.0* 9.0 12.0* 18.0 24.0* 36.0 48.0 54.0 Mbit] CH: 161, PRIVACY
12:47:03.124829 6.0 Mb/s 5805 MHz 11a -89dB signal antenna 3 60us Probe Response (kcmsdguest) [6.0* 9.0 12.0* 18.0 24.0* 36.0 48.0 54.0 Mbit] CH: 161, PRIVACY
12:47:03.268504 1.0 Mb/s 2412 MHz 11b -83dB signal antenna 3 314us Probe Response (kcmsdguest) [1.0* 2.0* 5.5 6.0 9.0 11.0 12.0 18.0 Mbit] CH: 1, PRIVACY
12:47:03.271794 1.0 Mb/s 2412 MHz 11b -84dB signal antenna 3 314us Probe Response (kcmsdwireless) [1.0* 2.0* 5.5 6.0 9.0 11.0 12.0 18.0 Mbit] CH: 1, PRIVACY
12:47:03.356149 1.0 Mb/s 2437 MHz 11b -81dB signal antenna 3 0us Beacon (kcmsdguest) [1.0* 2.0* 5.5 11.0 6.0 9.0 12.0 18.0 Mbit] ESS CH: 6, PRIVACY
12:47:03.357000 1.0 Mb/s 2437 MHz 11b -79dB signal antenna 3 0us Beacon (kcmsdwireless) [1.0* 2.0* 5.5 11.0 6.0 9.0 12.0 18.0 Mbit] ESS CH: 6, PRIVACY
12:47:03.384035 1.0 Mb/s 2437 MHz 11b -89dB signal antenna 3 0us Beacon (kcmsdwireless) [1.0* 2.0* 5.5 11.0 6.0 9.0 12.0 18.0 Mbit] ESS CH: 6, PRIVACY
12:47:03.425640 1.0 Mb/s 2457 MHz 11b -74dB signal antenna 3 314us Probe Response (kcmsdguest) [1.0* 2.0* 5.5 6.0 9.0 11.0 12.0 18.0 Mbit] CH: 11, PRIVACY
12:47:03.462486 1.0 Mb/s 2462 MHz 11b -80dB signal antenna 3 314us Probe Response (kcmsdwireless) [1.0* 2.0* 5.5 6.0 9.0 11.0 12.0 18.0 Mbit] CH: 11, PRIVACY
12:47:03.464241 1.0 Mb/s 2462 MHz 11b -72dB signal antenna 3 314us Probe Response (kcmsdwireless) [1.0* 2.0* 5.5 6.0 9.0 11.0 12.0 18.0 Mbit] CH: 11, PRIVACY
12:47:03.475139 1.0 Mb/s 2462 MHz 11b -84dB signal antenna 3 0us Beacon (kcmsdguest) [1.0* 2.0* 5.5 11.0 6.0 9.0 12.0 18.0 Mbit] ESS CH: 11
12:47:03.477121 1.0 Mb/s 2462 MHz 11b -82dB signal antenna 3 0us Beacon (kcmsdwireless) [1.0* 2.0* 5.5 11.0 6.0 9.0 12.0 18.0 Mbit] ESS CH: 11, PRIVACY
12:47:03.491794 1.0 Mb/s 2462 MHz 11b -87dB signal antenna 3 0us Beacon (kcmsdguest) [1.0* 2.0* 5.5 11.0 6.0 9.0 12.0 18.0 Mbit] ESS CH: 11, PRIVACY
12:47:03.775623 6.0 Mb/s 5220 MHz 11a -87dB signal antenna 3 0us Beacon (kcmsdguest) [6.0* 9.0 12.0* 18.0 24.0* 36.0 48.0 54.0 Mbit] ESS CH: 44, PRIVACY
12:47:03.776773 6.0 Mb/s 5220 MHz 11a -87dB signal antenna 3 0us Beacon (kcmsdwireless) [6.0* 9.0 12.0* 18.0 24.0* 36.0 48.0 54.0 Mbit] ESS CH: 44, PRIVACY
12:47:03.776809 6.0 Mb/s 5220 MHz 11a -87dB signal antenna 3 60us Probe Response (kcmsdguest) [6.0* 9.0 12.0* 18.0 24.0* 36.0 48.0 54.0 Mbit] CH: 44, PRIVACY
12:47:03.776909 6.0 Mb/s 5220 MHz 11a -87dB signal antenna 3 60us Probe Response (kcmsdwireless) [6.0* 9.0 12.0* 18.0 24.0* 36.0 48.0 54.0 Mbit] CH: 44, PRIVACY
12:47:03.846727 6.0 Mb/s 5240 MHz 11a -73dB signal antenna 3 0us Beacon (kcmsdguest) [6.0* 9.0 12.0* 18.0 24.0* 36.0 48.0 54.0 Mbit] ESS CH: 48, PRIVACY
12:47:03.846781 6.0 Mb/s 5240 MHz 11a -73dB signal antenna 3 0us Beacon (kcmsdwireless) [6.0* 9.0 12.0* 18.0 24.0* 36.0 48.0 54.0 Mbit] ESS CH: 48, PRIVACY
12:47:03.850276 6.0 Mb/s 5240 MHz 11a -87dB signal antenna 3 0us Beacon (kcmsdguest) [6.0* 9.0 12.0* 18.0 24.0* 36.0 48.0 54.0 Mbit] ESS CH: 48, PRIVACY
12:47:03.850328 6.0 Mb/s 5240 MHz 11a -87dB signal antenna 3 0us Beacon (kcmsdwireless) [6.0* 9.0 12.0* 18.0 24.0* 36.0 48.0 54.0 Mbit] ESS CH: 48, PRIVACY
12:47:05.637536 6.0 Mb/s 5745 MHz 11a -89dB signal antenna 3 0us Beacon (kcmsdguest) [6.0* 9.0 12.0* 18.0 24.0* 36.0 48.0 54.0 Mbit] ESS CH: 149, PRIVACY
12:47:05.728705 6.0 Mb/s 5765 MHz 11a -80dB signal antenna 3 0us Beacon (kcmsdguest) [6.0* 9.0 12.0* 18.0 24.0* 36.0 48.0 54.0 Mbit] ESS CH: 153, PRIVACY
12:47:05.729820 6.0 Mb/s 5765 MHz 11a -82dB signal antenna 3 0us Beacon (kcmsdwireless) [6.0* 9.0 12.0* 18.0 24.0* 36.0 48.0 54.0 Mbit] ESS CH: 153, PRIVACY
12:47:05.729856 6.0 Mb/s 5765 MHz 11a -81dB signal antenna 3 60us Probe Response (kcmsdguest) [6.0* 9.0 12.0* 18.0 24.0* 36.0 48.0 54.0 Mbit] CH: 153, PRIVACY
12:47:05.729919 6.0 Mb/s 5765 MHz 11a -81dB signal antenna 3 60us Probe Response (kcmsdwireless) [6.0* 9.0 12.0* 18.0 24.0* 36.0 48.0 54.0 Mbit] CH: 153, PRIVACY
12:47:05.759730 6.0 Mb/s 5785 MHz 11a -84dB signal antenna 3 0us Beacon (kcmsdguest) [6.0* 9.0 12.0* 18.0 24.0* 36.0 48.0 54.0 Mbit] ESS CH: 157, PRIVACY
12:47:05.759835 6.0 Mb/s 5785 MHz 11a -84dB signal antenna 3 0us Beacon (kcmsdwireless) [6.0* 9.0 12.0* 18.0 24.0* 36.0 48.0 54.0 Mbit] ESS CH: 157, PRIVACY
12:47:05.760833 6.0 Mb/s 5785 MHz 11a -83dB signal antenna 3 60us Probe Response (kcmsdguest) [6.0* 9.0 12.0* 18.0 24.0* 36.0 48.0 54.0 Mbit] CH: 157, PRIVACY
12:47:05.760993 6.0 Mb/s 5785 MHz 11a -84dB signal antenna 3 60us Probe Response (kcmsdwireless) [6.0* 9.0 12.0* 18.0 24.0* 36.0 48.0 54.0 Mbit] CH: 157, PRIVACY
12:47:05.784839 6.0 Mb/s 5805 MHz 11a -81dB signal antenna 3 0us Beacon (kcmsdguest) [6.0* 9.0 12.0* 18.0 24.0* 36.0 48.0 54.0 Mbit] ESS CH: 161, PRIVACY
12:47:05.785917 6.0 Mb/s 5805 MHz 11a -81dB signal antenna 3 0us Beacon (kcmsdwireless) [6.0* 9.0 12.0* 18.0 24.0* 36.0 48.0 54.0 Mbit] ESS CH: 161, PRIVACY
12:47:05.785937 6.0 Mb/s 5805 MHz 11a -80dB signal antenna 3 60us Probe Response (kcmsdguest) [6.0* 9.0 12.0* 18.0 24.0* 36.0 48.0 54.0 Mbit] CH: 161, PRIVACY
12:47:05.786005 6.0 Mb/s 5805 MHz 11a -80dB signal antenna 3 60us Probe Response (kcmsdwireless) [6.0* 9.0 12.0* 18.0 24.0* 36.0 48.0 54.0 Mbit] CH: 161, PRIVACY
12:47:05.937314 1.0 Mb/s 2412 MHz 11b -87dB signal antenna 3 314us Probe Response (kcmsdwireless) [1.0* 2.0* 5.5 6.0 9.0 11.0 12.0 18.0 Mbit] CH: 1, PRIVACY
12:47:05.940591 1.0 Mb/s 2412 MHz 11b -85dB signal antenna 3 314us Probe Response (kcmsdwireless) [1.0* 2.0* 5.5 6.0 9.0 11.0 12.0 18.0 Mbit] CH: 1, PRIVACY
12:47:05.944262 1.0 Mb/s 2412 MHz 11b -87dB signal antenna 3 314us Probe Response (kcmsdguest) [1.0* 2.0* 5.5 6.0 9.0 11.0 12.0 18.0 Mbit] CH: 1, PRIVACY
12:47:05.945346 1.0 Mb/s 2412 MHz 11b -84dB signal antenna 3 314us Probe Response (kcmsdwireless) [1.0* 2.0* 5.5 6.0 9.0 11.0 12.0 18.0 Mbit] CH: 1, PRIVACY
12:47:05.962021 1.0 Mb/s 2412 MHz 11b -85dB signal antenna 3 0us Beacon (kcmsdguest) [1.0* 2.0* 5.5 11.0 6.0 9.0 12.0 18.0 Mbit] ESS CH: 1, PRIVACY
12:47:06.003635 1.0 Mb/s 2432 MHz 11b -74dB signal antenna 3 314us Probe Response (kcmsdguest) [1.0* 2.0* 5.5 6.0 9.0 11.0 12.0 18.0 Mbit] CH: 6, PRIVACY
12:47:06.004772 1.0 Mb/s 2432 MHz 11b -75dB signal antenna 3 314us Probe Response (kcmsdwireless) [1.0* 2.0* 5.5 6.0 9.0 11.0 12.0 18.0 Mbit] CH: 6, PRIVACY
12:47:06.008667 1.0 Mb/s 2432 MHz 11b -81dB signal antenna 3 0us Beacon (ATT312) [1.0* 2.0* 5.5* 11.0* 18.0 24.0 36.0 54.0 Mbit] ESS CH: 6, PRIVACY
12:47:06.018492 1.0 Mb/s 2432 MHz 11b -75dB signal antenna 3 0us Beacon (kcmsdguest) [1.0* 2.0* 5.5 11.0 6.0 9.0 12.0 18.0 Mbit] ESS CH: 6, PRIVACY
12:47:06.019434 1.0 Mb/s 2432 MHz 11b -76dB signal antenna 3 0us Beacon (kcmsdwireless) [1.0* 2.0* 5.5 11.0 6.0 9.0 12.0 18.0 Mbit] ESS CH: 6, PRIVACY
12:47:06.038549 1.0 Mb/s 2437 MHz 11b -77dB signal antenna 3 314us Probe Response (kcmsdguest) [1.0* 2.0* 5.5 6.0 9.0 11.0 12.0 18.0 Mbit] CH: 6, PRIVACY
12:47:06.039694 1.0 Mb/s 2437 MHz 11b -76dB signal antenna 3 314us Probe Response (kcmsdwireless) [1.0* 2.0* 5.5 6.0 9.0 11.0 12.0 18.0 Mbit] CH: 6, PRIVACY
12:47:06.100197 1.0 Mb/s 2452 MHz 11b -87dB signal antenna 3 314us Probe Response (kcmsdwireless) [1.0* 2.0* 5.5 6.0 9.0 11.0 12.0 18.0 Mbit] CH: 11, PRIVACY
12:47:06.105071 1.0 Mb/s 2452 MHz 11b -83dB signal antenna 3 0us Beacon (kcmsdguest) [1.0* 2.0* 5.5 11.0 6.0 9.0 12.0 18.0 Mbit] ESS CH: 11, PRIVACY
12:47:06.105988 1.0 Mb/s 2452 MHz 11b -82dB signal antenna 3 0us Beacon (kcmsdwireless) [1.0* 2.0* 5.5 11.0 6.0 9.0 12.0 18.0 Mbit] ESS CH: 11, PRIVACY
12:47:06.146149 1.0 Mb/s 2462 MHz 11b -75dB signal antenna 3 314us Probe Response (kcmsdguest) [1.0* 2.0* 5.5 6.0 9.0 11.0 12.0 18.0 Mbit] CH: 11, PRIVACY
12:47:06.147298 1.0 Mb/s 2462 MHz 11b -81dB signal antenna 3 314us Probe Response (kcmsdwireless) [1.0* 2.0* 5.5 6.0 9.0 11.0 12.0 18.0 Mbit] CH: 11, PRIVACY
12:47:06.150490 1.0 Mb/s 2462 MHz 11b -84dB signal antenna 3 314us Probe Response (kcmsdwireless) [1.0* 2.0* 5.5 6.0 9.0 11.0 12.0 18.0 Mbit] CH: 11, PRIVACY
12:47:06.152784 1.0 Mb/s 2462 MHz 11b -80dB signal antenna 3 314us Probe Response (kcmsdguest) [1.0* 2.0* 5.5 6.0 9.0 11.0 12.0 18.0 Mbit] CH: 11, PRIVACY
12:47:06.155071 1.0 Mb/s 2462 MHz 11b -86dB signal antenna 3 0us Beacon (kcmsdguest) [1.0* 2.0* 5.5 11.0 6.0 9.0 12.0 18.0 Mbit] ESS CH: 11, PRIVACY
12:47:06.155979 1.0 Mb/s 2462 MHz 11b -84dB signal antenna 3 0us Beacon (kcmsdwireless) [1.0* 2.0* 5.5 11.0 6.0 9.0 12.0 18.0 Mbit] ESS CH: 11, PRIVACY
12:47:06.157070 1.0 Mb/s 2462 MHz 11b -81dB signal antenna 3 314us Probe Response (kcmsdwireless) [1.0* 2.0* 5.5 6.0 9.0 11.0 12.0 18.0 Mbit] CH: 11, PRIVACY
12:47:06.161663 1.0 Mb/s 2462 MHz 11b -76dB signal antenna 3 0us Beacon (kcmsdwireless) [1.0* 2.0* 5.5 11.0 6.0 9.0 12.0 18.0 Mbit] ESS CH: 11, PRIVACY
12:47:06.177945 1.0 Mb/s 2462 MHz 11b -89dB signal antenna 3 0us Beacon (kcmsdguest) [1.0* 2.0* 5.5 11.0 6.0 9.0 12.0 18.0 Mbit] ESS CH: 11, PRIVACY
12:47:06.438041 6.0 Mb/s 5220 MHz 11a -87dB signal antenna 3 0us Beacon (kcmsdguest) [6.0* 9.0 12.0* 18.0 24.0* 36.0 48.0 54.0 Mbit] ESS CH: 44, PRIVACY
12:47:06.438172 6.0 Mb/s 5220 MHz 11a -88dB signal antenna 3 0us Beacon (kcmsdwireless) [6.0* 9.0 12.0* 18.0 24.0* 36.0 48.0 54.0 Mbit] ESS CH: 44, PRIVACY
12:47:06.439022 6.0 Mb/s 5220 MHz 11a -89dB signal antenna 3 60us Probe Response (kcmsdguest) [6.0* 9.0 12.0* 18.0 24.0* 36.0 48.0 54.0 Mbit] CH: 44, PRIVACY
12:47:06.439116 6.0 Mb/s 5220 MHz 11a -89dB signal antenna 3 60us Probe Response (kcmsdwireless) [6.0* 9.0 12.0* 18.0 24.0* 36.0 48.0 54.0 Mbit] CH: 44, PRIVACY
12:47:06.509145 6.0 Mb/s 5240 MHz 11a -78dB signal antenna 3 0us Beacon (kcmsdguest) [6.0* 9.0 12.0* 18.0 24.0* 36.0 48.0 54.0 Mbit] ESS CH: 48, PRIVACY
12:47:06.509293 6.0 Mb/s 5240 MHz 11a -79dB signal antenna 3 0us Beacon (kcmsdwireless) [6.0* 9.0 12.0* 18.0 24.0* 36.0 48.0 54.0 Mbit] ESS CH: 48, PRIVACY
12:47:06.510702 6.0 Mb/s 5240 MHz 11a -79dB signal antenna 3 60us Probe Response (kcmsdguest) [6.0* 9.0 12.0* 18.0 24.0* 36.0 48.0 54.0 Mbit] CH: 48, PRIVACY
12:47:06.510758 6.0 Mb/s 5240 MHz 11a -78dB signal antenna 3 60us Probe Response (kcmsdwireless) [6.0* 9.0 12.0* 18.0 24.0* 36.0 48.0 54.0 Mbit] CH: 48, PRIVACY
12:47:08.299953 6.0 Mb/s 5745 MHz 11a -84dB signal antenna 3 0us Beacon (kcmsdguest) [6.0* 9.0 12.0* 18.0 24.0* 36.0 48.0 54.0 Mbit] ESS CH: 149, PRIVACY
12:47:08.300817 6.0 Mb/s 5745 MHz 11a -83dB signal antenna 3 0us Beacon (kcmsdwireless) [6.0* 9.0 12.0* 18.0 24.0* 36.0 48.0 54.0 Mbit] ESS CH: 149, PRIVACY
12:47:08.300855 6.0 Mb/s 5745 MHz 11a -84dB signal antenna 3 60us Probe Response (kcmsdguest) [6.0* 9.0 12.0* 18.0 24.0* 36.0 48.0 54.0 Mbit] CH: 149, PRIVACY
12:47:08.301033 6.0 Mb/s 5745 MHz 11a -83dB signal antenna 3 60us Probe Response (kcmsdwireless) [6.0* 9.0 12.0* 18.0 24.0* 36.0 48.0 54.0 Mbit] CH: 149, PRIVACY
12:47:08.391121 6.0 Mb/s 5765 MHz 11a -86dB signal antenna 3 0us Beacon (kcmsdguest) [6.0* 9.0 12.0* 18.0 24.0* 36.0 48.0 54.0 Mbit] ESS CH: 153, PRIVACY
12:47:08.392089 6.0 Mb/s 5765 MHz 11a -86dB signal antenna 3 0us Beacon (kcmsdwireless) [6.0* 9.0 12.0* 18.0 24.0* 36.0 48.0 54.0 Mbit] ESS CH: 153, PRIVACY
12:47:08.392125 6.0 Mb/s 5765 MHz 11a -86dB signal antenna 3 60us Probe Response (kcmsdguest) [6.0* 9.0 12.0* 18.0 24.0* 36.0 48.0 54.0 Mbit] CH: 153, PRIVACY
12:47:08.392221 6.0 Mb/s 5765 MHz 11a -86dB signal antenna 3 60us Probe Response (kcmsdwireless) [6.0* 9.0 12.0* 18.0 24.0* 36.0 48.0 54.0 Mbit] CH: 153, PRIVACY
12:47:08.422255 6.0 Mb/s 5785 MHz 11a -79dB signal antenna 3 0us Beacon (kcmsdguest) [6.0* 9.0 12.0* 18.0 24.0* 36.0 48.0 54.0 Mbit] ESS CH: 157, PRIVACY
12:47:08.422292 6.0 Mb/s 5785 MHz 11a -80dB signal antenna 3 0us Beacon (kcmsdwireless) [6.0* 9.0 12.0* 18.0 24.0* 36.0 48.0 54.0 Mbit] ESS CH: 157, PRIVACY
12:47:08.423298 6.0 Mb/s 5785 MHz 11a -80dB signal antenna 3 60us Probe Response (kcmsdguest) [6.0* 9.0 12.0* 18.0 24.0* 36.0 48.0 54.0 Mbit] CH: 157, PRIVACY
12:47:08.423411 6.0 Mb/s 5785 MHz 11a -80dB signal antenna 3 60us Probe Response (kcmsdwireless) [6.0* 9.0 12.0* 18.0 24.0* 36.0 48.0 54.0 Mbit] CH: 157, PRIVACY
12:47:08.447232 6.0 Mb/s 5805 MHz 11a -78dB signal antenna 3 0us Beacon (kcmsdguest) [6.0* 9.0 12.0* 18.0 24.0* 36.0 48.0 54.0 Mbit] ESS CH: 161, PRIVACY
12:47:08.447315 6.0 Mb/s 5805 MHz 11a -79dB signal antenna 3 0us Beacon (kcmsdwireless) [6.0* 9.0 12.0* 18.0 24.0* 36.0 48.0 54.0 Mbit] ESS CH: 161, PRIVACY
12:47:08.448934 6.0 Mb/s 5805 MHz 11a -84dB signal antenna 3 60us Probe Response (kcmsdguest) [6.0* 9.0 12.0* 18.0 24.0* 36.0 48.0 54.0 Mbit] CH: 161, PRIVACY
12:47:08.449022 6.0 Mb/s 5805 MHz 11a -84dB signal antenna 3 60us Probe Response (kcmsdwireless) [6.0* 9.0 12.0* 18.0 24.0* 36.0 48.0 54.0 Mbit] CH: 161, PRIVACY
12:47:08.449437 6.0 Mb/s 5805 MHz 11a -78dB signal antenna 3 60us Probe Response (kcmsdguest) [6.0* 9.0 12.0* 18.0 24.0* 36.0 48.0 54.0 Mbit] CH: 161, PRIVACY
12:47:08.449627 6.0 Mb/s 5805 MHz 11a -80dB signal antenna 3 60us Probe Response (kcmsdwireless) [6.0* 9.0 12.0* 18.0 24.0* 36.0 48.0 54.0 Mbit] CH: 161, PRIVACY
12:47:08.592473 1.0 Mb/s 2412 MHz 11b -76dB signal antenna 3 314us Probe Response (kcmsdguest) [1.0* 2.0* 5.5 6.0 9.0 11.0 12.0 18.0 Mbit] CH: 1, PRIVACY
12:47:08.593579 1.0 Mb/s 2412 MHz 11b -76dB signal antenna 3 314us Probe Response (kcmsdwireless) [1.0* 2.0* 5.5 6.0 9.0 11.0 12.0 18.0 Mbit] CH: 1, PRIVACY
12:47:08.594742 1.0 Mb/s 2412 MHz 11b -79dB signal antenna 3 314us Probe Response (kcmsdwireless) [1.0* 2.0* 5.5 6.0 9.0 11.0 12.0 18.0 Mbit] CH: 1, PRIVACY
12:47:08.597846 1.0 Mb/s 2412 MHz 11b -88dB signal antenna 3 0us Beacon (kcmsdwireless) [1.0* 2.0* 5.5 11.0 6.0 9.0 12.0 18.0 Mbit] ESS CH: 1, PRIVACY
12:47:08.624445 1.0 Mb/s 2412 MHz 11b -74dB signal antenna 3 0us Beacon (kcmsdguest) [1.0* 2.0* 5.5 11.0 6.0 9.0 12.0 18.0 Mbit] ESS CH: 1, PRIVACY
12:47:08.630056 1.0 Mb/s 2417 MHz 11b -82dB signal antenna 3 314us Probe Response (kcmsdwireless) [1.0* 2.0* 5.5 6.0 9.0 11.0 12.0 18.0 Mbit] CH: 1, PRIVACY
12:47:08.632397 1.0 Mb/s 2417 MHz 11b -77dB signal antenna 3 314us Probe Response (kcmsdguest) [1.0* 2.0* 5.5 6.0 9.0 11.0 12.0 18.0 Mbit] CH: 1, PRIVACY
12:47:08.633527 1.0 Mb/s 2417 MHz 11b -76dB signal antenna 3 314us Probe Response (kcmsdwireless) [1.0* 2.0* 5.5 6.0 9.0 11.0 12.0 18.0 Mbit] CH: 1, PRIVACY
12:47:08.680970 1.0 Mb/s 2427 MHz 11b -86dB signal antenna 3 0us Beacon (kcmsdguest) [1.0* 2.0* 5.5 11.0 6.0 9.0 12.0 18.0 Mbit] ESS CH: 6, PRIVACY
12:47:08.700605 1.0 Mb/s 2437 MHz 11b -84dB signal antenna 3 314us Probe Response (kcmsdguest) [1.0* 2.0* 5.5 6.0 9.0 11.0 12.0 18.0 Mbit] CH: 6, PRIVACY
12:47:08.701652 1.0 Mb/s 2437 MHz 11b -85dB signal antenna 3 314us Probe Response (kcmsdwireless) [1.0* 2.0* 5.5 6.0 9.0 11.0 12.0 18.0 Mbit] CH: 6, PRIVACY
12:47:08.795650 1.0 Mb/s 2457 MHz 11b -82dB signal antenna 3 314us Probe Response (kcmsdguest) [1.0* 2.0* 5.5 6.0 9.0 11.0 12.0 18.0 Mbit] CH: 11, PRIVACY
12:47:08.807769 1.0 Mb/s 2462 MHz 11b -80dB signal antenna 3 314us Probe Response (kcmsdguest) [1.0* 2.0* 5.5 6.0 9.0 11.0 12.0 18.0 Mbit] CH: 11, PRIVACY
12:47:08.808838 1.0 Mb/s 2462 MHz 11b -82dB signal antenna 3 314us Probe Response (kcmsdwireless) [1.0* 2.0* 5.5 6.0 9.0 11.0 12.0 18.0 Mbit] CH: 11, PRIVACY
12:47:08.823179 1.0 Mb/s 2462 MHz 11b -88dB signal antenna 3 0us Beacon (kcmsdguest) [1.0* 2.0* 5.5 11.0 6.0 9.0 12.0 18.0 Mbit] ESS CH: 11, PRIVACY
12:47:08.824075 1.0 Mb/s 2462 MHz 11b -88dB signal antenna 3 0us Beacon (kcmsdwireless) [1.0* 2.0* 5.5 11.0 6.0 9.0 12.0 18.0 Mbit] ESS CH: 11, PRIVACY
12:47:09.100456 6.0 Mb/s 5220 MHz 11a -88dB signal antenna 3 0us Beacon (kcmsdguest) [6.0* 9.0 12.0* 18.0 24.0* 36.0 48.0 54.0 Mbit] ESS CH: 44, PRIVACY
12:47:09.100585 6.0 Mb/s 5220 MHz 11a -87dB signal antenna 3 0us Beacon (kcmsdwireless) [6.0* 9.0 12.0* 18.0 24.0* 36.0 48.0 54.0 Mbit] ESS CH: 44, PRIVACY
12:47:09.101374 6.0 Mb/s 5220 MHz 11a -87dB signal antenna 3 60us Probe Response (kcmsdguest) [6.0* 9.0 12.0* 18.0 24.0* 36.0 48.0 54.0 Mbit] CH: 44, PRIVACY
12:47:09.101462 6.0 Mb/s 5220 MHz 11a -88dB signal antenna 3 60us Probe Response (kcmsdwireless) [6.0* 9.0 12.0* 18.0 24.0* 36.0 48.0 54.0 Mbit] CH: 44, PRIVACY
12:47:09.171571 6.0 Mb/s 5240 MHz 11a -79dB signal antenna 3 0us Beacon (kcmsdguest) [6.0* 9.0 12.0* 18.0 24.0* 36.0 48.0 54.0 Mbit] ESS CH: 48, PRIVACY
12:47:09.171667 6.0 Mb/s 5240 MHz 11a -79dB signal antenna 3 0us Beacon (kcmsdwireless) [6.0* 9.0 12.0* 18.0 24.0* 36.0 48.0 54.0 Mbit] ESS CH: 48, PRIVACY
12:47:11.187000 6.0 Mb/s 5785 MHz 11a -86dB signal antenna 3 0us Beacon (kcmsdguest) [6.0* 9.0 12.0* 18.0 24.0* 36.0 48.0 54.0 Mbit] ESS CH: 157, PRIVACY
12:47:11.196217 6.0 Mb/s 5785 MHz 11a -87dB signal antenna 3 0us Beacon (kcmsdwireless) [6.0* 9.0 12.0* 18.0 24.0* 36.0 48.0 54.0 Mbit] ESS CH: 157, PRIVACY
12:47:11.212107 6.0 Mb/s 5805 MHz 11a -84dB signal antenna 3 0us Beacon (kcmsdguest) [6.0* 9.0 12.0* 18.0 24.0* 36.0 48.0 54.0 Mbit] ESS CH: 161, PRIVACY
12:47:11.212153 6.0 Mb/s 5805 MHz 11a -84dB signal antenna 3 0us Beacon (kcmsdwireless) [6.0* 9.0 12.0* 18.0 24.0* 36.0 48.0 54.0 Mbit] ESS CH: 161, PRIVACY
12:47:11.213868 6.0 Mb/s 5805 MHz 11a -78dB signal antenna 3 60us Probe Response (kcmsdguest) [6.0* 9.0 12.0* 18.0 24.0* 36.0 48.0 54.0 Mbit] CH: 161, PRIVACY
12:47:11.214010 6.0 Mb/s 5805 MHz 11a -79dB signal antenna 3 60us Probe Response (kcmsdwireless) [6.0* 9.0 12.0* 18.0 24.0* 36.0 48.0 54.0 Mbit] CH: 161, PRIVACY
12:47:11.214403 6.0 Mb/s 5805 MHz 11a -84dB signal antenna 3 60us Probe Response (kcmsdguest) [6.0* 9.0 12.0* 18.0 24.0* 36.0 48.0 54.0 Mbit] CH: 161, PRIVACY
12:47:11.214548 6.0 Mb/s 5805 MHz 11a -83dB signal antenna 3 60us Probe Response (kcmsdwireless) [6.0* 9.0 12.0* 18.0 24.0* 36.0 48.0 54.0 Mbit] CH: 161, PRIVACY
12:47:11.358085 1.0 Mb/s 2412 MHz 11b -76dB signal antenna 3 314us Probe Response (kcmsdguest) [1.0* 2.0* 5.5 6.0 9.0 11.0 12.0 18.0 Mbit] CH: 1, PRIVACY
12:47:11.359306 1.0 Mb/s 2412 MHz 11b -78dB signal antenna 3 314us Probe Response (kcmsdwireless) [1.0* 2.0* 5.5 6.0 9.0 11.0 12.0 18.0 Mbit] CH: 1, PRIVACY
12:47:11.360384 1.0 Mb/s 2412 MHz 11b -82dB signal antenna 3 314us Probe Response (kcmsdwireless) [1.0* 2.0* 5.5 6.0 9.0 11.0 12.0 18.0 Mbit] CH: 1, PRIVACY
12:47:11.389291 1.0 Mb/s 2412 MHz 11b -81dB signal antenna 3 0us Beacon (kcmsdguest) [1.0* 2.0* 5.5 11.0 6.0 9.0 12.0 18.0 Mbit] ESS CH: 1, PRIVACY
12:47:11.397273 1.0 Mb/s 2417 MHz 11b -82dB signal antenna 3 314us Probe Response (kcmsdguest) [1.0* 2.0* 5.5 6.0 9.0 11.0 12.0 18.0 Mbit] CH: 1, PRIVACY
12:47:11.398414 1.0 Mb/s 2417 MHz 11b -81dB signal antenna 3 314us Probe Response (kcmsdwireless) [1.0* 2.0* 5.5 6.0 9.0 11.0 12.0 18.0 Mbit] CH: 1, PRIVACY
12:47:11.465415 1.0 Mb/s 2437 MHz 11b -84dB signal antenna 3 314us Probe Response (kcmsdguest) [1.0* 2.0* 5.5 6.0 9.0 11.0 12.0 18.0 Mbit] CH: 6, PRIVACY
12:47:11.466559 1.0 Mb/s 2437 MHz 11b -83dB signal antenna 3 314us Probe Response (kcmsdwireless) [1.0* 2.0* 5.5 6.0 9.0 11.0 12.0 18.0 Mbit] CH: 6, PRIVACY
12:47:11.552734 1.0 Mb/s 2462 MHz 11b -82dB signal antenna 3 314us Probe Response (kcmsdguest) [1.0* 2.0* 5.5 6.0 9.0 11.0 12.0 18.0 Mbit] CH: 11, PRIVACY
12:47:11.555093 1.0 Mb/s 2462 MHz 11b -85dB signal antenna 3 314us Probe Response (kcmsdguest) [1.0* 2.0* 5.5 6.0 9.0 11.0 12.0 18.0 Mbit] CH: 11, PRIVACY
12:47:11.556202 1.0 Mb/s 2462 MHz 11b -83dB signal antenna 3 314us Probe Response (kcmsdwireless) [1.0* 2.0* 5.5 6.0 9.0 11.0 12.0 18.0 Mbit] CH: 11, PRIVACY
12:47:11.557342 1.0 Mb/s 2462 MHz 11b -83dB signal antenna 3 314us Probe Response (kcmsdwireless) [1.0* 2.0* 5.5 6.0 9.0 11.0 12.0 18.0 Mbit] CH: 11, PRIVACY
12:47:11.563849 1.0 Mb/s 2462 MHz 11b -90dB signal antenna 3 0us Beacon (kcmsdguest) [1.0* 2.0* 5.5 11.0 6.0 9.0 12.0 18.0 Mbit] ESS CH: 11
12:47:11.565943 1.0 Mb/s 2462 MHz 11b -91dB signal antenna 3 0us Beacon (kcmsdwireless) [1.0* 2.0* 5.5 11.0 6.0 9.0 12.0 18.0 Mbit] ESS CH: 11, PRIVACY
12:47:11.865282 6.0 Mb/s 5220 MHz 11a -85dB signal antenna 3 0us Beacon (kcmsdguest) [6.0* 9.0 12.0* 18.0 24.0* 36.0 48.0 54.0 Mbit] ESS CH: 44, PRIVACY
12:47:11.866348 6.0 Mb/s 5220 MHz 11a -84dB signal antenna 3 0us Beacon (kcmsdwireless) [6.0* 9.0 12.0* 18.0 24.0* 36.0 48.0 54.0 Mbit] ESS CH: 44, PRIVACY
12:47:11.866404 6.0 Mb/s 5220 MHz 11a -87dB signal antenna 3 60us Probe Response (kcmsdguest) [6.0* 9.0 12.0* 18.0 24.0* 36.0 48.0 54.0 Mbit] CH: 44, PRIVACY
12:47:11.866497 6.0 Mb/s 5220 MHz 11a -86dB signal antenna 3 60us Probe Response (kcmsdwireless) [6.0* 9.0 12.0* 18.0 24.0* 36.0 48.0 54.0 Mbit] CH: 44, PRIVACY
12:47:11.936428 6.0 Mb/s 5240 MHz 11a -72dB signal antenna 3 0us Beacon (kcmsdguest) [6.0* 9.0 12.0* 18.0 24.0* 36.0 48.0 54.0 Mbit] ESS CH: 48, PRIVACY
12:47:11.936468 6.0 Mb/s 5240 MHz 11a -72dB signal antenna 3 0us Beacon (kcmsdwireless) [6.0* 9.0 12.0* 18.0 24.0* 36.0 48.0 54.0 Mbit] ESS CH: 48, PRIVACY
12:47:11.937451 6.0 Mb/s 5240 MHz 11a -72dB signal antenna 3 60us Probe Response (kcmsdguest) [6.0* 9.0 12.0* 18.0 24.0* 36.0 48.0 54.0 Mbit] CH: 48, PRIVACY
12:47:11.937538 6.0 Mb/s 5240 MHz 11a -72dB signal antenna 3 60us Probe Response (kcmsdwireless) [6.0* 9.0 12.0* 18.0 24.0* 36.0 48.0 54.0 Mbit] CH: 48, PRIVACY
12:47:13.932433 6.0 Mb/s 5785 MHz 11a -90dB signal antenna 3 0us Beacon (TWCWiFi) [6.0* 9.0 12.0* 18.0 24.0* 36.0 48.0 54.0 Mbit] ESS CH: 157
12:47:13.957798 6.0 Mb/s 5805 MHz 11a -89dB signal antenna 3 0us Beacon (kcmsdwireless) [6.0* 9.0 12.0* 18.0 24.0* 36.0 48.0 54.0 Mbit] ESS CH: 161, PRIVACY
12:47:14.213388 1.0 Mb/s 2462 MHz 11b -90dB signal antenna 3 314us Probe Response (kcmsdguest) [1.0* 2.0* 5.5 6.0 9.0 11.0 12.0 18.0 Mbit] CH: 11, PRIVACY
12:47:14.598812 6.0 Mb/s 5240 MHz 11a -85dB signal antenna 3 0us Beacon (kcmsdguest) [6.0* 9.0 12.0* 18.0 24.0* 36.0 48.0 54.0 Mbit] ESS CH: 48, PRIVACY
12:47:14.598868 6.0 Mb/s 5240 MHz 11a -84dB signal antenna 3 0us Beacon (kcmsdwireless) [6.0* 9.0 12.0* 18.0 24.0* 36.0 48.0 54.0 Mbit] ESS CH: 48, PRIVACY
12:47:22.648191 1.0 Mb/s 2412 MHz 11b -84dB signal antenna 3 314us Probe Response (lain2006) [1.0* 2.0* 5.5* 11.0* 18.0 24.0 36.0 54.0 Mbit] CH: 1, PRIVACY
12:47:22.651176 1.0 Mb/s 2412 MHz 11b -84dB signal antenna 3 0us Beacon (lain2006) [1.0* 2.0* 5.5* 11.0* 18.0 24.0 36.0 54.0 Mbit] ESS CH: 1, PRIVACY
12:47:22.702336 6.0 Mb/s 2422 MHz 11g -83dB signal antenna 3 0us Beacon (TWCWiFi) [6.0* 9.0 12.0* 18.0 24.0* 36.0 48.0 54.0 Mbit] ESS CH: 3
12:47:22.702644 6.0 Mb/s 2422 MHz 11g -83dB signal antenna 3 0us Beacon (CableWiFi) [6.0* 9.0 12.0* 18.0 24.0* 36.0 48.0 54.0 Mbit] ESS CH: 3
12:47:22.825555 1.0 Mb/s 2462 MHz 11b -89dB signal antenna 3 0us Beacon (Vine Street Freenet) [1.0* 2.0* 5.5* 11.0* 6.0 9.0 12.0 18.0 Mbit] ESS CH: 11
12:47:25.566298 1.0 Mb/s 2412 MHz 11b -77dB signal antenna 3 314us Probe Response (lain2006) [1.0* 2.0* 5.5* 11.0* 18.0 24.0 36.0 54.0 Mbit] CH: 1, PRIVACY
12:47:25.578305 1.0 Mb/s 2417 MHz 11b -77dB signal antenna 3 314us Probe Response (lain2006) [1.0* 2.0* 5.5* 11.0* 18.0 24.0 36.0 54.0 Mbit] CH: 1, PRIVACY
12:47:25.590581 1.0 Mb/s 2422 MHz 11b -90dB signal antenna 3 314us Probe Response (lain2006) [1.0* 2.0* 5.5* 11.0* 18.0 24.0 36.0 54.0 Mbit] CH: 1, PRIVACY
12:47:25.592644 1.0 Mb/s 2422 MHz 11b -81dB signal antenna 3 Retry 314us Probe Response (lain2006) [1.0* 2.0* 5.5* 11.0* 18.0 24.0 36.0 54.0 Mbit] CH: 1, PRIVACY
12:47:28.166216 6.0 Mb/s 5785 MHz 11a -89dB signal antenna 3 0us Beacon (TWCWiFi) [6.0* 9.0 12.0* 18.0 24.0* 36.0 48.0 54.0 Mbit] ESS CH: 157
12:47:28.166416 6.0 Mb/s 5785 MHz 11a -88dB signal antenna 3 0us Beacon (CableWiFi) [6.0* 9.0 12.0* 18.0 24.0* 36.0 48.0 54.0 Mbit] ESS CH: 157
12:47:28.425043 1.0 Mb/s 2412 MHz 11b -75dB signal antenna 3 314us Probe Response (lain2006) [1.0* 2.0* 5.5* 11.0* 18.0 24.0 36.0 54.0 Mbit] CH: 1, PRIVACY
12:47:28.444527 1.0 Mb/s 2417 MHz 11b -78dB signal antenna 3 Retry 314us Probe Response (lain2006) [1.0* 2.0* 5.5* 11.0* 18.0 24.0 36.0 54.0 Mbit] CH: 1, PRIVACY
12:47:28.448537 1.0 Mb/s 2422 MHz 11b -82dB signal antenna 3 Retry 314us Probe Response (lain2006) [1.0* 2.0* 5.5* 11.0* 18.0 24.0 36.0 54.0 Mbit] CH: 1, PRIVACY
12:47:28.451480 1.0 Mb/s 2422 MHz 11b -78dB signal antenna 3 314us Probe Response (lain2006) [1.0* 2.0* 5.5* 11.0* 18.0 24.0 36.0 54.0 Mbit] CH: 1, PRIVACY
12:47:28.469047 2.0 Mb/s 2422 MHz 11b -86dB signal antenna 3 0us Beacon (2WIRE912) [1.0* 2.0* 5.5* 11.0* 6.0 9.0 12.0 18.0 Mbit] ESS CH: 3, PRIVACY
12:47:28.593099 1.0 Mb/s 2462 MHz 11b -82dB signal antenna 3 314us Probe Response (ATT453) [1.0* 2.0* 5.5* 11.0* 18.0 24.0 36.0 54.0 Mbit] CH: 11, PRIVACY
12:47:28.596151 1.0 Mb/s 2462 MHz 11b -85dB signal antenna 3 314us Probe Response (GANTWORLD) [1.0* 2.0* 5.5* 11.0* 18.0 24.0 36.0 54.0 Mbit] CH: 11, PRIVACY
12:47:28.607830 1.0 Mb/s 2462 MHz 11b -73dB signal antenna 3 0us Beacon (ATT453) [1.0* 2.0* 5.5* 11.0* 18.0 24.0 36.0 54.0 Mbit] ESS CH: 11, PRIVACY
12:47:31.033404 6.0 Mb/s 5785 MHz 11a -86dB signal antenna 3 0us Beacon (TWCWiFi) [6.0* 9.0 12.0* 18.0 24.0* 36.0 48.0 54.0 Mbit] ESS CH: 157
12:47:31.033699 6.0 Mb/s 5785 MHz 11a -85dB signal antenna 3 0us Beacon (CableWiFi) [6.0* 9.0 12.0* 18.0 24.0* 36.0 48.0 54.0 Mbit] ESS CH: 157

