13:09:49.452514 1.0 Mb/s 2462 MHz 11b -74dB signal antenna 3 Retry 314us Probe Response (kcmsdwireless) [1.0* 2.0* 5.5* 11.0* 6.0 12.0 24.0 36.0 Mbit] CH: 11, PRIVACY
13:09:49.454821 1.0 Mb/s 2462 MHz 11b -87dB signal antenna 3 304us Probe Response (TG862GA2) [1.0* 2.0* 5.5* 11.0* 9.0 18.0 36.0 54.0 Mbit] CH: 11, PRIVACY
13:09:49.460180 1.0 Mb/s 2462 MHz 11b -82dB signal antenna 3 0us Beacon () [1.0* 2.0* 5.5* 11.0* 6.0 12.0 24.0 36.0 Mbit] ESS CH: 11, PRIVACY
13:09:52.327426 1.0 Mb/s 2452 MHz 11b -84dB signal antenna 3 0us Beacon () [1.0* 2.0* 5.5* 11.0* 6.0 12.0 24.0 36.0 Mbit] ESS CH: 11, PRIVACY
13:09:52.330781 1.0 Mb/s 2457 MHz 11b -80dB signal antenna 3 314us Probe Response (kcmsdwireless) [1.0* 2.0* 5.5* 11.0* 6.0 12.0 24.0 36.0 Mbit] CH: 11, PRIVACY
13:09:52.334026 1.0 Mb/s 2457 MHz 11b -81dB signal antenna 3 Retry 314us Probe Response (kcmsdwireless) [1.0* 2.0* 5.5* 11.0* 6.0 12.0 24.0 36.0 Mbit] CH: 11, PRIVACY
13:09:52.336312 1.0 Mb/s 2457 MHz 11b -81dB signal antenna 3 Retry 314us Probe Response (kcmsdwireless) [1.0* 2.0* 5.5* 11.0* 6.0 12.0 24.0 36.0 Mbit] CH: 11, PRIVACY
13:09:52.338632 1.0 Mb/s 2457 MHz 11b -80dB signal antenna 3 Retry 314us Probe Response (kcmsdwireless) [1.0* 2.0* 5.5* 11.0* 6.0 12.0 24.0 36.0 Mbit] CH: 11, PRIVACY
13:09:52.366316 1.0 Mb/s 2462 MHz 11b -84dB signal antenna 3 304us Probe Response (TG862GA2) [1.0* 2.0* 5.5* 11.0* 9.0 18.0 36.0 54.0 Mbit] CH: 11, PRIVACY
13:09:52.368530 1.0 Mb/s 2462 MHz 11b -83dB signal antenna 3 304us Probe Response (TG862GA2) [1.0* 2.0* 5.5* 11.0* 9.0 18.0 36.0 54.0 Mbit] CH: 11, PRIVACY
13:09:52.371520 1.0 Mb/s 2462 MHz 11b -79dB signal antenna 3 Retry 314us Probe Response (kcmsdwireless) [1.0* 2.0* 5.5* 11.0* 6.0 12.0 24.0 36.0 Mbit] CH: 11, PRIVACY
13:09:52.375229 1.0 Mb/s 2462 MHz 11b -78dB signal antenna 3 0us Beacon (kcmsdwireless) [1.0* 2.0* 5.5* 11.0* 6.0 12.0 24.0 36.0 Mbit] ESS CH: 11, PRIVACY
13:09:55.155173 1.0 Mb/s 2417 MHz 11b -78dB signal antenna 3 0us Beacon () [1.0* 2.0* 5.5* 11.0* 6.0 12.0 24.0 36.0 Mbit] ESS CH: 2, PRIVACY
13:09:55.242472 1.0 Mb/s 2452 MHz 11b -83dB signal antenna 3 0us Beacon (kcmsdwireless) [1.0* 2.0* 5.5* 11.0* 6.0 12.0 24.0 36.0 Mbit] ESS CH: 11, PRIVACY
13:09:55.245793 1.0 Mb/s 2457 MHz 11b -78dB signal antenna 3 314us Probe Response (kcmsdwireless) [1.0* 2.0* 5.5* 11.0* 6.0 12.0 24.0 36.0 Mbit] CH: 11, PRIVACY
13:09:55.247541 1.0 Mb/s 2457 MHz 11b -79dB signal antenna 3 Retry 314us Probe Response (kcmsdwireless) [1.0* 2.0* 5.5* 11.0* 6.0 12.0 24.0 36.0 Mbit] CH: 11, PRIVACY
13:09:55.249265 1.0 Mb/s 2457 MHz 11b -79dB signal antenna 3 Retry 314us Probe Response (kcmsdwireless) [1.0* 2.0* 5.5* 11.0* 6.0 12.0 24.0 36.0 Mbit] CH: 11, PRIVACY
13:09:55.281336 1.0 Mb/s 2462 MHz 11b -81dB signal antenna 3 304us Probe Response (TG862GA2) [1.0* 2.0* 5.5* 11.0* 9.0 18.0 36.0 54.0 Mbit] CH: 11, PRIVACY
13:09:55.283636 1.0 Mb/s 2462 MHz 11b -84dB signal antenna 3 304us Probe Response (TG862GA2) [1.0* 2.0* 5.5* 11.0* 9.0 18.0 36.0 54.0 Mbit] CH: 11, PRIVACY
13:09:55.286113 1.0 Mb/s 2462 MHz 11b -78dB signal antenna 3 Retry 314us Probe Response (kcmsdwireless) [1.0* 2.0* 5.5* 11.0* 6.0 12.0 24.0 36.0 Mbit] CH: 11, PRIVACY
13:09:55.297001 1.0 Mb/s 2462 MHz 11b -79dB signal antenna 3 0us Beacon () [1.0* 2.0* 5.5* 11.0* 6.0 12.0 24.0 36.0 Mbit] ESS CH: 11, PRIVACY
13:09:58.160084 1.0 Mb/s 2457 MHz 11b -80dB signal antenna 3 314us Probe Response (kcmsdwireless) [1.0* 2.0* 5.5* 11.0* 6.0 12.0 24.0 36.0 Mbit] CH: 11, PRIVACY
13:09:58.172914 1.0 Mb/s 2462 MHz 11b -83dB signal antenna 3 304us Probe Response (TG862GA2) [1.0* 2.0* 5.5* 11.0* 9.0 18.0 36.0 54.0 Mbit] CH: 11, PRIVACY
13:09:58.175142 1.0 Mb/s 2462 MHz 11b -86dB signal antenna 3 304us Probe Response (TG862GA2) [1.0* 2.0* 5.5* 11.0* 9.0 18.0 36.0 54.0 Mbit] CH: 11, PRIVACY
13:09:58.176411 1.0 Mb/s 2462 MHz 11b -79dB signal antenna 3 Retry 314us Probe Response (kcmsdwireless) [1.0* 2.0* 5.5* 11.0* 6.0 12.0 24.0 36.0 Mbit] CH: 11, PRIVACY
13:09:58.199767 1.0 Mb/s 2462 MHz 11b -84dB signal antenna 3 0us Beacon (TG862GA2) [1.0* 2.0* 5.5* 11.0* 9.0 18.0 36.0 54.0 Mbit] ESS CH: 11, PRIVACY
13:10:01.052077 1.0 Mb/s 2457 MHz 11b -80dB signal antenna 3 314us Probe Response (kcmsdwireless) [1.0* 2.0* 5.5* 11.0* 6.0 12.0 24.0 36.0 Mbit] CH: 11, PRIVACY
13:10:01.064993 1.0 Mb/s 2462 MHz 11b -85dB signal antenna 3 304us Probe Response (TG862GA2) [1.0* 2.0* 5.5* 11.0* 9.0 18.0 36.0 54.0 Mbit] CH: 11, PRIVACY
13:10:01.067175 1.0 Mb/s 2462 MHz 11b -82dB signal antenna 3 304us Probe Response (TG862GA2) [1.0* 2.0* 5.5* 11.0* 9.0 18.0 36.0 54.0 Mbit] CH: 11, PRIVACY
13:10:01.069175 1.0 Mb/s 2462 MHz 11b -81dB signal antenna 3 0us Beacon (TG862GA2) [1.0* 2.0* 5.5* 11.0* 9.0 18.0 36.0 54.0 Mbit] ESS CH: 11, PRIVACY
13:10:01.071450 1.0 Mb/s 2462 MHz 11b -84dB signal antenna 3 304us Probe Response (TG862GA2) [1.0* 2.0* 5.5* 11.0* 9.0 18.0 36.0 54.0 Mbit] CH: 11, PRIVACY
13:10:01.074774 1.0 Mb/s 2462 MHz 11b -80dB signal antenna 3 Retry 314us Probe Response (kcmsdwireless) [1.0* 2.0* 5.5* 11.0* 6.0 12.0 24.0 36.0 Mbit] CH: 11, PRIVACY
13:10:01.079283 1.0 Mb/s 2462 MHz 11b -79dB signal antenna 3 0us Beacon (kcmsdwireless) [1.0* 2.0* 5.5* 11.0* 6.0 12.0 24.0 36.0 Mbit] ESS CH: 11, PRIVACY
13:10:03.946551 1.0 Mb/s 2457 MHz 11b -78dB signal antenna 3 0us Beacon (kcmsdwireless) [1.0* 2.0* 5.5* 11.0* 6.0 12.0 24.0 36.0 Mbit] ESS CH: 11, PRIVACY
13:10:03.947678 1.0 Mb/s 2457 MHz 11b -79dB signal antenna 3 314us Probe Response (kcmsdwireless) [1.0* 2.0* 5.5* 11.0* 6.0 12.0 24.0 36.0 Mbit] CH: 11, PRIVACY
13:10:03.979872 1.0 Mb/s 2462 MHz 11b -79dB signal antenna 3 314us Probe Response (kcmsdwireless) [1.0* 2.0* 5.5* 11.0* 6.0 12.0 24.0 36.0 Mbit] CH: 11, PRIVACY
13:10:06.734660 1.0 Mb/s 2412 MHz 11b -85dB signal antenna 3 0us Beacon () [1.0* 2.0* 5.5* 11.0* 6.0 12.0 24.0 36.0 Mbit] ESS CH: 1, PRIVACY
13:10:06.748781 1.0 Mb/s 2412 MHz 11b -74dB signal antenna 3 0us Beacon () [1.0* 2.0* 5.5* 11.0* 6.0 12.0 24.0 36.0 Mbit] ESS CH: 1, PRIVACY
13:10:06.823455 1.0 Mb/s 2442 MHz 11b -87dB signal antenna 3 0us Beacon () [1.0* 2.0* 5.5* 11.0* 6.0 12.0 24.0 36.0 Mbit] ESS CH: 7, PRIVACY
13:10:06.868245 1.0 Mb/s 2457 MHz 11b -80dB signal antenna 3 0us Beacon () [1.0* 2.0* 5.5* 11.0* 6.0 12.0 24.0 36.0 Mbit] ESS CH: 11, PRIVACY
13:10:06.872552 1.0 Mb/s 2462 MHz 11b -84dB signal antenna 3 304us Probe Response (TG862GA2) [1.0* 2.0* 5.5* 11.0* 9.0 18.0 36.0 54.0 Mbit] CH: 11, PRIVACY
13:10:06.874703 1.0 Mb/s 2462 MHz 11b -84dB signal antenna 3 304us Probe Response (TG862GA2) [1.0* 2.0* 5.5* 11.0* 9.0 18.0 36.0 54.0 Mbit] CH: 11, PRIVACY
13:10:06.876308 1.0 Mb/s 2462 MHz 11b -79dB signal antenna 3 Retry 314us Probe Response (kcmsdwireless) [1.0* 2.0* 5.5* 11.0* 6.0 12.0 24.0 36.0 Mbit] CH: 11, PRIVACY
13:10:06.903903 1.0 Mb/s 2462 MHz 11b -85dB signal antenna 3 0us Beacon (TG862GA2) [1.0* 2.0* 5.5* 11.0* 9.0 18.0 36.0 54.0 Mbit] ESS CH: 11, PRIVACY
13:10:09.696075 1.0 Mb/s 2422 MHz 11b -83dB signal antenna 3 0us Beacon () [1.0* 2.0* 5.5* 11.0* 6.0 12.0 24.0 36.0 Mbit] ESS CH: 2, PRIVACY
13:10:09.774651 1.0 Mb/s 2457 MHz 11b -81dB signal antenna 3 314us Probe Response (kcmsdwireless) [1.0* 2.0* 5.5* 11.0* 6.0 12.0 24.0 36.0 Mbit] CH: 11, PRIVACY
13:10:09.776433 1.0 Mb/s 2457 MHz 11b -80dB signal antenna 3 Retry 314us Probe Response (kcmsdwireless) [1.0* 2.0* 5.5* 11.0* 6.0 12.0 24.0 36.0 Mbit] CH: 11, PRIVACY
13:10:09.783317 1.0 Mb/s 2457 MHz 11b -80dB signal antenna 3 0us Beacon (kcmsdwireless) [1.0* 2.0* 5.5* 11.0* 6.0 12.0 24.0 36.0 Mbit] ESS CH: 11, PRIVACY
13:10:09.809463 1.0 Mb/s 2462 MHz 11b -80dB signal antenna 3 314us Probe Response (kcmsdwireless) [1.0* 2.0* 5.5* 11.0* 6.0 12.0 24.0 36.0 Mbit] CH: 11, PRIVACY
13:10:12.563313 1.0 Mb/s 2412 MHz 11b -80dB signal antenna 3 0us Beacon () [1.0* 2.0* 5.5* 11.0* 6.0 12.0 24.0 36.0 Mbit] ESS CH: 2, PRIVACY
13:10:12.569598 1.0 Mb/s 2417 MHz 11b -81dB signal antenna 3 0us Beacon () [1.0* 2.0* 5.5* 11.0* 6.0 12.0 24.0 36.0 Mbit] ESS CH: 1, PRIVACY
13:10:12.585575 1.0 Mb/s 2422 MHz 11b -79dB signal antenna 3 0us Beacon () [1.0* 2.0* 5.5* 11.0* 6.0 12.0 24.0 36.0 Mbit] ESS CH: 1, PRIVACY
13:10:12.654435 1.0 Mb/s 2452 MHz 11b -83dB signal antenna 3 314us Probe Response (kcmsdwireless) [1.0* 2.0* 5.5* 11.0* 6.0 12.0 24.0 36.0 Mbit] CH: 11, PRIVACY
13:10:12.657162 1.0 Mb/s 2452 MHz 11b -84dB signal antenna 3 Retry 314us Probe Response (kcmsdwireless) [1.0* 2.0* 5.5* 11.0* 6.0 12.0 24.0 36.0 Mbit] CH: 11, PRIVACY
13:10:12.660325 1.0 Mb/s 2452 MHz 11b -83dB signal antenna 3 Retry 314us Probe Response (kcmsdwireless) [1.0* 2.0* 5.5* 11.0* 6.0 12.0 24.0 36.0 Mbit] CH: 11, PRIVACY
13:10:12.664237 1.0 Mb/s 2452 MHz 11b -82dB signal antenna 3 Retry 314us Probe Response (kcmsdwireless) [1.0* 2.0* 5.5* 11.0* 6.0 12.0 24.0 36.0 Mbit] CH: 11, PRIVACY
13:10:12.670876 1.0 Mb/s 2452 MHz 11b -84dB signal antenna 3 Retry 314us Probe Response (kcmsdwireless) [1.0* 2.0* 5.5* 11.0* 6.0 12.0 24.0 36.0 Mbit] CH: 11, PRIVACY
13:10:12.679112 1.0 Mb/s 2452 MHz 11b -85dB signal antenna 3 Retry 314us Probe Response (kcmsdwireless) [1.0* 2.0* 5.5* 11.0* 6.0 12.0 24.0 36.0 Mbit] CH: 11, PRIVACY
13:10:12.689194 1.0 Mb/s 2457 MHz 11b -78dB signal antenna 3 314us Probe Response (kcmsdwireless) [1.0* 2.0* 5.5* 11.0* 6.0 12.0 24.0 36.0 Mbit] CH: 11, PRIVACY
13:10:12.692456 1.0 Mb/s 2457 MHz 11b -80dB signal antenna 3 Retry 314us Probe Response (kcmsdwireless) [1.0* 2.0* 5.5* 11.0* 6.0 12.0 24.0 36.0 Mbit] CH: 11, PRIVACY
13:10:12.726475 1.0 Mb/s 2462 MHz 11b -78dB signal antenna 3 Retry 314us Probe Response (kcmsdwireless) [1.0* 2.0* 5.5* 11.0* 6.0 12.0 24.0 36.0 Mbit] CH: 11, PRIVACY
13:10:12.740778 1.0 Mb/s 2462 MHz 11b -82dB signal antenna 3 0us Beacon (TG862GA2) [1.0* 2.0* 5.5* 11.0* 9.0 18.0 36.0 54.0 Mbit] ESS CH: 11, PRIVACY
13:10:12.752943 1.0 Mb/s 2462 MHz 11b -79dB signal antenna 3 0us Beacon (kcmsdwireless) [1.0* 2.0* 5.5* 11.0* 6.0 12.0 24.0 36.0 Mbit] ESS CH: 11, PRIVACY
13:10:15.532965 1.0 Mb/s 2427 MHz 11b -84dB signal antenna 3 0us Beacon () [1.0* 2.0* 5.5* 11.0* 6.0 12.0 24.0 36.0 Mbit] ESS CH: 2, PRIVACY
13:10:15.604268 1.0 Mb/s 2457 MHz 11b -80dB signal antenna 3 314us Probe Response (kcmsdwireless) [1.0* 2.0* 5.5* 11.0* 6.0 12.0 24.0 36.0 Mbit] CH: 11, PRIVACY
13:10:15.608005 1.0 Mb/s 2457 MHz 11b -84dB signal antenna 3 0us Beacon (TG862GA2) [1.0* 2.0* 5.5* 11.0* 9.0 18.0 36.0 54.0 Mbit] ESS CH: 11, PRIVACY
13:10:15.640240 1.0 Mb/s 2462 MHz 11b -82dB signal antenna 3 Retry 314us Probe Response (kcmsdwireless) [1.0* 2.0* 5.5* 11.0* 6.0 12.0 24.0 36.0 Mbit] CH: 11, PRIVACY
13:10:15.643501 1.0 Mb/s 2462 MHz 11b -81dB signal antenna 3 304us Probe Response (TG862GA2) [1.0* 2.0* 5.5* 11.0* 9.0 18.0 36.0 54.0 Mbit] CH: 11, PRIVACY
13:10:18.519935 1.0 Mb/s 2457 MHz 11b -79dB signal antenna 3 Retry 314us Probe Response (kcmsdwireless) [1.0* 2.0* 5.5* 11.0* 6.0 12.0 24.0 36.0 Mbit] CH: 11, PRIVACY
13:10:18.531667 1.0 Mb/s 2462 MHz 11b -88dB signal antenna 3 304us Probe Response (TG862GA2) [1.0* 2.0* 5.5* 11.0* 9.0 18.0 36.0 54.0 Mbit] CH: 11, PRIVACY
13:10:18.534799 1.0 Mb/s 2462 MHz 11b -78dB signal antenna 3 Retry 314us Probe Response (kcmsdwireless) [1.0* 2.0* 5.5* 11.0* 6.0 12.0 24.0 36.0 Mbit] CH: 11, PRIVACY
13:10:18.539159 1.0 Mb/s 2462 MHz 11b -88dB signal antenna 3 0us Beacon () [1.0* 2.0* 5.5* 11.0* 6.0 12.0 24.0 36.0 Mbit] ESS CH: 11, PRIVACY
13:10:18.541865 1.0 Mb/s 2462 MHz 11b -80dB signal antenna 3 0us Beacon () [1.0* 2.0* 5.5* 11.0* 6.0 12.0 24.0 36.0 Mbit] ESS CH: 11, PRIVACY
13:10:21.349228 1.0 Mb/s 2432 MHz 11b -88dB signal antenna 3 0us Beacon () [1.0* 2.0* 5.5* 11.0* 6.0 12.0 24.0 36.0 Mbit] ESS CH: 4, PRIVACY
13:10:21.412854 1.0 Mb/s 2457 MHz 11b -78dB signal antenna 3 314us Probe Response (kcmsdwireless) [1.0* 2.0* 5.5* 11.0* 6.0 12.0 24.0 36.0 Mbit] CH: 11, PRIVACY
13:10:21.425025 1.0 Mb/s 2462 MHz 11b -78dB signal antenna 3 314us Probe Response (kcmsdwireless) [1.0* 2.0* 5.5* 11.0* 6.0 12.0 24.0 36.0 Mbit] CH: 11, PRIVACY
13:10:24.216472 1.0 Mb/s 2427 MHz 11b -87dB signal antenna 3 0us Beacon () [1.0* 2.0* 5.5* 11.0* 6.0 12.0 24.0 36.0 Mbit] ESS CH: 4, PRIVACY
13:10:24.277720 1.0 Mb/s 2452 MHz 11b -83dB signal antenna 3 0us Beacon () [1.0* 2.0* 5.5* 11.0* 6.0 12.0 24.0 36.0 Mbit] ESS CH: 11, PRIVACY
13:10:24.287934 1.0 Mb/s 2457 MHz 11b -78dB signal antenna 3 Retry 314us Probe Response (kcmsdwireless) [1.0* 2.0* 5.5* 11.0* 6.0 12.0 24.0 36.0 Mbit] CH: 11, PRIVACY
13:10:24.296424 1.0 Mb/s 2462 MHz 11b -85dB signal antenna 3 304us Probe Response (TG862GA2) [1.0* 2.0* 5.5* 11.0* 9.0 18.0 36.0 54.0 Mbit] CH: 11, PRIVACY
13:10:24.298595 1.0 Mb/s 2462 MHz 11b -84dB signal antenna 3 304us Probe Response (TG862GA2) [1.0* 2.0* 5.5* 11.0* 9.0 18.0 36.0 54.0 Mbit] CH: 11, PRIVACY
13:10:24.299961 1.0 Mb/s 2462 MHz 11b -78dB signal antenna 3 Retry 314us Probe Response (kcmsdwireless) [1.0* 2.0* 5.5* 11.0* 6.0 12.0 24.0 36.0 Mbit] CH: 11, PRIVACY
13:10:24.324161 1.0 Mb/s 2462 MHz 11b -78dB signal antenna 3 0us Beacon (kcmsdwireless) [1.0* 2.0* 5.5* 11.0* 6.0 12.0 24.0 36.0 Mbit] ESS CH: 11, PRIVACY
13:10:27.104261 1.0 Mb/s 2427 MHz 11b -83dB signal antenna 3 0us Beacon () [1.0* 2.0* 5.5* 11.0* 6.0 12.0 24.0 36.0 Mbit] ESS CH: 2, PRIVACY
13:10:27.177933 1.0 Mb/s 2457 MHz 11b -79dB signal antenna 3 314us Probe Response (kcmsdwireless) [1.0* 2.0* 5.5* 11.0* 6.0 12.0 24.0 36.0 Mbit] CH: 11, PRIVACY
13:10:27.200539 1.0 Mb/s 2457 MHz 11b -80dB signal antenna 3 Retry 314us Probe Response (kcmsdwireless) [1.0* 2.0* 5.5* 11.0* 6.0 12.0 24.0 36.0 Mbit] CH: 11, PRIVACY
13:10:27.212738 1.0 Mb/s 2462 MHz 11b -80dB signal antenna 3 314us Probe Response (kcmsdwireless) [1.0* 2.0* 5.5* 11.0* 6.0 12.0 24.0 36.0 Mbit] CH: 11, PRIVACY
13:10:29.971523 1.0 Mb/s 2417 MHz 11b -82dB signal antenna 3 0us Beacon () [1.0* 2.0* 5.5* 11.0* 6.0 12.0 24.0 36.0 Mbit] ESS CH: 2, PRIVACY
13:10:30.082403 1.0 Mb/s 2452 MHz 11b -85dB signal antenna 3 Retry 314us Probe Response (kcmsdwireless) [1.0* 2.0* 5.5* 11.0* 6.0 12.0 24.0 36.0 Mbit] CH: 11, PRIVACY
13:10:30.117776 1.0 Mb/s 2457 MHz 11b -80dB signal antenna 3 Retry 314us Probe Response (kcmsdwireless) [1.0* 2.0* 5.5* 11.0* 6.0 12.0 24.0 36.0 Mbit] CH: 11, PRIVACY
13:10:30.128997 1.0 Mb/s 2462 MHz 11b -78dB signal antenna 3 314us Probe Response (kcmsdwireless) [1.0* 2.0* 5.5* 11.0* 6.0 12.0 24.0 36.0 Mbit] CH: 11, PRIVACY
13:10:30.131692 1.0 Mb/s 2462 MHz 11b -88dB signal antenna 3 304us Probe Response (TG862GA2) [1.0* 2.0* 5.5* 11.0* 9.0 18.0 36.0 54.0 Mbit] CH: 11, PRIVACY
13:10:30.133963 1.0 Mb/s 2462 MHz 11b -87dB signal antenna 3 304us Probe Response (TG862GA2) [1.0* 2.0* 5.5* 11.0* 9.0 18.0 36.0 54.0 Mbit] CH: 11, PRIVACY
13:10:32.941138 1.0 Mb/s 2427 MHz 11b -81dB signal antenna 3 0us Beacon () [1.0* 2.0* 5.5* 11.0* 6.0 12.0 24.0 36.0 Mbit] ESS CH: 2, PRIVACY
13:10:33.008706 1.0 Mb/s 2457 MHz 11b -78dB signal antenna 3 314us Probe Response (kcmsdwireless) [1.0* 2.0* 5.5* 11.0* 6.0 12.0 24.0 36.0 Mbit] CH: 11, PRIVACY
13:10:33.025530 1.0 Mb/s 2462 MHz 11b -90dB signal antenna 3 304us Probe Response (TG862GA2) [1.0* 2.0* 5.5* 11.0* 9.0 18.0 36.0 54.0 Mbit] CH: 11, PRIVACY
13:10:33.028150 1.0 Mb/s 2462 MHz 11b -79dB signal antenna 3 0us Beacon (kcmsdwireless) [1.0* 2.0* 5.5* 11.0* 6.0 12.0 24.0 36.0 Mbit] ESS CH: 11, PRIVACY
13:10:33.029371 1.0 Mb/s 2462 MHz 11b -78dB signal antenna 3 Retry 314us Probe Response (kcmsdwireless) [1.0* 2.0* 5.5* 11.0* 6.0 12.0 24.0 36.0 Mbit] CH: 11, PRIVACY
13:10:35.808378 1.0 Mb/s 2417 MHz 11b -83dB signal antenna 3 0us Beacon () [1.0* 2.0* 5.5* 11.0* 6.0 12.0 24.0 36.0 Mbit] ESS CH: 2, PRIVACY
13:10:35.895380 1.0 Mb/s 2452 MHz 11b -82dB signal antenna 3 0us Beacon (kcmsdwireless) [1.0* 2.0* 5.5* 11.0* 6.0 12.0 24.0 36.0 Mbit] ESS CH: 11, PRIVACY
13:10:35.915723 1.0 Mb/s 2462 MHz 11b -77dB signal antenna 3 Retry 314us Probe Response (kcmsdwireless) [1.0* 2.0* 5.5* 11.0* 6.0 12.0 24.0 36.0 Mbit] CH: 11, PRIVACY
13:10:35.918129 1.0 Mb/s 2462 MHz 11b -82dB signal antenna 3 304us Probe Response (TG862GA2) [1.0* 2.0* 5.5* 11.0* 9.0 18.0 36.0 54.0 Mbit] CH: 11, PRIVACY
13:10:38.682215 1.0 Mb/s 2412 MHz 11b -83dB signal antenna 3 0us Beacon () [1.0* 2.0* 5.5* 11.0* 6.0 12.0 24.0 36.0 Mbit] ESS CH: 1, PRIVACY
13:10:38.697581 1.0 Mb/s 2417 MHz 11b -74dB signal antenna 3 0us Beacon () [1.0* 2.0* 5.5* 11.0* 6.0 12.0 24.0 36.0 Mbit] ESS CH: 1, PRIVACY
13:10:38.757388 1.0 Mb/s 2432 MHz 11b -89dB signal antenna 3 0us Beacon () [1.0* 2.0* 5.5* 11.0* 6.0 12.0 24.0 36.0 Mbit] ESS CH: 4, PRIVACY
13:10:38.838218 1.0 Mb/s 2457 MHz 11b -79dB signal antenna 3 314us Probe Response (kcmsdwireless) [1.0* 2.0* 5.5* 11.0* 6.0 12.0 24.0 36.0 Mbit] CH: 11, PRIVACY
13:10:38.850260 1.0 Mb/s 2462 MHz 11b -78dB signal antenna 3 314us Probe Response (kcmsdwireless) [1.0* 2.0* 5.5* 11.0* 6.0 12.0 24.0 36.0 Mbit] CH: 11, PRIVACY
13:10:38.853115 1.0 Mb/s 2462 MHz 11b -83dB signal antenna 3 0us Beacon (TG862GA2) [1.0* 2.0* 5.5* 11.0* 9.0 18.0 36.0 54.0 Mbit] ESS CH: 11, PRIVACY
13:10:38.864955 1.0 Mb/s 2462 MHz 11b -79dB signal antenna 3 0us Beacon (kcmsdwireless) [1.0* 2.0* 5.5* 11.0* 6.0 12.0 24.0 36.0 Mbit] ESS CH: 11, PRIVACY
13:10:41.667189 1.0 Mb/s 2422 MHz 11b -79dB signal antenna 3 0us Beacon () [1.0* 2.0* 5.5* 11.0* 6.0 12.0 24.0 36.0 Mbit] ESS CH: 1, PRIVACY
13:10:41.753559 1.0 Mb/s 2457 MHz 11b -79dB signal antenna 3 Retry 314us Probe Response (kcmsdwireless) [1.0* 2.0* 5.5* 11.0* 6.0 12.0 24.0 36.0 Mbit] CH: 11, PRIVACY
13:10:41.755245 1.0 Mb/s 2457 MHz 11b -80dB signal antenna 3 Retry 314us Probe Response (kcmsdwireless) [1.0* 2.0* 5.5* 11.0* 6.0 12.0 24.0 36.0 Mbit] CH: 11, PRIVACY
13:10:41.786740 1.0 Mb/s 2462 MHz 11b -81dB signal antenna 3 0us Beacon () [1.0* 2.0* 5.5* 11.0* 6.0 12.0 24.0 36.0 Mbit] ESS CH: 11, PRIVACY
13:10:41.787944 1.0 Mb/s 2462 MHz 11b -77dB signal antenna 3 314us Probe Response (kcmsdwireless) [1.0* 2.0* 5.5* 11.0* 6.0 12.0 24.0 36.0 Mbit] CH: 11, PRIVACY
13:10:41.791751 1.0 Mb/s 2462 MHz 11b -88dB signal antenna 3 304us Probe Response (TG862GA2) [1.0* 2.0* 5.5* 11.0* 9.0 18.0 36.0 54.0 Mbit] CH: 11, PRIVACY
13:10:44.594217 1.0 Mb/s 2427 MHz 11b -87dB signal antenna 3 0us Beacon () [1.0* 2.0* 5.5* 11.0* 6.0 12.0 24.0 36.0 Mbit] ESS CH: 4, PRIVACY
13:10:44.668022 1.0 Mb/s 2457 MHz 11b -80dB signal antenna 3 314us Probe Response (kcmsdwireless) [1.0* 2.0* 5.5* 11.0* 6.0 12.0 24.0 36.0 Mbit] CH: 11, PRIVACY
13:10:44.680933 1.0 Mb/s 2462 MHz 11b -80dB signal antenna 3 304us Probe Response (TG862GA2) [1.0* 2.0* 5.5* 11.0* 9.0 18.0 36.0 54.0 Mbit] CH: 11, PRIVACY
13:10:44.685074 1.0 Mb/s 2462 MHz 11b -79dB signal antenna 3 304us Probe Response (TG862GA2) [1.0* 2.0* 5.5* 11.0* 9.0 18.0 36.0 54.0 Mbit] CH: 11, PRIVACY
13:10:44.687318 1.0 Mb/s 2462 MHz 11b -79dB signal antenna 3 Retry 314us Probe Response (kcmsdwireless) [1.0* 2.0* 5.5* 11.0* 6.0 12.0 24.0 36.0 Mbit] CH: 11, PRIVACY
13:10:44.689993 1.0 Mb/s 2462 MHz 11b -79dB signal antenna 3 0us Beacon (TG862GA2) [1.0* 2.0* 5.5* 11.0* 9.0 18.0 36.0 54.0 Mbit] ESS CH: 11, PRIVACY
13:10:44.701829 1.0 Mb/s 2462 MHz 11b -79dB signal antenna 3 0us Beacon (kcmsdwireless) [1.0* 2.0* 5.5* 11.0* 6.0 12.0 24.0 36.0 Mbit] ESS CH: 11, PRIVACY

